This file contains any messages produced by compilers while
running configure, to aid debugging if configure makes a mistake.

It was created by configure, which was
generated by GNU Autoconf 2.68.  Invocation command line was

  $ ./configure --host=mipsel-linux --build=x86_64-linux-gnu --enable-shared --disable-debug --disable-trace --enable-pthread --enable-semaphore --enable-nTime

## --------- ##
## Platform. ##
## --------- ##

hostname = asus-K53SJ
uname -m = x86_64
uname -r = 3.8.0-33-generic
uname -s = Linux
uname -v = #48-Ubuntu SMP Wed Oct 23 09:16:58 UTC 2013

/usr/bin/uname -p = unknown
/bin/uname -X     = unknown

/bin/arch              = unknown
/usr/bin/arch -k       = unknown
/usr/convex/getsysinfo = unknown
/usr/bin/hostinfo      = unknown
/bin/machine           = unknown
/usr/bin/oslevel       = unknown
/bin/universe          = unknown

PATH: /home/vicente/tomato/release/tools
PATH: /home/vicente/tomato/release/tools
PATH: /home/vicente/tomato/release/tools
PATH: /home/vicente/tomato/release/tools
PATH: /home/vicente/tomato/release/tools
PATH: /opt/brcm/hndtools-mipsel-uclibc/bin
PATH: /opt/brcm/hndtools-mipsel-linux/bin
PATH: /usr/lib/lightdm/lightdm
PATH: /usr/local/sbin
PATH: /usr/local/bin
PATH: /usr/sbin
PATH: /usr/bin
PATH: /sbin
PATH: /bin
PATH: /usr/games
PATH: /usr/local/games


## ----------- ##
## Core tests. ##
## ----------- ##

configure:2270: osip2                   The GNU Open SIP library.
configure:2272: Copyright (C) 2001-2012 Aymeric MOIZARD - <amoizard@antisip.com>
configure:2301: result: Configuring libosip2 4.0.0
configure:2304: result: Building Package on linux
configure:2356: checking for a BSD-compatible install
configure:2424: result: /usr/bin/install -c
configure:2435: checking whether build environment is sane
configure:2485: result: yes
configure:2534: checking for mipsel-linux-strip
configure:2561: result: mipsel-uclibc-strip -R .note -R .comment
configure:2626: checking for a thread-safe mkdir -p
configure:2665: result: /bin/mkdir -p
configure:2678: checking for gawk
configure:2694: found /usr/bin/gawk
configure:2705: result: gawk
configure:2716: checking whether make sets $(MAKE)
configure:2738: result: yes
configure:2837: checking build system type
configure:2851: result: x86_64-pc-linux-gnu
configure:2871: checking host system type
configure:2884: result: mipsel-unknown-linux-gnu
configure:2914: checking for mipsel-linux-gcc
configure:2941: result: mipsel-uclibc-gcc
configure:3210: checking for C compiler version
configure:3219: mipsel-uclibc-gcc --version >&5
mipsel-uclibc-gcc (GCC) 4.2.4
Copyright (C) 2007 Free Software Foundation, Inc.
This is free software; see the source for copying conditions.  There is NO
warranty; not even for MERCHANTABILITY or FITNESS FOR A PARTICULAR PURPOSE.

configure:3230: $? = 0
configure:3219: mipsel-uclibc-gcc -v >&5
Using built-in specs.
Target: mipsel-linux-uclibc
Configured with: /home/fedork/tomato/toolchain/build_dir/toolchain-mipsel_gcc4.2.4/gcc-4.2.4/configure --prefix=/opt/brcm/hndtools-mipsel-uclibc-4.2.4 --build=i486-linux-gnu --host=i486-linux-gnu --target=mipsel-linux-uclibc --with-gnu-ld --enable-target-optspace --disable-libgomp --disable-libmudflap --disable-multilib --disable-nls --disable-__cxa_atexit --enable-libssp --enable-languages=c,c++ --enable-shared --enable-threads --enable-tls
Thread model: posix
gcc version 4.2.4
configure:3230: $? = 0
configure:3219: mipsel-uclibc-gcc -V >&5
mipsel-uclibc-gcc: '-V' option must have argument
configure:3230: $? = 1
configure:3219: mipsel-uclibc-gcc -qversion >&5
mipsel-uclibc-gcc: unrecognized option '-qversion'
mipsel-uclibc-gcc: no input files
configure:3230: $? = 1
configure:3250: checking whether the C compiler works
configure:3272: mipsel-uclibc-gcc    conftest.c  >&5
configure:3276: $? = 0
configure:3324: result: yes
configure:3327: checking for C compiler default output file name
configure:3329: result: a.out
configure:3335: checking for suffix of executables
configure:3342: mipsel-uclibc-gcc -o conftest    conftest.c  >&5
configure:3346: $? = 0
configure:3368: result: 
configure:3390: checking whether we are cross compiling
configure:3428: result: yes
configure:3433: checking for suffix of object files
configure:3455: mipsel-uclibc-gcc -c   conftest.c >&5
configure:3459: $? = 0
configure:3480: result: o
configure:3484: checking whether we are using the GNU C compiler
configure:3503: mipsel-uclibc-gcc -c   conftest.c >&5
configure:3503: $? = 0
configure:3512: result: yes
configure:3521: checking whether mipsel-uclibc-gcc accepts -g
configure:3541: mipsel-uclibc-gcc -c -g  conftest.c >&5
configure:3541: $? = 0
configure:3582: result: yes
configure:3599: checking for mipsel-uclibc-gcc option to accept ISO C89
configure:3663: mipsel-uclibc-gcc  -c -g -O2  conftest.c >&5
configure:3663: $? = 0
configure:3676: result: none needed
configure:3707: checking for style of include used by make
configure:3735: result: GNU
configure:3761: checking dependency style of mipsel-uclibc-gcc
configure:3872: result: gcc3
configure:3892: checking how to run the C preprocessor
configure:3923: mipsel-uclibc-gcc -E  conftest.c
configure:3923: $? = 0
configure:3937: mipsel-uclibc-gcc -E  conftest.c
conftest.c:11:28: error: ac_nonexistent.h: No such file or directory
configure:3937: $? = 1
configure: failed program was:
| /* confdefs.h */
| #define PACKAGE_NAME ""
| #define PACKAGE_TARNAME ""
| #define PACKAGE_VERSION ""
| #define PACKAGE_STRING ""
| #define PACKAGE_BUGREPORT ""
| #define PACKAGE_URL ""
| #define PACKAGE "libosip2"
| #define VERSION "4.0.0"
| /* end confdefs.h.  */
| #include <ac_nonexistent.h>
configure:3962: result: mipsel-uclibc-gcc -E
configure:3982: mipsel-uclibc-gcc -E  conftest.c
configure:3982: $? = 0
configure:3996: mipsel-uclibc-gcc -E  conftest.c
conftest.c:11:28: error: ac_nonexistent.h: No such file or directory
configure:3996: $? = 1
configure: failed program was:
| /* confdefs.h */
| #define PACKAGE_NAME ""
| #define PACKAGE_TARNAME ""
| #define PACKAGE_VERSION ""
| #define PACKAGE_STRING ""
| #define PACKAGE_BUGREPORT ""
| #define PACKAGE_URL ""
| #define PACKAGE "libosip2"
| #define VERSION "4.0.0"
| /* end confdefs.h.  */
| #include <ac_nonexistent.h>
configure:4330: checking for a sed that does not truncate output
configure:4394: result: /bin/sed
configure:4445: checking how to print strings
configure:4472: result: printf
configure:4493: checking for a sed that does not truncate output
configure:4557: result: /bin/sed
configure:4575: checking for grep that handles long lines and -e
configure:4633: result: /bin/grep
configure:4638: checking for egrep
configure:4700: result: /bin/grep -E
configure:4705: checking for fgrep
configure:4767: result: /bin/grep -F
configure:4802: checking for ld used by mipsel-uclibc-gcc
configure:4869: result: mipsel-uclibc-ld
configure:4876: checking if the linker (mipsel-uclibc-ld) is GNU ld
configure:4891: result: yes
configure:4903: checking for BSD- or MS-compatible name lister (nm)
configure:4952: result: mipsel-uclibc-nm
configure:5082: checking the name lister (mipsel-uclibc-nm) interface
configure:5089: mipsel-uclibc-gcc -c -g -O2  conftest.c >&5
configure:5092: mipsel-uclibc-nm "conftest.o"
configure:5095: output
00000000 B some_variable
configure:5102: result: BSD nm
configure:5105: checking whether ln -s works
configure:5109: result: yes
configure:5117: checking the maximum length of command line arguments
configure:5247: result: 3458764513820540925
configure:5264: checking whether the shell understands some XSI constructs
configure:5274: result: yes
configure:5278: checking whether the shell understands "+="
configure:5284: result: yes
configure:5319: checking how to convert x86_64-pc-linux-gnu file names to mipsel-unknown-linux-gnu format
configure:5359: result: func_convert_file_noop
configure:5366: checking how to convert x86_64-pc-linux-gnu file names to toolchain format
configure:5386: result: func_convert_file_noop
configure:5393: checking for mipsel-uclibc-ld option to reload object files
configure:5400: result: -r
configure:5434: checking for mipsel-linux-objdump
configure:5461: result: objdump
configure:5530: checking how to recognize dependent libraries
configure:5732: result: pass_all
configure:5777: checking for mipsel-linux-dlltool
configure:5804: result: dlltool
configure:5874: checking how to associate runtime and link libraries
configure:5901: result: printf %s\n
configure:5918: checking for mipsel-linux-ar
configure:5945: result: mipsel-uclibc-ar
configure:6026: checking for archiver @FILE support
configure:6043: mipsel-uclibc-gcc -c -g -O2  conftest.c >&5
configure:6043: $? = 0
configure:6046: mipsel-uclibc-ar cru libconftest.a @conftest.lst >&5
configure:6049: $? = 0
configure:6054: mipsel-uclibc-ar cru libconftest.a @conftest.lst >&5
mipsel-uclibc-ar: conftest.o: No such file or directory
configure:6057: $? = 1
configure:6069: result: @
configure:6087: checking for mipsel-linux-strip
configure:6114: result: mipsel-uclibc-strip -R .note -R .comment
configure:6186: checking for mipsel-linux-ranlib
configure:6213: result: mipsel-uclibc-ranlib
configure:6355: checking command to parse mipsel-uclibc-nm output from mipsel-uclibc-gcc object
configure:6475: mipsel-uclibc-gcc -c -g -O2  conftest.c >&5
configure:6478: $? = 0
configure:6482: mipsel-uclibc-nm conftest.o \| sed -n -e 's/^.*[ ]\([ABCDGIRSTW][ABCDGIRSTW]*\)[ ][ ]*\([_A-Za-z][_A-Za-z0-9]*\)$/\1 \2 \2/p' | sed '/ __gnu_lto/d' \> conftest.nm
configure:6485: $? = 0
configure:6551: mipsel-uclibc-gcc -o conftest -g -O2   conftest.c conftstm.o >&5
configure:6554: $? = 0
configure:6592: result: ok
configure:6629: checking for sysroot
configure:6659: result: no
configure:6875: checking for mipsel-linux-mt
configure:6905: result: no
configure:6915: checking for mt
configure:6931: found /bin/mt
configure:6942: result: mt
configure:6954: WARNING: using cross tools not prefixed with host triplet
configure:6965: checking if mt is a manifest tool
configure:6971: mt '-?'
configure:6979: result: no
configure:7617: checking for ANSI C header files
configure:7637: mipsel-uclibc-gcc -c -g -O2  conftest.c >&5
configure:7637: $? = 0
configure:7721: result: yes
configure:7734: checking for sys/types.h
configure:7734: mipsel-uclibc-gcc -c -g -O2  conftest.c >&5
configure:7734: $? = 0
configure:7734: result: yes
configure:7734: checking for sys/stat.h
configure:7734: mipsel-uclibc-gcc -c -g -O2  conftest.c >&5
configure:7734: $? = 0
configure:7734: result: yes
configure:7734: checking for stdlib.h
configure:7734: mipsel-uclibc-gcc -c -g -O2  conftest.c >&5
configure:7734: $? = 0
configure:7734: result: yes
configure:7734: checking for string.h
configure:7734: mipsel-uclibc-gcc -c -g -O2  conftest.c >&5
configure:7734: $? = 0
configure:7734: result: yes
configure:7734: checking for memory.h
configure:7734: mipsel-uclibc-gcc -c -g -O2  conftest.c >&5
configure:7734: $? = 0
configure:7734: result: yes
configure:7734: checking for strings.h
configure:7734: mipsel-uclibc-gcc -c -g -O2  conftest.c >&5
configure:7734: $? = 0
configure:7734: result: yes
configure:7734: checking for inttypes.h
configure:7734: mipsel-uclibc-gcc -c -g -O2  conftest.c >&5
configure:7734: $? = 0
configure:7734: result: yes
configure:7734: checking for stdint.h
configure:7734: mipsel-uclibc-gcc -c -g -O2  conftest.c >&5
configure:7734: $? = 0
configure:7734: result: yes
configure:7734: checking for unistd.h
configure:7734: mipsel-uclibc-gcc -c -g -O2  conftest.c >&5
configure:7734: $? = 0
configure:7734: result: yes
configure:7748: checking for dlfcn.h
configure:7748: mipsel-uclibc-gcc -c -g -O2  conftest.c >&5
configure:7748: $? = 0
configure:7748: result: yes
configure:7952: checking for objdir
configure:7967: result: .libs
configure:8234: checking if mipsel-uclibc-gcc supports -fno-rtti -fno-exceptions
configure:8252: mipsel-uclibc-gcc -c -g -O2  -fno-rtti -fno-exceptions conftest.c >&5
cc1: warning: command line option "-fno-rtti" is valid for C++/ObjC++ but not for C
configure:8256: $? = 0
configure:8269: result: no
configure:8596: checking for mipsel-uclibc-gcc option to produce PIC
configure:8603: result: -fPIC -DPIC
configure:8611: checking if mipsel-uclibc-gcc PIC flag -fPIC -DPIC works
configure:8629: mipsel-uclibc-gcc -c -g -O2  -fPIC -DPIC -DPIC conftest.c >&5
configure:8633: $? = 0
configure:8646: result: yes
configure:8675: checking if mipsel-uclibc-gcc static flag -static works
configure:8703: result: yes
configure:8718: checking if mipsel-uclibc-gcc supports -c -o file.o
configure:8739: mipsel-uclibc-gcc -c -g -O2  -o out/conftest2.o conftest.c >&5
configure:8743: $? = 0
configure:8765: result: yes
configure:8773: checking if mipsel-uclibc-gcc supports -c -o file.o
configure:8820: result: yes
configure:8853: checking whether the mipsel-uclibc-gcc linker (mipsel-uclibc-ld) supports shared libraries
configure:10010: result: yes
configure:10047: checking whether -lc should be explicitly linked in
configure:10055: mipsel-uclibc-gcc -c -g -O2  conftest.c >&5
configure:10058: $? = 0
configure:10073: mipsel-uclibc-gcc -shared  -fPIC -DPIC conftest.o  -v -Wl,-soname -Wl,conftest -o conftest 2\>\&1 \| /bin/grep  -lc  \>/dev/null 2\>\&1
configure:10076: $? = 0
configure:10090: result: no
configure:10250: checking dynamic linker characteristics
configure:10761: mipsel-uclibc-gcc -o conftest -g -O2   -Wl,-rpath -Wl,/foo conftest.c  >&5
configure:10761: $? = 0
configure:10995: result: GNU/Linux ld.so
configure:11102: checking how to hardcode library paths into programs
configure:11127: result: immediate
configure:11667: checking whether stripping libraries is possible
configure:11672: result: yes
configure:11707: checking if libtool supports shared libraries
configure:11709: result: yes
configure:11712: checking whether to build shared libraries
configure:11733: result: yes
configure:11736: checking whether to build static libraries
configure:11740: result: yes
configure:12210: checking semaphore.h usability
configure:12210: mipsel-uclibc-gcc -c -g -O2  conftest.c >&5
configure:12210: $? = 0
configure:12210: result: yes
configure:12210: checking semaphore.h presence
configure:12210: mipsel-uclibc-gcc -E  conftest.c
configure:12210: $? = 0
configure:12210: result: yes
configure:12210: checking for semaphore.h
configure:12210: result: yes
configure:12282: Cross compiling osip.
configure:12344: checking for sem_open in -lposix4
configure:12369: mipsel-uclibc-gcc -o conftest -g -O2   conftest.c -lposix4   >&5
/home/vicente/tomato/tools/brcm/K26/hndtools-mipsel-uclibc-4.2.4/bin/../lib/gcc/mipsel-linux-uclibc/4.2.4/../../../../mipsel-linux-uclibc/bin/ld: cannot find -lposix4
collect2: ld returned 1 exit status
configure:12369: $? = 1
configure: failed program was:
| /* confdefs.h */
| #define PACKAGE_NAME ""
| #define PACKAGE_TARNAME ""
| #define PACKAGE_VERSION ""
| #define PACKAGE_STRING ""
| #define PACKAGE_BUGREPORT ""
| #define PACKAGE_URL ""
| #define PACKAGE "libosip2"
| #define VERSION "4.0.0"
| #define STDC_HEADERS 1
| #define HAVE_SYS_TYPES_H 1
| #define HAVE_SYS_STAT_H 1
| #define HAVE_STDLIB_H 1
| #define HAVE_STRING_H 1
| #define HAVE_MEMORY_H 1
| #define HAVE_STRINGS_H 1
| #define HAVE_INTTYPES_H 1
| #define HAVE_STDINT_H 1
| #define HAVE_UNISTD_H 1
| #define HAVE_DLFCN_H 1
| #define LT_OBJDIR ".libs/"
| #define HAVE_SEMAPHORE_H 1
| /* end confdefs.h.  */
| 
| /* Override any GCC internal prototype to avoid an error.
|    Use char because int might match the return type of a GCC
|    builtin and then its argument prototype would still apply.  */
| #ifdef __cplusplus
| extern "C"
| #endif
| char sem_open ();
| int
| main ()
| {
| return sem_open ();
|   ;
|   return 0;
| }
configure:12378: result: no
configure:12384: checking for nis_add in -lnsl
configure:12409: mipsel-uclibc-gcc -o conftest -g -O2   conftest.c -lnsl   >&5
/tmp/ccCuAqWo.o: In function `main':
/home/vicente/tomato/release/src/router/libosip2/conftest.c:35: undefined reference to `nis_add'
collect2: ld returned 1 exit status
configure:12409: $? = 1
configure: failed program was:
| /* confdefs.h */
| #define PACKAGE_NAME ""
| #define PACKAGE_TARNAME ""
| #define PACKAGE_VERSION ""
| #define PACKAGE_STRING ""
| #define PACKAGE_BUGREPORT ""
| #define PACKAGE_URL ""
| #define PACKAGE "libosip2"
| #define VERSION "4.0.0"
| #define STDC_HEADERS 1
| #define HAVE_SYS_TYPES_H 1
| #define HAVE_SYS_STAT_H 1
| #define HAVE_STDLIB_H 1
| #define HAVE_STRING_H 1
| #define HAVE_MEMORY_H 1
| #define HAVE_STRINGS_H 1
| #define HAVE_INTTYPES_H 1
| #define HAVE_STDINT_H 1
| #define HAVE_UNISTD_H 1
| #define HAVE_DLFCN_H 1
| #define LT_OBJDIR ".libs/"
| #define HAVE_SEMAPHORE_H 1
| /* end confdefs.h.  */
| 
| /* Override any GCC internal prototype to avoid an error.
|    Use char because int might match the return type of a GCC
|    builtin and then its argument prototype would still apply.  */
| #ifdef __cplusplus
| extern "C"
| #endif
| char nis_add ();
| int
| main ()
| {
| return nis_add ();
|   ;
|   return 0;
| }
configure:12418: result: no
configure:12424: checking for sendto in -lsocket
configure:12449: mipsel-uclibc-gcc -o conftest -g -O2   conftest.c -lsocket   >&5
/home/vicente/tomato/tools/brcm/K26/hndtools-mipsel-uclibc-4.2.4/bin/../lib/gcc/mipsel-linux-uclibc/4.2.4/../../../../mipsel-linux-uclibc/bin/ld: cannot find -lsocket
collect2: ld returned 1 exit status
configure:12449: $? = 1
configure: failed program was:
| /* confdefs.h */
| #define PACKAGE_NAME ""
| #define PACKAGE_TARNAME ""
| #define PACKAGE_VERSION ""
| #define PACKAGE_STRING ""
| #define PACKAGE_BUGREPORT ""
| #define PACKAGE_URL ""
| #define PACKAGE "libosip2"
| #define VERSION "4.0.0"
| #define STDC_HEADERS 1
| #define HAVE_SYS_TYPES_H 1
| #define HAVE_SYS_STAT_H 1
| #define HAVE_STDLIB_H 1
| #define HAVE_STRING_H 1
| #define HAVE_MEMORY_H 1
| #define HAVE_STRINGS_H 1
| #define HAVE_INTTYPES_H 1
| #define HAVE_STDINT_H 1
| #define HAVE_UNISTD_H 1
| #define HAVE_DLFCN_H 1
| #define LT_OBJDIR ".libs/"
| #define HAVE_SEMAPHORE_H 1
| /* end confdefs.h.  */
| 
| /* Override any GCC internal prototype to avoid an error.
|    Use char because int might match the return type of a GCC
|    builtin and then its argument prototype would still apply.  */
| #ifdef __cplusplus
| extern "C"
| #endif
| char sendto ();
| int
| main ()
| {
| return sendto ();
|   ;
|   return 0;
| }
configure:12458: result: no
configure:12464: checking for lrand48 in -lc
configure:12489: mipsel-uclibc-gcc -o conftest -g -O2   conftest.c -lc   >&5
configure:12489: $? = 0
configure:12498: result: yes
configure:12507: checking whether -Wall works
configure:12526: mipsel-uclibc-gcc -c -g -O2 -Wall conftest.c >&5
configure:12526: $? = 0
configure:12535: result: yes
configure:12542: checking whether -Wcast-align works
configure:12561: mipsel-uclibc-gcc -c -g -O2 -Wcast-align conftest.c >&5
configure:12561: $? = 0
configure:12570: result: yes
configure:12577: checking whether -Wchar-subscripts works
configure:12596: mipsel-uclibc-gcc -c -g -O2 -Wchar-subscripts conftest.c >&5
configure:12596: $? = 0
configure:12605: result: yes
configure:12612: checking whether -Wformat works
configure:12631: mipsel-uclibc-gcc -c -g -O2 -Wformat conftest.c >&5
configure:12631: $? = 0
configure:12640: result: yes
configure:12647: checking whether -Winline works
configure:12666: mipsel-uclibc-gcc -c -g -O2 -Winline conftest.c >&5
configure:12666: $? = 0
configure:12675: result: yes
configure:12682: checking whether -Wmissing-declarations works
configure:12701: mipsel-uclibc-gcc -c -g -O2 -Wmissing-declarations conftest.c >&5
configure:12701: $? = 0
configure:12710: result: yes
configure:12717: checking whether -Wmissing-prototypes works
configure:12736: mipsel-uclibc-gcc -c -g -O2 -Wmissing-prototypes conftest.c >&5
configure:12736: $? = 0
configure:12745: result: yes
configure:12752: checking whether -Wnested-externs works
configure:12771: mipsel-uclibc-gcc -c -g -O2 -Wnested-externs conftest.c >&5
configure:12771: $? = 0
configure:12780: result: yes
configure:12787: checking whether -Wpointer-arith works
configure:12806: mipsel-uclibc-gcc -c -g -O2 -Wpointer-arith conftest.c >&5
configure:12806: $? = 0
configure:12815: result: yes
configure:12835: checking for ANSI C header files
configure:12939: result: yes
configure:12949: checking for string.h
configure:12949: result: yes
configure:12961: checking for strings.h
configure:12961: result: yes
configure:12973: checking for stdlib.h
configure:12973: result: yes
configure:12985: checking for unistd.h
configure:12985: result: yes
configure:12997: checking for sys/types.h
configure:12997: result: yes
configure:13010: checking sys/unistd.h usability
configure:13010: mipsel-uclibc-gcc -c -g -O2  -Wall -Wcast-align -Wchar-subscripts -Wformat -Winline -Wmissing-declarations -Wmissing-prototypes -Wnested-externs -Wpointer-arith conftest.c >&5
configure:13010: $? = 0
configure:13010: result: yes
configure:13010: checking sys/unistd.h presence
configure:13010: mipsel-uclibc-gcc -E  -Wall -Wcast-align -Wchar-subscripts -Wformat -Winline -Wmissing-declarations -Wmissing-prototypes -Wnested-externs -Wpointer-arith conftest.c
configure:13010: $? = 0
configure:13010: result: yes
configure:13010: checking for sys/unistd.h
configure:13010: result: yes
configure:13022: checking syslog.h usability
configure:13022: mipsel-uclibc-gcc -c -g -O2  -Wall -Wcast-align -Wchar-subscripts -Wformat -Winline -Wmissing-declarations -Wmissing-prototypes -Wnested-externs -Wpointer-arith conftest.c >&5
configure:13022: $? = 0
configure:13022: result: yes
configure:13022: checking syslog.h presence
configure:13022: mipsel-uclibc-gcc -E  -Wall -Wcast-align -Wchar-subscripts -Wformat -Winline -Wmissing-declarations -Wmissing-prototypes -Wnested-externs -Wpointer-arith conftest.c
configure:13022: $? = 0
configure:13022: result: yes
configure:13022: checking for syslog.h
configure:13022: result: yes
configure:13034: checking ctype.h usability
configure:13034: mipsel-uclibc-gcc -c -g -O2  -Wall -Wcast-align -Wchar-subscripts -Wformat -Winline -Wmissing-declarations -Wmissing-prototypes -Wnested-externs -Wpointer-arith conftest.c >&5
configure:13034: $? = 0
configure:13034: result: yes
configure:13034: checking ctype.h presence
configure:13034: mipsel-uclibc-gcc -E  -Wall -Wcast-align -Wchar-subscripts -Wformat -Winline -Wmissing-declarations -Wmissing-prototypes -Wnested-externs -Wpointer-arith conftest.c
configure:13034: $? = 0
configure:13034: result: yes
configure:13034: checking for ctype.h
configure:13034: result: yes
configure:13046: checking stdio.h usability
configure:13046: mipsel-uclibc-gcc -c -g -O2  -Wall -Wcast-align -Wchar-subscripts -Wformat -Winline -Wmissing-declarations -Wmissing-prototypes -Wnested-externs -Wpointer-arith conftest.c >&5
configure:13046: $? = 0
configure:13046: result: yes
configure:13046: checking stdio.h presence
configure:13046: mipsel-uclibc-gcc -E  -Wall -Wcast-align -Wchar-subscripts -Wformat -Winline -Wmissing-declarations -Wmissing-prototypes -Wnested-externs -Wpointer-arith conftest.c
configure:13046: $? = 0
configure:13046: result: yes
configure:13046: checking for stdio.h
configure:13046: result: yes
configure:13058: checking stdarg.h usability
configure:13058: mipsel-uclibc-gcc -c -g -O2  -Wall -Wcast-align -Wchar-subscripts -Wformat -Winline -Wmissing-declarations -Wmissing-prototypes -Wnested-externs -Wpointer-arith conftest.c >&5
configure:13058: $? = 0
configure:13058: result: yes
configure:13058: checking stdarg.h presence
configure:13058: mipsel-uclibc-gcc -E  -Wall -Wcast-align -Wchar-subscripts -Wformat -Winline -Wmissing-declarations -Wmissing-prototypes -Wnested-externs -Wpointer-arith conftest.c
configure:13058: $? = 0
configure:13058: result: yes
configure:13058: checking for stdarg.h
configure:13058: result: yes
configure:13070: checking varargs.h usability
configure:13070: mipsel-uclibc-gcc -c -g -O2  -Wall -Wcast-align -Wchar-subscripts -Wformat -Winline -Wmissing-declarations -Wmissing-prototypes -Wnested-externs -Wpointer-arith conftest.c >&5
In file included from conftest.c:69:
/home/vicente/tomato/tools/brcm/K26/hndtools-mipsel-uclibc-4.2.4/bin/../lib/gcc/mipsel-linux-uclibc/4.2.4/include/varargs.h:4:2: error: #error "GCC no longer implements <varargs.h>."
/home/vicente/tomato/tools/brcm/K26/hndtools-mipsel-uclibc-4.2.4/bin/../lib/gcc/mipsel-linux-uclibc/4.2.4/include/varargs.h:5:2: error: #error "Revise your code to use <stdarg.h>."
configure:13070: $? = 1
configure: failed program was:
| /* confdefs.h */
| #define PACKAGE_NAME ""
| #define PACKAGE_TARNAME ""
| #define PACKAGE_VERSION ""
| #define PACKAGE_STRING ""
| #define PACKAGE_BUGREPORT ""
| #define PACKAGE_URL ""
| #define PACKAGE "libosip2"
| #define VERSION "4.0.0"
| #define STDC_HEADERS 1
| #define HAVE_SYS_TYPES_H 1
| #define HAVE_SYS_STAT_H 1
| #define HAVE_STDLIB_H 1
| #define HAVE_STRING_H 1
| #define HAVE_MEMORY_H 1
| #define HAVE_STRINGS_H 1
| #define HAVE_INTTYPES_H 1
| #define HAVE_STDINT_H 1
| #define HAVE_UNISTD_H 1
| #define HAVE_DLFCN_H 1
| #define LT_OBJDIR ".libs/"
| #define HAVE_SEMAPHORE_H 1
| #define HAVE_LRAND48 /**/
| #define STDC_HEADERS 1
| #define HAVE_STRING_H 1
| #define HAVE_STRINGS_H 1
| #define HAVE_STDLIB_H 1
| #define HAVE_UNISTD_H 1
| #define HAVE_SYS_TYPES_H 1
| #define HAVE_SYS_UNISTD_H 1
| #define HAVE_SYSLOG_H 1
| #define HAVE_CTYPE_H 1
| #define HAVE_STDIO_H 1
| #define HAVE_STDARG_H 1
| /* end confdefs.h.  */
| #include <stdio.h>
| #ifdef HAVE_SYS_TYPES_H
| # include <sys/types.h>
| #endif
| #ifdef HAVE_SYS_STAT_H
| # include <sys/stat.h>
| #endif
| #ifdef STDC_HEADERS
| # include <stdlib.h>
| # include <stddef.h>
| #else
| # ifdef HAVE_STDLIB_H
| #  include <stdlib.h>
| # endif
| #endif
| #ifdef HAVE_STRING_H
| # if !defined STDC_HEADERS && defined HAVE_MEMORY_H
| #  include <memory.h>
| # endif
| # include <string.h>
| #endif
| #ifdef HAVE_STRINGS_H
| # include <strings.h>
| #endif
| #ifdef HAVE_INTTYPES_H
| # include <inttypes.h>
| #endif
| #ifdef HAVE_STDINT_H
| # include <stdint.h>
| #endif
| #ifdef HAVE_UNISTD_H
| # include <unistd.h>
| #endif
| #include <varargs.h>
configure:13070: result: no
configure:13070: checking varargs.h presence
configure:13070: mipsel-uclibc-gcc -E  -Wall -Wcast-align -Wchar-subscripts -Wformat -Winline -Wmissing-declarations -Wmissing-prototypes -Wnested-externs -Wpointer-arith conftest.c
In file included from conftest.c:36:
/home/vicente/tomato/tools/brcm/K26/hndtools-mipsel-uclibc-4.2.4/bin/../lib/gcc/mipsel-linux-uclibc/4.2.4/include/varargs.h:4:2: error: #error "GCC no longer implements <varargs.h>."
/home/vicente/tomato/tools/brcm/K26/hndtools-mipsel-uclibc-4.2.4/bin/../lib/gcc/mipsel-linux-uclibc/4.2.4/include/varargs.h:5:2: error: #error "Revise your code to use <stdarg.h>."
configure:13070: $? = 1
configure: failed program was:
| /* confdefs.h */
| #define PACKAGE_NAME ""
| #define PACKAGE_TARNAME ""
| #define PACKAGE_VERSION ""
| #define PACKAGE_STRING ""
| #define PACKAGE_BUGREPORT ""
| #define PACKAGE_URL ""
| #define PACKAGE "libosip2"
| #define VERSION "4.0.0"
| #define STDC_HEADERS 1
| #define HAVE_SYS_TYPES_H 1
| #define HAVE_SYS_STAT_H 1
| #define HAVE_STDLIB_H 1
| #define HAVE_STRING_H 1
| #define HAVE_MEMORY_H 1
| #define HAVE_STRINGS_H 1
| #define HAVE_INTTYPES_H 1
| #define HAVE_STDINT_H 1
| #define HAVE_UNISTD_H 1
| #define HAVE_DLFCN_H 1
| #define LT_OBJDIR ".libs/"
| #define HAVE_SEMAPHORE_H 1
| #define HAVE_LRAND48 /**/
| #define STDC_HEADERS 1
| #define HAVE_STRING_H 1
| #define HAVE_STRINGS_H 1
| #define HAVE_STDLIB_H 1
| #define HAVE_UNISTD_H 1
| #define HAVE_SYS_TYPES_H 1
| #define HAVE_SYS_UNISTD_H 1
| #define HAVE_SYSLOG_H 1
| #define HAVE_CTYPE_H 1
| #define HAVE_STDIO_H 1
| #define HAVE_STDARG_H 1
| /* end confdefs.h.  */
| #include <varargs.h>
configure:13070: result: no
configure:13070: checking for varargs.h
configure:13070: result: no
configure:13082: checking fcntl.h usability
configure:13082: mipsel-uclibc-gcc -c -g -O2  -Wall -Wcast-align -Wchar-subscripts -Wformat -Winline -Wmissing-declarations -Wmissing-prototypes -Wnested-externs -Wpointer-arith conftest.c >&5
configure:13082: $? = 0
configure:13082: result: yes
configure:13082: checking fcntl.h presence
configure:13082: mipsel-uclibc-gcc -E  -Wall -Wcast-align -Wchar-subscripts -Wformat -Winline -Wmissing-declarations -Wmissing-prototypes -Wnested-externs -Wpointer-arith conftest.c
configure:13082: $? = 0
configure:13082: result: yes
configure:13082: checking for fcntl.h
configure:13082: result: yes
configure:13094: checking time.h usability
configure:13094: mipsel-uclibc-gcc -c -g -O2  -Wall -Wcast-align -Wchar-subscripts -Wformat -Winline -Wmissing-declarations -Wmissing-prototypes -Wnested-externs -Wpointer-arith conftest.c >&5
configure:13094: $? = 0
configure:13094: result: yes
configure:13094: checking time.h presence
configure:13094: mipsel-uclibc-gcc -E  -Wall -Wcast-align -Wchar-subscripts -Wformat -Winline -Wmissing-declarations -Wmissing-prototypes -Wnested-externs -Wpointer-arith conftest.c
configure:13094: $? = 0
configure:13094: result: yes
configure:13094: checking for time.h
configure:13094: result: yes
configure:13106: checking sys/time.h usability
configure:13106: mipsel-uclibc-gcc -c -g -O2  -Wall -Wcast-align -Wchar-subscripts -Wformat -Winline -Wmissing-declarations -Wmissing-prototypes -Wnested-externs -Wpointer-arith conftest.c >&5
configure:13106: $? = 0
configure:13106: result: yes
configure:13106: checking sys/time.h presence
configure:13106: mipsel-uclibc-gcc -E  -Wall -Wcast-align -Wchar-subscripts -Wformat -Winline -Wmissing-declarations -Wmissing-prototypes -Wnested-externs -Wpointer-arith conftest.c
configure:13106: $? = 0
configure:13106: result: yes
configure:13106: checking for sys/time.h
configure:13106: result: yes
configure:13118: checking sys/select.h usability
configure:13118: mipsel-uclibc-gcc -c -g -O2  -Wall -Wcast-align -Wchar-subscripts -Wformat -Winline -Wmissing-declarations -Wmissing-prototypes -Wnested-externs -Wpointer-arith conftest.c >&5
configure:13118: $? = 0
configure:13118: result: yes
configure:13118: checking sys/select.h presence
configure:13118: mipsel-uclibc-gcc -E  -Wall -Wcast-align -Wchar-subscripts -Wformat -Winline -Wmissing-declarations -Wmissing-prototypes -Wnested-externs -Wpointer-arith conftest.c
configure:13118: $? = 0
configure:13118: result: yes
configure:13118: checking for sys/select.h
configure:13118: result: yes
configure:13130: checking assert.h usability
configure:13130: mipsel-uclibc-gcc -c -g -O2  -Wall -Wcast-align -Wchar-subscripts -Wformat -Winline -Wmissing-declarations -Wmissing-prototypes -Wnested-externs -Wpointer-arith conftest.c >&5
configure:13130: $? = 0
configure:13130: result: yes
configure:13130: checking assert.h presence
configure:13130: mipsel-uclibc-gcc -E  -Wall -Wcast-align -Wchar-subscripts -Wformat -Winline -Wmissing-declarations -Wmissing-prototypes -Wnested-externs -Wpointer-arith conftest.c
configure:13130: $? = 0
configure:13130: result: yes
configure:13130: checking for assert.h
configure:13130: result: yes
configure:13142: checking signal.h usability
configure:13142: mipsel-uclibc-gcc -c -g -O2  -Wall -Wcast-align -Wchar-subscripts -Wformat -Winline -Wmissing-declarations -Wmissing-prototypes -Wnested-externs -Wpointer-arith conftest.c >&5
configure:13142: $? = 0
configure:13142: result: yes
configure:13142: checking signal.h presence
configure:13142: mipsel-uclibc-gcc -E  -Wall -Wcast-align -Wchar-subscripts -Wformat -Winline -Wmissing-declarations -Wmissing-prototypes -Wnested-externs -Wpointer-arith conftest.c
configure:13142: $? = 0
configure:13142: result: yes
configure:13142: checking for signal.h
configure:13142: result: yes
configure:13154: checking sys/signal.h usability
configure:13154: mipsel-uclibc-gcc -c -g -O2  -Wall -Wcast-align -Wchar-subscripts -Wformat -Winline -Wmissing-declarations -Wmissing-prototypes -Wnested-externs -Wpointer-arith conftest.c >&5
configure:13154: $? = 0
configure:13154: result: yes
configure:13154: checking sys/signal.h presence
configure:13154: mipsel-uclibc-gcc -E  -Wall -Wcast-align -Wchar-subscripts -Wformat -Winline -Wmissing-declarations -Wmissing-prototypes -Wnested-externs -Wpointer-arith conftest.c
configure:13154: $? = 0
configure:13154: result: yes
configure:13154: checking for sys/signal.h
configure:13154: result: yes
configure:13166: checking malloc.h usability
configure:13166: mipsel-uclibc-gcc -c -g -O2  -Wall -Wcast-align -Wchar-subscripts -Wformat -Winline -Wmissing-declarations -Wmissing-prototypes -Wnested-externs -Wpointer-arith conftest.c >&5
configure:13166: $? = 0
configure:13166: result: yes
configure:13166: checking malloc.h presence
configure:13166: mipsel-uclibc-gcc -E  -Wall -Wcast-align -Wchar-subscripts -Wformat -Winline -Wmissing-declarations -Wmissing-prototypes -Wnested-externs -Wpointer-arith conftest.c
configure:13166: $? = 0
configure:13166: result: yes
configure:13166: checking for malloc.h
configure:13166: result: yes
configure:13177: checking for struct timeval
configure:13177: mipsel-uclibc-gcc -c -g -O2  -Wall -Wcast-align -Wchar-subscripts -Wformat -Winline -Wmissing-declarations -Wmissing-prototypes -Wnested-externs -Wpointer-arith conftest.c >&5
configure:13177: $? = 0
configure:13177: mipsel-uclibc-gcc -c -g -O2  -Wall -Wcast-align -Wchar-subscripts -Wformat -Winline -Wmissing-declarations -Wmissing-prototypes -Wnested-externs -Wpointer-arith conftest.c >&5
conftest.c: In function 'main':
conftest.c:60: error: expected expression before ')' token
configure:13177: $? = 1
configure: failed program was:
| /* confdefs.h */
| #define PACKAGE_NAME ""
| #define PACKAGE_TARNAME ""
| #define PACKAGE_VERSION ""
| #define PACKAGE_STRING ""
| #define PACKAGE_BUGREPORT ""
| #define PACKAGE_URL ""
| #define PACKAGE "libosip2"
| #define VERSION "4.0.0"
| #define STDC_HEADERS 1
| #define HAVE_SYS_TYPES_H 1
| #define HAVE_SYS_STAT_H 1
| #define HAVE_STDLIB_H 1
| #define HAVE_STRING_H 1
| #define HAVE_MEMORY_H 1
| #define HAVE_STRINGS_H 1
| #define HAVE_INTTYPES_H 1
| #define HAVE_STDINT_H 1
| #define HAVE_UNISTD_H 1
| #define HAVE_DLFCN_H 1
| #define LT_OBJDIR ".libs/"
| #define HAVE_SEMAPHORE_H 1
| #define HAVE_LRAND48 /**/
| #define STDC_HEADERS 1
| #define HAVE_STRING_H 1
| #define HAVE_STRINGS_H 1
| #define HAVE_STDLIB_H 1
| #define HAVE_UNISTD_H 1
| #define HAVE_SYS_TYPES_H 1
| #define HAVE_SYS_UNISTD_H 1
| #define HAVE_SYSLOG_H 1
| #define HAVE_CTYPE_H 1
| #define HAVE_STDIO_H 1
| #define HAVE_STDARG_H 1
| #define HAVE_FCNTL_H 1
| #define HAVE_TIME_H 1
| #define HAVE_SYS_TIME_H 1
| #define HAVE_SYS_SELECT_H 1
| #define HAVE_ASSERT_H 1
| #define HAVE_SIGNAL_H 1
| #define HAVE_SYS_SIGNAL_H 1
| #define HAVE_MALLOC_H 1
| /* end confdefs.h.  */
| 
|      #if TIME_WITH_SYS_TIME
|      # include <sys/time.h>
|      # include <time.h>
|      #else
|      # if HAVE_SYS_TIME_H
|      #  include <sys/time.h>
|      # else
|      #  include <time.h>
|      # endif
|      #endif
| 
| 
| int
| main ()
| {
| if (sizeof ((struct timeval)))
| 	    return 0;
|   ;
|   return 0;
| }
configure:13177: result: yes
configure:13348: creating ./config.status

## ---------------------- ##
## Running config.status. ##
## ---------------------- ##

This file was extended by config.status, which was
generated by GNU Autoconf 2.68.  Invocation command line was

  CONFIG_FILES    = 
  CONFIG_HEADERS  = 
  CONFIG_LINKS    = 
  CONFIG_COMMANDS = 
  $ ./config.status 

on asus-K53SJ

config.status:1151: creating libosip2.pc
config.status:1151: creating Makefile
config.status:1151: creating scripts/Makefile
config.status:1151: creating src/Makefile
config.status:1151: creating src/osipparser2/Makefile
config.status:1151: creating src/osip2/Makefile
config.status:1151: creating src/test/Makefile
config.status:1151: creating src/test/res/Makefile
config.status:1151: creating include/Makefile
config.status:1151: creating include/osip2/Makefile
config.status:1151: creating include/osipparser2/Makefile
config.status:1151: creating include/osipparser2/headers/Makefile
config.status:1151: creating help/Makefile
config.status:1151: creating help/man/Makefile
config.status:1151: creating help/doxygen/Makefile
config.status:1151: creating platform/Makefile
config.status:1151: creating platform/rpm/Makefile
config.status:1151: creating platform/vsnet/Makefile
config.status:1151: creating platform/wince/Makefile
config.status:1151: creating include/osip2/doxygen.dox
config.status:1151: creating osip-config.h
config.status:1332: osip-config.h is unchanged
config.status:1380: executing depfiles commands
config.status:1380: executing libtool commands
configure:15606: WARNING: unrecognized options: --enable-nTime

## ---------------- ##
## Cache variables. ##
## ---------------- ##

Wall_cv_flag=yes
Wcast_align_cv_flag=yes
Wchar_subscripts_cv_flag=yes
Wformat_cv_flag=yes
Winline_cv_flag=yes
Wmissing_declarations_cv_flag=yes
Wmissing_prototypes_cv_flag=yes
Wnested_externs_cv_flag=yes
Wpointer_arith_cv_flag=yes
ac_cv_build=x86_64-pc-linux-gnu
ac_cv_c_compiler_gnu=yes
ac_cv_env_CC_set=set
ac_cv_env_CC_value=mipsel-uclibc-gcc
ac_cv_env_CFLAGS_set=
ac_cv_env_CFLAGS_value=
ac_cv_env_CPPFLAGS_set=
ac_cv_env_CPPFLAGS_value=
ac_cv_env_CPP_set=
ac_cv_env_CPP_value=
ac_cv_env_LDFLAGS_set=
ac_cv_env_LDFLAGS_value=
ac_cv_env_LIBS_set=
ac_cv_env_LIBS_value=
ac_cv_env_build_alias_set=set
ac_cv_env_build_alias_value=x86_64-linux-gnu
ac_cv_env_host_alias_set=set
ac_cv_env_host_alias_value=mipsel-linux
ac_cv_env_target_alias_set=
ac_cv_env_target_alias_value=
ac_cv_func_malloc_0_nonnull=yes
ac_cv_header_assert_h=yes
ac_cv_header_ctype_h=yes
ac_cv_header_dlfcn_h=yes
ac_cv_header_fcntl_h=yes
ac_cv_header_inttypes_h=yes
ac_cv_header_malloc_h=yes
ac_cv_header_memory_h=yes
ac_cv_header_semaphore_h=yes
ac_cv_header_signal_h=yes
ac_cv_header_stdarg_h=yes
ac_cv_header_stdc=yes
ac_cv_header_stdint_h=yes
ac_cv_header_stdio_h=yes
ac_cv_header_stdlib_h=yes
ac_cv_header_string_h=yes
ac_cv_header_strings_h=yes
ac_cv_header_sys_select_h=yes
ac_cv_header_sys_signal_h=yes
ac_cv_header_sys_stat_h=yes
ac_cv_header_sys_time_h=yes
ac_cv_header_sys_types_h=yes
ac_cv_header_sys_unistd_h=yes
ac_cv_header_syslog_h=yes
ac_cv_header_time_h=yes
ac_cv_header_unistd_h=yes
ac_cv_header_varargs_h=no
ac_cv_host=mipsel-unknown-linux-gnu
ac_cv_lib_c_lrand48=yes
ac_cv_lib_nsl_nis_add=no
ac_cv_lib_posix4_sem_open=no
ac_cv_lib_socket_sendto=no
ac_cv_objext=o
ac_cv_path_EGREP='/bin/grep -E'
ac_cv_path_FGREP='/bin/grep -F'
ac_cv_path_GREP=/bin/grep
ac_cv_path_SED=/bin/sed
ac_cv_path_install='/usr/bin/install -c'
ac_cv_path_mkdir=/bin/mkdir
ac_cv_prog_AR=mipsel-uclibc-ar
ac_cv_prog_AWK=gawk
ac_cv_prog_CC=mipsel-uclibc-gcc
ac_cv_prog_CPP='mipsel-uclibc-gcc -E'
ac_cv_prog_DLLTOOL=dlltool
ac_cv_prog_OBJDUMP=objdump
ac_cv_prog_RANLIB=mipsel-uclibc-ranlib
ac_cv_prog_STRIP='mipsel-uclibc-strip -R .note -R .comment'
ac_cv_prog_ac_ct_MANIFEST_TOOL=mt
ac_cv_prog_cc_c89=
ac_cv_prog_cc_g=yes
ac_cv_prog_make_make_set=yes
ac_cv_type_struct_timeval=yes
am_cv_CC_dependencies_compiler_type=gcc3
lt_cv_ar_at_file=@
lt_cv_archive_cmds_need_lc=no
lt_cv_deplibs_check_method=pass_all
lt_cv_file_magic_cmd='$MAGIC_CMD'
lt_cv_file_magic_test_file=
lt_cv_ld_reload_flag=-r
lt_cv_nm_interface='BSD nm'
lt_cv_objdir=.libs
lt_cv_path_LD=mipsel-uclibc-ld
lt_cv_path_NM=mipsel-uclibc-nm
lt_cv_path_mainfest_tool=no
lt_cv_prog_compiler_c_o=yes
lt_cv_prog_compiler_pic='-fPIC -DPIC'
lt_cv_prog_compiler_pic_works=yes
lt_cv_prog_compiler_rtti_exceptions=no
lt_cv_prog_compiler_static_works=yes
lt_cv_prog_gnu_ld=yes
lt_cv_sharedlib_from_linklib_cmd='printf %s\n'
lt_cv_shlibpath_overrides_runpath=no
lt_cv_sys_global_symbol_pipe='sed -n -e '\''s/^.*[	 ]\([ABCDGIRSTW][ABCDGIRSTW]*\)[	 ][	 ]*\([_A-Za-z][_A-Za-z0-9]*\)$/\1 \2 \2/p'\'' | sed '\''/ __gnu_lto/d'\'''
lt_cv_sys_global_symbol_to_c_name_address='sed -n -e '\''s/^: \([^ ]*\)[ ]*$/  {\"\1\", (void *) 0},/p'\'' -e '\''s/^[ABCDGIRSTW]* \([^ ]*\) \([^ ]*\)$/  {"\2", (void *) \&\2},/p'\'''
lt_cv_sys_global_symbol_to_c_name_address_lib_prefix='sed -n -e '\''s/^: \([^ ]*\)[ ]*$/  {\"\1\", (void *) 0},/p'\'' -e '\''s/^[ABCDGIRSTW]* \([^ ]*\) \(lib[^ ]*\)$/  {"\2", (void *) \&\2},/p'\'' -e '\''s/^[ABCDGIRSTW]* \([^ ]*\) \([^ ]*\)$/  {"lib\2", (void *) \&\2},/p'\'''
lt_cv_sys_global_symbol_to_cdecl='sed -n -e '\''s/^T .* \(.*\)$/extern int \1();/p'\'' -e '\''s/^[ABCDGIRSTW]* .* \(.*\)$/extern char \1;/p'\'''
lt_cv_sys_max_cmd_len=3458764513820540925
lt_cv_to_host_file_cmd=func_convert_file_noop
lt_cv_to_tool_file_cmd=func_convert_file_noop

## ----------------- ##
## Output variables. ##
## ----------------- ##

ACLOCAL='${SHELL} /home/vicente/tomato/release/src/router/libosip2/scripts/missing --run aclocal-1.11 -I scripts'
AMDEPBACKSLASH='\'
AMDEP_FALSE='#'
AMDEP_TRUE=''
AMTAR='$${TAR-tar}'
AR='mipsel-uclibc-ar'
AS='mipsel-uclibc-as'
AUTOCONF='${SHELL} /home/vicente/tomato/release/src/router/libosip2/scripts/missing --run autoconf'
AUTOHEADER='${SHELL} /home/vicente/tomato/release/src/router/libosip2/scripts/missing --run autoheader'
AUTOMAKE='${SHELL} /home/vicente/tomato/release/src/router/libosip2/scripts/missing --run automake-1.11'
AWK='gawk'
BUILD_MAXSIZE_FALSE='#'
BUILD_MAXSIZE_TRUE=''
BUILD_MT_FALSE='#'
BUILD_MT_TRUE=''
CC='mipsel-uclibc-gcc'
CCDEPMODE='depmode=gcc3'
CFLAGS='-g -O2'
COMPILE_TESTS_FALSE=''
COMPILE_TESTS_TRUE='#'
CPP='mipsel-uclibc-gcc -E'
CPPFLAGS=' -Wall -Wcast-align -Wchar-subscripts -Wformat -Winline -Wmissing-declarations -Wmissing-prototypes -Wnested-externs -Wpointer-arith'
CYGPATH_W='echo'
DEFS='-DHAVE_CONFIG_H'
DEPDIR='.deps'
DLLTOOL='dlltool'
DSYMUTIL=''
DUMPBIN=''
ECHO_C=''
ECHO_N='-n'
ECHO_T=''
EGREP='/bin/grep -E'
EXEEXT=''
EXTRA_LIB=''
FGREP='/bin/grep -F'
FSM_LIB=''
GREP='/bin/grep'
INSIDE_GNOME_COMMON_FALSE=''
INSIDE_GNOME_COMMON_TRUE='#'
INSTALL_DATA='${INSTALL} -m 644'
INSTALL_PROGRAM='${INSTALL}'
INSTALL_SCRIPT='${INSTALL}'
INSTALL_STRIP_PROGRAM='$(install_sh) -c -s'
LD='mipsel-uclibc-ld'
LDFLAGS=''
LIBOBJS=''
LIBOSIP_SO_VERSION='10:0:0'
LIBS=''
LIBTOOL='$(SHELL) $(top_builddir)/libtool'
LIPO=''
LN_S='ln -s'
LTLIBOBJS=''
MAKEINFO='${SHELL} /home/vicente/tomato/release/src/router/libosip2/scripts/missing --run makeinfo'
MANIFEST_TOOL=':'
MKDIR_P='/bin/mkdir -p'
NM='mipsel-uclibc-nm'
NMEDIT=''
OBJDUMP='objdump'
OBJEXT='o'
OSIP_VERSION='4.0.0'
OTOOL64=''
OTOOL=''
PACKAGE='libosip2'
PACKAGE_BUGREPORT=''
PACKAGE_NAME=''
PACKAGE_STRING=''
PACKAGE_TARNAME=''
PACKAGE_URL=''
PACKAGE_VERSION=''
PARSER_LIB=''
PATH_SEPARATOR=':'
PTHREAD_CC=''
PTHREAD_CFLAGS=''
PTHREAD_LIBS=''
RANLIB='mipsel-uclibc-ranlib'
SED='/bin/sed'
SET_MAKE=''
SHELL='/bin/sh'
SIP_CFLAGS=' -g -O2'
SIP_EXTRA_FLAGS=''
SIP_FSM_FLAGS='-DHAVE_PTHREAD -DHAVE_SEMAPHORE_H'
SIP_PARSER_FLAGS=''
STRIP='mipsel-uclibc-strip -R .note -R .comment'
VERSION='4.0.0'
ac_ct_AR=''
ac_ct_CC=''
ac_ct_DUMPBIN=''
am__EXEEXT_FALSE=''
am__EXEEXT_TRUE='#'
am__fastdepCC_FALSE='#'
am__fastdepCC_TRUE=''
am__include='include'
am__isrc=''
am__leading_dot='.'
am__nodep='_no'
am__quote=''
am__tar='$${TAR-tar} chof - "$$tardir"'
am__untar='$${TAR-tar} xf -'
bindir='${exec_prefix}/bin'
build='x86_64-pc-linux-gnu'
build_alias='x86_64-linux-gnu'
build_cpu='x86_64'
build_os='linux-gnu'
build_vendor='pc'
datadir='${datarootdir}'
datarootdir='${prefix}/share'
docdir='${datarootdir}/doc/${PACKAGE}'
dvidir='${docdir}'
exec_prefix='${prefix}'
host='mipsel-unknown-linux-gnu'
host_alias='mipsel-linux'
host_cpu='mipsel'
host_os='linux-gnu'
host_vendor='unknown'
htmldir='${docdir}'
includedir='${prefix}/include'
infodir='${datarootdir}/info'
install_sh='${SHELL} /home/vicente/tomato/release/src/router/libosip2/scripts/install-sh'
libdir='${exec_prefix}/lib'
libexecdir='${exec_prefix}/libexec'
localedir='${datarootdir}/locale'
localstatedir='${prefix}/var'
mandir='${datarootdir}/man'
mkdir_p='/bin/mkdir -p'
oldincludedir='/usr/include'
pdfdir='${docdir}'
prefix='/usr/local'
program_transform_name='s,x,x,'
psdir='${docdir}'
sbindir='${exec_prefix}/sbin'
sharedstatedir='${prefix}/com'
sysconfdir='${prefix}/etc'
target_alias=''

## ----------- ##
## confdefs.h. ##
## ----------- ##

/* confdefs.h */
#define PACKAGE_NAME ""
#define PACKAGE_TARNAME ""
#define PACKAGE_VERSION ""
#define PACKAGE_STRING ""
#define PACKAGE_BUGREPORT ""
#define PACKAGE_URL ""
#define PACKAGE "libosip2"
#define VERSION "4.0.0"
#define STDC_HEADERS 1
#define HAVE_SYS_TYPES_H 1
#define HAVE_SYS_STAT_H 1
#define HAVE_STDLIB_H 1
#define HAVE_STRING_H 1
#define HAVE_MEMORY_H 1
#define HAVE_STRINGS_H 1
#define HAVE_INTTYPES_H 1
#define HAVE_STDINT_H 1
#define HAVE_UNISTD_H 1
#define HAVE_DLFCN_H 1
#define LT_OBJDIR ".libs/"
#define HAVE_SEMAPHORE_H 1
#define HAVE_LRAND48 /**/
#define STDC_HEADERS 1
#define HAVE_STRING_H 1
#define HAVE_STRINGS_H 1
#define HAVE_STDLIB_H 1
#define HAVE_UNISTD_H 1
#define HAVE_SYS_TYPES_H 1
#define HAVE_SYS_UNISTD_H 1
#define HAVE_SYSLOG_H 1
#define HAVE_CTYPE_H 1
#define HAVE_STDIO_H 1
#define HAVE_STDARG_H 1
#define HAVE_FCNTL_H 1
#define HAVE_TIME_H 1
#define HAVE_SYS_TIME_H 1
#define HAVE_SYS_SELECT_H 1
#define HAVE_ASSERT_H 1
#define HAVE_SIGNAL_H 1
#define HAVE_SYS_SIGNAL_H 1
#define HAVE_MALLOC_H 1
#define HAVE_STRUCT_TIMEVAL 1

configure: exit 0
