This file contains any messages produced by compilers while
running configure, to aid debugging if configure makes a mistake.

It was created by configure, which was
generated by GNU Autoconf 2.68.  Invocation command line was

  $ ./configure --host=mipsel-linux --build=x86_64-linux-gnu --prefix=/home/vicente/tomato/release/src-rt/router/mipsel-uclibc/install/pptpd --enable-bcrelay CC=mipsel-uclibc-gcc STRIP=mipsel-uclibc-strip AR=mipsel-uclibc-ar LD=mipsel-uclibc-ld NM=mipsel-uclibc-nm RANLIB=mipsel-uclibc-ranlib

## --------- ##
## Platform. ##
## --------- ##

hostname = vicente-K53SJ
uname -m = x86_64
uname -r = 3.8.0-32-generic
uname -s = Linux
uname -v = #47-Ubuntu SMP Tue Oct 1 22:35:23 UTC 2013

/usr/bin/uname -p = unknown
/bin/uname -X     = unknown

/bin/arch              = unknown
/usr/bin/arch -k       = unknown
/usr/convex/getsysinfo = unknown
/usr/bin/hostinfo      = unknown
/bin/machine           = unknown
/usr/bin/oslevel       = unknown
/bin/universe          = unknown

PATH: /home/vicente/tomato/release/tools
PATH: /home/vicente/tomato/release/tools
PATH: /home/vicente/tomato/release/tools
PATH: /home/vicente/tomato/release/tools
PATH: /opt/brcm/hndtools-mipsel-uclibc/bin
PATH: /opt/brcm/hndtools-mipsel-linux/bin
PATH: /usr/lib/lightdm/lightdm
PATH: /usr/local/sbin
PATH: /usr/local/bin
PATH: /usr/sbin
PATH: /usr/bin
PATH: /sbin
PATH: /bin
PATH: /usr/games
PATH: /usr/local/games
PATH: /opt/brcm/hndtools-mipsel-linux/bin
PATH: /opt/brcm/hndtools-mipsel-uclibc/bin
PATH: /opt/brcm/hndtools-mipsel-linux/bin
PATH: /opt/brcm/hndtools-mipsel-uclibc/bin


## ----------- ##
## Core tests. ##
## ----------- ##

configure:2223: checking for a BSD-compatible install
configure:2291: result: /usr/bin/install -c
configure:2302: checking whether build environment is sane
configure:2339: result: yes
configure:2401: checking for gawk
configure:2417: found /usr/bin/gawk
configure:2428: result: gawk
configure:2439: checking whether make sets $(MAKE)
configure:2461: result: yes
configure:2535: checking for mipsel-linux-strip
configure:2562: result: mipsel-uclibc-strip
configure:2644: checking command line for use of BSD PPP
configure:2674: result: default standard pppd
configure:2679: checking command line for use of SLIRP
configure:2709: result: default no
configure:2714: checking command line for syslog facility name
configure:2728: result: default LOG_DAEMON
configure:2738: checking command line for bcrelay build
configure:2745: result: yes
configure:2778: checking for mipsel-linux-gcc
configure:2805: result: mipsel-uclibc-gcc
configure:3074: checking for C compiler version
configure:3083: mipsel-uclibc-gcc --version >&5
mipsel-uclibc-gcc (GCC) 4.2.4
Copyright (C) 2007 Free Software Foundation, Inc.
This is free software; see the source for copying conditions.  There is NO
warranty; not even for MERCHANTABILITY or FITNESS FOR A PARTICULAR PURPOSE.

configure:3094: $? = 0
configure:3083: mipsel-uclibc-gcc -v >&5
Using built-in specs.
Target: mipsel-linux-uclibc
Configured with: /home/fedork/tomato/toolchain/build_dir/toolchain-mipsel_gcc4.2.4/gcc-4.2.4/configure --prefix=/opt/brcm/hndtools-mipsel-uclibc-4.2.4 --build=i486-linux-gnu --host=i486-linux-gnu --target=mipsel-linux-uclibc --with-gnu-ld --enable-target-optspace --disable-libgomp --disable-libmudflap --disable-multilib --disable-nls --disable-__cxa_atexit --enable-libssp --enable-languages=c,c++ --enable-shared --enable-threads --enable-tls
Thread model: posix
gcc version 4.2.4
configure:3094: $? = 0
configure:3083: mipsel-uclibc-gcc -V >&5
mipsel-uclibc-gcc: '-V' option must have argument
configure:3094: $? = 1
configure:3083: mipsel-uclibc-gcc -qversion >&5
mipsel-uclibc-gcc: unrecognized option '-qversion'
mipsel-uclibc-gcc: no input files
configure:3094: $? = 1
configure:3114: checking whether the C compiler works
configure:3136: mipsel-uclibc-gcc    conftest.c  >&5
configure:3140: $? = 0
configure:3188: result: yes
configure:3191: checking for C compiler default output file name
configure:3193: result: a.out
configure:3199: checking for suffix of executables
configure:3206: mipsel-uclibc-gcc -o conftest    conftest.c  >&5
configure:3210: $? = 0
configure:3232: result: 
configure:3254: checking whether we are cross compiling
configure:3292: result: yes
configure:3297: checking for suffix of object files
configure:3319: mipsel-uclibc-gcc -c   conftest.c >&5
configure:3323: $? = 0
configure:3344: result: o
configure:3348: checking whether we are using the GNU C compiler
configure:3367: mipsel-uclibc-gcc -c   conftest.c >&5
configure:3367: $? = 0
configure:3376: result: yes
configure:3385: checking whether mipsel-uclibc-gcc accepts -g
configure:3405: mipsel-uclibc-gcc -c -g  conftest.c >&5
configure:3405: $? = 0
configure:3446: result: yes
configure:3463: checking for mipsel-uclibc-gcc option to accept ISO C89
configure:3527: mipsel-uclibc-gcc  -c -g -O2  conftest.c >&5
configure:3527: $? = 0
configure:3540: result: none needed
configure:3571: checking for style of include used by make
configure:3599: result: GNU
configure:3627: checking dependency style of mipsel-uclibc-gcc
configure:3717: result: none
configure:3737: checking for mipsel-linux-ranlib
configure:3764: result: mipsel-uclibc-ranlib
configure:3827: checking whether ln -s works
configure:3831: result: yes
configure:3838: checking whether make sets $(MAKE)
configure:3860: result: yes
configure:3871: checking for an ANSI C-conforming const
configure:3936: mipsel-uclibc-gcc -c -g -O2  conftest.c >&5
configure:3936: $? = 0
configure:3943: result: yes
configure:3951: checking for inline
configure:3967: mipsel-uclibc-gcc -c -g -O2  conftest.c >&5
configure:3967: $? = 0
configure:3975: result: inline
configure:3996: checking whether #! works in shell scripts
configure:4013: result: yes
configure:4021: checking for setsid
configure:4021: mipsel-uclibc-gcc -o conftest -g -O2   conftest.c  >&5
configure:4021: $? = 0
configure:4021: result: yes
configure:4021: checking for daemon
configure:4021: mipsel-uclibc-gcc -o conftest -g -O2   conftest.c  >&5
configure:4021: $? = 0
configure:4021: result: yes
configure:4021: checking for setproctitle
configure:4021: mipsel-uclibc-gcc -o conftest -g -O2   conftest.c  >&5
/tmp/ccCU7ENm.o: In function `main':
/home/vicente/tomato/release/src/router/pptpd/conftest.c:50: undefined reference to `setproctitle'
collect2: ld returned 1 exit status
configure:4021: $? = 1
configure: failed program was:
| /* confdefs.h */
| #define PACKAGE_NAME ""
| #define PACKAGE_TARNAME ""
| #define PACKAGE_VERSION ""
| #define PACKAGE_STRING ""
| #define PACKAGE_BUGREPORT ""
| #define PACKAGE_URL ""
| #define PACKAGE "pptpd"
| #define VERSION "1.3.4"
| #define PPP_BINARY "/usr/sbin/pppd"
| #define PPTP_FACILITY LOG_DAEMON
| #define BCRELAY 1
| #define HAVE_SETSID 1
| #define HAVE_DAEMON 1
| /* end confdefs.h.  */
| /* Define setproctitle to an innocuous variant, in case <limits.h> declares setproctitle.
|    For example, HP-UX 11i <limits.h> declares gettimeofday.  */
| #define setproctitle innocuous_setproctitle
| 
| /* System header to define __stub macros and hopefully few prototypes,
|     which can conflict with char setproctitle (); below.
|     Prefer <limits.h> to <assert.h> if __STDC__ is defined, since
|     <limits.h> exists even on freestanding compilers.  */
| 
| #ifdef __STDC__
| # include <limits.h>
| #else
| # include <assert.h>
| #endif
| 
| #undef setproctitle
| 
| /* Override any GCC internal prototype to avoid an error.
|    Use char because int might match the return type of a GCC
|    builtin and then its argument prototype would still apply.  */
| #ifdef __cplusplus
| extern "C"
| #endif
| char setproctitle ();
| /* The GNU C library defines this for functions which it implements
|     to always fail with ENOSYS.  Some functions are actually named
|     something starting with __ and the normal name is an alias.  */
| #if defined __stub_setproctitle || defined __stub___setproctitle
| choke me
| #endif
| 
| int
| main ()
| {
| return setproctitle ();
|   ;
|   return 0;
| }
configure:4021: result: no
configure:4021: checking for getservbyname
configure:4021: mipsel-uclibc-gcc -o conftest -g -O2   conftest.c  >&5
configure:4021: $? = 0
configure:4021: result: yes
configure:4021: checking for strlcpy
configure:4021: mipsel-uclibc-gcc -o conftest -g -O2   conftest.c  >&5
configure:4021: $? = 0
configure:4021: result: yes
configure:4021: checking for fork
configure:4021: mipsel-uclibc-gcc -o conftest -g -O2   conftest.c  >&5
conftest.c:41: warning: conflicting types for built-in function 'fork'
configure:4021: $? = 0
configure:4021: result: yes
configure:4021: checking for memmove
configure:4021: mipsel-uclibc-gcc -o conftest -g -O2   conftest.c  >&5
conftest.c:42: warning: conflicting types for built-in function 'memmove'
configure:4021: $? = 0
configure:4021: result: yes
configure:4021: checking for strerror
configure:4021: mipsel-uclibc-gcc -o conftest -g -O2   conftest.c  >&5
configure:4021: $? = 0
configure:4021: result: yes
configure:4021: checking for writev
configure:4021: mipsel-uclibc-gcc -o conftest -g -O2   conftest.c  >&5
configure:4021: $? = 0
configure:4021: result: yes
configure:4036: checking how to run the C preprocessor
configure:4067: mipsel-uclibc-gcc -E  conftest.c
configure:4067: $? = 0
configure:4081: mipsel-uclibc-gcc -E  conftest.c
conftest.c:22:28: error: ac_nonexistent.h: No such file or directory
configure:4081: $? = 1
configure: failed program was:
| /* confdefs.h */
| #define PACKAGE_NAME ""
| #define PACKAGE_TARNAME ""
| #define PACKAGE_VERSION ""
| #define PACKAGE_STRING ""
| #define PACKAGE_BUGREPORT ""
| #define PACKAGE_URL ""
| #define PACKAGE "pptpd"
| #define VERSION "1.3.4"
| #define PPP_BINARY "/usr/sbin/pppd"
| #define PPTP_FACILITY LOG_DAEMON
| #define BCRELAY 1
| #define HAVE_SETSID 1
| #define HAVE_DAEMON 1
| #define HAVE_GETSERVBYNAME 1
| #define HAVE_STRLCPY 1
| #define HAVE_FORK 1
| #define HAVE_MEMMOVE 1
| #define HAVE_STRERROR 1
| #define HAVE_WRITEV 1
| /* end confdefs.h.  */
| #include <ac_nonexistent.h>
configure:4106: result: mipsel-uclibc-gcc -E
configure:4126: mipsel-uclibc-gcc -E  conftest.c
configure:4126: $? = 0
configure:4140: mipsel-uclibc-gcc -E  conftest.c
conftest.c:22:28: error: ac_nonexistent.h: No such file or directory
configure:4140: $? = 1
configure: failed program was:
| /* confdefs.h */
| #define PACKAGE_NAME ""
| #define PACKAGE_TARNAME ""
| #define PACKAGE_VERSION ""
| #define PACKAGE_STRING ""
| #define PACKAGE_BUGREPORT ""
| #define PACKAGE_URL ""
| #define PACKAGE "pptpd"
| #define VERSION "1.3.4"
| #define PPP_BINARY "/usr/sbin/pppd"
| #define PPTP_FACILITY LOG_DAEMON
| #define BCRELAY 1
| #define HAVE_SETSID 1
| #define HAVE_DAEMON 1
| #define HAVE_GETSERVBYNAME 1
| #define HAVE_STRLCPY 1
| #define HAVE_FORK 1
| #define HAVE_MEMMOVE 1
| #define HAVE_STRERROR 1
| #define HAVE_WRITEV 1
| /* end confdefs.h.  */
| #include <ac_nonexistent.h>
configure:4169: checking for grep that handles long lines and -e
configure:4227: result: /bin/grep
configure:4232: checking for egrep
configure:4294: result: /bin/grep -E
configure:4299: checking for ANSI C header files
configure:4319: mipsel-uclibc-gcc -c -g -O2  conftest.c >&5
configure:4319: $? = 0
configure:4403: result: yes
configure:4416: checking for sys/types.h
configure:4416: mipsel-uclibc-gcc -c -g -O2  conftest.c >&5
configure:4416: $? = 0
configure:4416: result: yes
configure:4416: checking for sys/stat.h
configure:4416: mipsel-uclibc-gcc -c -g -O2  conftest.c >&5
configure:4416: $? = 0
configure:4416: result: yes
configure:4416: checking for stdlib.h
configure:4416: mipsel-uclibc-gcc -c -g -O2  conftest.c >&5
configure:4416: $? = 0
configure:4416: result: yes
configure:4416: checking for string.h
configure:4416: mipsel-uclibc-gcc -c -g -O2  conftest.c >&5
configure:4416: $? = 0
configure:4416: result: yes
configure:4416: checking for memory.h
configure:4416: mipsel-uclibc-gcc -c -g -O2  conftest.c >&5
configure:4416: $? = 0
configure:4416: result: yes
configure:4416: checking for strings.h
configure:4416: mipsel-uclibc-gcc -c -g -O2  conftest.c >&5
configure:4416: $? = 0
configure:4416: result: yes
configure:4416: checking for inttypes.h
configure:4416: mipsel-uclibc-gcc -c -g -O2  conftest.c >&5
configure:4416: $? = 0
configure:4416: result: yes
configure:4416: checking for stdint.h
configure:4416: mipsel-uclibc-gcc -c -g -O2  conftest.c >&5
configure:4416: $? = 0
configure:4416: result: yes
configure:4416: checking for unistd.h
configure:4416: mipsel-uclibc-gcc -c -g -O2  conftest.c >&5
configure:4416: $? = 0
configure:4416: result: yes
configure:4430: checking pty.h usability
configure:4430: mipsel-uclibc-gcc -c -g -O2  conftest.c >&5
configure:4430: $? = 0
configure:4430: result: yes
configure:4430: checking pty.h presence
configure:4430: mipsel-uclibc-gcc -E  conftest.c
configure:4430: $? = 0
configure:4430: result: yes
configure:4430: checking for pty.h
configure:4430: result: yes
configure:4442: checking for string.h
configure:4442: result: yes
configure:4454: checking syslog.h usability
configure:4454: mipsel-uclibc-gcc -c -g -O2  conftest.c >&5
configure:4454: $? = 0
configure:4454: result: yes
configure:4454: checking syslog.h presence
configure:4454: mipsel-uclibc-gcc -E  conftest.c
configure:4454: $? = 0
configure:4454: result: yes
configure:4454: checking for syslog.h
configure:4454: result: yes
configure:4466: checking libintl.h usability
configure:4466: mipsel-uclibc-gcc -c -g -O2  conftest.c >&5
conftest.c:68:21: error: libintl.h: No such file or directory
configure:4466: $? = 1
configure: failed program was:
| /* confdefs.h */
| #define PACKAGE_NAME ""
| #define PACKAGE_TARNAME ""
| #define PACKAGE_VERSION ""
| #define PACKAGE_STRING ""
| #define PACKAGE_BUGREPORT ""
| #define PACKAGE_URL ""
| #define PACKAGE "pptpd"
| #define VERSION "1.3.4"
| #define PPP_BINARY "/usr/sbin/pppd"
| #define PPTP_FACILITY LOG_DAEMON
| #define BCRELAY 1
| #define HAVE_SETSID 1
| #define HAVE_DAEMON 1
| #define HAVE_GETSERVBYNAME 1
| #define HAVE_STRLCPY 1
| #define HAVE_FORK 1
| #define HAVE_MEMMOVE 1
| #define HAVE_STRERROR 1
| #define HAVE_WRITEV 1
| #define STDC_HEADERS 1
| #define HAVE_SYS_TYPES_H 1
| #define HAVE_SYS_STAT_H 1
| #define HAVE_STDLIB_H 1
| #define HAVE_STRING_H 1
| #define HAVE_MEMORY_H 1
| #define HAVE_STRINGS_H 1
| #define HAVE_INTTYPES_H 1
| #define HAVE_STDINT_H 1
| #define HAVE_UNISTD_H 1
| #define HAVE_PTY_H 1
| #define HAVE_STRING_H 1
| #define HAVE_SYSLOG_H 1
| /* end confdefs.h.  */
| #include <stdio.h>
| #ifdef HAVE_SYS_TYPES_H
| # include <sys/types.h>
| #endif
| #ifdef HAVE_SYS_STAT_H
| # include <sys/stat.h>
| #endif
| #ifdef STDC_HEADERS
| # include <stdlib.h>
| # include <stddef.h>
| #else
| # ifdef HAVE_STDLIB_H
| #  include <stdlib.h>
| # endif
| #endif
| #ifdef HAVE_STRING_H
| # if !defined STDC_HEADERS && defined HAVE_MEMORY_H
| #  include <memory.h>
| # endif
| # include <string.h>
| #endif
| #ifdef HAVE_STRINGS_H
| # include <strings.h>
| #endif
| #ifdef HAVE_INTTYPES_H
| # include <inttypes.h>
| #endif
| #ifdef HAVE_STDINT_H
| # include <stdint.h>
| #endif
| #ifdef HAVE_UNISTD_H
| # include <unistd.h>
| #endif
| #include <libintl.h>
configure:4466: result: no
configure:4466: checking libintl.h presence
configure:4466: mipsel-uclibc-gcc -E  conftest.c
conftest.c:35:21: error: libintl.h: No such file or directory
configure:4466: $? = 1
configure: failed program was:
| /* confdefs.h */
| #define PACKAGE_NAME ""
| #define PACKAGE_TARNAME ""
| #define PACKAGE_VERSION ""
| #define PACKAGE_STRING ""
| #define PACKAGE_BUGREPORT ""
| #define PACKAGE_URL ""
| #define PACKAGE "pptpd"
| #define VERSION "1.3.4"
| #define PPP_BINARY "/usr/sbin/pppd"
| #define PPTP_FACILITY LOG_DAEMON
| #define BCRELAY 1
| #define HAVE_SETSID 1
| #define HAVE_DAEMON 1
| #define HAVE_GETSERVBYNAME 1
| #define HAVE_STRLCPY 1
| #define HAVE_FORK 1
| #define HAVE_MEMMOVE 1
| #define HAVE_STRERROR 1
| #define HAVE_WRITEV 1
| #define STDC_HEADERS 1
| #define HAVE_SYS_TYPES_H 1
| #define HAVE_SYS_STAT_H 1
| #define HAVE_STDLIB_H 1
| #define HAVE_STRING_H 1
| #define HAVE_MEMORY_H 1
| #define HAVE_STRINGS_H 1
| #define HAVE_INTTYPES_H 1
| #define HAVE_STDINT_H 1
| #define HAVE_UNISTD_H 1
| #define HAVE_PTY_H 1
| #define HAVE_STRING_H 1
| #define HAVE_SYSLOG_H 1
| /* end confdefs.h.  */
| #include <libintl.h>
configure:4466: result: no
configure:4466: checking for libintl.h
configure:4466: result: no
configure:4478: checking libutil.h usability
configure:4478: mipsel-uclibc-gcc -c -g -O2  conftest.c >&5
conftest.c:68:21: error: libutil.h: No such file or directory
configure:4478: $? = 1
configure: failed program was:
| /* confdefs.h */
| #define PACKAGE_NAME ""
| #define PACKAGE_TARNAME ""
| #define PACKAGE_VERSION ""
| #define PACKAGE_STRING ""
| #define PACKAGE_BUGREPORT ""
| #define PACKAGE_URL ""
| #define PACKAGE "pptpd"
| #define VERSION "1.3.4"
| #define PPP_BINARY "/usr/sbin/pppd"
| #define PPTP_FACILITY LOG_DAEMON
| #define BCRELAY 1
| #define HAVE_SETSID 1
| #define HAVE_DAEMON 1
| #define HAVE_GETSERVBYNAME 1
| #define HAVE_STRLCPY 1
| #define HAVE_FORK 1
| #define HAVE_MEMMOVE 1
| #define HAVE_STRERROR 1
| #define HAVE_WRITEV 1
| #define STDC_HEADERS 1
| #define HAVE_SYS_TYPES_H 1
| #define HAVE_SYS_STAT_H 1
| #define HAVE_STDLIB_H 1
| #define HAVE_STRING_H 1
| #define HAVE_MEMORY_H 1
| #define HAVE_STRINGS_H 1
| #define HAVE_INTTYPES_H 1
| #define HAVE_STDINT_H 1
| #define HAVE_UNISTD_H 1
| #define HAVE_PTY_H 1
| #define HAVE_STRING_H 1
| #define HAVE_SYSLOG_H 1
| /* end confdefs.h.  */
| #include <stdio.h>
| #ifdef HAVE_SYS_TYPES_H
| # include <sys/types.h>
| #endif
| #ifdef HAVE_SYS_STAT_H
| # include <sys/stat.h>
| #endif
| #ifdef STDC_HEADERS
| # include <stdlib.h>
| # include <stddef.h>
| #else
| # ifdef HAVE_STDLIB_H
| #  include <stdlib.h>
| # endif
| #endif
| #ifdef HAVE_STRING_H
| # if !defined STDC_HEADERS && defined HAVE_MEMORY_H
| #  include <memory.h>
| # endif
| # include <string.h>
| #endif
| #ifdef HAVE_STRINGS_H
| # include <strings.h>
| #endif
| #ifdef HAVE_INTTYPES_H
| # include <inttypes.h>
| #endif
| #ifdef HAVE_STDINT_H
| # include <stdint.h>
| #endif
| #ifdef HAVE_UNISTD_H
| # include <unistd.h>
| #endif
| #include <libutil.h>
configure:4478: result: no
configure:4478: checking libutil.h presence
configure:4478: mipsel-uclibc-gcc -E  conftest.c
conftest.c:35:21: error: libutil.h: No such file or directory
configure:4478: $? = 1
configure: failed program was:
| /* confdefs.h */
| #define PACKAGE_NAME ""
| #define PACKAGE_TARNAME ""
| #define PACKAGE_VERSION ""
| #define PACKAGE_STRING ""
| #define PACKAGE_BUGREPORT ""
| #define PACKAGE_URL ""
| #define PACKAGE "pptpd"
| #define VERSION "1.3.4"
| #define PPP_BINARY "/usr/sbin/pppd"
| #define PPTP_FACILITY LOG_DAEMON
| #define BCRELAY 1
| #define HAVE_SETSID 1
| #define HAVE_DAEMON 1
| #define HAVE_GETSERVBYNAME 1
| #define HAVE_STRLCPY 1
| #define HAVE_FORK 1
| #define HAVE_MEMMOVE 1
| #define HAVE_STRERROR 1
| #define HAVE_WRITEV 1
| #define STDC_HEADERS 1
| #define HAVE_SYS_TYPES_H 1
| #define HAVE_SYS_STAT_H 1
| #define HAVE_STDLIB_H 1
| #define HAVE_STRING_H 1
| #define HAVE_MEMORY_H 1
| #define HAVE_STRINGS_H 1
| #define HAVE_INTTYPES_H 1
| #define HAVE_STDINT_H 1
| #define HAVE_UNISTD_H 1
| #define HAVE_PTY_H 1
| #define HAVE_STRING_H 1
| #define HAVE_SYSLOG_H 1
| /* end confdefs.h.  */
| #include <libutil.h>
configure:4478: result: no
configure:4478: checking for libutil.h
configure:4478: result: no
configure:4490: checking sys/uio.h usability
configure:4490: mipsel-uclibc-gcc -c -g -O2  conftest.c >&5
configure:4490: $? = 0
configure:4490: result: yes
configure:4490: checking sys/uio.h presence
configure:4490: mipsel-uclibc-gcc -E  conftest.c
configure:4490: $? = 0
configure:4490: result: yes
configure:4490: checking for sys/uio.h
configure:4490: result: yes
configure:4501: checking for size_t
configure:4501: mipsel-uclibc-gcc -c -g -O2  conftest.c >&5
configure:4501: $? = 0
configure:4501: mipsel-uclibc-gcc -c -g -O2  conftest.c >&5
conftest.c: In function 'main':
conftest.c:72: error: expected expression before ')' token
configure:4501: $? = 1
configure: failed program was:
| /* confdefs.h */
| #define PACKAGE_NAME ""
| #define PACKAGE_TARNAME ""
| #define PACKAGE_VERSION ""
| #define PACKAGE_STRING ""
| #define PACKAGE_BUGREPORT ""
| #define PACKAGE_URL ""
| #define PACKAGE "pptpd"
| #define VERSION "1.3.4"
| #define PPP_BINARY "/usr/sbin/pppd"
| #define PPTP_FACILITY LOG_DAEMON
| #define BCRELAY 1
| #define HAVE_SETSID 1
| #define HAVE_DAEMON 1
| #define HAVE_GETSERVBYNAME 1
| #define HAVE_STRLCPY 1
| #define HAVE_FORK 1
| #define HAVE_MEMMOVE 1
| #define HAVE_STRERROR 1
| #define HAVE_WRITEV 1
| #define STDC_HEADERS 1
| #define HAVE_SYS_TYPES_H 1
| #define HAVE_SYS_STAT_H 1
| #define HAVE_STDLIB_H 1
| #define HAVE_STRING_H 1
| #define HAVE_MEMORY_H 1
| #define HAVE_STRINGS_H 1
| #define HAVE_INTTYPES_H 1
| #define HAVE_STDINT_H 1
| #define HAVE_UNISTD_H 1
| #define HAVE_PTY_H 1
| #define HAVE_STRING_H 1
| #define HAVE_SYSLOG_H 1
| #define HAVE_SYS_UIO_H 1
| /* end confdefs.h.  */
| #include <stdio.h>
| #ifdef HAVE_SYS_TYPES_H
| # include <sys/types.h>
| #endif
| #ifdef HAVE_SYS_STAT_H
| # include <sys/stat.h>
| #endif
| #ifdef STDC_HEADERS
| # include <stdlib.h>
| # include <stddef.h>
| #else
| # ifdef HAVE_STDLIB_H
| #  include <stdlib.h>
| # endif
| #endif
| #ifdef HAVE_STRING_H
| # if !defined STDC_HEADERS && defined HAVE_MEMORY_H
| #  include <memory.h>
| # endif
| # include <string.h>
| #endif
| #ifdef HAVE_STRINGS_H
| # include <strings.h>
| #endif
| #ifdef HAVE_INTTYPES_H
| # include <inttypes.h>
| #endif
| #ifdef HAVE_STDINT_H
| # include <stdint.h>
| #endif
| #ifdef HAVE_UNISTD_H
| # include <unistd.h>
| #endif
| int
| main ()
| {
| if (sizeof ((size_t)))
| 	    return 0;
|   ;
|   return 0;
| }
configure:4501: result: yes
configure:4512: checking for ssize_t
configure:4512: mipsel-uclibc-gcc -c -g -O2  conftest.c >&5
configure:4512: $? = 0
configure:4512: mipsel-uclibc-gcc -c -g -O2  conftest.c >&5
conftest.c: In function 'main':
conftest.c:72: error: expected expression before ')' token
configure:4512: $? = 1
configure: failed program was:
| /* confdefs.h */
| #define PACKAGE_NAME ""
| #define PACKAGE_TARNAME ""
| #define PACKAGE_VERSION ""
| #define PACKAGE_STRING ""
| #define PACKAGE_BUGREPORT ""
| #define PACKAGE_URL ""
| #define PACKAGE "pptpd"
| #define VERSION "1.3.4"
| #define PPP_BINARY "/usr/sbin/pppd"
| #define PPTP_FACILITY LOG_DAEMON
| #define BCRELAY 1
| #define HAVE_SETSID 1
| #define HAVE_DAEMON 1
| #define HAVE_GETSERVBYNAME 1
| #define HAVE_STRLCPY 1
| #define HAVE_FORK 1
| #define HAVE_MEMMOVE 1
| #define HAVE_STRERROR 1
| #define HAVE_WRITEV 1
| #define STDC_HEADERS 1
| #define HAVE_SYS_TYPES_H 1
| #define HAVE_SYS_STAT_H 1
| #define HAVE_STDLIB_H 1
| #define HAVE_STRING_H 1
| #define HAVE_MEMORY_H 1
| #define HAVE_STRINGS_H 1
| #define HAVE_INTTYPES_H 1
| #define HAVE_STDINT_H 1
| #define HAVE_UNISTD_H 1
| #define HAVE_PTY_H 1
| #define HAVE_STRING_H 1
| #define HAVE_SYSLOG_H 1
| #define HAVE_SYS_UIO_H 1
| /* end confdefs.h.  */
| #include <stdio.h>
| #ifdef HAVE_SYS_TYPES_H
| # include <sys/types.h>
| #endif
| #ifdef HAVE_SYS_STAT_H
| # include <sys/stat.h>
| #endif
| #ifdef STDC_HEADERS
| # include <stdlib.h>
| # include <stddef.h>
| #else
| # ifdef HAVE_STDLIB_H
| #  include <stdlib.h>
| # endif
| #endif
| #ifdef HAVE_STRING_H
| # if !defined STDC_HEADERS && defined HAVE_MEMORY_H
| #  include <memory.h>
| # endif
| # include <string.h>
| #endif
| #ifdef HAVE_STRINGS_H
| # include <strings.h>
| #endif
| #ifdef HAVE_INTTYPES_H
| # include <inttypes.h>
| #endif
| #ifdef HAVE_STDINT_H
| # include <stdint.h>
| #endif
| #ifdef HAVE_UNISTD_H
| # include <unistd.h>
| #endif
| int
| main ()
| {
| if (sizeof ((ssize_t)))
| 	    return 0;
|   ;
|   return 0;
| }
configure:4512: result: yes
configure:4523: checking for u_int8_t
configure:4523: mipsel-uclibc-gcc -c -g -O2  conftest.c >&5
configure:4523: $? = 0
configure:4523: mipsel-uclibc-gcc -c -g -O2  conftest.c >&5
conftest.c: In function 'main':
conftest.c:72: error: expected expression before ')' token
configure:4523: $? = 1
configure: failed program was:
| /* confdefs.h */
| #define PACKAGE_NAME ""
| #define PACKAGE_TARNAME ""
| #define PACKAGE_VERSION ""
| #define PACKAGE_STRING ""
| #define PACKAGE_BUGREPORT ""
| #define PACKAGE_URL ""
| #define PACKAGE "pptpd"
| #define VERSION "1.3.4"
| #define PPP_BINARY "/usr/sbin/pppd"
| #define PPTP_FACILITY LOG_DAEMON
| #define BCRELAY 1
| #define HAVE_SETSID 1
| #define HAVE_DAEMON 1
| #define HAVE_GETSERVBYNAME 1
| #define HAVE_STRLCPY 1
| #define HAVE_FORK 1
| #define HAVE_MEMMOVE 1
| #define HAVE_STRERROR 1
| #define HAVE_WRITEV 1
| #define STDC_HEADERS 1
| #define HAVE_SYS_TYPES_H 1
| #define HAVE_SYS_STAT_H 1
| #define HAVE_STDLIB_H 1
| #define HAVE_STRING_H 1
| #define HAVE_MEMORY_H 1
| #define HAVE_STRINGS_H 1
| #define HAVE_INTTYPES_H 1
| #define HAVE_STDINT_H 1
| #define HAVE_UNISTD_H 1
| #define HAVE_PTY_H 1
| #define HAVE_STRING_H 1
| #define HAVE_SYSLOG_H 1
| #define HAVE_SYS_UIO_H 1
| /* end confdefs.h.  */
| #include <stdio.h>
| #ifdef HAVE_SYS_TYPES_H
| # include <sys/types.h>
| #endif
| #ifdef HAVE_SYS_STAT_H
| # include <sys/stat.h>
| #endif
| #ifdef STDC_HEADERS
| # include <stdlib.h>
| # include <stddef.h>
| #else
| # ifdef HAVE_STDLIB_H
| #  include <stdlib.h>
| # endif
| #endif
| #ifdef HAVE_STRING_H
| # if !defined STDC_HEADERS && defined HAVE_MEMORY_H
| #  include <memory.h>
| # endif
| # include <string.h>
| #endif
| #ifdef HAVE_STRINGS_H
| # include <strings.h>
| #endif
| #ifdef HAVE_INTTYPES_H
| # include <inttypes.h>
| #endif
| #ifdef HAVE_STDINT_H
| # include <stdint.h>
| #endif
| #ifdef HAVE_UNISTD_H
| # include <unistd.h>
| #endif
| int
| main ()
| {
| if (sizeof ((u_int8_t)))
| 	    return 0;
|   ;
|   return 0;
| }
configure:4523: result: yes
configure:4534: checking for u_int16_t
configure:4534: mipsel-uclibc-gcc -c -g -O2  conftest.c >&5
configure:4534: $? = 0
configure:4534: mipsel-uclibc-gcc -c -g -O2  conftest.c >&5
conftest.c: In function 'main':
conftest.c:72: error: expected expression before ')' token
configure:4534: $? = 1
configure: failed program was:
| /* confdefs.h */
| #define PACKAGE_NAME ""
| #define PACKAGE_TARNAME ""
| #define PACKAGE_VERSION ""
| #define PACKAGE_STRING ""
| #define PACKAGE_BUGREPORT ""
| #define PACKAGE_URL ""
| #define PACKAGE "pptpd"
| #define VERSION "1.3.4"
| #define PPP_BINARY "/usr/sbin/pppd"
| #define PPTP_FACILITY LOG_DAEMON
| #define BCRELAY 1
| #define HAVE_SETSID 1
| #define HAVE_DAEMON 1
| #define HAVE_GETSERVBYNAME 1
| #define HAVE_STRLCPY 1
| #define HAVE_FORK 1
| #define HAVE_MEMMOVE 1
| #define HAVE_STRERROR 1
| #define HAVE_WRITEV 1
| #define STDC_HEADERS 1
| #define HAVE_SYS_TYPES_H 1
| #define HAVE_SYS_STAT_H 1
| #define HAVE_STDLIB_H 1
| #define HAVE_STRING_H 1
| #define HAVE_MEMORY_H 1
| #define HAVE_STRINGS_H 1
| #define HAVE_INTTYPES_H 1
| #define HAVE_STDINT_H 1
| #define HAVE_UNISTD_H 1
| #define HAVE_PTY_H 1
| #define HAVE_STRING_H 1
| #define HAVE_SYSLOG_H 1
| #define HAVE_SYS_UIO_H 1
| /* end confdefs.h.  */
| #include <stdio.h>
| #ifdef HAVE_SYS_TYPES_H
| # include <sys/types.h>
| #endif
| #ifdef HAVE_SYS_STAT_H
| # include <sys/stat.h>
| #endif
| #ifdef STDC_HEADERS
| # include <stdlib.h>
| # include <stddef.h>
| #else
| # ifdef HAVE_STDLIB_H
| #  include <stdlib.h>
| # endif
| #endif
| #ifdef HAVE_STRING_H
| # if !defined STDC_HEADERS && defined HAVE_MEMORY_H
| #  include <memory.h>
| # endif
| # include <string.h>
| #endif
| #ifdef HAVE_STRINGS_H
| # include <strings.h>
| #endif
| #ifdef HAVE_INTTYPES_H
| # include <inttypes.h>
| #endif
| #ifdef HAVE_STDINT_H
| # include <stdint.h>
| #endif
| #ifdef HAVE_UNISTD_H
| # include <unistd.h>
| #endif
| int
| main ()
| {
| if (sizeof ((u_int16_t)))
| 	    return 0;
|   ;
|   return 0;
| }
configure:4534: result: yes
configure:4545: checking for u_int32_t
configure:4545: mipsel-uclibc-gcc -c -g -O2  conftest.c >&5
configure:4545: $? = 0
configure:4545: mipsel-uclibc-gcc -c -g -O2  conftest.c >&5
conftest.c: In function 'main':
conftest.c:72: error: expected expression before ')' token
configure:4545: $? = 1
configure: failed program was:
| /* confdefs.h */
| #define PACKAGE_NAME ""
| #define PACKAGE_TARNAME ""
| #define PACKAGE_VERSION ""
| #define PACKAGE_STRING ""
| #define PACKAGE_BUGREPORT ""
| #define PACKAGE_URL ""
| #define PACKAGE "pptpd"
| #define VERSION "1.3.4"
| #define PPP_BINARY "/usr/sbin/pppd"
| #define PPTP_FACILITY LOG_DAEMON
| #define BCRELAY 1
| #define HAVE_SETSID 1
| #define HAVE_DAEMON 1
| #define HAVE_GETSERVBYNAME 1
| #define HAVE_STRLCPY 1
| #define HAVE_FORK 1
| #define HAVE_MEMMOVE 1
| #define HAVE_STRERROR 1
| #define HAVE_WRITEV 1
| #define STDC_HEADERS 1
| #define HAVE_SYS_TYPES_H 1
| #define HAVE_SYS_STAT_H 1
| #define HAVE_STDLIB_H 1
| #define HAVE_STRING_H 1
| #define HAVE_MEMORY_H 1
| #define HAVE_STRINGS_H 1
| #define HAVE_INTTYPES_H 1
| #define HAVE_STDINT_H 1
| #define HAVE_UNISTD_H 1
| #define HAVE_PTY_H 1
| #define HAVE_STRING_H 1
| #define HAVE_SYSLOG_H 1
| #define HAVE_SYS_UIO_H 1
| /* end confdefs.h.  */
| #include <stdio.h>
| #ifdef HAVE_SYS_TYPES_H
| # include <sys/types.h>
| #endif
| #ifdef HAVE_SYS_STAT_H
| # include <sys/stat.h>
| #endif
| #ifdef STDC_HEADERS
| # include <stdlib.h>
| # include <stddef.h>
| #else
| # ifdef HAVE_STDLIB_H
| #  include <stdlib.h>
| # endif
| #endif
| #ifdef HAVE_STRING_H
| # if !defined STDC_HEADERS && defined HAVE_MEMORY_H
| #  include <memory.h>
| # endif
| # include <string.h>
| #endif
| #ifdef HAVE_STRINGS_H
| # include <strings.h>
| #endif
| #ifdef HAVE_INTTYPES_H
| # include <inttypes.h>
| #endif
| #ifdef HAVE_STDINT_H
| # include <stdint.h>
| #endif
| #ifdef HAVE_UNISTD_H
| # include <unistd.h>
| #endif
| int
| main ()
| {
| if (sizeof ((u_int32_t)))
| 	    return 0;
|   ;
|   return 0;
| }
configure:4545: result: yes
configure:4557: checking for socklen_t
configure:4582: result: yes
configure:4657: checking for accept in -lc
configure:4682: mipsel-uclibc-gcc -o conftest -g -O2   conftest.c -lc   >&5
configure:4682: $? = 0
configure:4691: result: yes
configure:4702: checking for gethostbyname in -lc
configure:4727: mipsel-uclibc-gcc -o conftest -g -O2   conftest.c -lc  -lc  >&5
configure:4727: $? = 0
configure:4736: result: yes
configure:4747: checking for openpty in -lc
configure:4772: mipsel-uclibc-gcc -o conftest -g -O2   conftest.c -lc  -lc -lc  >&5
/tmp/ccM2yNuC.o: In function `main':
/home/vicente/tomato/release/src/router/pptpd/conftest.c:49: undefined reference to `openpty'
collect2: ld returned 1 exit status
configure:4772: $? = 1
configure: failed program was:
| /* confdefs.h */
| #define PACKAGE_NAME ""
| #define PACKAGE_TARNAME ""
| #define PACKAGE_VERSION ""
| #define PACKAGE_STRING ""
| #define PACKAGE_BUGREPORT ""
| #define PACKAGE_URL ""
| #define PACKAGE "pptpd"
| #define VERSION "1.3.4"
| #define PPP_BINARY "/usr/sbin/pppd"
| #define PPTP_FACILITY LOG_DAEMON
| #define BCRELAY 1
| #define HAVE_SETSID 1
| #define HAVE_DAEMON 1
| #define HAVE_GETSERVBYNAME 1
| #define HAVE_STRLCPY 1
| #define HAVE_FORK 1
| #define HAVE_MEMMOVE 1
| #define HAVE_STRERROR 1
| #define HAVE_WRITEV 1
| #define STDC_HEADERS 1
| #define HAVE_SYS_TYPES_H 1
| #define HAVE_SYS_STAT_H 1
| #define HAVE_STDLIB_H 1
| #define HAVE_STRING_H 1
| #define HAVE_MEMORY_H 1
| #define HAVE_STRINGS_H 1
| #define HAVE_INTTYPES_H 1
| #define HAVE_STDINT_H 1
| #define HAVE_UNISTD_H 1
| #define HAVE_PTY_H 1
| #define HAVE_STRING_H 1
| #define HAVE_SYSLOG_H 1
| #define HAVE_SYS_UIO_H 1
| #define HAVE_LIBC 1
| #define HAVE_LIBC 1
| /* end confdefs.h.  */
| 
| /* Override any GCC internal prototype to avoid an error.
|    Use char because int might match the return type of a GCC
|    builtin and then its argument prototype would still apply.  */
| #ifdef __cplusplus
| extern "C"
| #endif
| char openpty ();
| int
| main ()
| {
| return openpty ();
|   ;
|   return 0;
| }
configure:4781: result: no
configure:4792: checking for gettext in -lc
configure:4817: mipsel-uclibc-gcc -o conftest -g -O2   conftest.c -lc  -lc -lc  >&5
conftest.c:45: warning: conflicting types for built-in function 'gettext'
/tmp/ccAeFKvD.o: In function `main':
/home/vicente/tomato/release/src/router/pptpd/conftest.c:49: undefined reference to `gettext'
collect2: ld returned 1 exit status
configure:4817: $? = 1
configure: failed program was:
| /* confdefs.h */
| #define PACKAGE_NAME ""
| #define PACKAGE_TARNAME ""
| #define PACKAGE_VERSION ""
| #define PACKAGE_STRING ""
| #define PACKAGE_BUGREPORT ""
| #define PACKAGE_URL ""
| #define PACKAGE "pptpd"
| #define VERSION "1.3.4"
| #define PPP_BINARY "/usr/sbin/pppd"
| #define PPTP_FACILITY LOG_DAEMON
| #define BCRELAY 1
| #define HAVE_SETSID 1
| #define HAVE_DAEMON 1
| #define HAVE_GETSERVBYNAME 1
| #define HAVE_STRLCPY 1
| #define HAVE_FORK 1
| #define HAVE_MEMMOVE 1
| #define HAVE_STRERROR 1
| #define HAVE_WRITEV 1
| #define STDC_HEADERS 1
| #define HAVE_SYS_TYPES_H 1
| #define HAVE_SYS_STAT_H 1
| #define HAVE_STDLIB_H 1
| #define HAVE_STRING_H 1
| #define HAVE_MEMORY_H 1
| #define HAVE_STRINGS_H 1
| #define HAVE_INTTYPES_H 1
| #define HAVE_STDINT_H 1
| #define HAVE_UNISTD_H 1
| #define HAVE_PTY_H 1
| #define HAVE_STRING_H 1
| #define HAVE_SYSLOG_H 1
| #define HAVE_SYS_UIO_H 1
| #define HAVE_LIBC 1
| #define HAVE_LIBC 1
| /* end confdefs.h.  */
| 
| /* Override any GCC internal prototype to avoid an error.
|    Use char because int might match the return type of a GCC
|    builtin and then its argument prototype would still apply.  */
| #ifdef __cplusplus
| extern "C"
| #endif
| char gettext ();
| int
| main ()
| {
| return gettext ();
|   ;
|   return 0;
| }
configure:4826: result: no
configure:4837: checking for accept in -lsocket
configure:4862: mipsel-uclibc-gcc -o conftest -g -O2   conftest.c -lsocket  -lc -lc  >&5
/home/vicente/tomato/tools/brcm/K26/hndtools-mipsel-uclibc-4.2.4/bin/../lib/gcc/mipsel-linux-uclibc/4.2.4/../../../../mipsel-linux-uclibc/bin/ld: cannot find -lsocket
collect2: ld returned 1 exit status
configure:4862: $? = 1
configure: failed program was:
| /* confdefs.h */
| #define PACKAGE_NAME ""
| #define PACKAGE_TARNAME ""
| #define PACKAGE_VERSION ""
| #define PACKAGE_STRING ""
| #define PACKAGE_BUGREPORT ""
| #define PACKAGE_URL ""
| #define PACKAGE "pptpd"
| #define VERSION "1.3.4"
| #define PPP_BINARY "/usr/sbin/pppd"
| #define PPTP_FACILITY LOG_DAEMON
| #define BCRELAY 1
| #define HAVE_SETSID 1
| #define HAVE_DAEMON 1
| #define HAVE_GETSERVBYNAME 1
| #define HAVE_STRLCPY 1
| #define HAVE_FORK 1
| #define HAVE_MEMMOVE 1
| #define HAVE_STRERROR 1
| #define HAVE_WRITEV 1
| #define STDC_HEADERS 1
| #define HAVE_SYS_TYPES_H 1
| #define HAVE_SYS_STAT_H 1
| #define HAVE_STDLIB_H 1
| #define HAVE_STRING_H 1
| #define HAVE_MEMORY_H 1
| #define HAVE_STRINGS_H 1
| #define HAVE_INTTYPES_H 1
| #define HAVE_STDINT_H 1
| #define HAVE_UNISTD_H 1
| #define HAVE_PTY_H 1
| #define HAVE_STRING_H 1
| #define HAVE_SYSLOG_H 1
| #define HAVE_SYS_UIO_H 1
| #define HAVE_LIBC 1
| #define HAVE_LIBC 1
| /* end confdefs.h.  */
| 
| /* Override any GCC internal prototype to avoid an error.
|    Use char because int might match the return type of a GCC
|    builtin and then its argument prototype would still apply.  */
| #ifdef __cplusplus
| extern "C"
| #endif
| char accept ();
| int
| main ()
| {
| return accept ();
|   ;
|   return 0;
| }
configure:4871: result: no
configure:4882: checking for gethostbyname in -lnsl
configure:4907: mipsel-uclibc-gcc -o conftest -g -O2   conftest.c -lnsl  -lc -lc  >&5
configure:4907: $? = 0
configure:4916: result: yes
configure:4927: checking for openpty in -lutil
configure:4952: mipsel-uclibc-gcc -o conftest -g -O2   conftest.c -lutil  -lnsl -lc -lc  >&5
configure:4952: $? = 0
configure:4961: result: yes
configure:4972: checking for gettext in -lintl
configure:4997: mipsel-uclibc-gcc -o conftest -g -O2   conftest.c -lintl  -lutil -lnsl -lc -lc  >&5
conftest.c:47: warning: conflicting types for built-in function 'gettext'
/home/vicente/tomato/tools/brcm/K26/hndtools-mipsel-uclibc-4.2.4/bin/../lib/gcc/mipsel-linux-uclibc/4.2.4/../../../../mipsel-linux-uclibc/bin/ld: cannot find -lintl
collect2: ld returned 1 exit status
configure:4997: $? = 1
configure: failed program was:
| /* confdefs.h */
| #define PACKAGE_NAME ""
| #define PACKAGE_TARNAME ""
| #define PACKAGE_VERSION ""
| #define PACKAGE_STRING ""
| #define PACKAGE_BUGREPORT ""
| #define PACKAGE_URL ""
| #define PACKAGE "pptpd"
| #define VERSION "1.3.4"
| #define PPP_BINARY "/usr/sbin/pppd"
| #define PPTP_FACILITY LOG_DAEMON
| #define BCRELAY 1
| #define HAVE_SETSID 1
| #define HAVE_DAEMON 1
| #define HAVE_GETSERVBYNAME 1
| #define HAVE_STRLCPY 1
| #define HAVE_FORK 1
| #define HAVE_MEMMOVE 1
| #define HAVE_STRERROR 1
| #define HAVE_WRITEV 1
| #define STDC_HEADERS 1
| #define HAVE_SYS_TYPES_H 1
| #define HAVE_SYS_STAT_H 1
| #define HAVE_STDLIB_H 1
| #define HAVE_STRING_H 1
| #define HAVE_MEMORY_H 1
| #define HAVE_STRINGS_H 1
| #define HAVE_INTTYPES_H 1
| #define HAVE_STDINT_H 1
| #define HAVE_UNISTD_H 1
| #define HAVE_PTY_H 1
| #define HAVE_STRING_H 1
| #define HAVE_SYSLOG_H 1
| #define HAVE_SYS_UIO_H 1
| #define HAVE_LIBC 1
| #define HAVE_LIBC 1
| #define HAVE_LIBNSL 1
| #define HAVE_LIBUTIL 1
| /* end confdefs.h.  */
| 
| /* Override any GCC internal prototype to avoid an error.
|    Use char because int might match the return type of a GCC
|    builtin and then its argument prototype would still apply.  */
| #ifdef __cplusplus
| extern "C"
| #endif
| char gettext ();
| int
| main ()
| {
| return gettext ();
|   ;
|   return 0;
| }
configure:5006: result: no
configure:5311: creating ./config.status

## ---------------------- ##
## Running config.status. ##
## ---------------------- ##

This file was extended by config.status, which was
generated by GNU Autoconf 2.68.  Invocation command line was

  CONFIG_FILES    = 
  CONFIG_HEADERS  = 
  CONFIG_LINKS    = 
  CONFIG_COMMANDS = 
  $ ./config.status 

on vicente-K53SJ

config.status:880: creating Makefile
config.status:880: creating config.h
config.status:1055: config.h is unchanged
config.status:1102: executing depfiles commands

## ---------------- ##
## Cache variables. ##
## ---------------- ##

ac_cv_c_compiler_gnu=yes
ac_cv_c_const=yes
ac_cv_c_inline=inline
ac_cv_env_CC_set=set
ac_cv_env_CC_value=mipsel-uclibc-gcc
ac_cv_env_CFLAGS_set=
ac_cv_env_CFLAGS_value=
ac_cv_env_CPPFLAGS_set=
ac_cv_env_CPPFLAGS_value=
ac_cv_env_CPP_set=
ac_cv_env_CPP_value=
ac_cv_env_LDFLAGS_set=
ac_cv_env_LDFLAGS_value=
ac_cv_env_LIBS_set=
ac_cv_env_LIBS_value=
ac_cv_env_build_alias_set=set
ac_cv_env_build_alias_value=x86_64-linux-gnu
ac_cv_env_host_alias_set=set
ac_cv_env_host_alias_value=mipsel-linux
ac_cv_env_target_alias_set=
ac_cv_env_target_alias_value=
ac_cv_func_daemon=yes
ac_cv_func_fork=yes
ac_cv_func_getservbyname=yes
ac_cv_func_malloc_0_nonnull=yes
ac_cv_func_memmove=yes
ac_cv_func_setproctitle=no
ac_cv_func_setsid=yes
ac_cv_func_strerror=yes
ac_cv_func_strlcpy=yes
ac_cv_func_writev=yes
ac_cv_header_inttypes_h=yes
ac_cv_header_libintl_h=no
ac_cv_header_libutil_h=no
ac_cv_header_memory_h=yes
ac_cv_header_pty_h=yes
ac_cv_header_stdc=yes
ac_cv_header_stdint_h=yes
ac_cv_header_stdlib_h=yes
ac_cv_header_string_h=yes
ac_cv_header_strings_h=yes
ac_cv_header_sys_stat_h=yes
ac_cv_header_sys_types_h=yes
ac_cv_header_sys_uio_h=yes
ac_cv_header_syslog_h=yes
ac_cv_header_unistd_h=yes
ac_cv_lib_c_accept=yes
ac_cv_lib_c_gethostbyname=yes
ac_cv_lib_c_gettext=no
ac_cv_lib_c_openpty=no
ac_cv_lib_intl_gettext=no
ac_cv_lib_nsl_gethostbyname=yes
ac_cv_lib_socket_accept=no
ac_cv_lib_util_openpty=yes
ac_cv_objext=o
ac_cv_path_EGREP='/bin/grep -E'
ac_cv_path_GREP=/bin/grep
ac_cv_path_install='/usr/bin/install -c'
ac_cv_prog_AWK=gawk
ac_cv_prog_CC=mipsel-uclibc-gcc
ac_cv_prog_CPP='mipsel-uclibc-gcc -E'
ac_cv_prog_RANLIB=mipsel-uclibc-ranlib
ac_cv_prog_STRIP=mipsel-uclibc-strip
ac_cv_prog_cc_c89=
ac_cv_prog_cc_g=yes
ac_cv_prog_make_make_set=yes
ac_cv_sys_interpreter=yes
ac_cv_type_size_t=yes
ac_cv_type_socklen_t=yes
ac_cv_type_ssize_t=yes
ac_cv_type_u_int16_t=yes
ac_cv_type_u_int32_t=yes
ac_cv_type_u_int8_t=yes
am_cv_CC_dependencies_compiler_type=none

## ----------------- ##
## Output variables. ##
## ----------------- ##

ACLOCAL='${SHELL} /home/vicente/tomato/release/src/router/pptpd/missing --run aclocal-1.9'
AMDEPBACKSLASH='\'
AMDEP_FALSE='#'
AMDEP_TRUE=''
AMTAR='${SHELL} /home/vicente/tomato/release/src/router/pptpd/missing --run tar'
AUTOCONF='${SHELL} /home/vicente/tomato/release/src/router/pptpd/missing --run autoconf'
AUTOHEADER='${SHELL} /home/vicente/tomato/release/src/router/pptpd/missing --run autoheader'
AUTOMAKE='${SHELL} /home/vicente/tomato/release/src/router/pptpd/missing --run automake-1.9'
AWK='gawk'
CC='mipsel-uclibc-gcc'
CCDEPMODE='depmode=none'
CFLAGS='-g -O2'
CPP='mipsel-uclibc-gcc -E'
CPPFLAGS=''
CYGPATH_W='echo'
DEFS='-DHAVE_CONFIG_H'
DEPDIR='.deps'
ECHO_C=''
ECHO_N='-n'
ECHO_T=''
EGREP='/bin/grep -E'
EXEEXT=''
GREP='/bin/grep'
HAVE_OPENPTY=''
INSTALL_DATA='${INSTALL} -m 644'
INSTALL_PROGRAM='${INSTALL}'
INSTALL_SCRIPT='${INSTALL}'
INSTALL_STRIP_PROGRAM='${SHELL} $(install_sh) -c -s'
LDFLAGS=''
LIBOBJS=''
LIBS=''
LN_S='ln -s'
LTLIBOBJS=''
MAKEINFO='${SHELL} /home/vicente/tomato/release/src/router/pptpd/missing --run makeinfo'
OBJEXT='o'
PACKAGE='pptpd'
PACKAGE_BUGREPORT=''
PACKAGE_NAME=''
PACKAGE_STRING=''
PACKAGE_TARNAME=''
PACKAGE_URL=''
PACKAGE_VERSION=''
PATH_SEPARATOR=':'
RANLIB='mipsel-uclibc-ranlib'
SET_MAKE=''
SHELL='/bin/sh'
STRIP='mipsel-uclibc-strip'
VERSION='1.3.4'
XTRALIBS_CTRL='-lutil'
XTRALIBS_MGR=''
XTRA_PROG='bcrelay'
ac_ct_CC=''
am__fastdepCC_FALSE=''
am__fastdepCC_TRUE='#'
am__include='include'
am__leading_dot='.'
am__quote=''
am__tar='${AMTAR} chof - "$$tardir"'
am__untar='${AMTAR} xf -'
bindir='${exec_prefix}/bin'
build_alias='x86_64-linux-gnu'
datadir='${datarootdir}'
datarootdir='${prefix}/share'
docdir='${datarootdir}/doc/${PACKAGE}'
dvidir='${docdir}'
exec_prefix='${prefix}'
host_alias='mipsel-linux'
htmldir='${docdir}'
includedir='${prefix}/include'
infodir='${datarootdir}/info'
install_sh='/home/vicente/tomato/release/src/router/pptpd/install-sh'
libdir='${exec_prefix}/lib'
libexecdir='${exec_prefix}/libexec'
localedir='${datarootdir}/locale'
localstatedir='${prefix}/var'
mandir='${datarootdir}/man'
mkdir_p='mkdir -p --'
oldincludedir='/usr/include'
pdfdir='${docdir}'
prefix='/home/vicente/tomato/release/src-rt/router/mipsel-uclibc/install/pptpd'
program_transform_name='s,x,x,'
psdir='${docdir}'
sbindir='${exec_prefix}/sbin'
sharedstatedir='${prefix}/com'
sysconfdir='${prefix}/etc'
target_alias=''

## ----------- ##
## confdefs.h. ##
## ----------- ##

/* confdefs.h */
#define PACKAGE_NAME ""
#define PACKAGE_TARNAME ""
#define PACKAGE_VERSION ""
#define PACKAGE_STRING ""
#define PACKAGE_BUGREPORT ""
#define PACKAGE_URL ""
#define PACKAGE "pptpd"
#define VERSION "1.3.4"
#define PPP_BINARY "/usr/sbin/pppd"
#define PPTP_FACILITY LOG_DAEMON
#define BCRELAY 1
#define HAVE_SETSID 1
#define HAVE_DAEMON 1
#define HAVE_GETSERVBYNAME 1
#define HAVE_STRLCPY 1
#define HAVE_FORK 1
#define HAVE_MEMMOVE 1
#define HAVE_STRERROR 1
#define HAVE_WRITEV 1
#define STDC_HEADERS 1
#define HAVE_SYS_TYPES_H 1
#define HAVE_SYS_STAT_H 1
#define HAVE_STDLIB_H 1
#define HAVE_STRING_H 1
#define HAVE_MEMORY_H 1
#define HAVE_STRINGS_H 1
#define HAVE_INTTYPES_H 1
#define HAVE_STDINT_H 1
#define HAVE_UNISTD_H 1
#define HAVE_PTY_H 1
#define HAVE_STRING_H 1
#define HAVE_SYSLOG_H 1
#define HAVE_SYS_UIO_H 1
#define HAVE_LIBC 1
#define HAVE_LIBC 1
#define HAVE_LIBNSL 1
#define HAVE_LIBUTIL 1
#define HAVE_OPENPTY 1

configure: exit 0
