This file contains any messages produced by compilers while
running configure, to aid debugging if configure makes a mistake.

It was created by libsodium configure 0.4.5, which was
generated by GNU Autoconf 2.69.  Invocation command line was

  $ ./configure --host=mipsel-linux --build=x86_64-linux-gnu --prefix=/usr --disable-ssp

## --------- ##
## Platform. ##
## --------- ##

hostname = asus-K53SJ
uname -m = x86_64
uname -r = 3.8.0-34-generic
uname -s = Linux
uname -v = #49-Ubuntu SMP Tue Nov 12 18:00:10 UTC 2013

/usr/bin/uname -p = unknown
/bin/uname -X     = unknown

/bin/arch              = unknown
/usr/bin/arch -k       = unknown
/usr/convex/getsysinfo = unknown
/usr/bin/hostinfo      = unknown
/bin/machine           = unknown
/usr/bin/oslevel       = unknown
/bin/universe          = unknown

PATH: /home/vicente/tomato/release/tools
PATH: /home/vicente/tomato/release/tools
PATH: /home/vicente/tomato/release/tools
PATH: /home/vicente/tomato/release/tools
PATH: /opt/brcm/hndtools-mipsel-uclibc/bin
PATH: /opt/brcm/hndtools-mipsel-linux/bin
PATH: /usr/lib/lightdm/lightdm
PATH: /usr/local/sbin
PATH: /usr/local/bin
PATH: /usr/sbin
PATH: /usr/bin
PATH: /sbin
PATH: /bin
PATH: /usr/games
PATH: /usr/local/games


## ----------- ##
## Core tests. ##
## ----------- ##

configure:2309: checking build system type
configure:2323: result: x86_64-pc-linux-gnu
configure:2343: checking host system type
configure:2356: result: mipsel-unknown-linux-gnu
configure:2392: checking for a BSD-compatible install
configure:2460: result: /usr/bin/install -c
configure:2471: checking whether build environment is sane
configure:2521: result: yes
configure:2570: checking for mipsel-linux-strip
configure:2597: result: mipsel-uclibc-strip
configure:2662: checking for a thread-safe mkdir -p
configure:2701: result: /bin/mkdir -p
configure:2714: checking for gawk
configure:2730: found /usr/bin/gawk
configure:2741: result: gawk
configure:2752: checking whether make sets $(MAKE)
configure:2774: result: yes
configure:2849: checking how to create a ustar tar archive
configure:2862: tar --version
tar (GNU tar) 1.26
Copyright (C) 2011 Free Software Foundation, Inc.
License GPLv3+: GNU GPL version 3 or later <http://gnu.org/licenses/gpl.html>.
This is free software: you are free to change and redistribute it.
There is NO WARRANTY, to the extent permitted by law.

Written by John Gilmore and Jay Fenlason.
configure:2865: $? = 0
configure:2905: tardir=conftest.dir && eval tar --format=ustar -chf - "$tardir" >conftest.tar
configure:2908: $? = 0
configure:2912: tar -xf - <conftest.tar
configure:2915: $? = 0
configure:2928: result: gnutar
configure:2946: checking whether make supports nested variables
configure:2963: result: yes
configure:2975: checking whether to enable maintainer-specific portions of Makefiles
configure:2984: result: no
configure:3188: checking for mipsel-linux-pkg-config
configure:3221: result: no
configure:3231: checking for pkg-config
configure:3249: found /usr/bin/pkg-config
configure:3261: result: /usr/bin/pkg-config
configure:3273: WARNING: using cross tools not prefixed with host triplet
configure:3286: checking pkg-config is at least version 0.25
configure:3289: result: yes
configure:3319: checking for style of include used by make
configure:3347: result: GNU
configure:3359: checking for mipsel-linux-gcc
configure:3386: result: mipsel-uclibc-gcc
configure:3655: checking for C compiler version
configure:3664: mipsel-uclibc-gcc --version >&5
mipsel-uclibc-gcc (GCC) 4.2.4
Copyright (C) 2007 Free Software Foundation, Inc.
This is free software; see the source for copying conditions.  There is NO
warranty; not even for MERCHANTABILITY or FITNESS FOR A PARTICULAR PURPOSE.

configure:3675: $? = 0
configure:3664: mipsel-uclibc-gcc -v >&5
Using built-in specs.
Target: mipsel-linux-uclibc
Configured with: /home/fedork/tomato/toolchain/build_dir/toolchain-mipsel_gcc4.2.4/gcc-4.2.4/configure --prefix=/opt/brcm/hndtools-mipsel-uclibc-4.2.4 --build=i486-linux-gnu --host=i486-linux-gnu --target=mipsel-linux-uclibc --with-gnu-ld --enable-target-optspace --disable-libgomp --disable-libmudflap --disable-multilib --disable-nls --disable-__cxa_atexit --enable-libssp --enable-languages=c,c++ --enable-shared --enable-threads --enable-tls
Thread model: posix
gcc version 4.2.4
configure:3675: $? = 0
configure:3664: mipsel-uclibc-gcc -V >&5
mipsel-uclibc-gcc: '-V' option must have argument
configure:3675: $? = 1
configure:3664: mipsel-uclibc-gcc -qversion >&5
mipsel-uclibc-gcc: unrecognized option '-qversion'
mipsel-uclibc-gcc: no input files
configure:3675: $? = 1
configure:3695: checking whether the C compiler works
configure:3717: mipsel-uclibc-gcc    conftest.c  >&5
configure:3721: $? = 0
configure:3769: result: yes
configure:3772: checking for C compiler default output file name
configure:3774: result: a.out
configure:3780: checking for suffix of executables
configure:3787: mipsel-uclibc-gcc -o conftest    conftest.c  >&5
configure:3791: $? = 0
configure:3813: result: 
configure:3835: checking whether we are cross compiling
configure:3873: result: yes
configure:3878: checking for suffix of object files
configure:3900: mipsel-uclibc-gcc -c   conftest.c >&5
configure:3904: $? = 0
configure:3925: result: o
configure:3929: checking whether we are using the GNU C compiler
configure:3948: mipsel-uclibc-gcc -c   conftest.c >&5
configure:3948: $? = 0
configure:3957: result: yes
configure:3966: checking whether mipsel-uclibc-gcc accepts -g
configure:3986: mipsel-uclibc-gcc -c -g  conftest.c >&5
configure:3986: $? = 0
configure:4027: result: yes
configure:4044: checking for mipsel-uclibc-gcc option to accept ISO C89
configure:4107: mipsel-uclibc-gcc  -c -g -O2  conftest.c >&5
configure:4107: $? = 0
configure:4120: result: none needed
configure:4142: checking dependency style of mipsel-uclibc-gcc
configure:4253: result: gcc3
configure:4268: checking for mipsel-uclibc-gcc option to accept ISO C99
configure:4417: mipsel-uclibc-gcc  -c -g -O2  conftest.c >&5
conftest.c:61: error: expected ';', ',' or ')' before 'text'
conftest.c: In function 'main':
conftest.c:115: error: expected '=', ',', ';', 'asm' or '__attribute__' before 'newvar'
conftest.c:115: error: 'newvar' undeclared (first use in this function)
conftest.c:115: error: (Each undeclared identifier is reported only once
conftest.c:115: error: for each function it appears in.)
conftest.c:125: error: 'for' loop initial declaration used outside C99 mode
configure:4417: $? = 1
configure: failed program was:
| /* confdefs.h */
| #define PACKAGE_NAME "libsodium"
| #define PACKAGE_TARNAME "libsodium"
| #define PACKAGE_VERSION "0.4.5"
| #define PACKAGE_STRING "libsodium 0.4.5"
| #define PACKAGE_BUGREPORT "https://github.com/jedisct1/libsodium/issues"
| #define PACKAGE_URL "https://github.com/jedisct1/libsodium"
| #define PACKAGE "libsodium"
| #define VERSION "0.4.5"
| /* end confdefs.h.  */
| #include <stdarg.h>
| #include <stdbool.h>
| #include <stdlib.h>
| #include <wchar.h>
| #include <stdio.h>
| 
| // Check varargs macros.  These examples are taken from C99 6.10.3.5.
| #define debug(...) fprintf (stderr, __VA_ARGS__)
| #define showlist(...) puts (#__VA_ARGS__)
| #define report(test,...) ((test) ? puts (#test) : printf (__VA_ARGS__))
| static void
| test_varargs_macros (void)
| {
|   int x = 1234;
|   int y = 5678;
|   debug ("Flag");
|   debug ("X = %d\n", x);
|   showlist (The first, second, and third items.);
|   report (x>y, "x is %d but y is %d", x, y);
| }
| 
| // Check long long types.
| #define BIG64 18446744073709551615ull
| #define BIG32 4294967295ul
| #define BIG_OK (BIG64 / BIG32 == 4294967297ull && BIG64 % BIG32 == 0)
| #if !BIG_OK
|   your preprocessor is broken;
| #endif
| #if BIG_OK
| #else
|   your preprocessor is broken;
| #endif
| static long long int bignum = -9223372036854775807LL;
| static unsigned long long int ubignum = BIG64;
| 
| struct incomplete_array
| {
|   int datasize;
|   double data[];
| };
| 
| struct named_init {
|   int number;
|   const wchar_t *name;
|   double average;
| };
| 
| typedef const char *ccp;
| 
| static inline int
| test_restrict (ccp restrict text)
| {
|   // See if C++-style comments work.
|   // Iterate through items via the restricted pointer.
|   // Also check for declarations in for loops.
|   for (unsigned int i = 0; *(text+i) != '\0'; ++i)
|     continue;
|   return 0;
| }
| 
| // Check varargs and va_copy.
| static void
| test_varargs (const char *format, ...)
| {
|   va_list args;
|   va_start (args, format);
|   va_list args_copy;
|   va_copy (args_copy, args);
| 
|   const char *str;
|   int number;
|   float fnumber;
| 
|   while (*format)
|     {
|       switch (*format++)
| 	{
| 	case 's': // string
| 	  str = va_arg (args_copy, const char *);
| 	  break;
| 	case 'd': // int
| 	  number = va_arg (args_copy, int);
| 	  break;
| 	case 'f': // float
| 	  fnumber = va_arg (args_copy, double);
| 	  break;
| 	default:
| 	  break;
| 	}
|     }
|   va_end (args_copy);
|   va_end (args);
| }
| 
| int
| main ()
| {
| 
|   // Check bool.
|   _Bool success = false;
| 
|   // Check restrict.
|   if (test_restrict ("String literal") == 0)
|     success = true;
|   char *restrict newvar = "Another string";
| 
|   // Check varargs.
|   test_varargs ("s, d' f .", "string", 65, 34.234);
|   test_varargs_macros ();
| 
|   // Check flexible array members.
|   struct incomplete_array *ia =
|     malloc (sizeof (struct incomplete_array) + (sizeof (double) * 10));
|   ia->datasize = 10;
|   for (int i = 0; i < ia->datasize; ++i)
|     ia->data[i] = i * 1.234;
| 
|   // Check named initializers.
|   struct named_init ni = {
|     .number = 34,
|     .name = L"Test wide string",
|     .average = 543.34343,
|   };
| 
|   ni.number = 58;
| 
|   int dynamic_array[ni.number];
|   dynamic_array[ni.number - 1] = 543;
| 
|   // work around unused variable warnings
|   return (!success || bignum == 0LL || ubignum == 0uLL || newvar[0] == 'x'
| 	  || dynamic_array[ni.number - 1] != 543);
| 
|   ;
|   return 0;
| }
configure:4417: mipsel-uclibc-gcc -std=gnu99 -c -g -O2  conftest.c >&5
configure:4417: $? = 0
configure:4437: result: -std=gnu99
configure:4454: checking dependency style of mipsel-uclibc-gcc -std=gnu99
configure:4563: result: gcc3
configure:4584: checking how to run the C preprocessor
configure:4615: mipsel-uclibc-gcc -std=gnu99 -E  conftest.c
configure:4615: $? = 0
configure:4629: mipsel-uclibc-gcc -std=gnu99 -E  conftest.c
conftest.c:11:28: error: ac_nonexistent.h: No such file or directory
configure:4629: $? = 1
configure: failed program was:
| /* confdefs.h */
| #define PACKAGE_NAME "libsodium"
| #define PACKAGE_TARNAME "libsodium"
| #define PACKAGE_VERSION "0.4.5"
| #define PACKAGE_STRING "libsodium 0.4.5"
| #define PACKAGE_BUGREPORT "https://github.com/jedisct1/libsodium/issues"
| #define PACKAGE_URL "https://github.com/jedisct1/libsodium"
| #define PACKAGE "libsodium"
| #define VERSION "0.4.5"
| /* end confdefs.h.  */
| #include <ac_nonexistent.h>
configure:4654: result: mipsel-uclibc-gcc -std=gnu99 -E
configure:4674: mipsel-uclibc-gcc -std=gnu99 -E  conftest.c
configure:4674: $? = 0
configure:4688: mipsel-uclibc-gcc -std=gnu99 -E  conftest.c
conftest.c:11:28: error: ac_nonexistent.h: No such file or directory
configure:4688: $? = 1
configure: failed program was:
| /* confdefs.h */
| #define PACKAGE_NAME "libsodium"
| #define PACKAGE_TARNAME "libsodium"
| #define PACKAGE_VERSION "0.4.5"
| #define PACKAGE_STRING "libsodium 0.4.5"
| #define PACKAGE_BUGREPORT "https://github.com/jedisct1/libsodium/issues"
| #define PACKAGE_URL "https://github.com/jedisct1/libsodium"
| #define PACKAGE "libsodium"
| #define VERSION "0.4.5"
| /* end confdefs.h.  */
| #include <ac_nonexistent.h>
configure:4717: checking for grep that handles long lines and -e
configure:4775: result: /bin/grep
configure:4780: checking for egrep
configure:4842: result: /bin/grep -E
configure:4847: checking for ANSI C header files
configure:4867: mipsel-uclibc-gcc -std=gnu99 -c -g -O2  conftest.c >&5
configure:4867: $? = 0
configure:4951: result: yes
configure:4964: checking for sys/types.h
configure:4964: mipsel-uclibc-gcc -std=gnu99 -c -g -O2  conftest.c >&5
configure:4964: $? = 0
configure:4964: result: yes
configure:4964: checking for sys/stat.h
configure:4964: mipsel-uclibc-gcc -std=gnu99 -c -g -O2  conftest.c >&5
configure:4964: $? = 0
configure:4964: result: yes
configure:4964: checking for stdlib.h
configure:4964: mipsel-uclibc-gcc -std=gnu99 -c -g -O2  conftest.c >&5
configure:4964: $? = 0
configure:4964: result: yes
configure:4964: checking for string.h
configure:4964: mipsel-uclibc-gcc -std=gnu99 -c -g -O2  conftest.c >&5
configure:4964: $? = 0
configure:4964: result: yes
configure:4964: checking for memory.h
configure:4964: mipsel-uclibc-gcc -std=gnu99 -c -g -O2  conftest.c >&5
configure:4964: $? = 0
configure:4964: result: yes
configure:4964: checking for strings.h
configure:4964: mipsel-uclibc-gcc -std=gnu99 -c -g -O2  conftest.c >&5
configure:4964: $? = 0
configure:4964: result: yes
configure:4964: checking for inttypes.h
configure:4964: mipsel-uclibc-gcc -std=gnu99 -c -g -O2  conftest.c >&5
configure:4964: $? = 0
configure:4964: result: yes
configure:4964: checking for stdint.h
configure:4964: mipsel-uclibc-gcc -std=gnu99 -c -g -O2  conftest.c >&5
configure:4964: $? = 0
configure:4964: result: yes
configure:4964: checking for unistd.h
configure:4964: mipsel-uclibc-gcc -std=gnu99 -c -g -O2  conftest.c >&5
configure:4964: $? = 0
configure:4964: result: yes
configure:4977: checking minix/config.h usability
configure:4977: mipsel-uclibc-gcc -std=gnu99 -c -g -O2  conftest.c >&5
conftest.c:54:26: error: minix/config.h: No such file or directory
configure:4977: $? = 1
configure: failed program was:
| /* confdefs.h */
| #define PACKAGE_NAME "libsodium"
| #define PACKAGE_TARNAME "libsodium"
| #define PACKAGE_VERSION "0.4.5"
| #define PACKAGE_STRING "libsodium 0.4.5"
| #define PACKAGE_BUGREPORT "https://github.com/jedisct1/libsodium/issues"
| #define PACKAGE_URL "https://github.com/jedisct1/libsodium"
| #define PACKAGE "libsodium"
| #define VERSION "0.4.5"
| #define STDC_HEADERS 1
| #define HAVE_SYS_TYPES_H 1
| #define HAVE_SYS_STAT_H 1
| #define HAVE_STDLIB_H 1
| #define HAVE_STRING_H 1
| #define HAVE_MEMORY_H 1
| #define HAVE_STRINGS_H 1
| #define HAVE_INTTYPES_H 1
| #define HAVE_STDINT_H 1
| #define HAVE_UNISTD_H 1
| /* end confdefs.h.  */
| #include <stdio.h>
| #ifdef HAVE_SYS_TYPES_H
| # include <sys/types.h>
| #endif
| #ifdef HAVE_SYS_STAT_H
| # include <sys/stat.h>
| #endif
| #ifdef STDC_HEADERS
| # include <stdlib.h>
| # include <stddef.h>
| #else
| # ifdef HAVE_STDLIB_H
| #  include <stdlib.h>
| # endif
| #endif
| #ifdef HAVE_STRING_H
| # if !defined STDC_HEADERS && defined HAVE_MEMORY_H
| #  include <memory.h>
| # endif
| # include <string.h>
| #endif
| #ifdef HAVE_STRINGS_H
| # include <strings.h>
| #endif
| #ifdef HAVE_INTTYPES_H
| # include <inttypes.h>
| #endif
| #ifdef HAVE_STDINT_H
| # include <stdint.h>
| #endif
| #ifdef HAVE_UNISTD_H
| # include <unistd.h>
| #endif
| #include <minix/config.h>
configure:4977: result: no
configure:4977: checking minix/config.h presence
configure:4977: mipsel-uclibc-gcc -std=gnu99 -E  conftest.c
conftest.c:21:26: error: minix/config.h: No such file or directory
configure:4977: $? = 1
configure: failed program was:
| /* confdefs.h */
| #define PACKAGE_NAME "libsodium"
| #define PACKAGE_TARNAME "libsodium"
| #define PACKAGE_VERSION "0.4.5"
| #define PACKAGE_STRING "libsodium 0.4.5"
| #define PACKAGE_BUGREPORT "https://github.com/jedisct1/libsodium/issues"
| #define PACKAGE_URL "https://github.com/jedisct1/libsodium"
| #define PACKAGE "libsodium"
| #define VERSION "0.4.5"
| #define STDC_HEADERS 1
| #define HAVE_SYS_TYPES_H 1
| #define HAVE_SYS_STAT_H 1
| #define HAVE_STDLIB_H 1
| #define HAVE_STRING_H 1
| #define HAVE_MEMORY_H 1
| #define HAVE_STRINGS_H 1
| #define HAVE_INTTYPES_H 1
| #define HAVE_STDINT_H 1
| #define HAVE_UNISTD_H 1
| /* end confdefs.h.  */
| #include <minix/config.h>
configure:4977: result: no
configure:4977: checking for minix/config.h
configure:4977: result: no
configure:4998: checking whether it is safe to define __EXTENSIONS__
configure:5016: mipsel-uclibc-gcc -std=gnu99 -c -g -O2  conftest.c >&5
configure:5016: $? = 0
configure:5023: result: yes
configure:5039: checking whether C compiler accepts -fvisibility=hidden
configure:5058: mipsel-uclibc-gcc -std=gnu99 -c -g -O2  -fvisibility=hidden  -D_FORTIFY_SOURCE=2 conftest.c >&5
conftest.c: In function 'main':
conftest.c:30: warning: comparison is always true due to limited range of data type
configure:5058: $? = 0
configure:5066: result: yes
configure:5075: checking whether C compiler accepts -fPIC
configure:5094: mipsel-uclibc-gcc -std=gnu99 -c -g -O2 -fvisibility=hidden  -fPIC  -D_FORTIFY_SOURCE=2 conftest.c >&5
conftest.c: In function 'main':
conftest.c:30: warning: comparison is always true due to limited range of data type
configure:5094: $? = 0
configure:5102: result: yes
configure:5106: checking whether the linker accepts -fPIC
configure:5125: mipsel-uclibc-gcc -std=gnu99 -o conftest -g -O2 -fvisibility=hidden  -D_FORTIFY_SOURCE=2   -fPIC conftest.c  >&5
configure:5125: $? = 0
configure:5134: result: yes
configure:5151: checking whether C compiler accepts -fPIE
configure:5170: mipsel-uclibc-gcc -std=gnu99 -c -g -O2 -fvisibility=hidden -fPIC  -fPIE  -D_FORTIFY_SOURCE=2 conftest.c >&5
conftest.c: In function 'main':
conftest.c:30: warning: comparison is always true due to limited range of data type
configure:5170: $? = 0
configure:5178: result: yes
configure:5182: checking whether the linker accepts -fPIE
configure:5201: mipsel-uclibc-gcc -std=gnu99 -o conftest -g -O2 -fvisibility=hidden -fPIC  -D_FORTIFY_SOURCE=2   -fPIE conftest.c  >&5
configure:5201: $? = 0
configure:5210: result: yes
configure:5213: checking whether the linker accepts -pie
configure:5232: mipsel-uclibc-gcc -std=gnu99 -o conftest -g -O2 -fvisibility=hidden -fPIC  -D_FORTIFY_SOURCE=2   -pie conftest.c  >&5
configure:5232: $? = 0
configure:5241: result: yes
configure:5263: checking whether C compiler accepts -fwrapv
configure:5282: mipsel-uclibc-gcc -std=gnu99 -c -g -O2 -fvisibility=hidden -fPIC -fPIE  -fwrapv  -D_FORTIFY_SOURCE=2 conftest.c >&5
conftest.c: In function 'main':
conftest.c:30: warning: comparison is always true due to limited range of data type
configure:5282: $? = 0
configure:5290: result: yes
configure:5298: checking whether C compiler accepts -fno-strict-aliasing
configure:5317: mipsel-uclibc-gcc -std=gnu99 -c -g -O2 -fvisibility=hidden -fPIC -fPIE -fwrapv  -fno-strict-aliasing  -D_FORTIFY_SOURCE=2 conftest.c >&5
conftest.c: In function 'main':
conftest.c:30: warning: comparison is always true due to limited range of data type
configure:5317: $? = 0
configure:5325: result: yes
configure:5333: checking whether C compiler accepts -fno-strict-overflow
configure:5352: mipsel-uclibc-gcc -std=gnu99 -c -g -O2 -fvisibility=hidden -fPIC -fPIE -fwrapv -fno-strict-aliasing  -fno-strict-overflow  -D_FORTIFY_SOURCE=2 conftest.c >&5
conftest.c: In function 'main':
conftest.c:30: warning: comparison is always true due to limited range of data type
configure:5352: $? = 0
configure:5360: result: yes
configure:5615: checking whether C compiler accepts -Winit-self
configure:5634: mipsel-uclibc-gcc -std=gnu99 -c -g -O2 -fvisibility=hidden -fPIC -fPIE -fwrapv -fno-strict-aliasing -fno-strict-overflow  -Winit-self  -D_FORTIFY_SOURCE=2 conftest.c >&5
conftest.c: In function 'main':
conftest.c:30: warning: comparison is always true due to limited range of data type
configure:5634: $? = 0
configure:5642: result: yes
configure:5650: checking whether C compiler accepts -Wwrite-strings
configure:5669: mipsel-uclibc-gcc -std=gnu99 -c -g -O2 -fvisibility=hidden -fPIC -fPIE -fwrapv -fno-strict-aliasing -fno-strict-overflow -Winit-self  -Wwrite-strings  -D_FORTIFY_SOURCE=2 conftest.c >&5
conftest.c: In function 'main':
conftest.c:30: warning: comparison is always true due to limited range of data type
configure:5669: $? = 0
configure:5677: result: yes
configure:5685: checking whether C compiler accepts -Wdiv-by-zero
configure:5704: mipsel-uclibc-gcc -std=gnu99 -c -g -O2 -fvisibility=hidden -fPIC -fPIE -fwrapv -fno-strict-aliasing -fno-strict-overflow -Winit-self -Wwrite-strings  -Wdiv-by-zero  -D_FORTIFY_SOURCE=2 conftest.c >&5
conftest.c: In function 'main':
conftest.c:30: warning: comparison is always true due to limited range of data type
configure:5704: $? = 0
configure:5712: result: yes
configure:5720: checking whether C compiler accepts -Wsometimes-uninitialized
configure:5739: mipsel-uclibc-gcc -std=gnu99 -c -g -O2 -fvisibility=hidden -fPIC -fPIE -fwrapv -fno-strict-aliasing -fno-strict-overflow -Winit-self -Wwrite-strings -Wdiv-by-zero  -Wsometimes-uninitialized  -D_FORTIFY_SOURCE=2 conftest.c >&5
cc1: error: unrecognized command line option "-Wsometimes-uninitialized"
configure:5739: $? = 1
configure: failed program was:
| /* confdefs.h */
| #define PACKAGE_NAME "libsodium"
| #define PACKAGE_TARNAME "libsodium"
| #define PACKAGE_VERSION "0.4.5"
| #define PACKAGE_STRING "libsodium 0.4.5"
| #define PACKAGE_BUGREPORT "https://github.com/jedisct1/libsodium/issues"
| #define PACKAGE_URL "https://github.com/jedisct1/libsodium"
| #define PACKAGE "libsodium"
| #define VERSION "0.4.5"
| #define STDC_HEADERS 1
| #define HAVE_SYS_TYPES_H 1
| #define HAVE_SYS_STAT_H 1
| #define HAVE_STDLIB_H 1
| #define HAVE_STRING_H 1
| #define HAVE_MEMORY_H 1
| #define HAVE_STRINGS_H 1
| #define HAVE_INTTYPES_H 1
| #define HAVE_STDINT_H 1
| #define HAVE_UNISTD_H 1
| #define __EXTENSIONS__ 1
| #define _ALL_SOURCE 1
| #define _GNU_SOURCE 1
| #define _POSIX_PTHREAD_SEMANTICS 1
| #define _TANDEM_SOURCE 1
| /* end confdefs.h.  */
| #include <stdio.h>
| int
| main ()
| {
| char x[42U], fodder = 0;if (fodder > -1000 && fgets(x,1000,stdin)) puts(x)
|   ;
|   return 0;
| }
configure:5747: result: no
configure:5759: checking whether C compiler accepts  -Wall
configure:5778: mipsel-uclibc-gcc -std=gnu99 -c -g -O2 -fvisibility=hidden -fPIC -fPIE -fwrapv -fno-strict-aliasing -fno-strict-overflow -Winit-self -Wwrite-strings -Wdiv-by-zero   -Wall  -D_FORTIFY_SOURCE=2 conftest.c >&5
conftest.c: In function 'main':
conftest.c:30: warning: comparison is always true due to limited range of data type
configure:5778: $? = 0
configure:5787: result: yes
configure:5796: checking whether C compiler accepts  -Wall -Wextra
configure:5815: mipsel-uclibc-gcc -std=gnu99 -c -g -O2 -fvisibility=hidden -fPIC -fPIE -fwrapv -fno-strict-aliasing -fno-strict-overflow -Winit-self -Wwrite-strings -Wdiv-by-zero   -Wall -Wextra  -D_FORTIFY_SOURCE=2 conftest.c >&5
conftest.c: In function 'main':
conftest.c:30: warning: comparison is always true due to limited range of data type
configure:5815: $? = 0
configure:5824: result: yes
configure:5833: checking for clang
configure:5850: mipsel-uclibc-gcc -std=gnu99 -c -g -O2 -fvisibility=hidden -fPIC -fPIE -fwrapv -fno-strict-aliasing -fno-strict-overflow -Winit-self -Wwrite-strings -Wdiv-by-zero  -D_FORTIFY_SOURCE=2 conftest.c >&5
conftest.c: In function 'main':
conftest.c:32: error: 'be' undeclared (first use in this function)
conftest.c:32: error: (Each undeclared identifier is reported only once
conftest.c:32: error: for each function it appears in.)
conftest.c:32: error: expected ';' before 'sad'
configure:5850: $? = 1
configure: failed program was:
| /* confdefs.h */
| #define PACKAGE_NAME "libsodium"
| #define PACKAGE_TARNAME "libsodium"
| #define PACKAGE_VERSION "0.4.5"
| #define PACKAGE_STRING "libsodium 0.4.5"
| #define PACKAGE_BUGREPORT "https://github.com/jedisct1/libsodium/issues"
| #define PACKAGE_URL "https://github.com/jedisct1/libsodium"
| #define PACKAGE "libsodium"
| #define VERSION "0.4.5"
| #define STDC_HEADERS 1
| #define HAVE_SYS_TYPES_H 1
| #define HAVE_SYS_STAT_H 1
| #define HAVE_STDLIB_H 1
| #define HAVE_STRING_H 1
| #define HAVE_MEMORY_H 1
| #define HAVE_STRINGS_H 1
| #define HAVE_INTTYPES_H 1
| #define HAVE_STDINT_H 1
| #define HAVE_UNISTD_H 1
| #define __EXTENSIONS__ 1
| #define _ALL_SOURCE 1
| #define _GNU_SOURCE 1
| #define _POSIX_PTHREAD_SEMANTICS 1
| #define _TANDEM_SOURCE 1
| /* end confdefs.h.  */
| 
| int
| main ()
| {
| 
| #ifndef __clang__
| be sad
| #endif
| 
|   ;
|   return 0;
| }
configure:5892: result: no
configure:5899: checking whether C compiler accepts  -Wall -Wextra -Wbad-function-cast
configure:5918: mipsel-uclibc-gcc -std=gnu99 -c -g -O2 -fvisibility=hidden -fPIC -fPIE -fwrapv -fno-strict-aliasing -fno-strict-overflow -Winit-self -Wwrite-strings -Wdiv-by-zero   -Wall -Wextra -Wbad-function-cast  -D_FORTIFY_SOURCE=2 conftest.c >&5
conftest.c: In function 'main':
conftest.c:30: warning: comparison is always true due to limited range of data type
configure:5918: $? = 0
configure:5927: result: yes
configure:5936: checking whether C compiler accepts  -Wall -Wextra -Wbad-function-cast -Wcast-align
configure:5955: mipsel-uclibc-gcc -std=gnu99 -c -g -O2 -fvisibility=hidden -fPIC -fPIE -fwrapv -fno-strict-aliasing -fno-strict-overflow -Winit-self -Wwrite-strings -Wdiv-by-zero   -Wall -Wextra -Wbad-function-cast -Wcast-align  -D_FORTIFY_SOURCE=2 conftest.c >&5
conftest.c: In function 'main':
conftest.c:30: warning: comparison is always true due to limited range of data type
configure:5955: $? = 0
configure:5964: result: yes
configure:5973: checking whether C compiler accepts  -Wall -Wextra -Wbad-function-cast -Wcast-align -Wcast-qual
configure:5992: mipsel-uclibc-gcc -std=gnu99 -c -g -O2 -fvisibility=hidden -fPIC -fPIE -fwrapv -fno-strict-aliasing -fno-strict-overflow -Winit-self -Wwrite-strings -Wdiv-by-zero   -Wall -Wextra -Wbad-function-cast -Wcast-align -Wcast-qual  -D_FORTIFY_SOURCE=2 conftest.c >&5
conftest.c: In function 'main':
conftest.c:30: warning: comparison is always true due to limited range of data type
configure:5992: $? = 0
configure:6001: result: yes
configure:6010: checking whether C compiler accepts  -Wall -Wextra -Wbad-function-cast -Wcast-align -Wcast-qual -Wchar-subscripts
configure:6029: mipsel-uclibc-gcc -std=gnu99 -c -g -O2 -fvisibility=hidden -fPIC -fPIE -fwrapv -fno-strict-aliasing -fno-strict-overflow -Winit-self -Wwrite-strings -Wdiv-by-zero   -Wall -Wextra -Wbad-function-cast -Wcast-align -Wcast-qual -Wchar-subscripts  -D_FORTIFY_SOURCE=2 conftest.c >&5
conftest.c: In function 'main':
conftest.c:30: warning: comparison is always true due to limited range of data type
configure:6029: $? = 0
configure:6038: result: yes
configure:6047: checking whether C compiler accepts  -Wall -Wextra -Wbad-function-cast -Wcast-align -Wcast-qual -Wchar-subscripts -Wcomment
configure:6066: mipsel-uclibc-gcc -std=gnu99 -c -g -O2 -fvisibility=hidden -fPIC -fPIE -fwrapv -fno-strict-aliasing -fno-strict-overflow -Winit-self -Wwrite-strings -Wdiv-by-zero   -Wall -Wextra -Wbad-function-cast -Wcast-align -Wcast-qual -Wchar-subscripts -Wcomment  -D_FORTIFY_SOURCE=2 conftest.c >&5
conftest.c: In function 'main':
conftest.c:30: warning: comparison is always true due to limited range of data type
configure:6066: $? = 0
configure:6075: result: yes
configure:6084: checking whether C compiler accepts  -Wall -Wextra -Wbad-function-cast -Wcast-align -Wcast-qual -Wchar-subscripts -Wcomment -Wfloat-equal
configure:6103: mipsel-uclibc-gcc -std=gnu99 -c -g -O2 -fvisibility=hidden -fPIC -fPIE -fwrapv -fno-strict-aliasing -fno-strict-overflow -Winit-self -Wwrite-strings -Wdiv-by-zero   -Wall -Wextra -Wbad-function-cast -Wcast-align -Wcast-qual -Wchar-subscripts -Wcomment -Wfloat-equal  -D_FORTIFY_SOURCE=2 conftest.c >&5
conftest.c: In function 'main':
conftest.c:30: warning: comparison is always true due to limited range of data type
configure:6103: $? = 0
configure:6112: result: yes
configure:6121: checking whether C compiler accepts  -Wall -Wextra -Wbad-function-cast -Wcast-align -Wcast-qual -Wchar-subscripts -Wcomment -Wfloat-equal -Wformat=2
configure:6140: mipsel-uclibc-gcc -std=gnu99 -c -g -O2 -fvisibility=hidden -fPIC -fPIE -fwrapv -fno-strict-aliasing -fno-strict-overflow -Winit-self -Wwrite-strings -Wdiv-by-zero   -Wall -Wextra -Wbad-function-cast -Wcast-align -Wcast-qual -Wchar-subscripts -Wcomment -Wfloat-equal -Wformat=2  -D_FORTIFY_SOURCE=2 conftest.c >&5
conftest.c: In function 'main':
conftest.c:30: warning: comparison is always true due to limited range of data type
configure:6140: $? = 0
configure:6149: result: yes
configure:6158: checking whether C compiler accepts  -Wall -Wextra -Wbad-function-cast -Wcast-align -Wcast-qual -Wchar-subscripts -Wcomment -Wfloat-equal -Wformat=2 -Wimplicit
configure:6177: mipsel-uclibc-gcc -std=gnu99 -c -g -O2 -fvisibility=hidden -fPIC -fPIE -fwrapv -fno-strict-aliasing -fno-strict-overflow -Winit-self -Wwrite-strings -Wdiv-by-zero   -Wall -Wextra -Wbad-function-cast -Wcast-align -Wcast-qual -Wchar-subscripts -Wcomment -Wfloat-equal -Wformat=2 -Wimplicit  -D_FORTIFY_SOURCE=2 conftest.c >&5
conftest.c: In function 'main':
conftest.c:30: warning: comparison is always true due to limited range of data type
configure:6177: $? = 0
configure:6186: result: yes
configure:6195: checking whether C compiler accepts  -Wall -Wextra -Wbad-function-cast -Wcast-align -Wcast-qual -Wchar-subscripts -Wcomment -Wfloat-equal -Wformat=2 -Wimplicit -Wmissing-declarations
configure:6214: mipsel-uclibc-gcc -std=gnu99 -c -g -O2 -fvisibility=hidden -fPIC -fPIE -fwrapv -fno-strict-aliasing -fno-strict-overflow -Winit-self -Wwrite-strings -Wdiv-by-zero   -Wall -Wextra -Wbad-function-cast -Wcast-align -Wcast-qual -Wchar-subscripts -Wcomment -Wfloat-equal -Wformat=2 -Wimplicit -Wmissing-declarations  -D_FORTIFY_SOURCE=2 conftest.c >&5
conftest.c: In function 'main':
conftest.c:30: warning: comparison is always true due to limited range of data type
configure:6214: $? = 0
configure:6223: result: yes
configure:6232: checking whether C compiler accepts  -Wall -Wextra -Wbad-function-cast -Wcast-align -Wcast-qual -Wchar-subscripts -Wcomment -Wfloat-equal -Wformat=2 -Wimplicit -Wmissing-declarations -Wmissing-prototypes
configure:6251: mipsel-uclibc-gcc -std=gnu99 -c -g -O2 -fvisibility=hidden -fPIC -fPIE -fwrapv -fno-strict-aliasing -fno-strict-overflow -Winit-self -Wwrite-strings -Wdiv-by-zero   -Wall -Wextra -Wbad-function-cast -Wcast-align -Wcast-qual -Wchar-subscripts -Wcomment -Wfloat-equal -Wformat=2 -Wimplicit -Wmissing-declarations -Wmissing-prototypes  -D_FORTIFY_SOURCE=2 conftest.c >&5
conftest.c: In function 'main':
conftest.c:30: warning: comparison is always true due to limited range of data type
configure:6251: $? = 0
configure:6260: result: yes
configure:6269: checking whether C compiler accepts  -Wall -Wextra -Wbad-function-cast -Wcast-align -Wcast-qual -Wchar-subscripts -Wcomment -Wfloat-equal -Wformat=2 -Wimplicit -Wmissing-declarations -Wmissing-prototypes -Wnormalized=id
configure:6288: mipsel-uclibc-gcc -std=gnu99 -c -g -O2 -fvisibility=hidden -fPIC -fPIE -fwrapv -fno-strict-aliasing -fno-strict-overflow -Winit-self -Wwrite-strings -Wdiv-by-zero   -Wall -Wextra -Wbad-function-cast -Wcast-align -Wcast-qual -Wchar-subscripts -Wcomment -Wfloat-equal -Wformat=2 -Wimplicit -Wmissing-declarations -Wmissing-prototypes -Wnormalized=id  -D_FORTIFY_SOURCE=2 conftest.c >&5
conftest.c: In function 'main':
conftest.c:30: warning: comparison is always true due to limited range of data type
configure:6288: $? = 0
configure:6297: result: yes
configure:6306: checking whether C compiler accepts  -Wall -Wextra -Wbad-function-cast -Wcast-align -Wcast-qual -Wchar-subscripts -Wcomment -Wfloat-equal -Wformat=2 -Wimplicit -Wmissing-declarations -Wmissing-prototypes -Wnormalized=id -Woverride-init
configure:6325: mipsel-uclibc-gcc -std=gnu99 -c -g -O2 -fvisibility=hidden -fPIC -fPIE -fwrapv -fno-strict-aliasing -fno-strict-overflow -Winit-self -Wwrite-strings -Wdiv-by-zero   -Wall -Wextra -Wbad-function-cast -Wcast-align -Wcast-qual -Wchar-subscripts -Wcomment -Wfloat-equal -Wformat=2 -Wimplicit -Wmissing-declarations -Wmissing-prototypes -Wnormalized=id -Woverride-init  -D_FORTIFY_SOURCE=2 conftest.c >&5
conftest.c: In function 'main':
conftest.c:30: warning: comparison is always true due to limited range of data type
configure:6325: $? = 0
configure:6334: result: yes
configure:6343: checking whether C compiler accepts  -Wall -Wextra -Wbad-function-cast -Wcast-align -Wcast-qual -Wchar-subscripts -Wcomment -Wfloat-equal -Wformat=2 -Wimplicit -Wmissing-declarations -Wmissing-prototypes -Wnormalized=id -Woverride-init -Wparentheses
configure:6362: mipsel-uclibc-gcc -std=gnu99 -c -g -O2 -fvisibility=hidden -fPIC -fPIE -fwrapv -fno-strict-aliasing -fno-strict-overflow -Winit-self -Wwrite-strings -Wdiv-by-zero   -Wall -Wextra -Wbad-function-cast -Wcast-align -Wcast-qual -Wchar-subscripts -Wcomment -Wfloat-equal -Wformat=2 -Wimplicit -Wmissing-declarations -Wmissing-prototypes -Wnormalized=id -Woverride-init -Wparentheses  -D_FORTIFY_SOURCE=2 conftest.c >&5
conftest.c: In function 'main':
conftest.c:30: warning: comparison is always true due to limited range of data type
configure:6362: $? = 0
configure:6371: result: yes
configure:6380: checking whether C compiler accepts  -Wall -Wextra -Wbad-function-cast -Wcast-align -Wcast-qual -Wchar-subscripts -Wcomment -Wfloat-equal -Wformat=2 -Wimplicit -Wmissing-declarations -Wmissing-prototypes -Wnormalized=id -Woverride-init -Wparentheses -Wpointer-arith
configure:6399: mipsel-uclibc-gcc -std=gnu99 -c -g -O2 -fvisibility=hidden -fPIC -fPIE -fwrapv -fno-strict-aliasing -fno-strict-overflow -Winit-self -Wwrite-strings -Wdiv-by-zero   -Wall -Wextra -Wbad-function-cast -Wcast-align -Wcast-qual -Wchar-subscripts -Wcomment -Wfloat-equal -Wformat=2 -Wimplicit -Wmissing-declarations -Wmissing-prototypes -Wnormalized=id -Woverride-init -Wparentheses -Wpointer-arith  -D_FORTIFY_SOURCE=2 conftest.c >&5
conftest.c: In function 'main':
conftest.c:30: warning: comparison is always true due to limited range of data type
configure:6399: $? = 0
configure:6408: result: yes
configure:6417: checking whether C compiler accepts  -Wall -Wextra -Wbad-function-cast -Wcast-align -Wcast-qual -Wchar-subscripts -Wcomment -Wfloat-equal -Wformat=2 -Wimplicit -Wmissing-declarations -Wmissing-prototypes -Wnormalized=id -Woverride-init -Wparentheses -Wpointer-arith -Wredundant-decls
configure:6436: mipsel-uclibc-gcc -std=gnu99 -c -g -O2 -fvisibility=hidden -fPIC -fPIE -fwrapv -fno-strict-aliasing -fno-strict-overflow -Winit-self -Wwrite-strings -Wdiv-by-zero   -Wall -Wextra -Wbad-function-cast -Wcast-align -Wcast-qual -Wchar-subscripts -Wcomment -Wfloat-equal -Wformat=2 -Wimplicit -Wmissing-declarations -Wmissing-prototypes -Wnormalized=id -Woverride-init -Wparentheses -Wpointer-arith -Wredundant-decls  -D_FORTIFY_SOURCE=2 conftest.c >&5
conftest.c: In function 'main':
conftest.c:30: warning: comparison is always true due to limited range of data type
configure:6436: $? = 0
configure:6445: result: yes
configure:6454: checking whether C compiler accepts  -Wall -Wextra -Wbad-function-cast -Wcast-align -Wcast-qual -Wchar-subscripts -Wcomment -Wfloat-equal -Wformat=2 -Wimplicit -Wmissing-declarations -Wmissing-prototypes -Wnormalized=id -Woverride-init -Wparentheses -Wpointer-arith -Wredundant-decls -Wstrict-prototypes
configure:6473: mipsel-uclibc-gcc -std=gnu99 -c -g -O2 -fvisibility=hidden -fPIC -fPIE -fwrapv -fno-strict-aliasing -fno-strict-overflow -Winit-self -Wwrite-strings -Wdiv-by-zero   -Wall -Wextra -Wbad-function-cast -Wcast-align -Wcast-qual -Wchar-subscripts -Wcomment -Wfloat-equal -Wformat=2 -Wimplicit -Wmissing-declarations -Wmissing-prototypes -Wnormalized=id -Woverride-init -Wparentheses -Wpointer-arith -Wredundant-decls -Wstrict-prototypes  -D_FORTIFY_SOURCE=2 conftest.c >&5
conftest.c:29: warning: function declaration isn't a prototype
conftest.c: In function 'main':
conftest.c:30: warning: comparison is always true due to limited range of data type
configure:6473: $? = 0
configure:6482: result: yes
configure:6491: checking whether C compiler accepts  -Wall -Wextra -Wbad-function-cast -Wcast-align -Wcast-qual -Wchar-subscripts -Wcomment -Wfloat-equal -Wformat=2 -Wimplicit -Wmissing-declarations -Wmissing-prototypes -Wnormalized=id -Woverride-init -Wparentheses -Wpointer-arith -Wredundant-decls -Wstrict-prototypes -Wswitch-enum
configure:6510: mipsel-uclibc-gcc -std=gnu99 -c -g -O2 -fvisibility=hidden -fPIC -fPIE -fwrapv -fno-strict-aliasing -fno-strict-overflow -Winit-self -Wwrite-strings -Wdiv-by-zero   -Wall -Wextra -Wbad-function-cast -Wcast-align -Wcast-qual -Wchar-subscripts -Wcomment -Wfloat-equal -Wformat=2 -Wimplicit -Wmissing-declarations -Wmissing-prototypes -Wnormalized=id -Woverride-init -Wparentheses -Wpointer-arith -Wredundant-decls -Wstrict-prototypes -Wswitch-enum  -D_FORTIFY_SOURCE=2 conftest.c >&5
conftest.c:29: warning: function declaration isn't a prototype
conftest.c: In function 'main':
conftest.c:30: warning: comparison is always true due to limited range of data type
configure:6510: $? = 0
configure:6519: result: yes
configure:6528: checking whether C compiler accepts  -Wall -Wextra -Wbad-function-cast -Wcast-align -Wcast-qual -Wchar-subscripts -Wcomment -Wfloat-equal -Wformat=2 -Wimplicit -Wmissing-declarations -Wmissing-prototypes -Wnormalized=id -Woverride-init -Wparentheses -Wpointer-arith -Wredundant-decls -Wstrict-prototypes -Wswitch-enum -Wvariable-decl
configure:6547: mipsel-uclibc-gcc -std=gnu99 -c -g -O2 -fvisibility=hidden -fPIC -fPIE -fwrapv -fno-strict-aliasing -fno-strict-overflow -Winit-self -Wwrite-strings -Wdiv-by-zero   -Wall -Wextra -Wbad-function-cast -Wcast-align -Wcast-qual -Wchar-subscripts -Wcomment -Wfloat-equal -Wformat=2 -Wimplicit -Wmissing-declarations -Wmissing-prototypes -Wnormalized=id -Woverride-init -Wparentheses -Wpointer-arith -Wredundant-decls -Wstrict-prototypes -Wswitch-enum -Wvariable-decl  -D_FORTIFY_SOURCE=2 conftest.c >&5
cc1: error: unrecognized command line option "-Wvariable-decl"
configure:6547: $? = 1
configure: failed program was:
| /* confdefs.h */
| #define PACKAGE_NAME "libsodium"
| #define PACKAGE_TARNAME "libsodium"
| #define PACKAGE_VERSION "0.4.5"
| #define PACKAGE_STRING "libsodium 0.4.5"
| #define PACKAGE_BUGREPORT "https://github.com/jedisct1/libsodium/issues"
| #define PACKAGE_URL "https://github.com/jedisct1/libsodium"
| #define PACKAGE "libsodium"
| #define VERSION "0.4.5"
| #define STDC_HEADERS 1
| #define HAVE_SYS_TYPES_H 1
| #define HAVE_SYS_STAT_H 1
| #define HAVE_STDLIB_H 1
| #define HAVE_STRING_H 1
| #define HAVE_MEMORY_H 1
| #define HAVE_STRINGS_H 1
| #define HAVE_INTTYPES_H 1
| #define HAVE_STDINT_H 1
| #define HAVE_UNISTD_H 1
| #define __EXTENSIONS__ 1
| #define _ALL_SOURCE 1
| #define _GNU_SOURCE 1
| #define _POSIX_PTHREAD_SEMANTICS 1
| #define _TANDEM_SOURCE 1
| /* end confdefs.h.  */
| #include <stdio.h>
| int
| main ()
| {
| char x[42U], fodder = 0;if (fodder > -1000 && fgets(x,1000,stdin)) puts(x)
|   ;
|   return 0;
| }
configure:6556: result: no
configure:6565: checking whether the linker accepts -Wl,-z,relro
configure:6584: mipsel-uclibc-gcc -std=gnu99 -o conftest -g -O2 -fvisibility=hidden -fPIC -fPIE -fwrapv -fno-strict-aliasing -fno-strict-overflow -Winit-self -Wwrite-strings -Wdiv-by-zero  -D_FORTIFY_SOURCE=2  -pie  -Wl,-z,relro conftest.c  >&5
configure:6584: $? = 0
configure:6593: result: yes
configure:6601: checking whether the linker accepts -Wl,-z,now
configure:6620: mipsel-uclibc-gcc -std=gnu99 -o conftest -g -O2 -fvisibility=hidden -fPIC -fPIE -fwrapv -fno-strict-aliasing -fno-strict-overflow -Winit-self -Wwrite-strings -Wdiv-by-zero  -D_FORTIFY_SOURCE=2  -pie -Wl,-z,relro  -Wl,-z,now conftest.c  >&5
configure:6620: $? = 0
configure:6629: result: yes
configure:6637: checking whether the linker accepts -Wl,-z,noexecstack
configure:6656: mipsel-uclibc-gcc -std=gnu99 -o conftest -g -O2 -fvisibility=hidden -fPIC -fPIE -fwrapv -fno-strict-aliasing -fno-strict-overflow -Winit-self -Wwrite-strings -Wdiv-by-zero  -D_FORTIFY_SOURCE=2  -pie -Wl,-z,relro -Wl,-z,now  -Wl,-z,noexecstack conftest.c  >&5
configure:6656: $? = 0
configure:6665: result: yes
configure:6720: checking how to print strings
configure:6747: result: printf
configure:6768: checking for a sed that does not truncate output
configure:6832: result: /bin/sed
configure:6850: checking for fgrep
configure:6912: result: /bin/grep -F
configure:6947: checking for ld used by mipsel-uclibc-gcc -std=gnu99
configure:7014: result: mipsel-uclibc-ld
configure:7021: checking if the linker (mipsel-uclibc-ld) is GNU ld
configure:7036: result: yes
configure:7048: checking for BSD- or MS-compatible name lister (nm)
configure:7097: result: mipsel-uclibc-nm
configure:7227: checking the name lister (mipsel-uclibc-nm) interface
configure:7234: mipsel-uclibc-gcc -std=gnu99 -c -g -O2 -fvisibility=hidden -fPIC -fPIE -fwrapv -fno-strict-aliasing -fno-strict-overflow -Winit-self -Wwrite-strings -Wdiv-by-zero  -D_FORTIFY_SOURCE=2 conftest.c >&5
configure:7237: mipsel-uclibc-nm "conftest.o"
configure:7240: output
00000000 B some_variable
configure:7247: result: BSD nm
configure:7250: checking whether ln -s works
configure:7254: result: yes
configure:7262: checking the maximum length of command line arguments
configure:7393: result: 3458764513820540925
configure:7410: checking whether the shell understands some XSI constructs
configure:7420: result: yes
configure:7424: checking whether the shell understands "+="
configure:7430: result: yes
configure:7465: checking how to convert x86_64-pc-linux-gnu file names to mipsel-unknown-linux-gnu format
configure:7505: result: func_convert_file_noop
configure:7512: checking how to convert x86_64-pc-linux-gnu file names to toolchain format
configure:7532: result: func_convert_file_noop
configure:7539: checking for mipsel-uclibc-ld option to reload object files
configure:7546: result: -r
configure:7580: checking for mipsel-linux-objdump
configure:7596: found /opt/brcm/hndtools-mipsel-uclibc/bin/mipsel-linux-objdump
configure:7607: result: mipsel-linux-objdump
configure:7679: checking how to recognize dependent libraries
configure:7877: result: pass_all
configure:7922: checking for mipsel-linux-dlltool
configure:7952: result: no
configure:7962: checking for dlltool
configure:7992: result: no
configure:8022: checking how to associate runtime and link libraries
configure:8049: result: printf %s\n
configure:8065: checking for mipsel-linux-ar
configure:8092: result: mipsel-uclibc-ar
configure:8173: checking for archiver @FILE support
configure:8190: mipsel-uclibc-gcc -std=gnu99 -c -g -O2 -fvisibility=hidden -fPIC -fPIE -fwrapv -fno-strict-aliasing -fno-strict-overflow -Winit-self -Wwrite-strings -Wdiv-by-zero  -D_FORTIFY_SOURCE=2 conftest.c >&5
configure:8190: $? = 0
configure:8193: mipsel-uclibc-ar cru libconftest.a @conftest.lst >&5
configure:8196: $? = 0
configure:8201: mipsel-uclibc-ar cru libconftest.a @conftest.lst >&5
mipsel-uclibc-ar: conftest.o: No such file or directory
configure:8204: $? = 1
configure:8216: result: @
configure:8234: checking for mipsel-linux-strip
configure:8261: result: mipsel-uclibc-strip
configure:8333: checking for mipsel-linux-ranlib
configure:8360: result: mipsel-uclibc-ranlib
configure:8502: checking command to parse mipsel-uclibc-nm output from mipsel-uclibc-gcc -std=gnu99 object
configure:8622: mipsel-uclibc-gcc -std=gnu99 -c -g -O2 -fvisibility=hidden -fPIC -fPIE -fwrapv -fno-strict-aliasing -fno-strict-overflow -Winit-self -Wwrite-strings -Wdiv-by-zero  -D_FORTIFY_SOURCE=2 conftest.c >&5
configure:8625: $? = 0
configure:8629: mipsel-uclibc-nm conftest.o \| sed -n -e 's/^.*[ ]\([ABCDGIRSTW][ABCDGIRSTW]*\)[ ][ ]*\([_A-Za-z][_A-Za-z0-9]*\)$/\1 \2 \2/p' | sed '/ __gnu_lto/d' \> conftest.nm
configure:8632: $? = 0
configure:8698: mipsel-uclibc-gcc -std=gnu99 -o conftest -g -O2 -fvisibility=hidden -fPIC -fPIE -fwrapv -fno-strict-aliasing -fno-strict-overflow -Winit-self -Wwrite-strings -Wdiv-by-zero  -D_FORTIFY_SOURCE=2  -pie -Wl,-z,relro -Wl,-z,now -Wl,-z,noexecstack conftest.c conftstm.o >&5
configure:8701: $? = 0
configure:8739: result: ok
configure:8776: checking for sysroot
configure:8806: result: no
configure:9029: checking for mipsel-linux-mt
configure:9059: result: no
configure:9069: checking for mt
configure:9085: found /bin/mt
configure:9096: result: mt
configure:9119: checking if mt is a manifest tool
configure:9125: mt '-?'
configure:9133: result: no
configure:9772: checking for dlfcn.h
configure:9772: mipsel-uclibc-gcc -std=gnu99 -c -g -O2 -fvisibility=hidden -fPIC -fPIE -fwrapv -fno-strict-aliasing -fno-strict-overflow -Winit-self -Wwrite-strings -Wdiv-by-zero  -D_FORTIFY_SOURCE=2 conftest.c >&5
configure:9772: $? = 0
configure:9772: result: yes
configure:9978: checking for objdir
configure:9993: result: .libs
configure:10264: checking if mipsel-uclibc-gcc -std=gnu99 supports -fno-rtti -fno-exceptions
configure:10282: mipsel-uclibc-gcc -std=gnu99 -c -g -O2 -fvisibility=hidden -fPIC -fPIE -fwrapv -fno-strict-aliasing -fno-strict-overflow -Winit-self -Wwrite-strings -Wdiv-by-zero  -D_FORTIFY_SOURCE=2 -fno-rtti -fno-exceptions conftest.c >&5
cc1: warning: command line option "-fno-rtti" is valid for C++/ObjC++ but not for C
configure:10286: $? = 0
configure:10299: result: no
configure:10626: checking for mipsel-uclibc-gcc -std=gnu99 option to produce PIC
configure:10633: result: -fPIC -DPIC
configure:10641: checking if mipsel-uclibc-gcc -std=gnu99 PIC flag -fPIC -DPIC works
configure:10659: mipsel-uclibc-gcc -std=gnu99 -c -g -O2 -fvisibility=hidden -fPIC -fPIE -fwrapv -fno-strict-aliasing -fno-strict-overflow -Winit-self -Wwrite-strings -Wdiv-by-zero  -D_FORTIFY_SOURCE=2 -fPIC -DPIC -DPIC conftest.c >&5
configure:10663: $? = 0
configure:10676: result: yes
configure:10705: checking if mipsel-uclibc-gcc -std=gnu99 static flag -static works
configure:10733: result: yes
configure:10748: checking if mipsel-uclibc-gcc -std=gnu99 supports -c -o file.o
configure:10769: mipsel-uclibc-gcc -std=gnu99 -c -g -O2 -fvisibility=hidden -fPIC -fPIE -fwrapv -fno-strict-aliasing -fno-strict-overflow -Winit-self -Wwrite-strings -Wdiv-by-zero  -D_FORTIFY_SOURCE=2 -o out/conftest2.o conftest.c >&5
configure:10773: $? = 0
configure:10795: result: yes
configure:10803: checking if mipsel-uclibc-gcc -std=gnu99 supports -c -o file.o
configure:10850: result: yes
configure:10883: checking whether the mipsel-uclibc-gcc -std=gnu99 linker (mipsel-uclibc-ld) supports shared libraries
configure:12040: result: yes
configure:12077: checking whether -lc should be explicitly linked in
configure:12085: mipsel-uclibc-gcc -std=gnu99 -c -g -O2 -fvisibility=hidden -fPIC -fPIE -fwrapv -fno-strict-aliasing -fno-strict-overflow -Winit-self -Wwrite-strings -Wdiv-by-zero  -D_FORTIFY_SOURCE=2 conftest.c >&5
configure:12088: $? = 0
configure:12103: mipsel-uclibc-gcc -std=gnu99 -shared  -fPIC -DPIC conftest.o  -v -Wl,-soname -Wl,conftest -o conftest 2\>\&1 \| /bin/grep  -lc  \>/dev/null 2\>\&1
configure:12106: $? = 0
configure:12120: result: no
configure:12280: checking dynamic linker characteristics
configure:12780: mipsel-uclibc-gcc -std=gnu99 -o conftest -g -O2 -fvisibility=hidden -fPIC -fPIE -fwrapv -fno-strict-aliasing -fno-strict-overflow -Winit-self -Wwrite-strings -Wdiv-by-zero  -D_FORTIFY_SOURCE=2  -pie -Wl,-z,relro -Wl,-z,now -Wl,-z,noexecstack -Wl,-rpath -Wl,/foo conftest.c  >&5
configure:12780: $? = 0
configure:13014: result: GNU/Linux ld.so
configure:13121: checking how to hardcode library paths into programs
configure:13146: result: immediate
configure:13686: checking whether stripping libraries is possible
configure:13691: result: yes
configure:13726: checking if libtool supports shared libraries
configure:13728: result: yes
configure:13731: checking whether to build shared libraries
configure:13752: result: yes
configure:13755: checking whether to build static libraries
configure:13759: result: yes
configure:13802: checking for mipsel-linux-ar
configure:13829: result: mipsel-uclibc-ar
configure:13894: checking for emmintrin.h
configure:13894: mipsel-uclibc-gcc -std=gnu99 -c -g -O2 -fvisibility=hidden -fPIC -fPIE -fwrapv -fno-strict-aliasing -fno-strict-overflow -Winit-self -Wwrite-strings -Wdiv-by-zero  -D_FORTIFY_SOURCE=2 conftest.c >&5
conftest.c:32:23: error: emmintrin.h: No such file or directory
configure:13894: $? = 1
configure: failed program was:
| /* confdefs.h */
| #define PACKAGE_NAME "libsodium"
| #define PACKAGE_TARNAME "libsodium"
| #define PACKAGE_VERSION "0.4.5"
| #define PACKAGE_STRING "libsodium 0.4.5"
| #define PACKAGE_BUGREPORT "https://github.com/jedisct1/libsodium/issues"
| #define PACKAGE_URL "https://github.com/jedisct1/libsodium"
| #define PACKAGE "libsodium"
| #define VERSION "0.4.5"
| #define STDC_HEADERS 1
| #define HAVE_SYS_TYPES_H 1
| #define HAVE_SYS_STAT_H 1
| #define HAVE_STDLIB_H 1
| #define HAVE_STRING_H 1
| #define HAVE_MEMORY_H 1
| #define HAVE_STRINGS_H 1
| #define HAVE_INTTYPES_H 1
| #define HAVE_STDINT_H 1
| #define HAVE_UNISTD_H 1
| #define __EXTENSIONS__ 1
| #define _ALL_SOURCE 1
| #define _GNU_SOURCE 1
| #define _POSIX_PTHREAD_SEMANTICS 1
| #define _TANDEM_SOURCE 1
| #define HAVE_DLFCN_H 1
| #define LT_OBJDIR ".libs/"
| /* end confdefs.h.  */
| 
| #pragma GCC target("sse2")
| 
| 
| #include <emmintrin.h>
configure:13894: result: no
configure:13910: checking for tmmintrin.h
configure:13910: mipsel-uclibc-gcc -std=gnu99 -c -g -O2 -fvisibility=hidden -fPIC -fPIE -fwrapv -fno-strict-aliasing -fno-strict-overflow -Winit-self -Wwrite-strings -Wdiv-by-zero  -D_FORTIFY_SOURCE=2 conftest.c >&5
conftest.c:32:23: error: tmmintrin.h: No such file or directory
configure:13910: $? = 1
configure: failed program was:
| /* confdefs.h */
| #define PACKAGE_NAME "libsodium"
| #define PACKAGE_TARNAME "libsodium"
| #define PACKAGE_VERSION "0.4.5"
| #define PACKAGE_STRING "libsodium 0.4.5"
| #define PACKAGE_BUGREPORT "https://github.com/jedisct1/libsodium/issues"
| #define PACKAGE_URL "https://github.com/jedisct1/libsodium"
| #define PACKAGE "libsodium"
| #define VERSION "0.4.5"
| #define STDC_HEADERS 1
| #define HAVE_SYS_TYPES_H 1
| #define HAVE_SYS_STAT_H 1
| #define HAVE_STDLIB_H 1
| #define HAVE_STRING_H 1
| #define HAVE_MEMORY_H 1
| #define HAVE_STRINGS_H 1
| #define HAVE_INTTYPES_H 1
| #define HAVE_STDINT_H 1
| #define HAVE_UNISTD_H 1
| #define __EXTENSIONS__ 1
| #define _ALL_SOURCE 1
| #define _GNU_SOURCE 1
| #define _POSIX_PTHREAD_SEMANTICS 1
| #define _TANDEM_SOURCE 1
| #define HAVE_DLFCN_H 1
| #define LT_OBJDIR ".libs/"
| /* end confdefs.h.  */
| 
| #pragma GCC target("ssse3")
| 
| 
| #include <tmmintrin.h>
configure:13910: result: no
configure:13926: checking for smmintrin.h
configure:13926: mipsel-uclibc-gcc -std=gnu99 -c -g -O2 -fvisibility=hidden -fPIC -fPIE -fwrapv -fno-strict-aliasing -fno-strict-overflow -Winit-self -Wwrite-strings -Wdiv-by-zero  -D_FORTIFY_SOURCE=2 conftest.c >&5
conftest.c:32:23: error: smmintrin.h: No such file or directory
configure:13926: $? = 1
configure: failed program was:
| /* confdefs.h */
| #define PACKAGE_NAME "libsodium"
| #define PACKAGE_TARNAME "libsodium"
| #define PACKAGE_VERSION "0.4.5"
| #define PACKAGE_STRING "libsodium 0.4.5"
| #define PACKAGE_BUGREPORT "https://github.com/jedisct1/libsodium/issues"
| #define PACKAGE_URL "https://github.com/jedisct1/libsodium"
| #define PACKAGE "libsodium"
| #define VERSION "0.4.5"
| #define STDC_HEADERS 1
| #define HAVE_SYS_TYPES_H 1
| #define HAVE_SYS_STAT_H 1
| #define HAVE_STDLIB_H 1
| #define HAVE_STRING_H 1
| #define HAVE_MEMORY_H 1
| #define HAVE_STRINGS_H 1
| #define HAVE_INTTYPES_H 1
| #define HAVE_STDINT_H 1
| #define HAVE_UNISTD_H 1
| #define __EXTENSIONS__ 1
| #define _ALL_SOURCE 1
| #define _GNU_SOURCE 1
| #define _POSIX_PTHREAD_SEMANTICS 1
| #define _TANDEM_SOURCE 1
| #define HAVE_DLFCN_H 1
| #define LT_OBJDIR ".libs/"
| /* end confdefs.h.  */
| 
| #pragma GCC target("sse4.1")
| 
| 
| #include <smmintrin.h>
configure:13926: result: no
configure:13942: checking for immintrin.h
configure:13942: mipsel-uclibc-gcc -std=gnu99 -c -g -O2 -fvisibility=hidden -fPIC -fPIE -fwrapv -fno-strict-aliasing -fno-strict-overflow -Winit-self -Wwrite-strings -Wdiv-by-zero  -D_FORTIFY_SOURCE=2 conftest.c >&5
conftest.c:32:23: error: immintrin.h: No such file or directory
configure:13942: $? = 1
configure: failed program was:
| /* confdefs.h */
| #define PACKAGE_NAME "libsodium"
| #define PACKAGE_TARNAME "libsodium"
| #define PACKAGE_VERSION "0.4.5"
| #define PACKAGE_STRING "libsodium 0.4.5"
| #define PACKAGE_BUGREPORT "https://github.com/jedisct1/libsodium/issues"
| #define PACKAGE_URL "https://github.com/jedisct1/libsodium"
| #define PACKAGE "libsodium"
| #define VERSION "0.4.5"
| #define STDC_HEADERS 1
| #define HAVE_SYS_TYPES_H 1
| #define HAVE_SYS_STAT_H 1
| #define HAVE_STDLIB_H 1
| #define HAVE_STRING_H 1
| #define HAVE_MEMORY_H 1
| #define HAVE_STRINGS_H 1
| #define HAVE_INTTYPES_H 1
| #define HAVE_STDINT_H 1
| #define HAVE_UNISTD_H 1
| #define __EXTENSIONS__ 1
| #define _ALL_SOURCE 1
| #define _GNU_SOURCE 1
| #define _POSIX_PTHREAD_SEMANTICS 1
| #define _TANDEM_SOURCE 1
| #define HAVE_DLFCN_H 1
| #define LT_OBJDIR ".libs/"
| /* end confdefs.h.  */
| 
| #pragma GCC target("avx")
| 
| 
| #include <immintrin.h>
configure:13942: result: no
configure:13958: checking for avxintrin.h
configure:13958: mipsel-uclibc-gcc -std=gnu99 -c -g -O2 -fvisibility=hidden -fPIC -fPIE -fwrapv -fno-strict-aliasing -fno-strict-overflow -Winit-self -Wwrite-strings -Wdiv-by-zero  -D_FORTIFY_SOURCE=2 conftest.c >&5
conftest.c:32:23: error: avxintrin.h: No such file or directory
configure:13958: $? = 1
configure: failed program was:
| /* confdefs.h */
| #define PACKAGE_NAME "libsodium"
| #define PACKAGE_TARNAME "libsodium"
| #define PACKAGE_VERSION "0.4.5"
| #define PACKAGE_STRING "libsodium 0.4.5"
| #define PACKAGE_BUGREPORT "https://github.com/jedisct1/libsodium/issues"
| #define PACKAGE_URL "https://github.com/jedisct1/libsodium"
| #define PACKAGE "libsodium"
| #define VERSION "0.4.5"
| #define STDC_HEADERS 1
| #define HAVE_SYS_TYPES_H 1
| #define HAVE_SYS_STAT_H 1
| #define HAVE_STDLIB_H 1
| #define HAVE_STRING_H 1
| #define HAVE_MEMORY_H 1
| #define HAVE_STRINGS_H 1
| #define HAVE_INTTYPES_H 1
| #define HAVE_STDINT_H 1
| #define HAVE_UNISTD_H 1
| #define __EXTENSIONS__ 1
| #define _ALL_SOURCE 1
| #define _GNU_SOURCE 1
| #define _POSIX_PTHREAD_SEMANTICS 1
| #define _TANDEM_SOURCE 1
| #define HAVE_DLFCN_H 1
| #define LT_OBJDIR ".libs/"
| /* end confdefs.h.  */
| 
| #pragma GCC target("avx")
| 
| 
| #include <avxintrin.h>
configure:13958: result: no
configure:13974: checking for x86intrin.h
configure:13974: mipsel-uclibc-gcc -std=gnu99 -c -g -O2 -fvisibility=hidden -fPIC -fPIE -fwrapv -fno-strict-aliasing -fno-strict-overflow -Winit-self -Wwrite-strings -Wdiv-by-zero  -D_FORTIFY_SOURCE=2 conftest.c >&5
conftest.c:32:23: error: x86intrin.h: No such file or directory
configure:13974: $? = 1
configure: failed program was:
| /* confdefs.h */
| #define PACKAGE_NAME "libsodium"
| #define PACKAGE_TARNAME "libsodium"
| #define PACKAGE_VERSION "0.4.5"
| #define PACKAGE_STRING "libsodium 0.4.5"
| #define PACKAGE_BUGREPORT "https://github.com/jedisct1/libsodium/issues"
| #define PACKAGE_URL "https://github.com/jedisct1/libsodium"
| #define PACKAGE "libsodium"
| #define VERSION "0.4.5"
| #define STDC_HEADERS 1
| #define HAVE_SYS_TYPES_H 1
| #define HAVE_SYS_STAT_H 1
| #define HAVE_STDLIB_H 1
| #define HAVE_STRING_H 1
| #define HAVE_MEMORY_H 1
| #define HAVE_STRINGS_H 1
| #define HAVE_INTTYPES_H 1
| #define HAVE_STDINT_H 1
| #define HAVE_UNISTD_H 1
| #define __EXTENSIONS__ 1
| #define _ALL_SOURCE 1
| #define _GNU_SOURCE 1
| #define _POSIX_PTHREAD_SEMANTICS 1
| #define _TANDEM_SOURCE 1
| #define HAVE_DLFCN_H 1
| #define LT_OBJDIR ".libs/"
| /* end confdefs.h.  */
| 
| #pragma GCC target("xop")
| 
| 
| #include <x86intrin.h>
configure:13974: result: no
configure:13990: checking for wmmintrin.h
configure:13990: mipsel-uclibc-gcc -std=gnu99 -c -g -O2 -fvisibility=hidden -fPIC -fPIE -fwrapv -fno-strict-aliasing -fno-strict-overflow -Winit-self -Wwrite-strings -Wdiv-by-zero  -D_FORTIFY_SOURCE=2 conftest.c >&5
conftest.c:32:23: error: wmmintrin.h: No such file or directory
configure:13990: $? = 1
configure: failed program was:
| /* confdefs.h */
| #define PACKAGE_NAME "libsodium"
| #define PACKAGE_TARNAME "libsodium"
| #define PACKAGE_VERSION "0.4.5"
| #define PACKAGE_STRING "libsodium 0.4.5"
| #define PACKAGE_BUGREPORT "https://github.com/jedisct1/libsodium/issues"
| #define PACKAGE_URL "https://github.com/jedisct1/libsodium"
| #define PACKAGE "libsodium"
| #define VERSION "0.4.5"
| #define STDC_HEADERS 1
| #define HAVE_SYS_TYPES_H 1
| #define HAVE_SYS_STAT_H 1
| #define HAVE_STDLIB_H 1
| #define HAVE_STRING_H 1
| #define HAVE_MEMORY_H 1
| #define HAVE_STRINGS_H 1
| #define HAVE_INTTYPES_H 1
| #define HAVE_STDINT_H 1
| #define HAVE_UNISTD_H 1
| #define __EXTENSIONS__ 1
| #define _ALL_SOURCE 1
| #define _GNU_SOURCE 1
| #define _POSIX_PTHREAD_SEMANTICS 1
| #define _TANDEM_SOURCE 1
| #define HAVE_DLFCN_H 1
| #define LT_OBJDIR ".libs/"
| /* end confdefs.h.  */
| 
| #pragma GCC target("aes")
| 
| 
| #include <wmmintrin.h>
configure:13990: result: no
configure:14004: checking for access to floating-point rounding mode
configure:14024: mipsel-uclibc-gcc -std=gnu99 -c -g -O2 -fvisibility=hidden -fPIC -fPIE -fwrapv -fno-strict-aliasing -fno-strict-overflow -Winit-self -Wwrite-strings -Wdiv-by-zero  -D_FORTIFY_SOURCE=2 conftest.c >&5
conftest.c:29:20: error: fenv.h: No such file or directory
conftest.c: In function 'main':
conftest.c:36: warning: implicit declaration of function 'fegetround'
conftest.c:37: warning: implicit declaration of function 'fesetround'
conftest.c:37: error: 'FE_TONEAREST' undeclared (first use in this function)
conftest.c:37: error: (Each undeclared identifier is reported only once
conftest.c:37: error: for each function it appears in.)
configure:14024: $? = 1
configure: failed program was:
| /* confdefs.h */
| #define PACKAGE_NAME "libsodium"
| #define PACKAGE_TARNAME "libsodium"
| #define PACKAGE_VERSION "0.4.5"
| #define PACKAGE_STRING "libsodium 0.4.5"
| #define PACKAGE_BUGREPORT "https://github.com/jedisct1/libsodium/issues"
| #define PACKAGE_URL "https://github.com/jedisct1/libsodium"
| #define PACKAGE "libsodium"
| #define VERSION "0.4.5"
| #define STDC_HEADERS 1
| #define HAVE_SYS_TYPES_H 1
| #define HAVE_SYS_STAT_H 1
| #define HAVE_STDLIB_H 1
| #define HAVE_STRING_H 1
| #define HAVE_MEMORY_H 1
| #define HAVE_STRINGS_H 1
| #define HAVE_INTTYPES_H 1
| #define HAVE_STDINT_H 1
| #define HAVE_UNISTD_H 1
| #define __EXTENSIONS__ 1
| #define _ALL_SOURCE 1
| #define _GNU_SOURCE 1
| #define _POSIX_PTHREAD_SEMANTICS 1
| #define _TANDEM_SOURCE 1
| #define HAVE_DLFCN_H 1
| #define LT_OBJDIR ".libs/"
| /* end confdefs.h.  */
| 
|   #include <fenv.h>
|   #pragma STDC FENV_ACCESS ON
| 
| int
| main ()
| {
| 
|   const int previous_rounding_mode = fegetround();
|   fesetround(FE_TONEAREST);
|   fesetround(previous_rounding_mode);
| 
|   ;
|   return 0;
| }
configure:14032: result: no
configure:14038: checking for inline
configure:14054: mipsel-uclibc-gcc -std=gnu99 -c -g -O2 -fvisibility=hidden -fPIC -fPIE -fwrapv -fno-strict-aliasing -fno-strict-overflow -Winit-self -Wwrite-strings -Wdiv-by-zero  -D_FORTIFY_SOURCE=2 conftest.c >&5
conftest.c:31: warning: C99 inline functions are not supported; using GNU89
conftest.c:31: warning: to disable this warning use -fgnu89-inline or the gnu_inline function attribute
configure:14054: $? = 0
configure:14062: result: inline
configure:14080: checking whether byte ordering is bigendian
configure:14095: mipsel-uclibc-gcc -std=gnu99 -c -g -O2 -fvisibility=hidden -fPIC -fPIE -fwrapv -fno-strict-aliasing -fno-strict-overflow -Winit-self -Wwrite-strings -Wdiv-by-zero  -D_FORTIFY_SOURCE=2 conftest.c >&5
conftest.c:29: error: expected '=', ',', ';', 'asm' or '__attribute__' before 'a'
configure:14095: $? = 1
configure: failed program was:
| /* confdefs.h */
| #define PACKAGE_NAME "libsodium"
| #define PACKAGE_TARNAME "libsodium"
| #define PACKAGE_VERSION "0.4.5"
| #define PACKAGE_STRING "libsodium 0.4.5"
| #define PACKAGE_BUGREPORT "https://github.com/jedisct1/libsodium/issues"
| #define PACKAGE_URL "https://github.com/jedisct1/libsodium"
| #define PACKAGE "libsodium"
| #define VERSION "0.4.5"
| #define STDC_HEADERS 1
| #define HAVE_SYS_TYPES_H 1
| #define HAVE_SYS_STAT_H 1
| #define HAVE_STDLIB_H 1
| #define HAVE_STRING_H 1
| #define HAVE_MEMORY_H 1
| #define HAVE_STRINGS_H 1
| #define HAVE_INTTYPES_H 1
| #define HAVE_STDINT_H 1
| #define HAVE_UNISTD_H 1
| #define __EXTENSIONS__ 1
| #define _ALL_SOURCE 1
| #define _GNU_SOURCE 1
| #define _POSIX_PTHREAD_SEMANTICS 1
| #define _TANDEM_SOURCE 1
| #define HAVE_DLFCN_H 1
| #define LT_OBJDIR ".libs/"
| /* end confdefs.h.  */
| #ifndef __APPLE_CC__
| 	       not a universal capable compiler
| 	     #endif
| 	     typedef int dummy;
| 
configure:14140: mipsel-uclibc-gcc -std=gnu99 -c -g -O2 -fvisibility=hidden -fPIC -fPIE -fwrapv -fno-strict-aliasing -fno-strict-overflow -Winit-self -Wwrite-strings -Wdiv-by-zero  -D_FORTIFY_SOURCE=2 conftest.c >&5
configure:14140: $? = 0
configure:14158: mipsel-uclibc-gcc -std=gnu99 -c -g -O2 -fvisibility=hidden -fPIC -fPIE -fwrapv -fno-strict-aliasing -fno-strict-overflow -Winit-self -Wwrite-strings -Wdiv-by-zero  -D_FORTIFY_SOURCE=2 conftest.c >&5
conftest.c: In function 'main':
conftest.c:35: error: 'not' undeclared (first use in this function)
conftest.c:35: error: (Each undeclared identifier is reported only once
conftest.c:35: error: for each function it appears in.)
conftest.c:35: error: expected ';' before 'big'
configure:14158: $? = 1
configure: failed program was:
| /* confdefs.h */
| #define PACKAGE_NAME "libsodium"
| #define PACKAGE_TARNAME "libsodium"
| #define PACKAGE_VERSION "0.4.5"
| #define PACKAGE_STRING "libsodium 0.4.5"
| #define PACKAGE_BUGREPORT "https://github.com/jedisct1/libsodium/issues"
| #define PACKAGE_URL "https://github.com/jedisct1/libsodium"
| #define PACKAGE "libsodium"
| #define VERSION "0.4.5"
| #define STDC_HEADERS 1
| #define HAVE_SYS_TYPES_H 1
| #define HAVE_SYS_STAT_H 1
| #define HAVE_STDLIB_H 1
| #define HAVE_STRING_H 1
| #define HAVE_MEMORY_H 1
| #define HAVE_STRINGS_H 1
| #define HAVE_INTTYPES_H 1
| #define HAVE_STDINT_H 1
| #define HAVE_UNISTD_H 1
| #define __EXTENSIONS__ 1
| #define _ALL_SOURCE 1
| #define _GNU_SOURCE 1
| #define _POSIX_PTHREAD_SEMANTICS 1
| #define _TANDEM_SOURCE 1
| #define HAVE_DLFCN_H 1
| #define LT_OBJDIR ".libs/"
| /* end confdefs.h.  */
| #include <sys/types.h>
| 		#include <sys/param.h>
| 
| int
| main ()
| {
| #if BYTE_ORDER != BIG_ENDIAN
| 		 not big endian
| 		#endif
| 
|   ;
|   return 0;
| }
configure:14286: result: no
configure:14307: checking whether __STDC_LIMIT_MACROS is required
configure:14326: mipsel-uclibc-gcc -std=gnu99 -c -g -O2 -fvisibility=hidden -fPIC -fPIE -fwrapv -fno-strict-aliasing -fno-strict-overflow -Winit-self -Wwrite-strings -Wdiv-by-zero  -D_FORTIFY_SOURCE=2 conftest.c >&5
configure:14326: $? = 0
configure:14327: result: no
configure:14340: checking whether we can assemble basic amd64 code
configure:14361: mipsel-uclibc-gcc -std=gnu99 -c -g -O2 -fvisibility=hidden -fPIC -fPIE -fwrapv -fno-strict-aliasing -fno-strict-overflow -Winit-self -Wwrite-strings -Wdiv-by-zero  -D_FORTIFY_SOURCE=2 conftest.c >&5
conftest.c:38:3: error: #error !amd64
configure:14361: $? = 1
configure: failed program was:
| /* confdefs.h */
| #define PACKAGE_NAME "libsodium"
| #define PACKAGE_TARNAME "libsodium"
| #define PACKAGE_VERSION "0.4.5"
| #define PACKAGE_STRING "libsodium 0.4.5"
| #define PACKAGE_BUGREPORT "https://github.com/jedisct1/libsodium/issues"
| #define PACKAGE_URL "https://github.com/jedisct1/libsodium"
| #define PACKAGE "libsodium"
| #define VERSION "0.4.5"
| #define STDC_HEADERS 1
| #define HAVE_SYS_TYPES_H 1
| #define HAVE_SYS_STAT_H 1
| #define HAVE_STDLIB_H 1
| #define HAVE_STRING_H 1
| #define HAVE_MEMORY_H 1
| #define HAVE_STRINGS_H 1
| #define HAVE_INTTYPES_H 1
| #define HAVE_STDINT_H 1
| #define HAVE_UNISTD_H 1
| #define __EXTENSIONS__ 1
| #define _ALL_SOURCE 1
| #define _GNU_SOURCE 1
| #define _POSIX_PTHREAD_SEMANTICS 1
| #define _TANDEM_SOURCE 1
| #define HAVE_DLFCN_H 1
| #define LT_OBJDIR ".libs/"
| #define NATIVE_LITTLE_ENDIAN 1
| /* end confdefs.h.  */
| 
| 
| int
| main ()
| {
| 
| #if defined(__amd64) || defined(__amd64__) || defined(__x86_64__)
| /* neat */
| #else
| # error !amd64
| #endif
| __asm__("pxor %xmm12,%xmm6");
| 
|   ;
|   return 0;
| }
configure:14369: result: no
configure:14385: checking for 128-bit arithmetic
configure:14416: mipsel-uclibc-gcc -std=gnu99 -c -g -O2 -fvisibility=hidden -fPIC -fPIE -fwrapv -fno-strict-aliasing -fno-strict-overflow -Winit-self -Wwrite-strings -Wdiv-by-zero  -D_FORTIFY_SOURCE=2 conftest.c >&5
conftest.c:34:20: warning: missing terminating ' character
conftest.c:40: error: unable to emulate 'TI'
configure:14416: $? = 1
configure: failed program was:
| /* confdefs.h */
| #define PACKAGE_NAME "libsodium"
| #define PACKAGE_TARNAME "libsodium"
| #define PACKAGE_VERSION "0.4.5"
| #define PACKAGE_STRING "libsodium 0.4.5"
| #define PACKAGE_BUGREPORT "https://github.com/jedisct1/libsodium/issues"
| #define PACKAGE_URL "https://github.com/jedisct1/libsodium"
| #define PACKAGE "libsodium"
| #define VERSION "0.4.5"
| #define STDC_HEADERS 1
| #define HAVE_SYS_TYPES_H 1
| #define HAVE_SYS_STAT_H 1
| #define HAVE_STDLIB_H 1
| #define HAVE_STRING_H 1
| #define HAVE_MEMORY_H 1
| #define HAVE_STRINGS_H 1
| #define HAVE_INTTYPES_H 1
| #define HAVE_STDINT_H 1
| #define HAVE_UNISTD_H 1
| #define __EXTENSIONS__ 1
| #define _ALL_SOURCE 1
| #define _GNU_SOURCE 1
| #define _POSIX_PTHREAD_SEMANTICS 1
| #define _TANDEM_SOURCE 1
| #define HAVE_DLFCN_H 1
| #define LT_OBJDIR ".libs/"
| #define NATIVE_LITTLE_ENDIAN 1
| /* end confdefs.h.  */
| 
| #ifndef __GNUC__
| # error mode(TI) is a gcc extension
| #endif
| #if defined(__clang__) && !defined(__x86_64__)
| # error clang doesn't properly compile smult_curve25519_donna_c64.c
| #endif
| #ifndef NATIVE_LITTLE_ENDIAN
| # error donna_c64 currently requires a little endian CPU
| #endif
| #include <stdint.h>
| typedef unsigned uint128_t __attribute__((mode(TI)));
| void fcontract(uint128_t *t) {
|   *t += 0x8000000000000 - 1;
| }
| 
| int
| main ()
| {
| 
| (void) fcontract;
| 
|   ;
|   return 0;
| }
configure:14424: result: no
configure:14438: checking for cpuid instruction
configure:14456: mipsel-uclibc-gcc -std=gnu99 -c -g -O2 -fvisibility=hidden -fPIC -fPIE -fwrapv -fno-strict-aliasing -fno-strict-overflow -Winit-self -Wwrite-strings -Wdiv-by-zero  -D_FORTIFY_SOURCE=2 conftest.c >&5
/tmp/ccQqwK8P.s: Assembler messages:
/tmp/ccQqwK8P.s:26: Error: unrecognized opcode `movl %ebx,%esi'
/tmp/ccQqwK8P.s:27: Error: unrecognized opcode `cpuid'
/tmp/ccQqwK8P.s:28: Error: unrecognized opcode `movl %esi,%ebx'
configure:14456: $? = 1
configure: failed program was:
| /* confdefs.h */
| #define PACKAGE_NAME "libsodium"
| #define PACKAGE_TARNAME "libsodium"
| #define PACKAGE_VERSION "0.4.5"
| #define PACKAGE_STRING "libsodium 0.4.5"
| #define PACKAGE_BUGREPORT "https://github.com/jedisct1/libsodium/issues"
| #define PACKAGE_URL "https://github.com/jedisct1/libsodium"
| #define PACKAGE "libsodium"
| #define VERSION "0.4.5"
| #define STDC_HEADERS 1
| #define HAVE_SYS_TYPES_H 1
| #define HAVE_SYS_STAT_H 1
| #define HAVE_STDLIB_H 1
| #define HAVE_STRING_H 1
| #define HAVE_MEMORY_H 1
| #define HAVE_STRINGS_H 1
| #define HAVE_INTTYPES_H 1
| #define HAVE_STDINT_H 1
| #define HAVE_UNISTD_H 1
| #define __EXTENSIONS__ 1
| #define _ALL_SOURCE 1
| #define _GNU_SOURCE 1
| #define _POSIX_PTHREAD_SEMANTICS 1
| #define _TANDEM_SOURCE 1
| #define HAVE_DLFCN_H 1
| #define LT_OBJDIR ".libs/"
| #define NATIVE_LITTLE_ENDIAN 1
| /* end confdefs.h.  */
| 
| int
| main ()
| {
| 
| __asm__("movl %ebx,%esi\n"
|         "cpuid\n"
|         "movl %esi,%ebx");
| 
|   ;
|   return 0;
| }
configure:14464: result: no
configure:14483: data alignment is required on this target
configure:14494: checking for clock_gettime
configure:14494: mipsel-uclibc-gcc -std=gnu99 -o conftest -g -O2 -fvisibility=hidden -fPIC -fPIE -fwrapv -fno-strict-aliasing -fno-strict-overflow -Winit-self -Wwrite-strings -Wdiv-by-zero  -D_FORTIFY_SOURCE=2  -pie -Wl,-z,relro -Wl,-z,now -Wl,-z,noexecstack conftest.c  >&5
configure:14494: $? = 0
configure:14494: result: yes
configure:14545: checking for fegetenv
configure:14545: mipsel-uclibc-gcc -std=gnu99 -o conftest -g -O2 -fvisibility=hidden -fPIC -fPIE -fwrapv -fno-strict-aliasing -fno-strict-overflow -Winit-self -Wwrite-strings -Wdiv-by-zero  -D_FORTIFY_SOURCE=2  -pie -Wl,-z,relro -Wl,-z,now -Wl,-z,noexecstack conftest.c  >&5
/tmp/ccafUebH.o: In function `main':
/home/vicente/tomato/release/src-rt/router/libsodium/conftest.c:64: undefined reference to `fegetenv'
collect2: ld returned 1 exit status
configure:14545: $? = 1
configure: failed program was:
| /* confdefs.h */
| #define PACKAGE_NAME "libsodium"
| #define PACKAGE_TARNAME "libsodium"
| #define PACKAGE_VERSION "0.4.5"
| #define PACKAGE_STRING "libsodium 0.4.5"
| #define PACKAGE_BUGREPORT "https://github.com/jedisct1/libsodium/issues"
| #define PACKAGE_URL "https://github.com/jedisct1/libsodium"
| #define PACKAGE "libsodium"
| #define VERSION "0.4.5"
| #define STDC_HEADERS 1
| #define HAVE_SYS_TYPES_H 1
| #define HAVE_SYS_STAT_H 1
| #define HAVE_STDLIB_H 1
| #define HAVE_STRING_H 1
| #define HAVE_MEMORY_H 1
| #define HAVE_STRINGS_H 1
| #define HAVE_INTTYPES_H 1
| #define HAVE_STDINT_H 1
| #define HAVE_UNISTD_H 1
| #define __EXTENSIONS__ 1
| #define _ALL_SOURCE 1
| #define _GNU_SOURCE 1
| #define _POSIX_PTHREAD_SEMANTICS 1
| #define _TANDEM_SOURCE 1
| #define HAVE_DLFCN_H 1
| #define LT_OBJDIR ".libs/"
| #define NATIVE_LITTLE_ENDIAN 1
| #define CPU_ALIGNED_ACCESS_REQUIRED 1
| /* end confdefs.h.  */
| /* Define fegetenv to an innocuous variant, in case <limits.h> declares fegetenv.
|    For example, HP-UX 11i <limits.h> declares gettimeofday.  */
| #define fegetenv innocuous_fegetenv
| 
| /* System header to define __stub macros and hopefully few prototypes,
|     which can conflict with char fegetenv (); below.
|     Prefer <limits.h> to <assert.h> if __STDC__ is defined, since
|     <limits.h> exists even on freestanding compilers.  */
| 
| #ifdef __STDC__
| # include <limits.h>
| #else
| # include <assert.h>
| #endif
| 
| #undef fegetenv
| 
| /* Override any GCC internal prototype to avoid an error.
|    Use char because int might match the return type of a GCC
|    builtin and then its argument prototype would still apply.  */
| #ifdef __cplusplus
| extern "C"
| #endif
| char fegetenv ();
| /* The GNU C library defines this for functions which it implements
|     to always fail with ENOSYS.  Some functions are actually named
|     something starting with __ and the normal name is an alias.  */
| #if defined __stub_fegetenv || defined __stub___fegetenv
| choke me
| #endif
| 
| int
| main ()
| {
| return fegetenv ();
|   ;
|   return 0;
| }
configure:14545: result: no
configure:14549: checking for fegetenv in -lm
configure:14574: mipsel-uclibc-gcc -std=gnu99 -o conftest -g -O2 -fvisibility=hidden -fPIC -fPIE -fwrapv -fno-strict-aliasing -fno-strict-overflow -Winit-self -Wwrite-strings -Wdiv-by-zero  -D_FORTIFY_SOURCE=2  -pie -Wl,-z,relro -Wl,-z,now -Wl,-z,noexecstack conftest.c -lm   >&5
/tmp/ccaPf3hV.o: In function `main':
/home/vicente/tomato/release/src-rt/router/libsodium/conftest.c:41: undefined reference to `fegetenv'
collect2: ld returned 1 exit status
configure:14574: $? = 1
configure: failed program was:
| /* confdefs.h */
| #define PACKAGE_NAME "libsodium"
| #define PACKAGE_TARNAME "libsodium"
| #define PACKAGE_VERSION "0.4.5"
| #define PACKAGE_STRING "libsodium 0.4.5"
| #define PACKAGE_BUGREPORT "https://github.com/jedisct1/libsodium/issues"
| #define PACKAGE_URL "https://github.com/jedisct1/libsodium"
| #define PACKAGE "libsodium"
| #define VERSION "0.4.5"
| #define STDC_HEADERS 1
| #define HAVE_SYS_TYPES_H 1
| #define HAVE_SYS_STAT_H 1
| #define HAVE_STDLIB_H 1
| #define HAVE_STRING_H 1
| #define HAVE_MEMORY_H 1
| #define HAVE_STRINGS_H 1
| #define HAVE_INTTYPES_H 1
| #define HAVE_STDINT_H 1
| #define HAVE_UNISTD_H 1
| #define __EXTENSIONS__ 1
| #define _ALL_SOURCE 1
| #define _GNU_SOURCE 1
| #define _POSIX_PTHREAD_SEMANTICS 1
| #define _TANDEM_SOURCE 1
| #define HAVE_DLFCN_H 1
| #define LT_OBJDIR ".libs/"
| #define NATIVE_LITTLE_ENDIAN 1
| #define CPU_ALIGNED_ACCESS_REQUIRED 1
| /* end confdefs.h.  */
| 
| /* Override any GCC internal prototype to avoid an error.
|    Use char because int might match the return type of a GCC
|    builtin and then its argument prototype would still apply.  */
| #ifdef __cplusplus
| extern "C"
| #endif
| char fegetenv ();
| int
| main ()
| {
| return fegetenv ();
|   ;
|   return 0;
| }
configure:14583: result: no
configure:14600: checking for SecureZeroMemory
configure:14600: mipsel-uclibc-gcc -std=gnu99 -o conftest -g -O2 -fvisibility=hidden -fPIC -fPIE -fwrapv -fno-strict-aliasing -fno-strict-overflow -Winit-self -Wwrite-strings -Wdiv-by-zero  -D_FORTIFY_SOURCE=2  -pie -Wl,-z,relro -Wl,-z,now -Wl,-z,noexecstack conftest.c  >&5
/tmp/ccUuytd4.o: In function `main':
/home/vicente/tomato/release/src-rt/router/libsodium/conftest.c:64: undefined reference to `SecureZeroMemory'
collect2: ld returned 1 exit status
configure:14600: $? = 1
configure: failed program was:
| /* confdefs.h */
| #define PACKAGE_NAME "libsodium"
| #define PACKAGE_TARNAME "libsodium"
| #define PACKAGE_VERSION "0.4.5"
| #define PACKAGE_STRING "libsodium 0.4.5"
| #define PACKAGE_BUGREPORT "https://github.com/jedisct1/libsodium/issues"
| #define PACKAGE_URL "https://github.com/jedisct1/libsodium"
| #define PACKAGE "libsodium"
| #define VERSION "0.4.5"
| #define STDC_HEADERS 1
| #define HAVE_SYS_TYPES_H 1
| #define HAVE_SYS_STAT_H 1
| #define HAVE_STDLIB_H 1
| #define HAVE_STRING_H 1
| #define HAVE_MEMORY_H 1
| #define HAVE_STRINGS_H 1
| #define HAVE_INTTYPES_H 1
| #define HAVE_STDINT_H 1
| #define HAVE_UNISTD_H 1
| #define __EXTENSIONS__ 1
| #define _ALL_SOURCE 1
| #define _GNU_SOURCE 1
| #define _POSIX_PTHREAD_SEMANTICS 1
| #define _TANDEM_SOURCE 1
| #define HAVE_DLFCN_H 1
| #define LT_OBJDIR ".libs/"
| #define NATIVE_LITTLE_ENDIAN 1
| #define CPU_ALIGNED_ACCESS_REQUIRED 1
| /* end confdefs.h.  */
| /* Define SecureZeroMemory to an innocuous variant, in case <limits.h> declares SecureZeroMemory.
|    For example, HP-UX 11i <limits.h> declares gettimeofday.  */
| #define SecureZeroMemory innocuous_SecureZeroMemory
| 
| /* System header to define __stub macros and hopefully few prototypes,
|     which can conflict with char SecureZeroMemory (); below.
|     Prefer <limits.h> to <assert.h> if __STDC__ is defined, since
|     <limits.h> exists even on freestanding compilers.  */
| 
| #ifdef __STDC__
| # include <limits.h>
| #else
| # include <assert.h>
| #endif
| 
| #undef SecureZeroMemory
| 
| /* Override any GCC internal prototype to avoid an error.
|    Use char because int might match the return type of a GCC
|    builtin and then its argument prototype would still apply.  */
| #ifdef __cplusplus
| extern "C"
| #endif
| char SecureZeroMemory ();
| /* The GNU C library defines this for functions which it implements
|     to always fail with ENOSYS.  Some functions are actually named
|     something starting with __ and the normal name is an alias.  */
| #if defined __stub_SecureZeroMemory || defined __stub___SecureZeroMemory
| choke me
| #endif
| 
| int
| main ()
| {
| return SecureZeroMemory ();
|   ;
|   return 0;
| }
configure:14600: result: no
configure:14600: checking for arc4random
configure:14600: mipsel-uclibc-gcc -std=gnu99 -o conftest -g -O2 -fvisibility=hidden -fPIC -fPIE -fwrapv -fno-strict-aliasing -fno-strict-overflow -Winit-self -Wwrite-strings -Wdiv-by-zero  -D_FORTIFY_SOURCE=2  -pie -Wl,-z,relro -Wl,-z,now -Wl,-z,noexecstack conftest.c  >&5
/tmp/ccmbgWHb.o: In function `main':
/home/vicente/tomato/release/src-rt/router/libsodium/conftest.c:64: undefined reference to `arc4random'
collect2: ld returned 1 exit status
configure:14600: $? = 1
configure: failed program was:
| /* confdefs.h */
| #define PACKAGE_NAME "libsodium"
| #define PACKAGE_TARNAME "libsodium"
| #define PACKAGE_VERSION "0.4.5"
| #define PACKAGE_STRING "libsodium 0.4.5"
| #define PACKAGE_BUGREPORT "https://github.com/jedisct1/libsodium/issues"
| #define PACKAGE_URL "https://github.com/jedisct1/libsodium"
| #define PACKAGE "libsodium"
| #define VERSION "0.4.5"
| #define STDC_HEADERS 1
| #define HAVE_SYS_TYPES_H 1
| #define HAVE_SYS_STAT_H 1
| #define HAVE_STDLIB_H 1
| #define HAVE_STRING_H 1
| #define HAVE_MEMORY_H 1
| #define HAVE_STRINGS_H 1
| #define HAVE_INTTYPES_H 1
| #define HAVE_STDINT_H 1
| #define HAVE_UNISTD_H 1
| #define __EXTENSIONS__ 1
| #define _ALL_SOURCE 1
| #define _GNU_SOURCE 1
| #define _POSIX_PTHREAD_SEMANTICS 1
| #define _TANDEM_SOURCE 1
| #define HAVE_DLFCN_H 1
| #define LT_OBJDIR ".libs/"
| #define NATIVE_LITTLE_ENDIAN 1
| #define CPU_ALIGNED_ACCESS_REQUIRED 1
| /* end confdefs.h.  */
| /* Define arc4random to an innocuous variant, in case <limits.h> declares arc4random.
|    For example, HP-UX 11i <limits.h> declares gettimeofday.  */
| #define arc4random innocuous_arc4random
| 
| /* System header to define __stub macros and hopefully few prototypes,
|     which can conflict with char arc4random (); below.
|     Prefer <limits.h> to <assert.h> if __STDC__ is defined, since
|     <limits.h> exists even on freestanding compilers.  */
| 
| #ifdef __STDC__
| # include <limits.h>
| #else
| # include <assert.h>
| #endif
| 
| #undef arc4random
| 
| /* Override any GCC internal prototype to avoid an error.
|    Use char because int might match the return type of a GCC
|    builtin and then its argument prototype would still apply.  */
| #ifdef __cplusplus
| extern "C"
| #endif
| char arc4random ();
| /* The GNU C library defines this for functions which it implements
|     to always fail with ENOSYS.  Some functions are actually named
|     something starting with __ and the normal name is an alias.  */
| #if defined __stub_arc4random || defined __stub___arc4random
| choke me
| #endif
| 
| int
| main ()
| {
| return arc4random ();
|   ;
|   return 0;
| }
configure:14600: result: no
configure:14600: checking for arc4random_buf
configure:14600: mipsel-uclibc-gcc -std=gnu99 -o conftest -g -O2 -fvisibility=hidden -fPIC -fPIE -fwrapv -fno-strict-aliasing -fno-strict-overflow -Winit-self -Wwrite-strings -Wdiv-by-zero  -D_FORTIFY_SOURCE=2  -pie -Wl,-z,relro -Wl,-z,now -Wl,-z,noexecstack conftest.c  >&5
/tmp/ccyXITko.o: In function `main':
/home/vicente/tomato/release/src-rt/router/libsodium/conftest.c:64: undefined reference to `arc4random_buf'
collect2: ld returned 1 exit status
configure:14600: $? = 1
configure: failed program was:
| /* confdefs.h */
| #define PACKAGE_NAME "libsodium"
| #define PACKAGE_TARNAME "libsodium"
| #define PACKAGE_VERSION "0.4.5"
| #define PACKAGE_STRING "libsodium 0.4.5"
| #define PACKAGE_BUGREPORT "https://github.com/jedisct1/libsodium/issues"
| #define PACKAGE_URL "https://github.com/jedisct1/libsodium"
| #define PACKAGE "libsodium"
| #define VERSION "0.4.5"
| #define STDC_HEADERS 1
| #define HAVE_SYS_TYPES_H 1
| #define HAVE_SYS_STAT_H 1
| #define HAVE_STDLIB_H 1
| #define HAVE_STRING_H 1
| #define HAVE_MEMORY_H 1
| #define HAVE_STRINGS_H 1
| #define HAVE_INTTYPES_H 1
| #define HAVE_STDINT_H 1
| #define HAVE_UNISTD_H 1
| #define __EXTENSIONS__ 1
| #define _ALL_SOURCE 1
| #define _GNU_SOURCE 1
| #define _POSIX_PTHREAD_SEMANTICS 1
| #define _TANDEM_SOURCE 1
| #define HAVE_DLFCN_H 1
| #define LT_OBJDIR ".libs/"
| #define NATIVE_LITTLE_ENDIAN 1
| #define CPU_ALIGNED_ACCESS_REQUIRED 1
| /* end confdefs.h.  */
| /* Define arc4random_buf to an innocuous variant, in case <limits.h> declares arc4random_buf.
|    For example, HP-UX 11i <limits.h> declares gettimeofday.  */
| #define arc4random_buf innocuous_arc4random_buf
| 
| /* System header to define __stub macros and hopefully few prototypes,
|     which can conflict with char arc4random_buf (); below.
|     Prefer <limits.h> to <assert.h> if __STDC__ is defined, since
|     <limits.h> exists even on freestanding compilers.  */
| 
| #ifdef __STDC__
| # include <limits.h>
| #else
| # include <assert.h>
| #endif
| 
| #undef arc4random_buf
| 
| /* Override any GCC internal prototype to avoid an error.
|    Use char because int might match the return type of a GCC
|    builtin and then its argument prototype would still apply.  */
| #ifdef __cplusplus
| extern "C"
| #endif
| char arc4random_buf ();
| /* The GNU C library defines this for functions which it implements
|     to always fail with ENOSYS.  Some functions are actually named
|     something starting with __ and the normal name is an alias.  */
| #if defined __stub_arc4random_buf || defined __stub___arc4random_buf
| choke me
| #endif
| 
| int
| main ()
| {
| return arc4random_buf ();
|   ;
|   return 0;
| }
configure:14600: result: no
configure:14912: checking if gcc/ld supports -Wl,--output-def
configure:14933: mipsel-uclibc-gcc -std=gnu99 -o conftest -g -O2 -fvisibility=hidden -fPIC -fPIE -fwrapv -fno-strict-aliasing -fno-strict-overflow -Winit-self -Wwrite-strings -Wdiv-by-zero  -D_FORTIFY_SOURCE=2 -Wl,--output-def,conftest.def conftest.c  >&5
/home/vicente/tomato/tools/brcm/K26/hndtools-mipsel-uclibc-4.2.4/bin/../lib/gcc/mipsel-linux-uclibc/4.2.4/../../../../mipsel-linux-uclibc/bin/ld: unrecognized option '--output-def'
/home/vicente/tomato/tools/brcm/K26/hndtools-mipsel-uclibc-4.2.4/bin/../lib/gcc/mipsel-linux-uclibc/4.2.4/../../../../mipsel-linux-uclibc/bin/ld: use the --help option for usage information
collect2: ld returned 1 exit status
configure:14933: $? = 1
configure: failed program was:
| /* confdefs.h */
| #define PACKAGE_NAME "libsodium"
| #define PACKAGE_TARNAME "libsodium"
| #define PACKAGE_VERSION "0.4.5"
| #define PACKAGE_STRING "libsodium 0.4.5"
| #define PACKAGE_BUGREPORT "https://github.com/jedisct1/libsodium/issues"
| #define PACKAGE_URL "https://github.com/jedisct1/libsodium"
| #define PACKAGE "libsodium"
| #define VERSION "0.4.5"
| #define STDC_HEADERS 1
| #define HAVE_SYS_TYPES_H 1
| #define HAVE_SYS_STAT_H 1
| #define HAVE_STDLIB_H 1
| #define HAVE_STRING_H 1
| #define HAVE_MEMORY_H 1
| #define HAVE_STRINGS_H 1
| #define HAVE_INTTYPES_H 1
| #define HAVE_STDINT_H 1
| #define HAVE_UNISTD_H 1
| #define __EXTENSIONS__ 1
| #define _ALL_SOURCE 1
| #define _GNU_SOURCE 1
| #define _POSIX_PTHREAD_SEMANTICS 1
| #define _TANDEM_SOURCE 1
| #define HAVE_DLFCN_H 1
| #define LT_OBJDIR ".libs/"
| #define NATIVE_LITTLE_ENDIAN 1
| #define CPU_ALIGNED_ACCESS_REQUIRED 1
| /* end confdefs.h.  */
| 
| int
| main ()
| {
| 
|   ;
|   return 0;
| }
configure:14944: result: no
configure:15161: creating ./config.status

## ---------------------- ##
## Running config.status. ##
## ---------------------- ##

This file was extended by libsodium config.status 0.4.5, which was
generated by GNU Autoconf 2.69.  Invocation command line was

  CONFIG_FILES    = 
  CONFIG_HEADERS  = 
  CONFIG_LINKS    = 
  CONFIG_COMMANDS = 
  $ ./config.status 

on asus-K53SJ

config.status:1052: creating libsodium.pc
config.status:1052: creating Makefile
config.status:1052: creating msvc-scripts/Makefile
config.status:1052: creating src/Makefile
config.status:1052: creating src/libsodium/Makefile
config.status:1052: creating src/libsodium/include/Makefile
config.status:1052: creating src/libsodium/include/sodium/version.h
config.status:1052: creating src/libsodium/include/sodium/crypto_scalarmult_curve25519.h
config.status:1052: creating src/libsodium/include/sodium/crypto_stream_salsa20.h
config.status:1052: creating test/default/Makefile
config.status:1052: creating test/Makefile
config.status:1224: executing depfiles commands
config.status:1224: executing libtool commands

## ---------------- ##
## Cache variables. ##
## ---------------- ##

ac_cv_build=x86_64-pc-linux-gnu
ac_cv_c_bigendian=no
ac_cv_c_compiler_gnu=yes
ac_cv_c_inline=inline
ac_cv_env_AR_set=set
ac_cv_env_AR_value=mipsel-uclibc-ar
ac_cv_env_CCASFLAGS_set=
ac_cv_env_CCASFLAGS_value=
ac_cv_env_CCAS_set=
ac_cv_env_CCAS_value=
ac_cv_env_CC_set=set
ac_cv_env_CC_value=mipsel-uclibc-gcc
ac_cv_env_CFLAGS_set=
ac_cv_env_CFLAGS_value=
ac_cv_env_CPPFLAGS_set=
ac_cv_env_CPPFLAGS_value=
ac_cv_env_CPP_set=
ac_cv_env_CPP_value=
ac_cv_env_CWFLAGS_set=
ac_cv_env_CWFLAGS_value=
ac_cv_env_LDFLAGS_set=
ac_cv_env_LDFLAGS_value=
ac_cv_env_LIBS_set=
ac_cv_env_LIBS_value=
ac_cv_env_PKG_CONFIG_LIBDIR_set=
ac_cv_env_PKG_CONFIG_LIBDIR_value=
ac_cv_env_PKG_CONFIG_PATH_set=
ac_cv_env_PKG_CONFIG_PATH_value=
ac_cv_env_PKG_CONFIG_set=
ac_cv_env_PKG_CONFIG_value=
ac_cv_env_SAFECODE_HOME_set=
ac_cv_env_SAFECODE_HOME_value=
ac_cv_env_build_alias_set=set
ac_cv_env_build_alias_value=x86_64-linux-gnu
ac_cv_env_host_alias_set=set
ac_cv_env_host_alias_value=mipsel-linux
ac_cv_env_target_alias_set=
ac_cv_env_target_alias_value=
ac_cv_func_SecureZeroMemory=no
ac_cv_func_arc4random=no
ac_cv_func_arc4random_buf=no
ac_cv_func_clock_gettime=yes
ac_cv_func_fegetenv=no
ac_cv_func_malloc_0_nonnull=yes
ac_cv_header_avxintrin_h=no
ac_cv_header_dlfcn_h=yes
ac_cv_header_emmintrin_h=no
ac_cv_header_immintrin_h=no
ac_cv_header_inttypes_h=yes
ac_cv_header_memory_h=yes
ac_cv_header_minix_config_h=no
ac_cv_header_smmintrin_h=no
ac_cv_header_stdc=yes
ac_cv_header_stdint_h=yes
ac_cv_header_stdlib_h=yes
ac_cv_header_string_h=yes
ac_cv_header_strings_h=yes
ac_cv_header_sys_stat_h=yes
ac_cv_header_sys_types_h=yes
ac_cv_header_tmmintrin_h=no
ac_cv_header_unistd_h=yes
ac_cv_header_wmmintrin_h=no
ac_cv_header_x86intrin_h=no
ac_cv_host=mipsel-unknown-linux-gnu
ac_cv_lib_m_fegetenv=no
ac_cv_objext=o
ac_cv_path_EGREP='/bin/grep -E'
ac_cv_path_FGREP='/bin/grep -F'
ac_cv_path_GREP=/bin/grep
ac_cv_path_SED=/bin/sed
ac_cv_path_ac_pt_PKG_CONFIG=/usr/bin/pkg-config
ac_cv_path_install='/usr/bin/install -c'
ac_cv_path_mkdir=/bin/mkdir
ac_cv_prog_AR=mipsel-uclibc-ar
ac_cv_prog_AWK=gawk
ac_cv_prog_CC=mipsel-uclibc-gcc
ac_cv_prog_CPP='mipsel-uclibc-gcc -std=gnu99 -E'
ac_cv_prog_OBJDUMP=mipsel-linux-objdump
ac_cv_prog_RANLIB=mipsel-uclibc-ranlib
ac_cv_prog_STRIP=mipsel-uclibc-strip
ac_cv_prog_ac_ct_MANIFEST_TOOL=mt
ac_cv_prog_cc_c89=
ac_cv_prog_cc_c99=-std=gnu99
ac_cv_prog_cc_g=yes
ac_cv_prog_make_make_set=yes
ac_cv_safe_to_define___extensions__=yes
am_cv_CCAS_dependencies_compiler_type=gcc3
am_cv_CC_dependencies_compiler_type=gcc3
am_cv_make_support_nested_variables=yes
am_cv_prog_tar_ustar=gnutar
ax_cv_check_cflags___Wdiv_by_zero=yes
ax_cv_check_cflags___Winit_self=yes
ax_cv_check_cflags___Wsometimes_uninitialized=no
ax_cv_check_cflags___Wwrite_strings=yes
ax_cv_check_cflags____Wall=yes
ax_cv_check_cflags____Wall__Wextra=yes
ax_cv_check_cflags____Wall__Wextra__Wbad_function_cast=yes
ax_cv_check_cflags____Wall__Wextra__Wbad_function_cast__Wcast_align=yes
ax_cv_check_cflags____Wall__Wextra__Wbad_function_cast__Wcast_align__Wcast_qual=yes
ax_cv_check_cflags____Wall__Wextra__Wbad_function_cast__Wcast_align__Wcast_qual__Wchar_subscripts=yes
ax_cv_check_cflags____Wall__Wextra__Wbad_function_cast__Wcast_align__Wcast_qual__Wchar_subscripts__Wcomment=yes
ax_cv_check_cflags____Wall__Wextra__Wbad_function_cast__Wcast_align__Wcast_qual__Wchar_subscripts__Wcomment__Wfloat_equal=yes
ax_cv_check_cflags____Wall__Wextra__Wbad_function_cast__Wcast_align__Wcast_qual__Wchar_subscripts__Wcomment__Wfloat_equal__Wformat_2=yes
ax_cv_check_cflags____Wall__Wextra__Wbad_function_cast__Wcast_align__Wcast_qual__Wchar_subscripts__Wcomment__Wfloat_equal__Wformat_2__Wimplicit=yes
ax_cv_check_cflags____Wall__Wextra__Wbad_function_cast__Wcast_align__Wcast_qual__Wchar_subscripts__Wcomment__Wfloat_equal__Wformat_2__Wimplicit__Wmissing_declarations=yes
ax_cv_check_cflags____Wall__Wextra__Wbad_function_cast__Wcast_align__Wcast_qual__Wchar_subscripts__Wcomment__Wfloat_equal__Wformat_2__Wimplicit__Wmissing_declarations__Wmissing_prototypes=yes
ax_cv_check_cflags____Wall__Wextra__Wbad_function_cast__Wcast_align__Wcast_qual__Wchar_subscripts__Wcomment__Wfloat_equal__Wformat_2__Wimplicit__Wmissing_declarations__Wmissing_prototypes__Wnormalized_id=yes
ax_cv_check_cflags____Wall__Wextra__Wbad_function_cast__Wcast_align__Wcast_qual__Wchar_subscripts__Wcomment__Wfloat_equal__Wformat_2__Wimplicit__Wmissing_declarations__Wmissing_prototypes__Wnormalized_id__Woverride_init=yes
ax_cv_check_cflags____Wall__Wextra__Wbad_function_cast__Wcast_align__Wcast_qual__Wchar_subscripts__Wcomment__Wfloat_equal__Wformat_2__Wimplicit__Wmissing_declarations__Wmissing_prototypes__Wnormalized_id__Woverride_init__Wparentheses=yes
ax_cv_check_cflags____Wall__Wextra__Wbad_function_cast__Wcast_align__Wcast_qual__Wchar_subscripts__Wcomment__Wfloat_equal__Wformat_2__Wimplicit__Wmissing_declarations__Wmissing_prototypes__Wnormalized_id__Woverride_init__Wparentheses__Wpointer_arith=yes
ax_cv_check_cflags____Wall__Wextra__Wbad_function_cast__Wcast_align__Wcast_qual__Wchar_subscripts__Wcomment__Wfloat_equal__Wformat_2__Wimplicit__Wmissing_declarations__Wmissing_prototypes__Wnormalized_id__Woverride_init__Wparentheses__Wpointer_arith__Wredundant_decls=yes
ax_cv_check_cflags____Wall__Wextra__Wbad_function_cast__Wcast_align__Wcast_qual__Wchar_subscripts__Wcomment__Wfloat_equal__Wformat_2__Wimplicit__Wmissing_declarations__Wmissing_prototypes__Wnormalized_id__Woverride_init__Wparentheses__Wpointer_arith__Wredundant_decls__Wstrict_prototypes=yes
ax_cv_check_cflags____Wall__Wextra__Wbad_function_cast__Wcast_align__Wcast_qual__Wchar_subscripts__Wcomment__Wfloat_equal__Wformat_2__Wimplicit__Wmissing_declarations__Wmissing_prototypes__Wnormalized_id__Woverride_init__Wparentheses__Wpointer_arith__Wredundant_decls__Wstrict_prototypes__Wswitch_enum=yes
ax_cv_check_cflags____Wall__Wextra__Wbad_function_cast__Wcast_align__Wcast_qual__Wchar_subscripts__Wcomment__Wfloat_equal__Wformat_2__Wimplicit__Wmissing_declarations__Wmissing_prototypes__Wnormalized_id__Woverride_init__Wparentheses__Wpointer_arith__Wredundant_decls__Wstrict_prototypes__Wswitch_enum__Wvariable_decl=no
ax_cv_check_cflags___fPIC=yes
ax_cv_check_cflags___fPIE=yes
ax_cv_check_cflags___fno_strict_aliasing=yes
ax_cv_check_cflags___fno_strict_overflow=yes
ax_cv_check_cflags___fvisibility_hidden=yes
ax_cv_check_cflags___fwrapv=yes
ax_cv_check_ldflags___Wl__z_noexecstack=yes
ax_cv_check_ldflags___Wl__z_now=yes
ax_cv_check_ldflags___Wl__z_relro=yes
ax_cv_check_ldflags___fPIC=yes
ax_cv_check_ldflags___fPIE=yes
ax_cv_check_ldflags___pie=yes
gl_cv_ld_output_def=no
lt_cv_ar_at_file=@
lt_cv_archive_cmds_need_lc=no
lt_cv_deplibs_check_method=pass_all
lt_cv_file_magic_cmd='$MAGIC_CMD'
lt_cv_file_magic_test_file=
lt_cv_ld_reload_flag=-r
lt_cv_nm_interface='BSD nm'
lt_cv_objdir=.libs
lt_cv_path_LD=mipsel-uclibc-ld
lt_cv_path_NM=mipsel-uclibc-nm
lt_cv_path_mainfest_tool=no
lt_cv_prog_compiler_c_o=yes
lt_cv_prog_compiler_pic='-fPIC -DPIC'
lt_cv_prog_compiler_pic_works=yes
lt_cv_prog_compiler_rtti_exceptions=no
lt_cv_prog_compiler_static_works=yes
lt_cv_prog_gnu_ld=yes
lt_cv_sharedlib_from_linklib_cmd='printf %s\n'
lt_cv_shlibpath_overrides_runpath=no
lt_cv_sys_global_symbol_pipe='sed -n -e '\''s/^.*[	 ]\([ABCDGIRSTW][ABCDGIRSTW]*\)[	 ][	 ]*\([_A-Za-z][_A-Za-z0-9]*\)$/\1 \2 \2/p'\'' | sed '\''/ __gnu_lto/d'\'''
lt_cv_sys_global_symbol_to_c_name_address='sed -n -e '\''s/^: \([^ ]*\)[ ]*$/  {\"\1\", (void *) 0},/p'\'' -e '\''s/^[ABCDGIRSTW]* \([^ ]*\) \([^ ]*\)$/  {"\2", (void *) \&\2},/p'\'''
lt_cv_sys_global_symbol_to_c_name_address_lib_prefix='sed -n -e '\''s/^: \([^ ]*\)[ ]*$/  {\"\1\", (void *) 0},/p'\'' -e '\''s/^[ABCDGIRSTW]* \([^ ]*\) \(lib[^ ]*\)$/  {"\2", (void *) \&\2},/p'\'' -e '\''s/^[ABCDGIRSTW]* \([^ ]*\) \([^ ]*\)$/  {"lib\2", (void *) \&\2},/p'\'''
lt_cv_sys_global_symbol_to_cdecl='sed -n -e '\''s/^T .* \(.*\)$/extern int \1();/p'\'' -e '\''s/^[ABCDGIRSTW]* .* \(.*\)$/extern char \1;/p'\'''
lt_cv_sys_max_cmd_len=3458764513820540925
lt_cv_to_host_file_cmd=func_convert_file_noop
lt_cv_to_tool_file_cmd=func_convert_file_noop

## ----------------- ##
## Output variables. ##
## ----------------- ##

ACLOCAL='${SHELL} /home/vicente/tomato/release/src-rt/router/libsodium/missing --run aclocal-1.11'
AMDEPBACKSLASH='\'
AMDEP_FALSE='#'
AMDEP_TRUE=''
AMTAR='$${TAR-tar}'
AM_BACKSLASH='\'
AM_DEFAULT_V='$(AM_DEFAULT_VERBOSITY)'
AM_DEFAULT_VERBOSITY='0'
AM_V='$(V)'
AR='mipsel-uclibc-ar'
AS='mipsel-uclibc-as'
AUTOCONF='${SHELL} /home/vicente/tomato/release/src-rt/router/libsodium/missing --run autoconf'
AUTOHEADER='${SHELL} /home/vicente/tomato/release/src-rt/router/libsodium/missing --run autoheader'
AUTOMAKE='${SHELL} /home/vicente/tomato/release/src-rt/router/libsodium/missing --run automake-1.11'
AWK='gawk'
CC='mipsel-uclibc-gcc -std=gnu99'
CCAS='mipsel-uclibc-gcc -std=gnu99'
CCASDEPMODE='depmode=gcc3'
CCASFLAGS='-g -O2'
CCDEPMODE='depmode=gcc3'
CFLAGS='-g -O2 -fvisibility=hidden -fPIC -fPIE -fwrapv -fno-strict-aliasing -fno-strict-overflow -Winit-self -Wwrite-strings -Wdiv-by-zero'
CPP='mipsel-uclibc-gcc -std=gnu99 -E'
CPPFLAGS=' -D_FORTIFY_SOURCE=2'
CWFLAGS=' -Wall -Wextra -Wbad-function-cast -Wcast-align -Wcast-qual -Wchar-subscripts -Wcomment -Wfloat-equal -Wformat=2 -Wimplicit -Wmissing-declarations -Wmissing-prototypes -Wnormalized=id -Woverride-init -Wparentheses -Wpointer-arith -Wredundant-decls -Wstrict-prototypes -Wswitch-enum'
CYGPATH_W='echo'
DEFS='-DPACKAGE_NAME=\"libsodium\" -DPACKAGE_TARNAME=\"libsodium\" -DPACKAGE_VERSION=\"0.4.5\" -DPACKAGE_STRING=\"libsodium\ 0.4.5\" -DPACKAGE_BUGREPORT=\"https://github.com/jedisct1/libsodium/issues\" -DPACKAGE_URL=\"https://github.com/jedisct1/libsodium\" -DPACKAGE=\"libsodium\" -DVERSION=\"0.4.5\" -DSTDC_HEADERS=1 -DHAVE_SYS_TYPES_H=1 -DHAVE_SYS_STAT_H=1 -DHAVE_STDLIB_H=1 -DHAVE_STRING_H=1 -DHAVE_MEMORY_H=1 -DHAVE_STRINGS_H=1 -DHAVE_INTTYPES_H=1 -DHAVE_STDINT_H=1 -DHAVE_UNISTD_H=1 -D__EXTENSIONS__=1 -D_ALL_SOURCE=1 -D_GNU_SOURCE=1 -D_POSIX_PTHREAD_SEMANTICS=1 -D_TANDEM_SOURCE=1 -DHAVE_DLFCN_H=1 -DLT_OBJDIR=\".libs/\" -DNATIVE_LITTLE_ENDIAN=1 -DCPU_ALIGNED_ACCESS_REQUIRED=1'
DEPDIR='.deps'
DLLTOOL='false'
DLL_VERSION='4'
DSYMUTIL=''
DUMPBIN=''
ECHO_C=''
ECHO_N='-n'
ECHO_T=''
EGREP='/bin/grep -E'
EXEEXT=''
FGREP='/bin/grep -F'
GREP='/bin/grep'
HAVE_AMD64_ASM_FALSE=''
HAVE_AMD64_ASM_TRUE='#'
HAVE_AMD64_ASM_V='0'
HAVE_CPUID_FALSE=''
HAVE_CPUID_TRUE='#'
HAVE_CPUID_V='0'
HAVE_LD_OUTPUT_DEF_FALSE=''
HAVE_LD_OUTPUT_DEF_TRUE='#'
HAVE_PKG_CONFIG=''
HAVE_PKG_CONFIG_FALSE='#'
HAVE_PKG_CONFIG_TRUE=''
HAVE_TI_MODE_FALSE=''
HAVE_TI_MODE_TRUE='#'
HAVE_TI_MODE_V='0'
INSTALL_DATA='${INSTALL} -m 644'
INSTALL_PROGRAM='${INSTALL}'
INSTALL_SCRIPT='${INSTALL}'
INSTALL_STRIP_PROGRAM='$(install_sh) -c -s'
ISODATE='2013-12-07'
LD='mipsel-uclibc-ld'
LDFLAGS=' -pie -Wl,-z,relro -Wl,-z,now -Wl,-z,noexecstack'
LIBOBJS=''
LIBS=''
LIBTOOL='$(SHELL) $(top_builddir)/libtool'
LIBTOOL_DEPS='./ltmain.sh'
LIBTOOL_EXTRA_FLAGS='-version-info 9:0:5'
LIPO=''
LN_S='ln -s'
LTLIBOBJS=''
MAINT='#'
MAINTAINER_MODE_FALSE=''
MAINTAINER_MODE_TRUE='#'
MAKEINFO='${SHELL} /home/vicente/tomato/release/src-rt/router/libsodium/missing --run makeinfo'
MANIFEST_TOOL=':'
MKDIR_P='/bin/mkdir -p'
NM='mipsel-uclibc-nm'
NMEDIT=''
OBJDUMP='mipsel-linux-objdump'
OBJEXT='o'
OTOOL64=''
OTOOL=''
PACKAGE='libsodium'
PACKAGE_BUGREPORT='https://github.com/jedisct1/libsodium/issues'
PACKAGE_NAME='libsodium'
PACKAGE_STRING='libsodium 0.4.5'
PACKAGE_TARNAME='libsodium'
PACKAGE_URL='https://github.com/jedisct1/libsodium'
PACKAGE_VERSION='0.4.5'
PATH_SEPARATOR=':'
PKG_CONFIG='/usr/bin/pkg-config'
PKG_CONFIG_LIBDIR=''
PKG_CONFIG_PATH=''
RANLIB='mipsel-uclibc-ranlib'
SAFECODE_HOME=''
SED='/bin/sed'
SET_MAKE=''
SHELL='/bin/sh'
SODIUM_LIBRARY_VERSION='9:0:5'
SODIUM_LIBRARY_VERSION_MAJOR='4'
SODIUM_LIBRARY_VERSION_MINOR='4'
STRIP='mipsel-uclibc-strip'
VERSION='0.4.5'
ac_ct_AR=''
ac_ct_CC=''
ac_ct_DUMPBIN=''
am__EXEEXT_FALSE=''
am__EXEEXT_TRUE='#'
am__fastdepCCAS_FALSE='#'
am__fastdepCCAS_TRUE=''
am__fastdepCC_FALSE='#'
am__fastdepCC_TRUE=''
am__include='include'
am__isrc=''
am__leading_dot='.'
am__nodep='_no'
am__quote=''
am__tar='tar --format=ustar -chf - "$$tardir"'
am__untar='tar -xf -'
bindir='${exec_prefix}/bin'
build='x86_64-pc-linux-gnu'
build_alias='x86_64-linux-gnu'
build_cpu='x86_64'
build_os='linux-gnu'
build_vendor='pc'
datadir='${datarootdir}'
datarootdir='${prefix}/share'
docdir='${datarootdir}/doc/${PACKAGE_TARNAME}'
dvidir='${docdir}'
exec_prefix='${prefix}'
host='mipsel-unknown-linux-gnu'
host_alias='mipsel-linux'
host_cpu='mipsel'
host_os='linux-gnu'
host_vendor='unknown'
htmldir='${docdir}'
includedir='${prefix}/include'
infodir='${datarootdir}/info'
install_sh='${SHELL} /home/vicente/tomato/release/src-rt/router/libsodium/install-sh'
libdir='${exec_prefix}/lib'
libexecdir='${exec_prefix}/libexec'
localedir='${datarootdir}/locale'
localstatedir='${prefix}/var'
mandir='${datarootdir}/man'
mkdir_p='/bin/mkdir -p'
oldincludedir='/usr/include'
pdfdir='${docdir}'
prefix='/usr'
program_transform_name='s,x,x,'
psdir='${docdir}'
sbindir='${exec_prefix}/sbin'
sharedstatedir='${prefix}/com'
sysconfdir='${prefix}/etc'
target_alias=''

## ----------- ##
## confdefs.h. ##
## ----------- ##

/* confdefs.h */
#define PACKAGE_NAME "libsodium"
#define PACKAGE_TARNAME "libsodium"
#define PACKAGE_VERSION "0.4.5"
#define PACKAGE_STRING "libsodium 0.4.5"
#define PACKAGE_BUGREPORT "https://github.com/jedisct1/libsodium/issues"
#define PACKAGE_URL "https://github.com/jedisct1/libsodium"
#define PACKAGE "libsodium"
#define VERSION "0.4.5"
#define STDC_HEADERS 1
#define HAVE_SYS_TYPES_H 1
#define HAVE_SYS_STAT_H 1
#define HAVE_STDLIB_H 1
#define HAVE_STRING_H 1
#define HAVE_MEMORY_H 1
#define HAVE_STRINGS_H 1
#define HAVE_INTTYPES_H 1
#define HAVE_STDINT_H 1
#define HAVE_UNISTD_H 1
#define __EXTENSIONS__ 1
#define _ALL_SOURCE 1
#define _GNU_SOURCE 1
#define _POSIX_PTHREAD_SEMANTICS 1
#define _TANDEM_SOURCE 1
#define HAVE_DLFCN_H 1
#define LT_OBJDIR ".libs/"
#define NATIVE_LITTLE_ENDIAN 1
#define CPU_ALIGNED_ACCESS_REQUIRED 1

configure: exit 0
