This file contains any messages produced by compilers while
running configure, to aid debugging if configure makes a mistake.

It was created by wslay configure 0.1.1, which was
generated by GNU Autoconf 2.69.  Invocation command line was

  $ ./configure --disable-option-checking --prefix=/usr --host=mipsel-linux --build=x86_64-linux-gnu --enable-target-optspace --disable-epoll --enable-largefile --disable-nls --disable-rpath --disable-shared --disable-static --without-libuv --without-appletls --without-gnutls --without-libnettle --without-libgcrypt --with-openssl --without-sqlite3 --without-libxml2 --with-libexpat --without-libcares --with-libz --without-included-gettext --without-libintl-prefix build_alias=x86_64-linux-gnu host_alias=mipsel-linux CC=mipsel-uclibc-gcc CFLAGS=-Os -Wall -mno-branch-likely -fno-caller-saves -fhonour-copts -fno-delete-null-pointer-checks -funit-at-a-time -mips32 -mtune=mips32 		--param large-function-growth=800 --param max-inline-insns-single=3000 		-ffunction-sections -fdata-sections -DLINUX26 -DCONFIG_BCMWL5 -pipe -DBCMWPA2 -funit-at-a-time -Wno-pointer-sign -mtune=mips32r2 -mips32r2 -DCONFIG_NVRAM_SIZE=60  -I/home/vicente/tomato/release/src-rt/router/expat/lib LDFLAGS=-L/home/vicente/tomato/release/src-rt/router/expat/.libs -ffunction-sections -fdata-sections -Wl,--gc-sections -fPIC CXXFLAGS=-Os -Wall -fno-delete-null-pointer-checks -funit-at-a-time 		--param large-function-growth=800 --param max-inline-insns-single=3000 		-ffunction-sections -fdata-sections -I/home/vicente/tomato/release/src-rt/router/expat/lib ZLIB_CFLAGS=-I/home/vicente/tomato/release/src-rt/router/zlib ZLIB_LIBS=-L/home/vicente/tomato/release/src-rt/router/zlib -lz OPENSSL_CFLAGS=-I/home/vicente/tomato/release/src-rt/router/openssl/include OPENSSL_LIBS=-L/home/vicente/tomato/release/src-rt/router/openssl -lcrypto -lssl --cache-file=/dev/null --srcdir=.

## --------- ##
## Platform. ##
## --------- ##

hostname = asus-K53SJ
uname -m = x86_64
uname -r = 3.8.0-35-generic
uname -s = Linux
uname -v = #50-Ubuntu SMP Tue Dec 3 01:24:59 UTC 2013

/usr/bin/uname -p = unknown
/bin/uname -X     = unknown

/bin/arch              = unknown
/usr/bin/arch -k       = unknown
/usr/convex/getsysinfo = unknown
/usr/bin/hostinfo      = unknown
/bin/machine           = unknown
/usr/bin/oslevel       = unknown
/bin/universe          = unknown

PATH: /home/vicente/tomato/release/tools
PATH: /home/vicente/tomato/release/tools
PATH: /home/vicente/tomato/release/tools
PATH: /home/vicente/tomato/release/tools
PATH: /home/vicente/tomato/release/tools
PATH: /opt/brcm/hndtools-mipsel-uclibc/bin
PATH: /opt/brcm/hndtools-mipsel-linux/bin
PATH: /usr/lib/lightdm/lightdm
PATH: /usr/local/sbin
PATH: /usr/local/bin
PATH: /usr/sbin
PATH: /usr/bin
PATH: /sbin
PATH: /bin
PATH: /usr/games
PATH: /usr/local/games


## ----------- ##
## Core tests. ##
## ----------- ##

configure:2375: checking build system type
configure:2389: result: x86_64-pc-linux-gnu
configure:2409: checking host system type
configure:2422: result: mipsel-unknown-linux-gnu
configure:2463: checking how to print strings
configure:2490: result: printf
configure:2519: checking for mipsel-linux-gcc
configure:2546: result: mipsel-uclibc-gcc
configure:2815: checking for C compiler version
configure:2824: mipsel-uclibc-gcc --version >&5
mipsel-uclibc-gcc (GCC) 4.2.4
Copyright (C) 2007 Free Software Foundation, Inc.
This is free software; see the source for copying conditions.  There is NO
warranty; not even for MERCHANTABILITY or FITNESS FOR A PARTICULAR PURPOSE.

configure:2835: $? = 0
configure:2824: mipsel-uclibc-gcc -v >&5
Using built-in specs.
Target: mipsel-linux-uclibc
Configured with: /home/fedork/tomato/toolchain/build_dir/toolchain-mipsel_gcc4.2.4/gcc-4.2.4/configure --prefix=/opt/brcm/hndtools-mipsel-uclibc-4.2.4 --build=i486-linux-gnu --host=i486-linux-gnu --target=mipsel-linux-uclibc --with-gnu-ld --enable-target-optspace --disable-libgomp --disable-libmudflap --disable-multilib --disable-nls --disable-__cxa_atexit --enable-libssp --enable-languages=c,c++ --enable-shared --enable-threads --enable-tls
Thread model: posix
gcc version 4.2.4
configure:2835: $? = 0
configure:2824: mipsel-uclibc-gcc -V >&5
mipsel-uclibc-gcc: '-V' option must have argument
configure:2835: $? = 1
configure:2824: mipsel-uclibc-gcc -qversion >&5
mipsel-uclibc-gcc: unrecognized option '-qversion'
mipsel-uclibc-gcc: no input files
configure:2835: $? = 1
configure:2855: checking whether the C compiler works
configure:2877: mipsel-uclibc-gcc -Os -Wall -mno-branch-likely -fno-caller-saves -fhonour-copts -fno-delete-null-pointer-checks -funit-at-a-time -mips32 -mtune=mips32 		--param large-function-growth=800 --param max-inline-insns-single=3000 		-ffunction-sections -fdata-sections -DLINUX26 -DCONFIG_BCMWL5 -pipe -DBCMWPA2 -funit-at-a-time -Wno-pointer-sign -mtune=mips32r2 -mips32r2 -DCONFIG_NVRAM_SIZE=60  -I/home/vicente/tomato/release/src-rt/router/expat/lib  -L/home/vicente/tomato/release/src-rt/router/expat/.libs -ffunction-sections -fdata-sections -Wl,--gc-sections -fPIC conftest.c  >&5
Assembler messages:
Warning: A different -mtune was already specified, is now mips32r2
configure:2881: $? = 0
configure:2929: result: yes
configure:2932: checking for C compiler default output file name
configure:2934: result: a.out
configure:2940: checking for suffix of executables
configure:2947: mipsel-uclibc-gcc -o conftest -Os -Wall -mno-branch-likely -fno-caller-saves -fhonour-copts -fno-delete-null-pointer-checks -funit-at-a-time -mips32 -mtune=mips32 		--param large-function-growth=800 --param max-inline-insns-single=3000 		-ffunction-sections -fdata-sections -DLINUX26 -DCONFIG_BCMWL5 -pipe -DBCMWPA2 -funit-at-a-time -Wno-pointer-sign -mtune=mips32r2 -mips32r2 -DCONFIG_NVRAM_SIZE=60  -I/home/vicente/tomato/release/src-rt/router/expat/lib  -L/home/vicente/tomato/release/src-rt/router/expat/.libs -ffunction-sections -fdata-sections -Wl,--gc-sections -fPIC conftest.c  >&5
Assembler messages:
Warning: A different -mtune was already specified, is now mips32r2
configure:2951: $? = 0
configure:2973: result: 
configure:2995: checking whether we are cross compiling
configure:3033: result: yes
configure:3038: checking for suffix of object files
configure:3060: mipsel-uclibc-gcc -c -Os -Wall -mno-branch-likely -fno-caller-saves -fhonour-copts -fno-delete-null-pointer-checks -funit-at-a-time -mips32 -mtune=mips32 		--param large-function-growth=800 --param max-inline-insns-single=3000 		-ffunction-sections -fdata-sections -DLINUX26 -DCONFIG_BCMWL5 -pipe -DBCMWPA2 -funit-at-a-time -Wno-pointer-sign -mtune=mips32r2 -mips32r2 -DCONFIG_NVRAM_SIZE=60  -I/home/vicente/tomato/release/src-rt/router/expat/lib  conftest.c >&5
Assembler messages:
Warning: A different -mtune was already specified, is now mips32r2
configure:3064: $? = 0
configure:3085: result: o
configure:3089: checking whether we are using the GNU C compiler
configure:3108: mipsel-uclibc-gcc -c -Os -Wall -mno-branch-likely -fno-caller-saves -fhonour-copts -fno-delete-null-pointer-checks -funit-at-a-time -mips32 -mtune=mips32 		--param large-function-growth=800 --param max-inline-insns-single=3000 		-ffunction-sections -fdata-sections -DLINUX26 -DCONFIG_BCMWL5 -pipe -DBCMWPA2 -funit-at-a-time -Wno-pointer-sign -mtune=mips32r2 -mips32r2 -DCONFIG_NVRAM_SIZE=60  -I/home/vicente/tomato/release/src-rt/router/expat/lib  conftest.c >&5
Assembler messages:
Warning: A different -mtune was already specified, is now mips32r2
configure:3108: $? = 0
configure:3117: result: yes
configure:3126: checking whether mipsel-uclibc-gcc accepts -g
configure:3146: mipsel-uclibc-gcc -c -g  conftest.c >&5
configure:3146: $? = 0
configure:3187: result: yes
configure:3204: checking for mipsel-uclibc-gcc option to accept ISO C89
configure:3267: mipsel-uclibc-gcc  -c -Os -Wall -mno-branch-likely -fno-caller-saves -fhonour-copts -fno-delete-null-pointer-checks -funit-at-a-time -mips32 -mtune=mips32 		--param large-function-growth=800 --param max-inline-insns-single=3000 		-ffunction-sections -fdata-sections -DLINUX26 -DCONFIG_BCMWL5 -pipe -DBCMWPA2 -funit-at-a-time -Wno-pointer-sign -mtune=mips32r2 -mips32r2 -DCONFIG_NVRAM_SIZE=60  -I/home/vicente/tomato/release/src-rt/router/expat/lib  conftest.c >&5
Assembler messages:
Warning: A different -mtune was already specified, is now mips32r2
configure:3267: $? = 0
configure:3280: result: none needed
configure:3300: checking for a sed that does not truncate output
configure:3364: result: /bin/sed
configure:3382: checking for grep that handles long lines and -e
configure:3440: result: /bin/grep
configure:3445: checking for egrep
configure:3507: result: /bin/grep -E
configure:3512: checking for fgrep
configure:3574: result: /bin/grep -F
configure:3609: checking for ld used by mipsel-uclibc-gcc
configure:3676: result: mipsel-uclibc-ld
configure:3683: checking if the linker (mipsel-uclibc-ld) is GNU ld
configure:3698: result: yes
configure:3710: checking for BSD- or MS-compatible name lister (nm)
configure:3759: result: mipsel-uclibc-nm
configure:3889: checking the name lister (mipsel-uclibc-nm) interface
configure:3896: mipsel-uclibc-gcc -c -Os -Wall -mno-branch-likely -fno-caller-saves -fhonour-copts -fno-delete-null-pointer-checks -funit-at-a-time -mips32 -mtune=mips32 		--param large-function-growth=800 --param max-inline-insns-single=3000 		-ffunction-sections -fdata-sections -DLINUX26 -DCONFIG_BCMWL5 -pipe -DBCMWPA2 -funit-at-a-time -Wno-pointer-sign -mtune=mips32r2 -mips32r2 -DCONFIG_NVRAM_SIZE=60  -I/home/vicente/tomato/release/src-rt/router/expat/lib  conftest.c >&5
Assembler messages:
Warning: A different -mtune was already specified, is now mips32r2
configure:3899: mipsel-uclibc-nm "conftest.o"
configure:3902: output
00000000 B some_variable
configure:3909: result: BSD nm
configure:3912: checking whether ln -s works
configure:3916: result: yes
configure:3924: checking the maximum length of command line arguments
configure:4055: result: 3458764513820540925
configure:4072: checking whether the shell understands some XSI constructs
configure:4082: result: yes
configure:4086: checking whether the shell understands "+="
configure:4092: result: yes
configure:4127: checking how to convert x86_64-pc-linux-gnu file names to mipsel-unknown-linux-gnu format
configure:4167: result: func_convert_file_noop
configure:4174: checking how to convert x86_64-pc-linux-gnu file names to toolchain format
configure:4194: result: func_convert_file_noop
configure:4201: checking for mipsel-uclibc-ld option to reload object files
configure:4208: result: -r
configure:4242: checking for mipsel-linux-objdump
configure:4258: found /opt/brcm/hndtools-mipsel-uclibc/bin/mipsel-linux-objdump
configure:4269: result: mipsel-linux-objdump
configure:4341: checking how to recognize dependent libraries
configure:4539: result: pass_all
configure:4584: checking for mipsel-linux-dlltool
configure:4614: result: no
configure:4624: checking for dlltool
configure:4654: result: no
configure:4684: checking how to associate runtime and link libraries
configure:4711: result: printf %s\n
configure:4728: checking for mipsel-linux-ar
configure:4755: result: mipsel-uclibc-ar
configure:4836: checking for archiver @FILE support
configure:4853: mipsel-uclibc-gcc -c -Os -Wall -mno-branch-likely -fno-caller-saves -fhonour-copts -fno-delete-null-pointer-checks -funit-at-a-time -mips32 -mtune=mips32 		--param large-function-growth=800 --param max-inline-insns-single=3000 		-ffunction-sections -fdata-sections -DLINUX26 -DCONFIG_BCMWL5 -pipe -DBCMWPA2 -funit-at-a-time -Wno-pointer-sign -mtune=mips32r2 -mips32r2 -DCONFIG_NVRAM_SIZE=60  -I/home/vicente/tomato/release/src-rt/router/expat/lib  conftest.c >&5
Assembler messages:
Warning: A different -mtune was already specified, is now mips32r2
configure:4853: $? = 0
configure:4856: mipsel-uclibc-ar cru libconftest.a @conftest.lst >&5
configure:4859: $? = 0
configure:4864: mipsel-uclibc-ar cru libconftest.a @conftest.lst >&5
mipsel-uclibc-ar: conftest.o: No such file or directory
configure:4867: $? = 1
configure:4879: result: @
configure:4897: checking for mipsel-linux-strip
configure:4924: result: mipsel-uclibc-strip -R .note -R .comment
configure:4996: checking for mipsel-linux-ranlib
configure:5023: result: mipsel-uclibc-ranlib
configure:5140: checking for gawk
configure:5156: found /usr/bin/gawk
configure:5167: result: gawk
configure:5207: checking command to parse mipsel-uclibc-nm output from mipsel-uclibc-gcc object
configure:5327: mipsel-uclibc-gcc -c -Os -Wall -mno-branch-likely -fno-caller-saves -fhonour-copts -fno-delete-null-pointer-checks -funit-at-a-time -mips32 -mtune=mips32 		--param large-function-growth=800 --param max-inline-insns-single=3000 		-ffunction-sections -fdata-sections -DLINUX26 -DCONFIG_BCMWL5 -pipe -DBCMWPA2 -funit-at-a-time -Wno-pointer-sign -mtune=mips32r2 -mips32r2 -DCONFIG_NVRAM_SIZE=60  -I/home/vicente/tomato/release/src-rt/router/expat/lib  conftest.c >&5
Assembler messages:
Warning: A different -mtune was already specified, is now mips32r2
configure:5330: $? = 0
configure:5334: mipsel-uclibc-nm conftest.o \| sed -n -e 's/^.*[ ]\([ABCDGIRSTW][ABCDGIRSTW]*\)[ ][ ]*\([_A-Za-z][_A-Za-z0-9]*\)$/\1 \2 \2/p' | sed '/ __gnu_lto/d' \> conftest.nm
configure:5337: $? = 0
configure:5403: mipsel-uclibc-gcc -o conftest -Os -Wall -mno-branch-likely -fno-caller-saves -fhonour-copts -fno-delete-null-pointer-checks -funit-at-a-time -mips32 -mtune=mips32 		--param large-function-growth=800 --param max-inline-insns-single=3000 		-ffunction-sections -fdata-sections -DLINUX26 -DCONFIG_BCMWL5 -pipe -DBCMWPA2 -funit-at-a-time -Wno-pointer-sign -mtune=mips32r2 -mips32r2 -DCONFIG_NVRAM_SIZE=60  -I/home/vicente/tomato/release/src-rt/router/expat/lib  -L/home/vicente/tomato/release/src-rt/router/expat/.libs -ffunction-sections -fdata-sections -Wl,--gc-sections -fPIC conftest.c conftstm.o >&5
Assembler messages:
Warning: A different -mtune was already specified, is now mips32r2
configure:5406: $? = 0
configure:5444: result: ok
configure:5481: checking for sysroot
configure:5511: result: no
configure:5734: checking for mipsel-linux-mt
configure:5764: result: no
configure:5774: checking for mt
configure:5790: found /bin/mt
configure:5801: result: mt
configure:5813: WARNING: using cross tools not prefixed with host triplet
configure:5824: checking if mt is a manifest tool
configure:5830: mt '-?'
configure:5838: result: no
configure:6480: checking how to run the C preprocessor
configure:6511: mipsel-uclibc-gcc -E  conftest.c
configure:6511: $? = 0
configure:6525: mipsel-uclibc-gcc -E  conftest.c
conftest.c:9:28: error: ac_nonexistent.h: No such file or directory
configure:6525: $? = 1
configure: failed program was:
| /* confdefs.h */
| #define PACKAGE_NAME "wslay"
| #define PACKAGE_TARNAME "wslay"
| #define PACKAGE_VERSION "0.1.1"
| #define PACKAGE_STRING "wslay 0.1.1"
| #define PACKAGE_BUGREPORT "t-tujikawa@users.sourceforge.net"
| #define PACKAGE_URL ""
| /* end confdefs.h.  */
| #include <ac_nonexistent.h>
configure:6550: result: mipsel-uclibc-gcc -E
configure:6570: mipsel-uclibc-gcc -E  conftest.c
configure:6570: $? = 0
configure:6584: mipsel-uclibc-gcc -E  conftest.c
conftest.c:9:28: error: ac_nonexistent.h: No such file or directory
configure:6584: $? = 1
configure: failed program was:
| /* confdefs.h */
| #define PACKAGE_NAME "wslay"
| #define PACKAGE_TARNAME "wslay"
| #define PACKAGE_VERSION "0.1.1"
| #define PACKAGE_STRING "wslay 0.1.1"
| #define PACKAGE_BUGREPORT "t-tujikawa@users.sourceforge.net"
| #define PACKAGE_URL ""
| /* end confdefs.h.  */
| #include <ac_nonexistent.h>
configure:6613: checking for ANSI C header files
configure:6633: mipsel-uclibc-gcc -c -Os -Wall -mno-branch-likely -fno-caller-saves -fhonour-copts -fno-delete-null-pointer-checks -funit-at-a-time -mips32 -mtune=mips32 		--param large-function-growth=800 --param max-inline-insns-single=3000 		-ffunction-sections -fdata-sections -DLINUX26 -DCONFIG_BCMWL5 -pipe -DBCMWPA2 -funit-at-a-time -Wno-pointer-sign -mtune=mips32r2 -mips32r2 -DCONFIG_NVRAM_SIZE=60  -I/home/vicente/tomato/release/src-rt/router/expat/lib  conftest.c >&5
Assembler messages:
Warning: A different -mtune was already specified, is now mips32r2
configure:6633: $? = 0
configure:6717: result: yes
configure:6730: checking for sys/types.h
configure:6730: mipsel-uclibc-gcc -c -Os -Wall -mno-branch-likely -fno-caller-saves -fhonour-copts -fno-delete-null-pointer-checks -funit-at-a-time -mips32 -mtune=mips32 		--param large-function-growth=800 --param max-inline-insns-single=3000 		-ffunction-sections -fdata-sections -DLINUX26 -DCONFIG_BCMWL5 -pipe -DBCMWPA2 -funit-at-a-time -Wno-pointer-sign -mtune=mips32r2 -mips32r2 -DCONFIG_NVRAM_SIZE=60  -I/home/vicente/tomato/release/src-rt/router/expat/lib  conftest.c >&5
Assembler messages:
Warning: A different -mtune was already specified, is now mips32r2
configure:6730: $? = 0
configure:6730: result: yes
configure:6730: checking for sys/stat.h
configure:6730: mipsel-uclibc-gcc -c -Os -Wall -mno-branch-likely -fno-caller-saves -fhonour-copts -fno-delete-null-pointer-checks -funit-at-a-time -mips32 -mtune=mips32 		--param large-function-growth=800 --param max-inline-insns-single=3000 		-ffunction-sections -fdata-sections -DLINUX26 -DCONFIG_BCMWL5 -pipe -DBCMWPA2 -funit-at-a-time -Wno-pointer-sign -mtune=mips32r2 -mips32r2 -DCONFIG_NVRAM_SIZE=60  -I/home/vicente/tomato/release/src-rt/router/expat/lib  conftest.c >&5
Assembler messages:
Warning: A different -mtune was already specified, is now mips32r2
configure:6730: $? = 0
configure:6730: result: yes
configure:6730: checking for stdlib.h
configure:6730: mipsel-uclibc-gcc -c -Os -Wall -mno-branch-likely -fno-caller-saves -fhonour-copts -fno-delete-null-pointer-checks -funit-at-a-time -mips32 -mtune=mips32 		--param large-function-growth=800 --param max-inline-insns-single=3000 		-ffunction-sections -fdata-sections -DLINUX26 -DCONFIG_BCMWL5 -pipe -DBCMWPA2 -funit-at-a-time -Wno-pointer-sign -mtune=mips32r2 -mips32r2 -DCONFIG_NVRAM_SIZE=60  -I/home/vicente/tomato/release/src-rt/router/expat/lib  conftest.c >&5
Assembler messages:
Warning: A different -mtune was already specified, is now mips32r2
configure:6730: $? = 0
configure:6730: result: yes
configure:6730: checking for string.h
configure:6730: mipsel-uclibc-gcc -c -Os -Wall -mno-branch-likely -fno-caller-saves -fhonour-copts -fno-delete-null-pointer-checks -funit-at-a-time -mips32 -mtune=mips32 		--param large-function-growth=800 --param max-inline-insns-single=3000 		-ffunction-sections -fdata-sections -DLINUX26 -DCONFIG_BCMWL5 -pipe -DBCMWPA2 -funit-at-a-time -Wno-pointer-sign -mtune=mips32r2 -mips32r2 -DCONFIG_NVRAM_SIZE=60  -I/home/vicente/tomato/release/src-rt/router/expat/lib  conftest.c >&5
Assembler messages:
Warning: A different -mtune was already specified, is now mips32r2
configure:6730: $? = 0
configure:6730: result: yes
configure:6730: checking for memory.h
configure:6730: mipsel-uclibc-gcc -c -Os -Wall -mno-branch-likely -fno-caller-saves -fhonour-copts -fno-delete-null-pointer-checks -funit-at-a-time -mips32 -mtune=mips32 		--param large-function-growth=800 --param max-inline-insns-single=3000 		-ffunction-sections -fdata-sections -DLINUX26 -DCONFIG_BCMWL5 -pipe -DBCMWPA2 -funit-at-a-time -Wno-pointer-sign -mtune=mips32r2 -mips32r2 -DCONFIG_NVRAM_SIZE=60  -I/home/vicente/tomato/release/src-rt/router/expat/lib  conftest.c >&5
Assembler messages:
Warning: A different -mtune was already specified, is now mips32r2
configure:6730: $? = 0
configure:6730: result: yes
configure:6730: checking for strings.h
configure:6730: mipsel-uclibc-gcc -c -Os -Wall -mno-branch-likely -fno-caller-saves -fhonour-copts -fno-delete-null-pointer-checks -funit-at-a-time -mips32 -mtune=mips32 		--param large-function-growth=800 --param max-inline-insns-single=3000 		-ffunction-sections -fdata-sections -DLINUX26 -DCONFIG_BCMWL5 -pipe -DBCMWPA2 -funit-at-a-time -Wno-pointer-sign -mtune=mips32r2 -mips32r2 -DCONFIG_NVRAM_SIZE=60  -I/home/vicente/tomato/release/src-rt/router/expat/lib  conftest.c >&5
Assembler messages:
Warning: A different -mtune was already specified, is now mips32r2
configure:6730: $? = 0
configure:6730: result: yes
configure:6730: checking for inttypes.h
configure:6730: mipsel-uclibc-gcc -c -Os -Wall -mno-branch-likely -fno-caller-saves -fhonour-copts -fno-delete-null-pointer-checks -funit-at-a-time -mips32 -mtune=mips32 		--param large-function-growth=800 --param max-inline-insns-single=3000 		-ffunction-sections -fdata-sections -DLINUX26 -DCONFIG_BCMWL5 -pipe -DBCMWPA2 -funit-at-a-time -Wno-pointer-sign -mtune=mips32r2 -mips32r2 -DCONFIG_NVRAM_SIZE=60  -I/home/vicente/tomato/release/src-rt/router/expat/lib  conftest.c >&5
Assembler messages:
Warning: A different -mtune was already specified, is now mips32r2
configure:6730: $? = 0
configure:6730: result: yes
configure:6730: checking for stdint.h
configure:6730: mipsel-uclibc-gcc -c -Os -Wall -mno-branch-likely -fno-caller-saves -fhonour-copts -fno-delete-null-pointer-checks -funit-at-a-time -mips32 -mtune=mips32 		--param large-function-growth=800 --param max-inline-insns-single=3000 		-ffunction-sections -fdata-sections -DLINUX26 -DCONFIG_BCMWL5 -pipe -DBCMWPA2 -funit-at-a-time -Wno-pointer-sign -mtune=mips32r2 -mips32r2 -DCONFIG_NVRAM_SIZE=60  -I/home/vicente/tomato/release/src-rt/router/expat/lib  conftest.c >&5
Assembler messages:
Warning: A different -mtune was already specified, is now mips32r2
configure:6730: $? = 0
configure:6730: result: yes
configure:6730: checking for unistd.h
configure:6730: mipsel-uclibc-gcc -c -Os -Wall -mno-branch-likely -fno-caller-saves -fhonour-copts -fno-delete-null-pointer-checks -funit-at-a-time -mips32 -mtune=mips32 		--param large-function-growth=800 --param max-inline-insns-single=3000 		-ffunction-sections -fdata-sections -DLINUX26 -DCONFIG_BCMWL5 -pipe -DBCMWPA2 -funit-at-a-time -Wno-pointer-sign -mtune=mips32r2 -mips32r2 -DCONFIG_NVRAM_SIZE=60  -I/home/vicente/tomato/release/src-rt/router/expat/lib  conftest.c >&5
Assembler messages:
Warning: A different -mtune was already specified, is now mips32r2
configure:6730: $? = 0
configure:6730: result: yes
configure:6744: checking for dlfcn.h
configure:6744: mipsel-uclibc-gcc -c -Os -Wall -mno-branch-likely -fno-caller-saves -fhonour-copts -fno-delete-null-pointer-checks -funit-at-a-time -mips32 -mtune=mips32 		--param large-function-growth=800 --param max-inline-insns-single=3000 		-ffunction-sections -fdata-sections -DLINUX26 -DCONFIG_BCMWL5 -pipe -DBCMWPA2 -funit-at-a-time -Wno-pointer-sign -mtune=mips32r2 -mips32r2 -DCONFIG_NVRAM_SIZE=60  -I/home/vicente/tomato/release/src-rt/router/expat/lib  conftest.c >&5
Assembler messages:
Warning: A different -mtune was already specified, is now mips32r2
configure:6744: $? = 0
configure:6744: result: yes
configure:6950: checking for objdir
configure:6965: result: .libs
configure:7236: checking if mipsel-uclibc-gcc supports -fno-rtti -fno-exceptions
configure:7254: mipsel-uclibc-gcc -c -Os -Wall -mno-branch-likely -fno-caller-saves -fhonour-copts -fno-delete-null-pointer-checks -funit-at-a-time -mips32 -mtune=mips32 		--param large-function-growth=800 --param max-inline-insns-single=3000 		-ffunction-sections -fdata-sections -DLINUX26 -DCONFIG_BCMWL5 -pipe -DBCMWPA2 -funit-at-a-time -Wno-pointer-sign -mtune=mips32r2 -mips32r2 -DCONFIG_NVRAM_SIZE=60  -I/home/vicente/tomato/release/src-rt/router/expat/lib  -fno-rtti -fno-exceptions conftest.c >&5
Assembler messages:
Warning: A different -mtune was already specified, is now mips32r2
cc1: warning: command line option "-fno-rtti" is valid for C++/ObjC++ but not for C
configure:7258: $? = 0
configure:7271: result: no
configure:7598: checking for mipsel-uclibc-gcc option to produce PIC
configure:7605: result: -fPIC -DPIC
configure:7613: checking if mipsel-uclibc-gcc PIC flag -fPIC -DPIC works
configure:7631: mipsel-uclibc-gcc -c -Os -Wall -mno-branch-likely -fno-caller-saves -fhonour-copts -fno-delete-null-pointer-checks -funit-at-a-time -mips32 -mtune=mips32 		--param large-function-growth=800 --param max-inline-insns-single=3000 		-ffunction-sections -fdata-sections -DLINUX26 -DCONFIG_BCMWL5 -pipe -DBCMWPA2 -funit-at-a-time -Wno-pointer-sign -mtune=mips32r2 -mips32r2 -DCONFIG_NVRAM_SIZE=60  -I/home/vicente/tomato/release/src-rt/router/expat/lib  -fPIC -DPIC -DPIC conftest.c >&5
Assembler messages:
Warning: A different -mtune was already specified, is now mips32r2
configure:7635: $? = 0
configure:7648: result: yes
configure:7677: checking if mipsel-uclibc-gcc static flag -static works
Assembler messages:
Warning: A different -mtune was already specified, is now mips32r2
configure:7705: result: yes
configure:7720: checking if mipsel-uclibc-gcc supports -c -o file.o
configure:7741: mipsel-uclibc-gcc -c -Os -Wall -mno-branch-likely -fno-caller-saves -fhonour-copts -fno-delete-null-pointer-checks -funit-at-a-time -mips32 -mtune=mips32 		--param large-function-growth=800 --param max-inline-insns-single=3000 		-ffunction-sections -fdata-sections -DLINUX26 -DCONFIG_BCMWL5 -pipe -DBCMWPA2 -funit-at-a-time -Wno-pointer-sign -mtune=mips32r2 -mips32r2 -DCONFIG_NVRAM_SIZE=60  -I/home/vicente/tomato/release/src-rt/router/expat/lib  -o out/conftest2.o conftest.c >&5
Assembler messages:
Warning: A different -mtune was already specified, is now mips32r2
configure:7745: $? = 0
configure:7767: result: yes
configure:7775: checking if mipsel-uclibc-gcc supports -c -o file.o
configure:7822: result: yes
configure:7855: checking whether the mipsel-uclibc-gcc linker (mipsel-uclibc-ld) supports shared libraries
configure:9012: result: yes
configure:9252: checking dynamic linker characteristics
configure:9752: mipsel-uclibc-gcc -o conftest -Os -Wall -mno-branch-likely -fno-caller-saves -fhonour-copts -fno-delete-null-pointer-checks -funit-at-a-time -mips32 -mtune=mips32 		--param large-function-growth=800 --param max-inline-insns-single=3000 		-ffunction-sections -fdata-sections -DLINUX26 -DCONFIG_BCMWL5 -pipe -DBCMWPA2 -funit-at-a-time -Wno-pointer-sign -mtune=mips32r2 -mips32r2 -DCONFIG_NVRAM_SIZE=60  -I/home/vicente/tomato/release/src-rt/router/expat/lib  -L/home/vicente/tomato/release/src-rt/router/expat/.libs -ffunction-sections -fdata-sections -Wl,--gc-sections -fPIC -Wl,-rpath -Wl,/foo conftest.c  >&5
Assembler messages:
Warning: A different -mtune was already specified, is now mips32r2
configure:9752: $? = 0
configure:9986: result: GNU/Linux ld.so
configure:10093: checking how to hardcode library paths into programs
configure:10118: result: immediate
configure:10658: checking whether stripping libraries is possible
configure:10663: result: yes
configure:10698: checking if libtool supports shared libraries
configure:10700: result: yes
configure:10703: checking whether to build shared libraries
configure:10724: result: no
configure:10727: checking whether to build static libraries
configure:10731: result: yes
configure:10806: checking target system type
configure:10819: result: mipsel-unknown-linux-gnu
configure:10864: checking for a BSD-compatible install
configure:10932: result: /usr/bin/install -c
configure:10943: checking whether build environment is sane
configure:10993: result: yes
configure:11042: checking for mipsel-linux-strip
configure:11069: result: mipsel-uclibc-strip -R .note -R .comment
configure:11134: checking for a thread-safe mkdir -p
configure:11173: result: /bin/mkdir -p
configure:11182: checking whether make sets $(MAKE)
configure:11204: result: yes
configure:11234: checking for style of include used by make
configure:11262: result: GNU
configure:11348: checking dependency style of mipsel-uclibc-gcc
configure:11459: result: gcc3
configure:11486: checking for mipsel-linux-gcc
configure:11513: result: mipsel-uclibc-gcc
configure:11782: checking for C compiler version
configure:11791: mipsel-uclibc-gcc --version >&5
mipsel-uclibc-gcc (GCC) 4.2.4
Copyright (C) 2007 Free Software Foundation, Inc.
This is free software; see the source for copying conditions.  There is NO
warranty; not even for MERCHANTABILITY or FITNESS FOR A PARTICULAR PURPOSE.

configure:11802: $? = 0
configure:11791: mipsel-uclibc-gcc -v >&5
Using built-in specs.
Target: mipsel-linux-uclibc
Configured with: /home/fedork/tomato/toolchain/build_dir/toolchain-mipsel_gcc4.2.4/gcc-4.2.4/configure --prefix=/opt/brcm/hndtools-mipsel-uclibc-4.2.4 --build=i486-linux-gnu --host=i486-linux-gnu --target=mipsel-linux-uclibc --with-gnu-ld --enable-target-optspace --disable-libgomp --disable-libmudflap --disable-multilib --disable-nls --disable-__cxa_atexit --enable-libssp --enable-languages=c,c++ --enable-shared --enable-threads --enable-tls
Thread model: posix
gcc version 4.2.4
configure:11802: $? = 0
configure:11791: mipsel-uclibc-gcc -V >&5
mipsel-uclibc-gcc: '-V' option must have argument
configure:11802: $? = 1
configure:11791: mipsel-uclibc-gcc -qversion >&5
mipsel-uclibc-gcc: unrecognized option '-qversion'
mipsel-uclibc-gcc: no input files
configure:11802: $? = 1
configure:11806: checking whether we are using the GNU C compiler
configure:11834: result: yes
configure:11843: checking whether mipsel-uclibc-gcc accepts -g
configure:11904: result: yes
configure:11921: checking for mipsel-uclibc-gcc option to accept ISO C89
configure:11997: result: none needed
configure:12018: checking whether ln -s works
configure:12022: result: yes
configure:12029: checking whether make sets $(MAKE)
configure:12051: result: yes
configure:12063: checking for sphinx-build
configure:12096: result: no
configure:12112: checking for CU_initialize_registry in -lcunit
configure:12137: mipsel-uclibc-gcc -o conftest -Os -Wall -mno-branch-likely -fno-caller-saves -fhonour-copts -fno-delete-null-pointer-checks -funit-at-a-time -mips32 -mtune=mips32 		--param large-function-growth=800 --param max-inline-insns-single=3000 		-ffunction-sections -fdata-sections -DLINUX26 -DCONFIG_BCMWL5 -pipe -DBCMWPA2 -funit-at-a-time -Wno-pointer-sign -mtune=mips32r2 -mips32r2 -DCONFIG_NVRAM_SIZE=60  -I/home/vicente/tomato/release/src-rt/router/expat/lib  -L/home/vicente/tomato/release/src-rt/router/expat/.libs -ffunction-sections -fdata-sections -Wl,--gc-sections -fPIC conftest.c -lcunit   >&5
Assembler messages:
Warning: A different -mtune was already specified, is now mips32r2
/home/vicente/tomato/tools/brcm/K26/hndtools-mipsel-uclibc-4.2.4/bin/../lib/gcc/mipsel-linux-uclibc/4.2.4/../../../../mipsel-linux-uclibc/bin/ld: cannot find -lcunit
collect2: ld returned 1 exit status
configure:12137: $? = 1
configure: failed program was:
| /* confdefs.h */
| #define PACKAGE_NAME "wslay"
| #define PACKAGE_TARNAME "wslay"
| #define PACKAGE_VERSION "0.1.1"
| #define PACKAGE_STRING "wslay 0.1.1"
| #define PACKAGE_BUGREPORT "t-tujikawa@users.sourceforge.net"
| #define PACKAGE_URL ""
| #define STDC_HEADERS 1
| #define HAVE_SYS_TYPES_H 1
| #define HAVE_SYS_STAT_H 1
| #define HAVE_STDLIB_H 1
| #define HAVE_STRING_H 1
| #define HAVE_MEMORY_H 1
| #define HAVE_STRINGS_H 1
| #define HAVE_INTTYPES_H 1
| #define HAVE_STDINT_H 1
| #define HAVE_UNISTD_H 1
| #define HAVE_DLFCN_H 1
| #define LT_OBJDIR ".libs/"
| #define PACKAGE "wslay"
| #define VERSION "0.1.1"
| /* end confdefs.h.  */
| 
| /* Override any GCC internal prototype to avoid an error.
|    Use char because int might match the return type of a GCC
|    builtin and then its argument prototype would still apply.  */
| #ifdef __cplusplus
| extern "C"
| #endif
| char CU_initialize_registry ();
| int
| main ()
| {
| return CU_initialize_registry ();
|   ;
|   return 0;
| }
configure:12146: result: no
configure:12182: checking arpa/inet.h usability
configure:12182: mipsel-uclibc-gcc -c -Os -Wall -mno-branch-likely -fno-caller-saves -fhonour-copts -fno-delete-null-pointer-checks -funit-at-a-time -mips32 -mtune=mips32 		--param large-function-growth=800 --param max-inline-insns-single=3000 		-ffunction-sections -fdata-sections -DLINUX26 -DCONFIG_BCMWL5 -pipe -DBCMWPA2 -funit-at-a-time -Wno-pointer-sign -mtune=mips32r2 -mips32r2 -DCONFIG_NVRAM_SIZE=60  -I/home/vicente/tomato/release/src-rt/router/expat/lib  conftest.c >&5
Assembler messages:
Warning: A different -mtune was already specified, is now mips32r2
configure:12182: $? = 0
configure:12182: result: yes
configure:12182: checking arpa/inet.h presence
configure:12182: mipsel-uclibc-gcc -E  conftest.c
configure:12182: $? = 0
configure:12182: result: yes
configure:12182: checking for arpa/inet.h
configure:12182: result: yes
configure:12182: checking netinet/in.h usability
configure:12182: mipsel-uclibc-gcc -c -Os -Wall -mno-branch-likely -fno-caller-saves -fhonour-copts -fno-delete-null-pointer-checks -funit-at-a-time -mips32 -mtune=mips32 		--param large-function-growth=800 --param max-inline-insns-single=3000 		-ffunction-sections -fdata-sections -DLINUX26 -DCONFIG_BCMWL5 -pipe -DBCMWPA2 -funit-at-a-time -Wno-pointer-sign -mtune=mips32r2 -mips32r2 -DCONFIG_NVRAM_SIZE=60  -I/home/vicente/tomato/release/src-rt/router/expat/lib  conftest.c >&5
Assembler messages:
Warning: A different -mtune was already specified, is now mips32r2
configure:12182: $? = 0
configure:12182: result: yes
configure:12182: checking netinet/in.h presence
configure:12182: mipsel-uclibc-gcc -E  conftest.c
configure:12182: $? = 0
configure:12182: result: yes
configure:12182: checking for netinet/in.h
configure:12182: result: yes
configure:12182: checking stddef.h usability
configure:12182: mipsel-uclibc-gcc -c -Os -Wall -mno-branch-likely -fno-caller-saves -fhonour-copts -fno-delete-null-pointer-checks -funit-at-a-time -mips32 -mtune=mips32 		--param large-function-growth=800 --param max-inline-insns-single=3000 		-ffunction-sections -fdata-sections -DLINUX26 -DCONFIG_BCMWL5 -pipe -DBCMWPA2 -funit-at-a-time -Wno-pointer-sign -mtune=mips32r2 -mips32r2 -DCONFIG_NVRAM_SIZE=60  -I/home/vicente/tomato/release/src-rt/router/expat/lib  conftest.c >&5
Assembler messages:
Warning: A different -mtune was already specified, is now mips32r2
configure:12182: $? = 0
configure:12182: result: yes
configure:12182: checking stddef.h presence
configure:12182: mipsel-uclibc-gcc -E  conftest.c
configure:12182: $? = 0
configure:12182: result: yes
configure:12182: checking for stddef.h
configure:12182: result: yes
configure:12182: checking for stdint.h
configure:12182: result: yes
configure:12182: checking for stdlib.h
configure:12182: result: yes
configure:12182: checking for string.h
configure:12182: result: yes
configure:12182: checking for unistd.h
configure:12182: result: yes
configure:12212: checking for size_t
configure:12212: mipsel-uclibc-gcc -c -Os -Wall -mno-branch-likely -fno-caller-saves -fhonour-copts -fno-delete-null-pointer-checks -funit-at-a-time -mips32 -mtune=mips32 		--param large-function-growth=800 --param max-inline-insns-single=3000 		-ffunction-sections -fdata-sections -DLINUX26 -DCONFIG_BCMWL5 -pipe -DBCMWPA2 -funit-at-a-time -Wno-pointer-sign -mtune=mips32r2 -mips32r2 -DCONFIG_NVRAM_SIZE=60  -I/home/vicente/tomato/release/src-rt/router/expat/lib  conftest.c >&5
Assembler messages:
Warning: A different -mtune was already specified, is now mips32r2
configure:12212: $? = 0
configure:12212: mipsel-uclibc-gcc -c -Os -Wall -mno-branch-likely -fno-caller-saves -fhonour-copts -fno-delete-null-pointer-checks -funit-at-a-time -mips32 -mtune=mips32 		--param large-function-growth=800 --param max-inline-insns-single=3000 		-ffunction-sections -fdata-sections -DLINUX26 -DCONFIG_BCMWL5 -pipe -DBCMWPA2 -funit-at-a-time -Wno-pointer-sign -mtune=mips32r2 -mips32r2 -DCONFIG_NVRAM_SIZE=60  -I/home/vicente/tomato/release/src-rt/router/expat/lib  conftest.c >&5
Assembler messages:
Warning: A different -mtune was already specified, is now mips32r2
conftest.c: In function 'main':
conftest.c:66: error: expected expression before ')' token
configure:12212: $? = 1
configure: failed program was:
| /* confdefs.h */
| #define PACKAGE_NAME "wslay"
| #define PACKAGE_TARNAME "wslay"
| #define PACKAGE_VERSION "0.1.1"
| #define PACKAGE_STRING "wslay 0.1.1"
| #define PACKAGE_BUGREPORT "t-tujikawa@users.sourceforge.net"
| #define PACKAGE_URL ""
| #define STDC_HEADERS 1
| #define HAVE_SYS_TYPES_H 1
| #define HAVE_SYS_STAT_H 1
| #define HAVE_STDLIB_H 1
| #define HAVE_STRING_H 1
| #define HAVE_MEMORY_H 1
| #define HAVE_STRINGS_H 1
| #define HAVE_INTTYPES_H 1
| #define HAVE_STDINT_H 1
| #define HAVE_UNISTD_H 1
| #define HAVE_DLFCN_H 1
| #define LT_OBJDIR ".libs/"
| #define PACKAGE "wslay"
| #define VERSION "0.1.1"
| #define HAVE_ARPA_INET_H 1
| #define HAVE_NETINET_IN_H 1
| #define HAVE_STDDEF_H 1
| #define HAVE_STDINT_H 1
| #define HAVE_STDLIB_H 1
| #define HAVE_STRING_H 1
| #define HAVE_UNISTD_H 1
| /* end confdefs.h.  */
| #include <stdio.h>
| #ifdef HAVE_SYS_TYPES_H
| # include <sys/types.h>
| #endif
| #ifdef HAVE_SYS_STAT_H
| # include <sys/stat.h>
| #endif
| #ifdef STDC_HEADERS
| # include <stdlib.h>
| # include <stddef.h>
| #else
| # ifdef HAVE_STDLIB_H
| #  include <stdlib.h>
| # endif
| #endif
| #ifdef HAVE_STRING_H
| # if !defined STDC_HEADERS && defined HAVE_MEMORY_H
| #  include <memory.h>
| # endif
| # include <string.h>
| #endif
| #ifdef HAVE_STRINGS_H
| # include <strings.h>
| #endif
| #ifdef HAVE_INTTYPES_H
| # include <inttypes.h>
| #endif
| #ifdef HAVE_STDINT_H
| # include <stdint.h>
| #endif
| #ifdef HAVE_UNISTD_H
| # include <unistd.h>
| #endif
| int
| main ()
| {
| if (sizeof ((size_t)))
| 	    return 0;
|   ;
|   return 0;
| }
configure:12212: result: yes
configure:12223: checking for ssize_t
configure:12223: mipsel-uclibc-gcc -c -Os -Wall -mno-branch-likely -fno-caller-saves -fhonour-copts -fno-delete-null-pointer-checks -funit-at-a-time -mips32 -mtune=mips32 		--param large-function-growth=800 --param max-inline-insns-single=3000 		-ffunction-sections -fdata-sections -DLINUX26 -DCONFIG_BCMWL5 -pipe -DBCMWPA2 -funit-at-a-time -Wno-pointer-sign -mtune=mips32r2 -mips32r2 -DCONFIG_NVRAM_SIZE=60  -I/home/vicente/tomato/release/src-rt/router/expat/lib  conftest.c >&5
Assembler messages:
Warning: A different -mtune was already specified, is now mips32r2
configure:12223: $? = 0
configure:12223: mipsel-uclibc-gcc -c -Os -Wall -mno-branch-likely -fno-caller-saves -fhonour-copts -fno-delete-null-pointer-checks -funit-at-a-time -mips32 -mtune=mips32 		--param large-function-growth=800 --param max-inline-insns-single=3000 		-ffunction-sections -fdata-sections -DLINUX26 -DCONFIG_BCMWL5 -pipe -DBCMWPA2 -funit-at-a-time -Wno-pointer-sign -mtune=mips32r2 -mips32r2 -DCONFIG_NVRAM_SIZE=60  -I/home/vicente/tomato/release/src-rt/router/expat/lib  conftest.c >&5
Assembler messages:
Warning: A different -mtune was already specified, is now mips32r2
conftest.c: In function 'main':
conftest.c:66: error: expected expression before ')' token
configure:12223: $? = 1
configure: failed program was:
| /* confdefs.h */
| #define PACKAGE_NAME "wslay"
| #define PACKAGE_TARNAME "wslay"
| #define PACKAGE_VERSION "0.1.1"
| #define PACKAGE_STRING "wslay 0.1.1"
| #define PACKAGE_BUGREPORT "t-tujikawa@users.sourceforge.net"
| #define PACKAGE_URL ""
| #define STDC_HEADERS 1
| #define HAVE_SYS_TYPES_H 1
| #define HAVE_SYS_STAT_H 1
| #define HAVE_STDLIB_H 1
| #define HAVE_STRING_H 1
| #define HAVE_MEMORY_H 1
| #define HAVE_STRINGS_H 1
| #define HAVE_INTTYPES_H 1
| #define HAVE_STDINT_H 1
| #define HAVE_UNISTD_H 1
| #define HAVE_DLFCN_H 1
| #define LT_OBJDIR ".libs/"
| #define PACKAGE "wslay"
| #define VERSION "0.1.1"
| #define HAVE_ARPA_INET_H 1
| #define HAVE_NETINET_IN_H 1
| #define HAVE_STDDEF_H 1
| #define HAVE_STDINT_H 1
| #define HAVE_STDLIB_H 1
| #define HAVE_STRING_H 1
| #define HAVE_UNISTD_H 1
| /* end confdefs.h.  */
| #include <stdio.h>
| #ifdef HAVE_SYS_TYPES_H
| # include <sys/types.h>
| #endif
| #ifdef HAVE_SYS_STAT_H
| # include <sys/stat.h>
| #endif
| #ifdef STDC_HEADERS
| # include <stdlib.h>
| # include <stddef.h>
| #else
| # ifdef HAVE_STDLIB_H
| #  include <stdlib.h>
| # endif
| #endif
| #ifdef HAVE_STRING_H
| # if !defined STDC_HEADERS && defined HAVE_MEMORY_H
| #  include <memory.h>
| # endif
| # include <string.h>
| #endif
| #ifdef HAVE_STRINGS_H
| # include <strings.h>
| #endif
| #ifdef HAVE_INTTYPES_H
| # include <inttypes.h>
| #endif
| #ifdef HAVE_STDINT_H
| # include <stdint.h>
| #endif
| #ifdef HAVE_UNISTD_H
| # include <unistd.h>
| #endif
| int
| main ()
| {
| if (sizeof ((ssize_t)))
| 	    return 0;
|   ;
|   return 0;
| }
configure:12223: result: yes
configure:12234: checking for uint8_t
configure:12234: mipsel-uclibc-gcc -c -Os -Wall -mno-branch-likely -fno-caller-saves -fhonour-copts -fno-delete-null-pointer-checks -funit-at-a-time -mips32 -mtune=mips32 		--param large-function-growth=800 --param max-inline-insns-single=3000 		-ffunction-sections -fdata-sections -DLINUX26 -DCONFIG_BCMWL5 -pipe -DBCMWPA2 -funit-at-a-time -Wno-pointer-sign -mtune=mips32r2 -mips32r2 -DCONFIG_NVRAM_SIZE=60  -I/home/vicente/tomato/release/src-rt/router/expat/lib  conftest.c >&5
Assembler messages:
Warning: A different -mtune was already specified, is now mips32r2
configure:12234: $? = 0
configure:12234: result: yes
configure:12248: checking for uint16_t
configure:12248: mipsel-uclibc-gcc -c -Os -Wall -mno-branch-likely -fno-caller-saves -fhonour-copts -fno-delete-null-pointer-checks -funit-at-a-time -mips32 -mtune=mips32 		--param large-function-growth=800 --param max-inline-insns-single=3000 		-ffunction-sections -fdata-sections -DLINUX26 -DCONFIG_BCMWL5 -pipe -DBCMWPA2 -funit-at-a-time -Wno-pointer-sign -mtune=mips32r2 -mips32r2 -DCONFIG_NVRAM_SIZE=60  -I/home/vicente/tomato/release/src-rt/router/expat/lib  conftest.c >&5
Assembler messages:
Warning: A different -mtune was already specified, is now mips32r2
configure:12248: $? = 0
configure:12248: result: yes
configure:12260: checking for uint32_t
configure:12260: mipsel-uclibc-gcc -c -Os -Wall -mno-branch-likely -fno-caller-saves -fhonour-copts -fno-delete-null-pointer-checks -funit-at-a-time -mips32 -mtune=mips32 		--param large-function-growth=800 --param max-inline-insns-single=3000 		-ffunction-sections -fdata-sections -DLINUX26 -DCONFIG_BCMWL5 -pipe -DBCMWPA2 -funit-at-a-time -Wno-pointer-sign -mtune=mips32r2 -mips32r2 -DCONFIG_NVRAM_SIZE=60  -I/home/vicente/tomato/release/src-rt/router/expat/lib  conftest.c >&5
Assembler messages:
Warning: A different -mtune was already specified, is now mips32r2
configure:12260: $? = 0
configure:12260: result: yes
configure:12274: checking for uint64_t
configure:12274: mipsel-uclibc-gcc -c -Os -Wall -mno-branch-likely -fno-caller-saves -fhonour-copts -fno-delete-null-pointer-checks -funit-at-a-time -mips32 -mtune=mips32 		--param large-function-growth=800 --param max-inline-insns-single=3000 		-ffunction-sections -fdata-sections -DLINUX26 -DCONFIG_BCMWL5 -pipe -DBCMWPA2 -funit-at-a-time -Wno-pointer-sign -mtune=mips32r2 -mips32r2 -DCONFIG_NVRAM_SIZE=60  -I/home/vicente/tomato/release/src-rt/router/expat/lib  conftest.c >&5
Assembler messages:
Warning: A different -mtune was already specified, is now mips32r2
configure:12274: $? = 0
configure:12274: result: yes
configure:12288: checking for ptrdiff_t
configure:12288: mipsel-uclibc-gcc -c -Os -Wall -mno-branch-likely -fno-caller-saves -fhonour-copts -fno-delete-null-pointer-checks -funit-at-a-time -mips32 -mtune=mips32 		--param large-function-growth=800 --param max-inline-insns-single=3000 		-ffunction-sections -fdata-sections -DLINUX26 -DCONFIG_BCMWL5 -pipe -DBCMWPA2 -funit-at-a-time -Wno-pointer-sign -mtune=mips32r2 -mips32r2 -DCONFIG_NVRAM_SIZE=60  -I/home/vicente/tomato/release/src-rt/router/expat/lib  conftest.c >&5
Assembler messages:
Warning: A different -mtune was already specified, is now mips32r2
configure:12288: $? = 0
configure:12288: mipsel-uclibc-gcc -c -Os -Wall -mno-branch-likely -fno-caller-saves -fhonour-copts -fno-delete-null-pointer-checks -funit-at-a-time -mips32 -mtune=mips32 		--param large-function-growth=800 --param max-inline-insns-single=3000 		-ffunction-sections -fdata-sections -DLINUX26 -DCONFIG_BCMWL5 -pipe -DBCMWPA2 -funit-at-a-time -Wno-pointer-sign -mtune=mips32r2 -mips32r2 -DCONFIG_NVRAM_SIZE=60  -I/home/vicente/tomato/release/src-rt/router/expat/lib  conftest.c >&5
Assembler messages:
Warning: A different -mtune was already specified, is now mips32r2
conftest.c: In function 'main':
conftest.c:66: error: expected expression before ')' token
configure:12288: $? = 1
configure: failed program was:
| /* confdefs.h */
| #define PACKAGE_NAME "wslay"
| #define PACKAGE_TARNAME "wslay"
| #define PACKAGE_VERSION "0.1.1"
| #define PACKAGE_STRING "wslay 0.1.1"
| #define PACKAGE_BUGREPORT "t-tujikawa@users.sourceforge.net"
| #define PACKAGE_URL ""
| #define STDC_HEADERS 1
| #define HAVE_SYS_TYPES_H 1
| #define HAVE_SYS_STAT_H 1
| #define HAVE_STDLIB_H 1
| #define HAVE_STRING_H 1
| #define HAVE_MEMORY_H 1
| #define HAVE_STRINGS_H 1
| #define HAVE_INTTYPES_H 1
| #define HAVE_STDINT_H 1
| #define HAVE_UNISTD_H 1
| #define HAVE_DLFCN_H 1
| #define LT_OBJDIR ".libs/"
| #define PACKAGE "wslay"
| #define VERSION "0.1.1"
| #define HAVE_ARPA_INET_H 1
| #define HAVE_NETINET_IN_H 1
| #define HAVE_STDDEF_H 1
| #define HAVE_STDINT_H 1
| #define HAVE_STDLIB_H 1
| #define HAVE_STRING_H 1
| #define HAVE_UNISTD_H 1
| /* end confdefs.h.  */
| #include <stdio.h>
| #ifdef HAVE_SYS_TYPES_H
| # include <sys/types.h>
| #endif
| #ifdef HAVE_SYS_STAT_H
| # include <sys/stat.h>
| #endif
| #ifdef STDC_HEADERS
| # include <stdlib.h>
| # include <stddef.h>
| #else
| # ifdef HAVE_STDLIB_H
| #  include <stdlib.h>
| # endif
| #endif
| #ifdef HAVE_STRING_H
| # if !defined STDC_HEADERS && defined HAVE_MEMORY_H
| #  include <memory.h>
| # endif
| # include <string.h>
| #endif
| #ifdef HAVE_STRINGS_H
| # include <strings.h>
| #endif
| #ifdef HAVE_INTTYPES_H
| # include <inttypes.h>
| #endif
| #ifdef HAVE_STDINT_H
| # include <stdint.h>
| #endif
| #ifdef HAVE_UNISTD_H
| # include <unistd.h>
| #endif
| int
| main ()
| {
| if (sizeof ((ptrdiff_t)))
| 	    return 0;
|   ;
|   return 0;
| }
configure:12288: result: yes
configure:12298: checking whether byte ordering is bigendian
configure:12313: mipsel-uclibc-gcc -c -Os -Wall -mno-branch-likely -fno-caller-saves -fhonour-copts -fno-delete-null-pointer-checks -funit-at-a-time -mips32 -mtune=mips32 		--param large-function-growth=800 --param max-inline-insns-single=3000 		-ffunction-sections -fdata-sections -DLINUX26 -DCONFIG_BCMWL5 -pipe -DBCMWPA2 -funit-at-a-time -Wno-pointer-sign -mtune=mips32r2 -mips32r2 -DCONFIG_NVRAM_SIZE=60  -I/home/vicente/tomato/release/src-rt/router/expat/lib  conftest.c >&5
Assembler messages:
Warning: A different -mtune was already specified, is now mips32r2
conftest.c:32: error: expected '=', ',', ';', 'asm' or '__attribute__' before 'a'
configure:12313: $? = 1
configure: failed program was:
| /* confdefs.h */
| #define PACKAGE_NAME "wslay"
| #define PACKAGE_TARNAME "wslay"
| #define PACKAGE_VERSION "0.1.1"
| #define PACKAGE_STRING "wslay 0.1.1"
| #define PACKAGE_BUGREPORT "t-tujikawa@users.sourceforge.net"
| #define PACKAGE_URL ""
| #define STDC_HEADERS 1
| #define HAVE_SYS_TYPES_H 1
| #define HAVE_SYS_STAT_H 1
| #define HAVE_STDLIB_H 1
| #define HAVE_STRING_H 1
| #define HAVE_MEMORY_H 1
| #define HAVE_STRINGS_H 1
| #define HAVE_INTTYPES_H 1
| #define HAVE_STDINT_H 1
| #define HAVE_UNISTD_H 1
| #define HAVE_DLFCN_H 1
| #define LT_OBJDIR ".libs/"
| #define PACKAGE "wslay"
| #define VERSION "0.1.1"
| #define HAVE_ARPA_INET_H 1
| #define HAVE_NETINET_IN_H 1
| #define HAVE_STDDEF_H 1
| #define HAVE_STDINT_H 1
| #define HAVE_STDLIB_H 1
| #define HAVE_STRING_H 1
| #define HAVE_UNISTD_H 1
| #define HAVE_PTRDIFF_T 1
| /* end confdefs.h.  */
| #ifndef __APPLE_CC__
| 	       not a universal capable compiler
| 	     #endif
| 	     typedef int dummy;
| 
configure:12358: mipsel-uclibc-gcc -c -Os -Wall -mno-branch-likely -fno-caller-saves -fhonour-copts -fno-delete-null-pointer-checks -funit-at-a-time -mips32 -mtune=mips32 		--param large-function-growth=800 --param max-inline-insns-single=3000 		-ffunction-sections -fdata-sections -DLINUX26 -DCONFIG_BCMWL5 -pipe -DBCMWPA2 -funit-at-a-time -Wno-pointer-sign -mtune=mips32r2 -mips32r2 -DCONFIG_NVRAM_SIZE=60  -I/home/vicente/tomato/release/src-rt/router/expat/lib  conftest.c >&5
Assembler messages:
Warning: A different -mtune was already specified, is now mips32r2
configure:12358: $? = 0
configure:12376: mipsel-uclibc-gcc -c -Os -Wall -mno-branch-likely -fno-caller-saves -fhonour-copts -fno-delete-null-pointer-checks -funit-at-a-time -mips32 -mtune=mips32 		--param large-function-growth=800 --param max-inline-insns-single=3000 		-ffunction-sections -fdata-sections -DLINUX26 -DCONFIG_BCMWL5 -pipe -DBCMWPA2 -funit-at-a-time -Wno-pointer-sign -mtune=mips32r2 -mips32r2 -DCONFIG_NVRAM_SIZE=60  -I/home/vicente/tomato/release/src-rt/router/expat/lib  conftest.c >&5
Assembler messages:
Warning: A different -mtune was already specified, is now mips32r2
conftest.c: In function 'main':
conftest.c:38: error: 'not' undeclared (first use in this function)
conftest.c:38: error: (Each undeclared identifier is reported only once
conftest.c:38: error: for each function it appears in.)
conftest.c:38: error: expected ';' before 'big'
configure:12376: $? = 1
configure: failed program was:
| /* confdefs.h */
| #define PACKAGE_NAME "wslay"
| #define PACKAGE_TARNAME "wslay"
| #define PACKAGE_VERSION "0.1.1"
| #define PACKAGE_STRING "wslay 0.1.1"
| #define PACKAGE_BUGREPORT "t-tujikawa@users.sourceforge.net"
| #define PACKAGE_URL ""
| #define STDC_HEADERS 1
| #define HAVE_SYS_TYPES_H 1
| #define HAVE_SYS_STAT_H 1
| #define HAVE_STDLIB_H 1
| #define HAVE_STRING_H 1
| #define HAVE_MEMORY_H 1
| #define HAVE_STRINGS_H 1
| #define HAVE_INTTYPES_H 1
| #define HAVE_STDINT_H 1
| #define HAVE_UNISTD_H 1
| #define HAVE_DLFCN_H 1
| #define LT_OBJDIR ".libs/"
| #define PACKAGE "wslay"
| #define VERSION "0.1.1"
| #define HAVE_ARPA_INET_H 1
| #define HAVE_NETINET_IN_H 1
| #define HAVE_STDDEF_H 1
| #define HAVE_STDINT_H 1
| #define HAVE_STDLIB_H 1
| #define HAVE_STRING_H 1
| #define HAVE_UNISTD_H 1
| #define HAVE_PTRDIFF_T 1
| /* end confdefs.h.  */
| #include <sys/types.h>
| 		#include <sys/param.h>
| 
| int
| main ()
| {
| #if BYTE_ORDER != BIG_ENDIAN
| 		 not big endian
| 		#endif
| 
|   ;
|   return 0;
| }
configure:12504: result: no
configure:12602: checking for memmove
configure:12602: mipsel-uclibc-gcc -o conftest -Os -Wall -mno-branch-likely -fno-caller-saves -fhonour-copts -fno-delete-null-pointer-checks -funit-at-a-time -mips32 -mtune=mips32 		--param large-function-growth=800 --param max-inline-insns-single=3000 		-ffunction-sections -fdata-sections -DLINUX26 -DCONFIG_BCMWL5 -pipe -DBCMWPA2 -funit-at-a-time -Wno-pointer-sign -mtune=mips32r2 -mips32r2 -DCONFIG_NVRAM_SIZE=60  -I/home/vicente/tomato/release/src-rt/router/expat/lib  -L/home/vicente/tomato/release/src-rt/router/expat/.libs -ffunction-sections -fdata-sections -Wl,--gc-sections -fPIC conftest.c  >&5
Assembler messages:
Warning: A different -mtune was already specified, is now mips32r2
conftest.c:54: warning: conflicting types for built-in function 'memmove'
configure:12602: $? = 0
configure:12602: result: yes
configure:12602: checking for memset
configure:12602: mipsel-uclibc-gcc -o conftest -Os -Wall -mno-branch-likely -fno-caller-saves -fhonour-copts -fno-delete-null-pointer-checks -funit-at-a-time -mips32 -mtune=mips32 		--param large-function-growth=800 --param max-inline-insns-single=3000 		-ffunction-sections -fdata-sections -DLINUX26 -DCONFIG_BCMWL5 -pipe -DBCMWPA2 -funit-at-a-time -Wno-pointer-sign -mtune=mips32r2 -mips32r2 -DCONFIG_NVRAM_SIZE=60  -I/home/vicente/tomato/release/src-rt/router/expat/lib  -L/home/vicente/tomato/release/src-rt/router/expat/.libs -ffunction-sections -fdata-sections -Wl,--gc-sections -fPIC conftest.c  >&5
Assembler messages:
Warning: A different -mtune was already specified, is now mips32r2
conftest.c:55: warning: conflicting types for built-in function 'memset'
configure:12602: $? = 0
configure:12602: result: yes
configure:12602: checking for ntohl
configure:12602: mipsel-uclibc-gcc -o conftest -Os -Wall -mno-branch-likely -fno-caller-saves -fhonour-copts -fno-delete-null-pointer-checks -funit-at-a-time -mips32 -mtune=mips32 		--param large-function-growth=800 --param max-inline-insns-single=3000 		-ffunction-sections -fdata-sections -DLINUX26 -DCONFIG_BCMWL5 -pipe -DBCMWPA2 -funit-at-a-time -Wno-pointer-sign -mtune=mips32r2 -mips32r2 -DCONFIG_NVRAM_SIZE=60  -I/home/vicente/tomato/release/src-rt/router/expat/lib  -L/home/vicente/tomato/release/src-rt/router/expat/.libs -ffunction-sections -fdata-sections -Wl,--gc-sections -fPIC conftest.c  >&5
Assembler messages:
Warning: A different -mtune was already specified, is now mips32r2
configure:12602: $? = 0
configure:12602: result: yes
configure:12602: checking for ntohs
configure:12602: mipsel-uclibc-gcc -o conftest -Os -Wall -mno-branch-likely -fno-caller-saves -fhonour-copts -fno-delete-null-pointer-checks -funit-at-a-time -mips32 -mtune=mips32 		--param large-function-growth=800 --param max-inline-insns-single=3000 		-ffunction-sections -fdata-sections -DLINUX26 -DCONFIG_BCMWL5 -pipe -DBCMWPA2 -funit-at-a-time -Wno-pointer-sign -mtune=mips32r2 -mips32r2 -DCONFIG_NVRAM_SIZE=60  -I/home/vicente/tomato/release/src-rt/router/expat/lib  -L/home/vicente/tomato/release/src-rt/router/expat/.libs -ffunction-sections -fdata-sections -Wl,--gc-sections -fPIC conftest.c  >&5
Assembler messages:
Warning: A different -mtune was already specified, is now mips32r2
configure:12602: $? = 0
configure:12602: result: yes
configure:12602: checking for htons
configure:12602: mipsel-uclibc-gcc -o conftest -Os -Wall -mno-branch-likely -fno-caller-saves -fhonour-copts -fno-delete-null-pointer-checks -funit-at-a-time -mips32 -mtune=mips32 		--param large-function-growth=800 --param max-inline-insns-single=3000 		-ffunction-sections -fdata-sections -DLINUX26 -DCONFIG_BCMWL5 -pipe -DBCMWPA2 -funit-at-a-time -Wno-pointer-sign -mtune=mips32r2 -mips32r2 -DCONFIG_NVRAM_SIZE=60  -I/home/vicente/tomato/release/src-rt/router/expat/lib  -L/home/vicente/tomato/release/src-rt/router/expat/.libs -ffunction-sections -fdata-sections -Wl,--gc-sections -fPIC conftest.c  >&5
Assembler messages:
Warning: A different -mtune was already specified, is now mips32r2
configure:12602: $? = 0
configure:12602: result: yes
configure:12753: creating ./config.status

## ---------------------- ##
## Running config.status. ##
## ---------------------- ##

This file was extended by wslay config.status 0.1.1, which was
generated by GNU Autoconf 2.69.  Invocation command line was

  CONFIG_FILES    = 
  CONFIG_HEADERS  = 
  CONFIG_LINKS    = 
  CONFIG_COMMANDS = 
  $ ./config.status 

on asus-K53SJ

config.status:1108: creating Makefile
config.status:1108: creating lib/Makefile
config.status:1108: creating lib/libwslay.pc
config.status:1108: creating lib/includes/Makefile
config.status:1108: creating lib/includes/wslay/wslayver.h
config.status:1108: creating tests/Makefile
config.status:1108: creating config.h
config.status:1289: config.h is unchanged
config.status:1337: executing libtool commands
config.status:1337: executing depfiles commands
configure:14994: summary of build options:

    version:        0.1.1 shared 0:0:0
    Host type:      mipsel-unknown-linux-gnu
    Install prefix: /usr
    C compiler:     mipsel-uclibc-gcc
    CFlags:         -Os -Wall -mno-branch-likely -fno-caller-saves -fhonour-copts -fno-delete-null-pointer-checks -funit-at-a-time -mips32 -mtune=mips32 		--param large-function-growth=800 --param max-inline-insns-single=3000 		-ffunction-sections -fdata-sections -DLINUX26 -DCONFIG_BCMWL5 -pipe -DBCMWPA2 -funit-at-a-time -Wno-pointer-sign -mtune=mips32r2 -mips32r2 -DCONFIG_NVRAM_SIZE=60  -I/home/vicente/tomato/release/src-rt/router/expat/lib
    Library types:  Shared=no, Static=yes
    CUnit:          no


## ---------------- ##
## Cache variables. ##
## ---------------- ##

ac_cv_build=x86_64-pc-linux-gnu
ac_cv_c_bigendian=no
ac_cv_c_compiler_gnu=yes
ac_cv_c_uint16_t=yes
ac_cv_c_uint32_t=yes
ac_cv_c_uint64_t=yes
ac_cv_c_uint8_t=yes
ac_cv_env_CC_set=set
ac_cv_env_CC_value=mipsel-uclibc-gcc
ac_cv_env_CFLAGS_set=set
ac_cv_env_CFLAGS_value='-Os -Wall -mno-branch-likely -fno-caller-saves -fhonour-copts -fno-delete-null-pointer-checks -funit-at-a-time -mips32 -mtune=mips32 		--param large-function-growth=800 --param max-inline-insns-single=3000 		-ffunction-sections -fdata-sections -DLINUX26 -DCONFIG_BCMWL5 -pipe -DBCMWPA2 -funit-at-a-time -Wno-pointer-sign -mtune=mips32r2 -mips32r2 -DCONFIG_NVRAM_SIZE=60  -I/home/vicente/tomato/release/src-rt/router/expat/lib'
ac_cv_env_CPPFLAGS_set=
ac_cv_env_CPPFLAGS_value=
ac_cv_env_CPP_set=
ac_cv_env_CPP_value=
ac_cv_env_LDFLAGS_set=set
ac_cv_env_LDFLAGS_value='-L/home/vicente/tomato/release/src-rt/router/expat/.libs -ffunction-sections -fdata-sections -Wl,--gc-sections -fPIC'
ac_cv_env_LIBS_set=
ac_cv_env_LIBS_value=
ac_cv_env_build_alias_set=set
ac_cv_env_build_alias_value=x86_64-linux-gnu
ac_cv_env_host_alias_set=set
ac_cv_env_host_alias_value=mipsel-linux
ac_cv_env_target_alias_set=
ac_cv_env_target_alias_value=
ac_cv_func_htons=yes
ac_cv_func_malloc_0_nonnull=yes
ac_cv_func_memmove=yes
ac_cv_func_memset=yes
ac_cv_func_ntohl=yes
ac_cv_func_ntohs=yes
ac_cv_header_arpa_inet_h=yes
ac_cv_header_dlfcn_h=yes
ac_cv_header_inttypes_h=yes
ac_cv_header_memory_h=yes
ac_cv_header_netinet_in_h=yes
ac_cv_header_stdc=yes
ac_cv_header_stddef_h=yes
ac_cv_header_stdint_h=yes
ac_cv_header_stdlib_h=yes
ac_cv_header_string_h=yes
ac_cv_header_strings_h=yes
ac_cv_header_sys_stat_h=yes
ac_cv_header_sys_types_h=yes
ac_cv_header_unistd_h=yes
ac_cv_host=mipsel-unknown-linux-gnu
ac_cv_lib_cunit_CU_initialize_registry=no
ac_cv_objext=o
ac_cv_path_EGREP='/bin/grep -E'
ac_cv_path_FGREP='/bin/grep -F'
ac_cv_path_GREP=/bin/grep
ac_cv_path_SED=/bin/sed
ac_cv_path_install='/usr/bin/install -c'
ac_cv_path_mkdir=/bin/mkdir
ac_cv_prog_AR=mipsel-uclibc-ar
ac_cv_prog_AWK=gawk
ac_cv_prog_CC=mipsel-uclibc-gcc
ac_cv_prog_CPP='mipsel-uclibc-gcc -E'
ac_cv_prog_OBJDUMP=mipsel-linux-objdump
ac_cv_prog_RANLIB=mipsel-uclibc-ranlib
ac_cv_prog_STRIP='mipsel-uclibc-strip -R .note -R .comment'
ac_cv_prog_ac_ct_MANIFEST_TOOL=mt
ac_cv_prog_cc_c89=
ac_cv_prog_cc_g=yes
ac_cv_prog_make_make_set=yes
ac_cv_target=mipsel-unknown-linux-gnu
ac_cv_type_ptrdiff_t=yes
ac_cv_type_size_t=yes
ac_cv_type_ssize_t=yes
am_cv_CC_dependencies_compiler_type=gcc3
lt_cv_ar_at_file=@
lt_cv_deplibs_check_method=pass_all
lt_cv_file_magic_cmd='$MAGIC_CMD'
lt_cv_file_magic_test_file=
lt_cv_ld_reload_flag=-r
lt_cv_nm_interface='BSD nm'
lt_cv_objdir=.libs
lt_cv_path_LD=mipsel-uclibc-ld
lt_cv_path_NM=mipsel-uclibc-nm
lt_cv_path_mainfest_tool=no
lt_cv_prog_compiler_c_o=yes
lt_cv_prog_compiler_pic='-fPIC -DPIC'
lt_cv_prog_compiler_pic_works=yes
lt_cv_prog_compiler_rtti_exceptions=no
lt_cv_prog_compiler_static_works=yes
lt_cv_prog_gnu_ld=yes
lt_cv_sharedlib_from_linklib_cmd='printf %s\n'
lt_cv_shlibpath_overrides_runpath=no
lt_cv_sys_global_symbol_pipe='sed -n -e '\''s/^.*[	 ]\([ABCDGIRSTW][ABCDGIRSTW]*\)[	 ][	 ]*\([_A-Za-z][_A-Za-z0-9]*\)$/\1 \2 \2/p'\'' | sed '\''/ __gnu_lto/d'\'''
lt_cv_sys_global_symbol_to_c_name_address='sed -n -e '\''s/^: \([^ ]*\)[ ]*$/  {\"\1\", (void *) 0},/p'\'' -e '\''s/^[ABCDGIRSTW]* \([^ ]*\) \([^ ]*\)$/  {"\2", (void *) \&\2},/p'\'''
lt_cv_sys_global_symbol_to_c_name_address_lib_prefix='sed -n -e '\''s/^: \([^ ]*\)[ ]*$/  {\"\1\", (void *) 0},/p'\'' -e '\''s/^[ABCDGIRSTW]* \([^ ]*\) \(lib[^ ]*\)$/  {"\2", (void *) \&\2},/p'\'' -e '\''s/^[ABCDGIRSTW]* \([^ ]*\) \([^ ]*\)$/  {"lib\2", (void *) \&\2},/p'\'''
lt_cv_sys_global_symbol_to_cdecl='sed -n -e '\''s/^T .* \(.*\)$/extern int \1();/p'\'' -e '\''s/^[ABCDGIRSTW]* .* \(.*\)$/extern char \1;/p'\'''
lt_cv_sys_max_cmd_len=3458764513820540925
lt_cv_to_host_file_cmd=func_convert_file_noop
lt_cv_to_tool_file_cmd=func_convert_file_noop

## ----------------- ##
## Output variables. ##
## ----------------- ##

ACLOCAL='${SHELL} /home/vicente/tomato/release/src/router/aria2/deps/wslay/missing --run aclocal-1.11'
AMDEPBACKSLASH='\'
AMDEP_FALSE='#'
AMDEP_TRUE=''
AMTAR='$${TAR-tar}'
AR='mipsel-uclibc-ar'
AUTOCONF='${SHELL} /home/vicente/tomato/release/src/router/aria2/deps/wslay/missing --run autoconf'
AUTOHEADER='${SHELL} /home/vicente/tomato/release/src/router/aria2/deps/wslay/missing --run autoheader'
AUTOMAKE='${SHELL} /home/vicente/tomato/release/src/router/aria2/deps/wslay/missing --run automake-1.11'
AWK='gawk'
CC='mipsel-uclibc-gcc'
CCDEPMODE='depmode=gcc3'
CFLAGS='-Os -Wall -mno-branch-likely -fno-caller-saves -fhonour-copts -fno-delete-null-pointer-checks -funit-at-a-time -mips32 -mtune=mips32 		--param large-function-growth=800 --param max-inline-insns-single=3000 		-ffunction-sections -fdata-sections -DLINUX26 -DCONFIG_BCMWL5 -pipe -DBCMWPA2 -funit-at-a-time -Wno-pointer-sign -mtune=mips32r2 -mips32r2 -DCONFIG_NVRAM_SIZE=60  -I/home/vicente/tomato/release/src-rt/router/expat/lib'
CPP='mipsel-uclibc-gcc -E'
CPPFLAGS=''
CYGPATH_W='echo'
DEFS='-DHAVE_CONFIG_H'
DEPDIR='.deps'
DLLTOOL='false'
DSYMUTIL=''
DUMPBIN=''
ECHO_C=''
ECHO_N='-n'
ECHO_T=''
EGREP='/bin/grep -E'
EXEEXT=''
FGREP='/bin/grep -F'
GREP='/bin/grep'
HAVE_CUNIT_FALSE=''
HAVE_CUNIT_TRUE='#'
HAVE_SPHINX_BUILD_FALSE=''
HAVE_SPHINX_BUILD_TRUE='#'
INSTALL_DATA='${INSTALL} -m 644'
INSTALL_PROGRAM='${INSTALL}'
INSTALL_SCRIPT='${INSTALL}'
INSTALL_STRIP_PROGRAM='$(install_sh) -c -s'
LD='mipsel-uclibc-ld'
LDFLAGS='-L/home/vicente/tomato/release/src-rt/router/expat/.libs -ffunction-sections -fdata-sections -Wl,--gc-sections -fPIC'
LIBOBJS=''
LIBS=''
LIBTOOL='$(SHELL) $(top_builddir)/libtool'
LIPO=''
LN_S='ln -s'
LTLIBOBJS=''
LT_AGE='0'
LT_CURRENT='0'
LT_REVISION='0'
MAKEINFO='${SHELL} /home/vicente/tomato/release/src/router/aria2/deps/wslay/missing --run makeinfo'
MANIFEST_TOOL=':'
MKDIR_P='/bin/mkdir -p'
NM='mipsel-uclibc-nm'
NMEDIT=''
OBJDUMP='mipsel-linux-objdump'
OBJEXT='o'
OTOOL64=''
OTOOL=''
PACKAGE='wslay'
PACKAGE_BUGREPORT='t-tujikawa@users.sourceforge.net'
PACKAGE_NAME='wslay'
PACKAGE_STRING='wslay 0.1.1'
PACKAGE_TARNAME='wslay'
PACKAGE_URL=''
PACKAGE_VERSION='0.1.1'
PATH_SEPARATOR=':'
RANLIB='mipsel-uclibc-ranlib'
SED='/bin/sed'
SET_MAKE=''
SHELL='/bin/sh'
SPHINX_BUILD=''
STRIP='mipsel-uclibc-strip -R .note -R .comment'
VERSION='0.1.1'
ac_ct_AR=''
ac_ct_CC=''
ac_ct_DUMPBIN=''
am__EXEEXT_FALSE=''
am__EXEEXT_TRUE='#'
am__fastdepCC_FALSE='#'
am__fastdepCC_TRUE=''
am__include='include'
am__isrc=''
am__leading_dot='.'
am__nodep='_no'
am__quote=''
am__tar='$${TAR-tar} chof - "$$tardir"'
am__untar='$${TAR-tar} xf -'
bindir='${exec_prefix}/bin'
build='x86_64-pc-linux-gnu'
build_alias='x86_64-linux-gnu'
build_cpu='x86_64'
build_os='linux-gnu'
build_vendor='pc'
datadir='${datarootdir}'
datarootdir='${prefix}/share'
docdir='${datarootdir}/doc/${PACKAGE_TARNAME}'
dvidir='${docdir}'
exec_prefix='${prefix}'
host='mipsel-unknown-linux-gnu'
host_alias='mipsel-linux'
host_cpu='mipsel'
host_os='linux-gnu'
host_vendor='unknown'
htmldir='${docdir}'
includedir='${prefix}/include'
infodir='${datarootdir}/info'
install_sh='${SHELL} /home/vicente/tomato/release/src/router/aria2/deps/wslay/install-sh'
libdir='${exec_prefix}/lib'
libexecdir='${exec_prefix}/libexec'
localedir='${datarootdir}/locale'
localstatedir='${prefix}/var'
mandir='${datarootdir}/man'
mkdir_p='/bin/mkdir -p'
oldincludedir='/usr/include'
pdfdir='${docdir}'
prefix='/usr'
program_transform_name='s,x,x,'
psdir='${docdir}'
sbindir='${exec_prefix}/sbin'
sharedstatedir='${prefix}/com'
sysconfdir='${prefix}/etc'
target='mipsel-unknown-linux-gnu'
target_alias=''
target_cpu='mipsel'
target_os='linux-gnu'
target_vendor='unknown'

## ----------- ##
## confdefs.h. ##
## ----------- ##

/* confdefs.h */
#define PACKAGE_NAME "wslay"
#define PACKAGE_TARNAME "wslay"
#define PACKAGE_VERSION "0.1.1"
#define PACKAGE_STRING "wslay 0.1.1"
#define PACKAGE_BUGREPORT "t-tujikawa@users.sourceforge.net"
#define PACKAGE_URL ""
#define STDC_HEADERS 1
#define HAVE_SYS_TYPES_H 1
#define HAVE_SYS_STAT_H 1
#define HAVE_STDLIB_H 1
#define HAVE_STRING_H 1
#define HAVE_MEMORY_H 1
#define HAVE_STRINGS_H 1
#define HAVE_INTTYPES_H 1
#define HAVE_STDINT_H 1
#define HAVE_UNISTD_H 1
#define HAVE_DLFCN_H 1
#define LT_OBJDIR ".libs/"
#define PACKAGE "wslay"
#define VERSION "0.1.1"
#define HAVE_ARPA_INET_H 1
#define HAVE_NETINET_IN_H 1
#define HAVE_STDDEF_H 1
#define HAVE_STDINT_H 1
#define HAVE_STDLIB_H 1
#define HAVE_STRING_H 1
#define HAVE_UNISTD_H 1
#define HAVE_PTRDIFF_T 1
#define HAVE_MEMMOVE 1
#define HAVE_MEMSET 1
#define HAVE_NTOHL 1
#define HAVE_NTOHS 1
#define HAVE_HTONS 1

configure: exit 0
