This file contains any messages produced by compilers while
running configure, to aid debugging if configure makes a mistake.

It was created by libltdl configure 2.4.2, which was
generated by GNU Autoconf 2.69.  Invocation command line was

  $ ./configure --disable-option-checking --prefix=/usr --host=mipsel-linux --build=x86_64-linux-gnu --disable-ssp build_alias=x86_64-linux-gnu host_alias=mipsel-linux CC=mipsel-uclibc-gcc CFLAGS=-Os -Wall -DLINUX26 -DCONFIG_BCMWL5 -pipe -DBCMWPA2 -funit-at-a-time -Wno-pointer-sign -mtune=mips32r2 -mips32r2   -ffunction-sections -fdata-sections LDFLAGS=-ffunction-sections -fdata-sections -Wl,--gc-sections -L/home/vicente/tomato/release/src-rt/router/libsodium/src/libsodium/.libs CPPFLAGS=-I/home/vicente/tomato/release/src-rt/router/libsodium/src/libsodium/include AR=mipsel-uclibc-ar --enable-ltdl-convenience --disable-thread-support --disable-dependency-tracking --disable-libevent-install --disable-openssl --disable-shared --enable-function-sections CC=mipsel-uclibc-gcc -std=gnu99 CFLAGS= -Os -Wall -DLINUX26 -DCONFIG_BCMWL5 -pipe -DBCMWPA2 -funit-at-a-time -Wno-pointer-sign -mtune=mips32r2 -mips32r2 -ffunction-sections -fdata-sections -fPIC -fPIE -fwrapv -fno-strict-aliasing -fno-strict-overflow -Winit-self -Wwrite-strings -Wdiv-by-zero CPP=mipsel-uclibc-gcc -std=gnu99 -E CPPFLAGS=-I/home/vicente/tomato/release/src-rt/router/libsodium/src/libsodium/include -D_FORTIFY_SOURCE=2 -I/usr/local/include LDFLAGS=-ffunction-sections -fdata-sections -Wl,--gc-sections -L/home/vicente/tomato/release/src-rt/router/libsodium/src/libsodium/.libs -pie -Wl,-z,relro -Wl,-z,now -Wl,-z,noexecstack -L/usr/local/lib LIBS=-ldl -lsodium -ldl -lm  --cache-file=/dev/null --srcdir=.

## --------- ##
## Platform. ##
## --------- ##

hostname = asus-K53SJ
uname -m = x86_64
uname -r = 3.8.0-34-generic
uname -s = Linux
uname -v = #49-Ubuntu SMP Tue Nov 12 18:00:10 UTC 2013

/usr/bin/uname -p = unknown
/bin/uname -X     = unknown

/bin/arch              = unknown
/usr/bin/arch -k       = unknown
/usr/convex/getsysinfo = unknown
/usr/bin/hostinfo      = unknown
/bin/machine           = unknown
/usr/bin/oslevel       = unknown
/bin/universe          = unknown

PATH: /home/vicente/tomato/release/tools
PATH: /home/vicente/tomato/release/tools
PATH: /home/vicente/tomato/release/tools
PATH: /home/vicente/tomato/release/tools
PATH: /opt/brcm/hndtools-mipsel-uclibc/bin
PATH: /opt/brcm/hndtools-mipsel-linux/bin
PATH: /usr/lib/lightdm/lightdm
PATH: /usr/local/sbin
PATH: /usr/local/bin
PATH: /usr/sbin
PATH: /usr/bin
PATH: /sbin
PATH: /bin
PATH: /usr/games
PATH: /usr/local/games


## ----------- ##
## Core tests. ##
## ----------- ##

configure:2283: checking for a BSD-compatible install
configure:2351: result: /usr/bin/install -c
configure:2362: checking whether build environment is sane
configure:2412: result: yes
configure:2461: checking for mipsel-linux-strip
configure:2488: result: mipsel-uclibc-strip
configure:2553: checking for a thread-safe mkdir -p
configure:2592: result: /bin/mkdir -p
configure:2605: checking for gawk
configure:2621: found /usr/bin/gawk
configure:2632: result: gawk
configure:2643: checking whether make sets $(MAKE)
configure:2665: result: yes
configure:2785: checking build system type
configure:2799: result: x86_64-pc-linux-gnu
configure:2819: checking host system type
configure:2832: result: mipsel-unknown-linux-gnu
configure:2873: checking how to print strings
configure:2900: result: printf
configure:2933: checking for style of include used by make
configure:2961: result: GNU
configure:2992: checking for mipsel-linux-gcc
configure:3019: result: mipsel-uclibc-gcc -std=gnu99
configure:3288: checking for C compiler version
configure:3297: mipsel-uclibc-gcc -std=gnu99 --version >&5
mipsel-uclibc-gcc (GCC) 4.2.4
Copyright (C) 2007 Free Software Foundation, Inc.
This is free software; see the source for copying conditions.  There is NO
warranty; not even for MERCHANTABILITY or FITNESS FOR A PARTICULAR PURPOSE.

configure:3308: $? = 0
configure:3297: mipsel-uclibc-gcc -std=gnu99 -v >&5
Using built-in specs.
Target: mipsel-linux-uclibc
Configured with: /home/fedork/tomato/toolchain/build_dir/toolchain-mipsel_gcc4.2.4/gcc-4.2.4/configure --prefix=/opt/brcm/hndtools-mipsel-uclibc-4.2.4 --build=i486-linux-gnu --host=i486-linux-gnu --target=mipsel-linux-uclibc --with-gnu-ld --enable-target-optspace --disable-libgomp --disable-libmudflap --disable-multilib --disable-nls --disable-__cxa_atexit --enable-libssp --enable-languages=c,c++ --enable-shared --enable-threads --enable-tls
Thread model: posix
gcc version 4.2.4
configure:3308: $? = 0
configure:3297: mipsel-uclibc-gcc -std=gnu99 -V >&5
mipsel-uclibc-gcc: '-V' must come at the start of the command line
configure:3308: $? = 1
configure:3297: mipsel-uclibc-gcc -std=gnu99 -qversion >&5
mipsel-uclibc-gcc: unrecognized option '-qversion'
mipsel-uclibc-gcc: no input files
configure:3308: $? = 1
configure:3328: checking whether the C compiler works
configure:3350: mipsel-uclibc-gcc -std=gnu99  -Os -Wall -DLINUX26 -DCONFIG_BCMWL5 -pipe -DBCMWPA2 -funit-at-a-time -Wno-pointer-sign -mtune=mips32r2 -mips32r2 -ffunction-sections -fdata-sections -fPIC -fPIE -fwrapv -fno-strict-aliasing -fno-strict-overflow -Winit-self -Wwrite-strings -Wdiv-by-zero -I/home/vicente/tomato/release/src-rt/router/libsodium/src/libsodium/include -D_FORTIFY_SOURCE=2 -I/usr/local/include -ffunction-sections -fdata-sections -Wl,--gc-sections -L/home/vicente/tomato/release/src-rt/router/libsodium/src/libsodium/.libs -pie -Wl,-z,relro -Wl,-z,now -Wl,-z,noexecstack -L/usr/local/lib conftest.c -ldl -lsodium -ldl -lm  >&5
configure:3354: $? = 0
configure:3402: result: yes
configure:3405: checking for C compiler default output file name
configure:3407: result: a.out
configure:3413: checking for suffix of executables
configure:3420: mipsel-uclibc-gcc -std=gnu99 -o conftest  -Os -Wall -DLINUX26 -DCONFIG_BCMWL5 -pipe -DBCMWPA2 -funit-at-a-time -Wno-pointer-sign -mtune=mips32r2 -mips32r2 -ffunction-sections -fdata-sections -fPIC -fPIE -fwrapv -fno-strict-aliasing -fno-strict-overflow -Winit-self -Wwrite-strings -Wdiv-by-zero -I/home/vicente/tomato/release/src-rt/router/libsodium/src/libsodium/include -D_FORTIFY_SOURCE=2 -I/usr/local/include -ffunction-sections -fdata-sections -Wl,--gc-sections -L/home/vicente/tomato/release/src-rt/router/libsodium/src/libsodium/.libs -pie -Wl,-z,relro -Wl,-z,now -Wl,-z,noexecstack -L/usr/local/lib conftest.c -ldl -lsodium -ldl -lm  >&5
configure:3424: $? = 0
configure:3446: result: 
configure:3468: checking whether we are cross compiling
configure:3506: result: yes
configure:3511: checking for suffix of object files
configure:3533: mipsel-uclibc-gcc -std=gnu99 -c  -Os -Wall -DLINUX26 -DCONFIG_BCMWL5 -pipe -DBCMWPA2 -funit-at-a-time -Wno-pointer-sign -mtune=mips32r2 -mips32r2 -ffunction-sections -fdata-sections -fPIC -fPIE -fwrapv -fno-strict-aliasing -fno-strict-overflow -Winit-self -Wwrite-strings -Wdiv-by-zero -I/home/vicente/tomato/release/src-rt/router/libsodium/src/libsodium/include -D_FORTIFY_SOURCE=2 -I/usr/local/include conftest.c >&5
configure:3537: $? = 0
configure:3558: result: o
configure:3562: checking whether we are using the GNU C compiler
configure:3581: mipsel-uclibc-gcc -std=gnu99 -c  -Os -Wall -DLINUX26 -DCONFIG_BCMWL5 -pipe -DBCMWPA2 -funit-at-a-time -Wno-pointer-sign -mtune=mips32r2 -mips32r2 -ffunction-sections -fdata-sections -fPIC -fPIE -fwrapv -fno-strict-aliasing -fno-strict-overflow -Winit-self -Wwrite-strings -Wdiv-by-zero -I/home/vicente/tomato/release/src-rt/router/libsodium/src/libsodium/include -D_FORTIFY_SOURCE=2 -I/usr/local/include conftest.c >&5
configure:3581: $? = 0
configure:3590: result: yes
configure:3599: checking whether mipsel-uclibc-gcc -std=gnu99 accepts -g
configure:3619: mipsel-uclibc-gcc -std=gnu99 -c -g -I/home/vicente/tomato/release/src-rt/router/libsodium/src/libsodium/include -D_FORTIFY_SOURCE=2 -I/usr/local/include conftest.c >&5
configure:3619: $? = 0
configure:3660: result: yes
configure:3677: checking for mipsel-uclibc-gcc -std=gnu99 option to accept ISO C89
configure:3740: mipsel-uclibc-gcc -std=gnu99  -c  -Os -Wall -DLINUX26 -DCONFIG_BCMWL5 -pipe -DBCMWPA2 -funit-at-a-time -Wno-pointer-sign -mtune=mips32r2 -mips32r2 -ffunction-sections -fdata-sections -fPIC -fPIE -fwrapv -fno-strict-aliasing -fno-strict-overflow -Winit-self -Wwrite-strings -Wdiv-by-zero -I/home/vicente/tomato/release/src-rt/router/libsodium/src/libsodium/include -D_FORTIFY_SOURCE=2 -I/usr/local/include conftest.c >&5
configure:3740: $? = 0
configure:3753: result: none needed
configure:3775: checking dependency style of mipsel-uclibc-gcc -std=gnu99
configure:3886: result: none
configure:3901: checking for a sed that does not truncate output
configure:3965: result: /bin/sed
configure:3983: checking for grep that handles long lines and -e
configure:4041: result: /bin/grep
configure:4046: checking for egrep
configure:4108: result: /bin/grep -E
configure:4113: checking for fgrep
configure:4175: result: /bin/grep -F
configure:4210: checking for ld used by mipsel-uclibc-gcc -std=gnu99
configure:4277: result: mipsel-uclibc-ld
configure:4284: checking if the linker (mipsel-uclibc-ld) is GNU ld
configure:4299: result: yes
configure:4311: checking for BSD- or MS-compatible name lister (nm)
configure:4360: result: mipsel-uclibc-nm
configure:4490: checking the name lister (mipsel-uclibc-nm) interface
configure:4497: mipsel-uclibc-gcc -std=gnu99 -c  -Os -Wall -DLINUX26 -DCONFIG_BCMWL5 -pipe -DBCMWPA2 -funit-at-a-time -Wno-pointer-sign -mtune=mips32r2 -mips32r2 -ffunction-sections -fdata-sections -fPIC -fPIE -fwrapv -fno-strict-aliasing -fno-strict-overflow -Winit-self -Wwrite-strings -Wdiv-by-zero -I/home/vicente/tomato/release/src-rt/router/libsodium/src/libsodium/include -D_FORTIFY_SOURCE=2 -I/usr/local/include conftest.c >&5
configure:4500: mipsel-uclibc-nm "conftest.o"
configure:4503: output
00000000 B some_variable
configure:4510: result: BSD nm
configure:4513: checking whether ln -s works
configure:4517: result: yes
configure:4525: checking the maximum length of command line arguments
configure:4656: result: 3458764513820540925
configure:4673: checking whether the shell understands some XSI constructs
configure:4683: result: yes
configure:4687: checking whether the shell understands "+="
configure:4693: result: yes
configure:4728: checking how to convert x86_64-pc-linux-gnu file names to mipsel-unknown-linux-gnu format
configure:4768: result: func_convert_file_noop
configure:4775: checking how to convert x86_64-pc-linux-gnu file names to toolchain format
configure:4795: result: func_convert_file_noop
configure:4802: checking for mipsel-uclibc-ld option to reload object files
configure:4809: result: -r
configure:4843: checking for mipsel-linux-objdump
configure:4859: found /opt/brcm/hndtools-mipsel-uclibc/bin/mipsel-linux-objdump
configure:4870: result: mipsel-linux-objdump
configure:4939: checking how to recognize dependent libraries
configure:5137: result: pass_all
configure:5182: checking for mipsel-linux-dlltool
configure:5212: result: no
configure:5222: checking for dlltool
configure:5252: result: no
configure:5279: checking how to associate runtime and link libraries
configure:5306: result: printf %s\n
configure:5323: checking for mipsel-linux-ar
configure:5350: result: mipsel-uclibc-ar
configure:5431: checking for archiver @FILE support
configure:5448: mipsel-uclibc-gcc -std=gnu99 -c  -Os -Wall -DLINUX26 -DCONFIG_BCMWL5 -pipe -DBCMWPA2 -funit-at-a-time -Wno-pointer-sign -mtune=mips32r2 -mips32r2 -ffunction-sections -fdata-sections -fPIC -fPIE -fwrapv -fno-strict-aliasing -fno-strict-overflow -Winit-self -Wwrite-strings -Wdiv-by-zero -I/home/vicente/tomato/release/src-rt/router/libsodium/src/libsodium/include -D_FORTIFY_SOURCE=2 -I/usr/local/include conftest.c >&5
configure:5448: $? = 0
configure:5451: mipsel-uclibc-ar cru libconftest.a @conftest.lst >&5
configure:5454: $? = 0
configure:5459: mipsel-uclibc-ar cru libconftest.a @conftest.lst >&5
mipsel-uclibc-ar: conftest.o: No such file or directory
configure:5462: $? = 1
configure:5474: result: @
configure:5492: checking for mipsel-linux-strip
configure:5519: result: mipsel-uclibc-strip
configure:5591: checking for mipsel-linux-ranlib
configure:5618: result: mipsel-uclibc-ranlib
configure:5760: checking command to parse mipsel-uclibc-nm output from mipsel-uclibc-gcc -std=gnu99 object
configure:5880: mipsel-uclibc-gcc -std=gnu99 -c  -Os -Wall -DLINUX26 -DCONFIG_BCMWL5 -pipe -DBCMWPA2 -funit-at-a-time -Wno-pointer-sign -mtune=mips32r2 -mips32r2 -ffunction-sections -fdata-sections -fPIC -fPIE -fwrapv -fno-strict-aliasing -fno-strict-overflow -Winit-self -Wwrite-strings -Wdiv-by-zero -I/home/vicente/tomato/release/src-rt/router/libsodium/src/libsodium/include -D_FORTIFY_SOURCE=2 -I/usr/local/include conftest.c >&5
configure:5883: $? = 0
configure:5887: mipsel-uclibc-nm conftest.o \| sed -n -e 's/^.*[ ]\([ABCDGIRSTW][ABCDGIRSTW]*\)[ ][ ]*\([_A-Za-z][_A-Za-z0-9]*\)$/\1 \2 \2/p' | sed '/ __gnu_lto/d' \> conftest.nm
configure:5890: $? = 0
configure:5956: mipsel-uclibc-gcc -std=gnu99 -o conftest  -Os -Wall -DLINUX26 -DCONFIG_BCMWL5 -pipe -DBCMWPA2 -funit-at-a-time -Wno-pointer-sign -mtune=mips32r2 -mips32r2 -ffunction-sections -fdata-sections -fPIC -fPIE -fwrapv -fno-strict-aliasing -fno-strict-overflow -Winit-self -Wwrite-strings -Wdiv-by-zero -I/home/vicente/tomato/release/src-rt/router/libsodium/src/libsodium/include -D_FORTIFY_SOURCE=2 -I/usr/local/include -ffunction-sections -fdata-sections -Wl,--gc-sections -L/home/vicente/tomato/release/src-rt/router/libsodium/src/libsodium/.libs -pie -Wl,-z,relro -Wl,-z,now -Wl,-z,noexecstack -L/usr/local/lib conftest.c conftstm.o >&5
configure:5959: $? = 0
configure:5997: result: ok
configure:6034: checking for sysroot
configure:6064: result: no
configure:6287: checking for mipsel-linux-mt
configure:6317: result: no
configure:6327: checking for mt
configure:6343: found /bin/mt
configure:6354: result: mt
configure:6366: WARNING: using cross tools not prefixed with host triplet
configure:6377: checking if mt is a manifest tool
configure:6383: mt '-?'
configure:6391: result: no
configure:7033: checking how to run the C preprocessor
configure:7103: result: mipsel-uclibc-gcc -std=gnu99 -E
configure:7123: mipsel-uclibc-gcc -std=gnu99 -E -I/home/vicente/tomato/release/src-rt/router/libsodium/src/libsodium/include -D_FORTIFY_SOURCE=2 -I/usr/local/include conftest.c
configure:7123: $? = 0
configure:7137: mipsel-uclibc-gcc -std=gnu99 -E -I/home/vicente/tomato/release/src-rt/router/libsodium/src/libsodium/include -D_FORTIFY_SOURCE=2 -I/usr/local/include conftest.c
conftest.c:11:28: error: ac_nonexistent.h: No such file or directory
configure:7137: $? = 1
configure: failed program was:
| /* confdefs.h */
| #define PACKAGE_NAME "libltdl"
| #define PACKAGE_TARNAME "libltdl"
| #define PACKAGE_VERSION "2.4.2"
| #define PACKAGE_STRING "libltdl 2.4.2"
| #define PACKAGE_BUGREPORT "bug-libtool@gnu.org"
| #define PACKAGE_URL ""
| #define PACKAGE "libltdl"
| #define VERSION "2.4.2"
| /* end confdefs.h.  */
| #include <ac_nonexistent.h>
configure:7166: checking for ANSI C header files
configure:7186: mipsel-uclibc-gcc -std=gnu99 -c  -Os -Wall -DLINUX26 -DCONFIG_BCMWL5 -pipe -DBCMWPA2 -funit-at-a-time -Wno-pointer-sign -mtune=mips32r2 -mips32r2 -ffunction-sections -fdata-sections -fPIC -fPIE -fwrapv -fno-strict-aliasing -fno-strict-overflow -Winit-self -Wwrite-strings -Wdiv-by-zero -I/home/vicente/tomato/release/src-rt/router/libsodium/src/libsodium/include -D_FORTIFY_SOURCE=2 -I/usr/local/include conftest.c >&5
configure:7186: $? = 0
configure:7270: result: yes
configure:7283: checking for sys/types.h
configure:7283: mipsel-uclibc-gcc -std=gnu99 -c  -Os -Wall -DLINUX26 -DCONFIG_BCMWL5 -pipe -DBCMWPA2 -funit-at-a-time -Wno-pointer-sign -mtune=mips32r2 -mips32r2 -ffunction-sections -fdata-sections -fPIC -fPIE -fwrapv -fno-strict-aliasing -fno-strict-overflow -Winit-self -Wwrite-strings -Wdiv-by-zero -I/home/vicente/tomato/release/src-rt/router/libsodium/src/libsodium/include -D_FORTIFY_SOURCE=2 -I/usr/local/include conftest.c >&5
configure:7283: $? = 0
configure:7283: result: yes
configure:7283: checking for sys/stat.h
configure:7283: mipsel-uclibc-gcc -std=gnu99 -c  -Os -Wall -DLINUX26 -DCONFIG_BCMWL5 -pipe -DBCMWPA2 -funit-at-a-time -Wno-pointer-sign -mtune=mips32r2 -mips32r2 -ffunction-sections -fdata-sections -fPIC -fPIE -fwrapv -fno-strict-aliasing -fno-strict-overflow -Winit-self -Wwrite-strings -Wdiv-by-zero -I/home/vicente/tomato/release/src-rt/router/libsodium/src/libsodium/include -D_FORTIFY_SOURCE=2 -I/usr/local/include conftest.c >&5
configure:7283: $? = 0
configure:7283: result: yes
configure:7283: checking for stdlib.h
configure:7283: mipsel-uclibc-gcc -std=gnu99 -c  -Os -Wall -DLINUX26 -DCONFIG_BCMWL5 -pipe -DBCMWPA2 -funit-at-a-time -Wno-pointer-sign -mtune=mips32r2 -mips32r2 -ffunction-sections -fdata-sections -fPIC -fPIE -fwrapv -fno-strict-aliasing -fno-strict-overflow -Winit-self -Wwrite-strings -Wdiv-by-zero -I/home/vicente/tomato/release/src-rt/router/libsodium/src/libsodium/include -D_FORTIFY_SOURCE=2 -I/usr/local/include conftest.c >&5
configure:7283: $? = 0
configure:7283: result: yes
configure:7283: checking for string.h
configure:7283: mipsel-uclibc-gcc -std=gnu99 -c  -Os -Wall -DLINUX26 -DCONFIG_BCMWL5 -pipe -DBCMWPA2 -funit-at-a-time -Wno-pointer-sign -mtune=mips32r2 -mips32r2 -ffunction-sections -fdata-sections -fPIC -fPIE -fwrapv -fno-strict-aliasing -fno-strict-overflow -Winit-self -Wwrite-strings -Wdiv-by-zero -I/home/vicente/tomato/release/src-rt/router/libsodium/src/libsodium/include -D_FORTIFY_SOURCE=2 -I/usr/local/include conftest.c >&5
configure:7283: $? = 0
configure:7283: result: yes
configure:7283: checking for memory.h
configure:7283: mipsel-uclibc-gcc -std=gnu99 -c  -Os -Wall -DLINUX26 -DCONFIG_BCMWL5 -pipe -DBCMWPA2 -funit-at-a-time -Wno-pointer-sign -mtune=mips32r2 -mips32r2 -ffunction-sections -fdata-sections -fPIC -fPIE -fwrapv -fno-strict-aliasing -fno-strict-overflow -Winit-self -Wwrite-strings -Wdiv-by-zero -I/home/vicente/tomato/release/src-rt/router/libsodium/src/libsodium/include -D_FORTIFY_SOURCE=2 -I/usr/local/include conftest.c >&5
configure:7283: $? = 0
configure:7283: result: yes
configure:7283: checking for strings.h
configure:7283: mipsel-uclibc-gcc -std=gnu99 -c  -Os -Wall -DLINUX26 -DCONFIG_BCMWL5 -pipe -DBCMWPA2 -funit-at-a-time -Wno-pointer-sign -mtune=mips32r2 -mips32r2 -ffunction-sections -fdata-sections -fPIC -fPIE -fwrapv -fno-strict-aliasing -fno-strict-overflow -Winit-self -Wwrite-strings -Wdiv-by-zero -I/home/vicente/tomato/release/src-rt/router/libsodium/src/libsodium/include -D_FORTIFY_SOURCE=2 -I/usr/local/include conftest.c >&5
configure:7283: $? = 0
configure:7283: result: yes
configure:7283: checking for inttypes.h
configure:7283: mipsel-uclibc-gcc -std=gnu99 -c  -Os -Wall -DLINUX26 -DCONFIG_BCMWL5 -pipe -DBCMWPA2 -funit-at-a-time -Wno-pointer-sign -mtune=mips32r2 -mips32r2 -ffunction-sections -fdata-sections -fPIC -fPIE -fwrapv -fno-strict-aliasing -fno-strict-overflow -Winit-self -Wwrite-strings -Wdiv-by-zero -I/home/vicente/tomato/release/src-rt/router/libsodium/src/libsodium/include -D_FORTIFY_SOURCE=2 -I/usr/local/include conftest.c >&5
configure:7283: $? = 0
configure:7283: result: yes
configure:7283: checking for stdint.h
configure:7283: mipsel-uclibc-gcc -std=gnu99 -c  -Os -Wall -DLINUX26 -DCONFIG_BCMWL5 -pipe -DBCMWPA2 -funit-at-a-time -Wno-pointer-sign -mtune=mips32r2 -mips32r2 -ffunction-sections -fdata-sections -fPIC -fPIE -fwrapv -fno-strict-aliasing -fno-strict-overflow -Winit-self -Wwrite-strings -Wdiv-by-zero -I/home/vicente/tomato/release/src-rt/router/libsodium/src/libsodium/include -D_FORTIFY_SOURCE=2 -I/usr/local/include conftest.c >&5
configure:7283: $? = 0
configure:7283: result: yes
configure:7283: checking for unistd.h
configure:7283: mipsel-uclibc-gcc -std=gnu99 -c  -Os -Wall -DLINUX26 -DCONFIG_BCMWL5 -pipe -DBCMWPA2 -funit-at-a-time -Wno-pointer-sign -mtune=mips32r2 -mips32r2 -ffunction-sections -fdata-sections -fPIC -fPIE -fwrapv -fno-strict-aliasing -fno-strict-overflow -Winit-self -Wwrite-strings -Wdiv-by-zero -I/home/vicente/tomato/release/src-rt/router/libsodium/src/libsodium/include -D_FORTIFY_SOURCE=2 -I/usr/local/include conftest.c >&5
configure:7283: $? = 0
configure:7283: result: yes
configure:7297: checking for dlfcn.h
configure:7297: mipsel-uclibc-gcc -std=gnu99 -c  -Os -Wall -DLINUX26 -DCONFIG_BCMWL5 -pipe -DBCMWPA2 -funit-at-a-time -Wno-pointer-sign -mtune=mips32r2 -mips32r2 -ffunction-sections -fdata-sections -fPIC -fPIE -fwrapv -fno-strict-aliasing -fno-strict-overflow -Winit-self -Wwrite-strings -Wdiv-by-zero -I/home/vicente/tomato/release/src-rt/router/libsodium/src/libsodium/include -D_FORTIFY_SOURCE=2 -I/usr/local/include conftest.c >&5
configure:7297: $? = 0
configure:7297: result: yes
configure:7800: checking for objdir
configure:7815: result: .libs
configure:8086: checking if mipsel-uclibc-gcc -std=gnu99 supports -fno-rtti -fno-exceptions
configure:8104: mipsel-uclibc-gcc -std=gnu99 -c  -Os -Wall -DLINUX26 -DCONFIG_BCMWL5 -pipe -DBCMWPA2 -funit-at-a-time -Wno-pointer-sign -mtune=mips32r2 -mips32r2 -ffunction-sections -fdata-sections -fPIC -fPIE -fwrapv -fno-strict-aliasing -fno-strict-overflow -Winit-self -Wwrite-strings -Wdiv-by-zero -I/home/vicente/tomato/release/src-rt/router/libsodium/src/libsodium/include -D_FORTIFY_SOURCE=2 -I/usr/local/include -fno-rtti -fno-exceptions conftest.c >&5
cc1: warning: command line option "-fno-rtti" is valid for C++/ObjC++ but not for C
configure:8108: $? = 0
configure:8121: result: no
configure:8448: checking for mipsel-uclibc-gcc -std=gnu99 option to produce PIC
configure:8455: result: -fPIC -DPIC
configure:8463: checking if mipsel-uclibc-gcc -std=gnu99 PIC flag -fPIC -DPIC works
configure:8481: mipsel-uclibc-gcc -std=gnu99 -c  -Os -Wall -DLINUX26 -DCONFIG_BCMWL5 -pipe -DBCMWPA2 -funit-at-a-time -Wno-pointer-sign -mtune=mips32r2 -mips32r2 -ffunction-sections -fdata-sections -fPIC -fPIE -fwrapv -fno-strict-aliasing -fno-strict-overflow -Winit-self -Wwrite-strings -Wdiv-by-zero -I/home/vicente/tomato/release/src-rt/router/libsodium/src/libsodium/include -D_FORTIFY_SOURCE=2 -I/usr/local/include -fPIC -DPIC -DPIC conftest.c >&5
configure:8485: $? = 0
configure:8498: result: yes
configure:8527: checking if mipsel-uclibc-gcc -std=gnu99 static flag -static works
configure:8555: result: yes
configure:8570: checking if mipsel-uclibc-gcc -std=gnu99 supports -c -o file.o
configure:8591: mipsel-uclibc-gcc -std=gnu99 -c  -Os -Wall -DLINUX26 -DCONFIG_BCMWL5 -pipe -DBCMWPA2 -funit-at-a-time -Wno-pointer-sign -mtune=mips32r2 -mips32r2 -ffunction-sections -fdata-sections -fPIC -fPIE -fwrapv -fno-strict-aliasing -fno-strict-overflow -Winit-self -Wwrite-strings -Wdiv-by-zero -I/home/vicente/tomato/release/src-rt/router/libsodium/src/libsodium/include -D_FORTIFY_SOURCE=2 -I/usr/local/include -o out/conftest2.o conftest.c >&5
configure:8595: $? = 0
configure:8617: result: yes
configure:8625: checking if mipsel-uclibc-gcc -std=gnu99 supports -c -o file.o
configure:8672: result: yes
configure:8705: checking whether the mipsel-uclibc-gcc -std=gnu99 linker (mipsel-uclibc-ld) supports shared libraries
configure:9862: result: yes
configure:10102: checking dynamic linker characteristics
configure:10602: mipsel-uclibc-gcc -std=gnu99 -o conftest  -Os -Wall -DLINUX26 -DCONFIG_BCMWL5 -pipe -DBCMWPA2 -funit-at-a-time -Wno-pointer-sign -mtune=mips32r2 -mips32r2 -ffunction-sections -fdata-sections -fPIC -fPIE -fwrapv -fno-strict-aliasing -fno-strict-overflow -Winit-self -Wwrite-strings -Wdiv-by-zero -I/home/vicente/tomato/release/src-rt/router/libsodium/src/libsodium/include -D_FORTIFY_SOURCE=2 -I/usr/local/include -ffunction-sections -fdata-sections -Wl,--gc-sections -L/home/vicente/tomato/release/src-rt/router/libsodium/src/libsodium/.libs -pie -Wl,-z,relro -Wl,-z,now -Wl,-z,noexecstack -L/usr/local/lib -Wl,-rpath -Wl,/foo conftest.c -ldl -lsodium -ldl -lm  >&5
configure:10602: $? = 0
configure:10836: result: GNU/Linux ld.so
configure:10943: checking how to hardcode library paths into programs
configure:10968: result: immediate
configure:11062: checking for shl_load
configure:11062: mipsel-uclibc-gcc -std=gnu99 -o conftest  -Os -Wall -DLINUX26 -DCONFIG_BCMWL5 -pipe -DBCMWPA2 -funit-at-a-time -Wno-pointer-sign -mtune=mips32r2 -mips32r2 -ffunction-sections -fdata-sections -fPIC -fPIE -fwrapv -fno-strict-aliasing -fno-strict-overflow -Winit-self -Wwrite-strings -Wdiv-by-zero -I/home/vicente/tomato/release/src-rt/router/libsodium/src/libsodium/include -D_FORTIFY_SOURCE=2 -I/usr/local/include -ffunction-sections -fdata-sections -Wl,--gc-sections -L/home/vicente/tomato/release/src-rt/router/libsodium/src/libsodium/.libs -pie -Wl,-z,relro -Wl,-z,now -Wl,-z,noexecstack -L/usr/local/lib conftest.c -ldl -lsodium -ldl -lm  >&5
/tmp/ccSrpmcr.o: In function `main':
conftest.c:(.text.main+0x18): undefined reference to `shl_load'
collect2: ld returned 1 exit status
configure:11062: $? = 1
configure: failed program was:
| /* confdefs.h */
| #define PACKAGE_NAME "libltdl"
| #define PACKAGE_TARNAME "libltdl"
| #define PACKAGE_VERSION "2.4.2"
| #define PACKAGE_STRING "libltdl 2.4.2"
| #define PACKAGE_BUGREPORT "bug-libtool@gnu.org"
| #define PACKAGE_URL ""
| #define PACKAGE "libltdl"
| #define VERSION "2.4.2"
| #define STDC_HEADERS 1
| #define HAVE_SYS_TYPES_H 1
| #define HAVE_SYS_STAT_H 1
| #define HAVE_STDLIB_H 1
| #define HAVE_STRING_H 1
| #define HAVE_MEMORY_H 1
| #define HAVE_STRINGS_H 1
| #define HAVE_INTTYPES_H 1
| #define HAVE_STDINT_H 1
| #define HAVE_UNISTD_H 1
| #define HAVE_DLFCN_H 1
| #define LT_OBJDIR ".libs/"
| /* end confdefs.h.  */
| /* Define shl_load to an innocuous variant, in case <limits.h> declares shl_load.
|    For example, HP-UX 11i <limits.h> declares gettimeofday.  */
| #define shl_load innocuous_shl_load
| 
| /* System header to define __stub macros and hopefully few prototypes,
|     which can conflict with char shl_load (); below.
|     Prefer <limits.h> to <assert.h> if __STDC__ is defined, since
|     <limits.h> exists even on freestanding compilers.  */
| 
| #ifdef __STDC__
| # include <limits.h>
| #else
| # include <assert.h>
| #endif
| 
| #undef shl_load
| 
| /* Override any GCC internal prototype to avoid an error.
|    Use char because int might match the return type of a GCC
|    builtin and then its argument prototype would still apply.  */
| #ifdef __cplusplus
| extern "C"
| #endif
| char shl_load ();
| /* The GNU C library defines this for functions which it implements
|     to always fail with ENOSYS.  Some functions are actually named
|     something starting with __ and the normal name is an alias.  */
| #if defined __stub_shl_load || defined __stub___shl_load
| choke me
| #endif
| 
| int
| main ()
| {
| return shl_load ();
|   ;
|   return 0;
| }
configure:11062: result: no
configure:11066: checking for shl_load in -ldld
configure:11091: mipsel-uclibc-gcc -std=gnu99 -o conftest  -Os -Wall -DLINUX26 -DCONFIG_BCMWL5 -pipe -DBCMWPA2 -funit-at-a-time -Wno-pointer-sign -mtune=mips32r2 -mips32r2 -ffunction-sections -fdata-sections -fPIC -fPIE -fwrapv -fno-strict-aliasing -fno-strict-overflow -Winit-self -Wwrite-strings -Wdiv-by-zero -I/home/vicente/tomato/release/src-rt/router/libsodium/src/libsodium/include -D_FORTIFY_SOURCE=2 -I/usr/local/include -ffunction-sections -fdata-sections -Wl,--gc-sections -L/home/vicente/tomato/release/src-rt/router/libsodium/src/libsodium/.libs -pie -Wl,-z,relro -Wl,-z,now -Wl,-z,noexecstack -L/usr/local/lib conftest.c -ldld  -ldl -lsodium -ldl -lm  >&5
/home/vicente/tomato/tools/brcm/K26/hndtools-mipsel-uclibc-4.2.4/bin/../lib/gcc/mipsel-linux-uclibc/4.2.4/../../../../mipsel-linux-uclibc/bin/ld: cannot find -ldld
collect2: ld returned 1 exit status
configure:11091: $? = 1
configure: failed program was:
| /* confdefs.h */
| #define PACKAGE_NAME "libltdl"
| #define PACKAGE_TARNAME "libltdl"
| #define PACKAGE_VERSION "2.4.2"
| #define PACKAGE_STRING "libltdl 2.4.2"
| #define PACKAGE_BUGREPORT "bug-libtool@gnu.org"
| #define PACKAGE_URL ""
| #define PACKAGE "libltdl"
| #define VERSION "2.4.2"
| #define STDC_HEADERS 1
| #define HAVE_SYS_TYPES_H 1
| #define HAVE_SYS_STAT_H 1
| #define HAVE_STDLIB_H 1
| #define HAVE_STRING_H 1
| #define HAVE_MEMORY_H 1
| #define HAVE_STRINGS_H 1
| #define HAVE_INTTYPES_H 1
| #define HAVE_STDINT_H 1
| #define HAVE_UNISTD_H 1
| #define HAVE_DLFCN_H 1
| #define LT_OBJDIR ".libs/"
| /* end confdefs.h.  */
| 
| /* Override any GCC internal prototype to avoid an error.
|    Use char because int might match the return type of a GCC
|    builtin and then its argument prototype would still apply.  */
| #ifdef __cplusplus
| extern "C"
| #endif
| char shl_load ();
| int
| main ()
| {
| return shl_load ();
|   ;
|   return 0;
| }
configure:11100: result: no
configure:11105: checking for dlopen
configure:11105: mipsel-uclibc-gcc -std=gnu99 -o conftest  -Os -Wall -DLINUX26 -DCONFIG_BCMWL5 -pipe -DBCMWPA2 -funit-at-a-time -Wno-pointer-sign -mtune=mips32r2 -mips32r2 -ffunction-sections -fdata-sections -fPIC -fPIE -fwrapv -fno-strict-aliasing -fno-strict-overflow -Winit-self -Wwrite-strings -Wdiv-by-zero -I/home/vicente/tomato/release/src-rt/router/libsodium/src/libsodium/include -D_FORTIFY_SOURCE=2 -I/usr/local/include -ffunction-sections -fdata-sections -Wl,--gc-sections -L/home/vicente/tomato/release/src-rt/router/libsodium/src/libsodium/.libs -pie -Wl,-z,relro -Wl,-z,now -Wl,-z,noexecstack -L/usr/local/lib conftest.c -ldl -lsodium -ldl -lm  >&5
configure:11105: $? = 0
configure:11105: result: yes
configure:11262: checking whether a program can dlopen itself
configure:11363: result: cross
configure:11508: checking whether stripping libraries is possible
configure:11513: result: yes
configure:11548: checking if libtool supports shared libraries
configure:11550: result: yes
configure:11553: checking whether to build shared libraries
configure:11574: result: no
configure:11577: checking whether to build static libraries
configure:11581: result: yes
configure:11618: checking which extension is used for runtime loadable modules
configure:11630: result: .so
configure:11647: checking which variable specifies run-time module search path
configure:11654: result: LD_LIBRARY_PATH
configure:11664: checking for the default library search path
configure:11671: result: /lib /usr/lib /lib/i386-linux-gnu /usr/lib/i386-linux-gnu /lib/i686-linux-gnu /usr/lib/i686-linux-gnu /usr/local/lib /usr/lib/nvidia-settings /lib/x86_64-linux-gnu /usr/lib/x86_64-linux-gnu /usr/lib/x86_64-linux-gnu/mesa-egl /usr/lib/x86_64-linux-gnu/mesa /lib32 /usr/lib32 /libx32 /usr/libx32 
configure:11701: checking for library containing dlopen
configure:11732: mipsel-uclibc-gcc -std=gnu99 -o conftest  -Os -Wall -DLINUX26 -DCONFIG_BCMWL5 -pipe -DBCMWPA2 -funit-at-a-time -Wno-pointer-sign -mtune=mips32r2 -mips32r2 -ffunction-sections -fdata-sections -fPIC -fPIE -fwrapv -fno-strict-aliasing -fno-strict-overflow -Winit-self -Wwrite-strings -Wdiv-by-zero -I/home/vicente/tomato/release/src-rt/router/libsodium/src/libsodium/include -D_FORTIFY_SOURCE=2 -I/usr/local/include -ffunction-sections -fdata-sections -Wl,--gc-sections -L/home/vicente/tomato/release/src-rt/router/libsodium/src/libsodium/.libs -pie -Wl,-z,relro -Wl,-z,now -Wl,-z,noexecstack -L/usr/local/lib conftest.c -ldl -lsodium -ldl -lm  >&5
configure:11732: $? = 0
configure:11749: result: none required
configure:11839: checking for dlerror
configure:11839: mipsel-uclibc-gcc -std=gnu99 -o conftest  -Os -Wall -DLINUX26 -DCONFIG_BCMWL5 -pipe -DBCMWPA2 -funit-at-a-time -Wno-pointer-sign -mtune=mips32r2 -mips32r2 -ffunction-sections -fdata-sections -fPIC -fPIE -fwrapv -fno-strict-aliasing -fno-strict-overflow -Winit-self -Wwrite-strings -Wdiv-by-zero -I/home/vicente/tomato/release/src-rt/router/libsodium/src/libsodium/include -D_FORTIFY_SOURCE=2 -I/usr/local/include -ffunction-sections -fdata-sections -Wl,--gc-sections -L/home/vicente/tomato/release/src-rt/router/libsodium/src/libsodium/.libs -pie -Wl,-z,relro -Wl,-z,now -Wl,-z,noexecstack -L/usr/local/lib conftest.c -ldl -lsodium -ldl -lm   >&5
configure:11839: $? = 0
configure:11839: result: yes
configure:11853: checking for shl_load
configure:11853: result: no
configure:11860: checking for shl_load in -ldld
configure:11894: result: no
configure:11940: checking for dld_link in -ldld
configure:11965: mipsel-uclibc-gcc -std=gnu99 -o conftest  -Os -Wall -DLINUX26 -DCONFIG_BCMWL5 -pipe -DBCMWPA2 -funit-at-a-time -Wno-pointer-sign -mtune=mips32r2 -mips32r2 -ffunction-sections -fdata-sections -fPIC -fPIE -fwrapv -fno-strict-aliasing -fno-strict-overflow -Winit-self -Wwrite-strings -Wdiv-by-zero -I/home/vicente/tomato/release/src-rt/router/libsodium/src/libsodium/include -D_FORTIFY_SOURCE=2 -I/usr/local/include -ffunction-sections -fdata-sections -Wl,--gc-sections -L/home/vicente/tomato/release/src-rt/router/libsodium/src/libsodium/.libs -pie -Wl,-z,relro -Wl,-z,now -Wl,-z,noexecstack -L/usr/local/lib conftest.c -ldld  -ldl -lsodium -ldl -lm  >&5
/home/vicente/tomato/tools/brcm/K26/hndtools-mipsel-uclibc-4.2.4/bin/../lib/gcc/mipsel-linux-uclibc/4.2.4/../../../../mipsel-linux-uclibc/bin/ld: cannot find -ldld
collect2: ld returned 1 exit status
configure:11965: $? = 1
configure: failed program was:
| /* confdefs.h */
| #define PACKAGE_NAME "libltdl"
| #define PACKAGE_TARNAME "libltdl"
| #define PACKAGE_VERSION "2.4.2"
| #define PACKAGE_STRING "libltdl 2.4.2"
| #define PACKAGE_BUGREPORT "bug-libtool@gnu.org"
| #define PACKAGE_URL ""
| #define PACKAGE "libltdl"
| #define VERSION "2.4.2"
| #define STDC_HEADERS 1
| #define HAVE_SYS_TYPES_H 1
| #define HAVE_SYS_STAT_H 1
| #define HAVE_STDLIB_H 1
| #define HAVE_STRING_H 1
| #define HAVE_MEMORY_H 1
| #define HAVE_STRINGS_H 1
| #define HAVE_INTTYPES_H 1
| #define HAVE_STDINT_H 1
| #define HAVE_UNISTD_H 1
| #define HAVE_DLFCN_H 1
| #define LT_OBJDIR ".libs/"
| #define LT_MODULE_EXT ".so"
| #define LT_MODULE_PATH_VAR "LD_LIBRARY_PATH"
| #define LT_DLSEARCH_PATH "/lib:/usr/lib:/lib/i386-linux-gnu:/usr/lib/i386-linux-gnu:/lib/i686-linux-gnu:/usr/lib/i686-linux-gnu:/usr/local/lib:/usr/lib/nvidia-settings:/lib/x86_64-linux-gnu:/usr/lib/x86_64-linux-gnu:/usr/lib/x86_64-linux-gnu/mesa-egl:/usr/lib/x86_64-linux-gnu/mesa:/lib32:/usr/lib32:/libx32:/usr/libx32"
| #define HAVE_LIBDL 1
| #define HAVE_DLERROR 1
| /* end confdefs.h.  */
| 
| /* Override any GCC internal prototype to avoid an error.
|    Use char because int might match the return type of a GCC
|    builtin and then its argument prototype would still apply.  */
| #ifdef __cplusplus
| extern "C"
| #endif
| char dld_link ();
| int
| main ()
| {
| return dld_link ();
|   ;
|   return 0;
| }
configure:11974: result: no
configure:12008: checking for _ prefix in compiled symbols
configure:12018: mipsel-uclibc-gcc -std=gnu99 -c  -Os -Wall -DLINUX26 -DCONFIG_BCMWL5 -pipe -DBCMWPA2 -funit-at-a-time -Wno-pointer-sign -mtune=mips32r2 -mips32r2 -ffunction-sections -fdata-sections -fPIC -fPIE -fwrapv -fno-strict-aliasing -fno-strict-overflow -Winit-self -Wwrite-strings -Wdiv-by-zero -I/home/vicente/tomato/release/src-rt/router/libsodium/src/libsodium/include -D_FORTIFY_SOURCE=2 -I/usr/local/include conftest.c >&5
conftest.c: In function 'main':
conftest.c:2: warning: statement with no effect
configure:12021: $? = 0
configure:12025: mipsel-uclibc-nm conftest.o \| sed -n -e 's/^.*[	 ]\([ABCDGIRSTW][ABCDGIRSTW]*\)[	 ][	 ]*\([_A-Za-z][_A-Za-z0-9]*\)$/\1 \2 \2/p' | sed '/ __gnu_lto/d' \> conftest.nm
configure:12028: $? = 0
configure:12050: result: no
configure:12174: checking whether deplibs are loaded by dlopen
configure:12268: result: yes
configure:12280: checking for argz.h
configure:12280: mipsel-uclibc-gcc -std=gnu99 -c  -Os -Wall -DLINUX26 -DCONFIG_BCMWL5 -pipe -DBCMWPA2 -funit-at-a-time -Wno-pointer-sign -mtune=mips32r2 -mips32r2 -ffunction-sections -fdata-sections -fPIC -fPIE -fwrapv -fno-strict-aliasing -fno-strict-overflow -Winit-self -Wwrite-strings -Wdiv-by-zero -I/home/vicente/tomato/release/src-rt/router/libsodium/src/libsodium/include -D_FORTIFY_SOURCE=2 -I/usr/local/include conftest.c >&5
conftest.c:63:18: error: argz.h: No such file or directory
configure:12280: $? = 1
configure: failed program was:
| /* confdefs.h */
| #define PACKAGE_NAME "libltdl"
| #define PACKAGE_TARNAME "libltdl"
| #define PACKAGE_VERSION "2.4.2"
| #define PACKAGE_STRING "libltdl 2.4.2"
| #define PACKAGE_BUGREPORT "bug-libtool@gnu.org"
| #define PACKAGE_URL ""
| #define PACKAGE "libltdl"
| #define VERSION "2.4.2"
| #define STDC_HEADERS 1
| #define HAVE_SYS_TYPES_H 1
| #define HAVE_SYS_STAT_H 1
| #define HAVE_STDLIB_H 1
| #define HAVE_STRING_H 1
| #define HAVE_MEMORY_H 1
| #define HAVE_STRINGS_H 1
| #define HAVE_INTTYPES_H 1
| #define HAVE_STDINT_H 1
| #define HAVE_UNISTD_H 1
| #define HAVE_DLFCN_H 1
| #define LT_OBJDIR ".libs/"
| #define LT_MODULE_EXT ".so"
| #define LT_MODULE_PATH_VAR "LD_LIBRARY_PATH"
| #define LT_DLSEARCH_PATH "/lib:/usr/lib:/lib/i386-linux-gnu:/usr/lib/i386-linux-gnu:/lib/i686-linux-gnu:/usr/lib/i686-linux-gnu:/usr/local/lib:/usr/lib/nvidia-settings:/lib/x86_64-linux-gnu:/usr/lib/x86_64-linux-gnu:/usr/lib/x86_64-linux-gnu/mesa-egl:/usr/lib/x86_64-linux-gnu/mesa:/lib32:/usr/lib32:/libx32:/usr/libx32"
| #define HAVE_LIBDL 1
| #define HAVE_DLERROR 1
| #define HAVE_LIBDLLOADER 1
| /* end confdefs.h.  */
| #include <stdio.h>
| #ifdef HAVE_SYS_TYPES_H
| # include <sys/types.h>
| #endif
| #ifdef HAVE_SYS_STAT_H
| # include <sys/stat.h>
| #endif
| #ifdef STDC_HEADERS
| # include <stdlib.h>
| # include <stddef.h>
| #else
| # ifdef HAVE_STDLIB_H
| #  include <stdlib.h>
| # endif
| #endif
| #ifdef HAVE_STRING_H
| # if !defined STDC_HEADERS && defined HAVE_MEMORY_H
| #  include <memory.h>
| # endif
| # include <string.h>
| #endif
| #ifdef HAVE_STRINGS_H
| # include <strings.h>
| #endif
| #ifdef HAVE_INTTYPES_H
| # include <inttypes.h>
| #endif
| #ifdef HAVE_STDINT_H
| # include <stdint.h>
| #endif
| #ifdef HAVE_UNISTD_H
| # include <unistd.h>
| #endif
| 
| #include <argz.h>
configure:12280: result: no
configure:12292: checking for error_t
configure:12292: mipsel-uclibc-gcc -std=gnu99 -c  -Os -Wall -DLINUX26 -DCONFIG_BCMWL5 -pipe -DBCMWPA2 -funit-at-a-time -Wno-pointer-sign -mtune=mips32r2 -mips32r2 -ffunction-sections -fdata-sections -fPIC -fPIE -fwrapv -fno-strict-aliasing -fno-strict-overflow -Winit-self -Wwrite-strings -Wdiv-by-zero -I/home/vicente/tomato/release/src-rt/router/libsodium/src/libsodium/include -D_FORTIFY_SOURCE=2 -I/usr/local/include conftest.c >&5
conftest.c: In function 'main':
conftest.c:36: error: 'error_t' undeclared (first use in this function)
conftest.c:36: error: (Each undeclared identifier is reported only once
conftest.c:36: error: for each function it appears in.)
configure:12292: $? = 1
configure: failed program was:
| /* confdefs.h */
| #define PACKAGE_NAME "libltdl"
| #define PACKAGE_TARNAME "libltdl"
| #define PACKAGE_VERSION "2.4.2"
| #define PACKAGE_STRING "libltdl 2.4.2"
| #define PACKAGE_BUGREPORT "bug-libtool@gnu.org"
| #define PACKAGE_URL ""
| #define PACKAGE "libltdl"
| #define VERSION "2.4.2"
| #define STDC_HEADERS 1
| #define HAVE_SYS_TYPES_H 1
| #define HAVE_SYS_STAT_H 1
| #define HAVE_STDLIB_H 1
| #define HAVE_STRING_H 1
| #define HAVE_MEMORY_H 1
| #define HAVE_STRINGS_H 1
| #define HAVE_INTTYPES_H 1
| #define HAVE_STDINT_H 1
| #define HAVE_UNISTD_H 1
| #define HAVE_DLFCN_H 1
| #define LT_OBJDIR ".libs/"
| #define LT_MODULE_EXT ".so"
| #define LT_MODULE_PATH_VAR "LD_LIBRARY_PATH"
| #define LT_DLSEARCH_PATH "/lib:/usr/lib:/lib/i386-linux-gnu:/usr/lib/i386-linux-gnu:/lib/i686-linux-gnu:/usr/lib/i686-linux-gnu:/usr/local/lib:/usr/lib/nvidia-settings:/lib/x86_64-linux-gnu:/usr/lib/x86_64-linux-gnu:/usr/lib/x86_64-linux-gnu/mesa-egl:/usr/lib/x86_64-linux-gnu/mesa:/lib32:/usr/lib32:/libx32:/usr/libx32"
| #define HAVE_LIBDL 1
| #define HAVE_DLERROR 1
| #define HAVE_LIBDLLOADER 1
| /* end confdefs.h.  */
| #if defined(HAVE_ARGZ_H)
| #  include <argz.h>
| #endif
| 
| int
| main ()
| {
| if (sizeof (error_t))
| 	 return 0;
|   ;
|   return 0;
| }
configure:12292: result: no
configure:12318: checking for argz_add
configure:12318: mipsel-uclibc-gcc -std=gnu99 -o conftest  -Os -Wall -DLINUX26 -DCONFIG_BCMWL5 -pipe -DBCMWPA2 -funit-at-a-time -Wno-pointer-sign -mtune=mips32r2 -mips32r2 -ffunction-sections -fdata-sections -fPIC -fPIE -fwrapv -fno-strict-aliasing -fno-strict-overflow -Winit-self -Wwrite-strings -Wdiv-by-zero -I/home/vicente/tomato/release/src-rt/router/libsodium/src/libsodium/include -D_FORTIFY_SOURCE=2 -I/usr/local/include -ffunction-sections -fdata-sections -Wl,--gc-sections -L/home/vicente/tomato/release/src-rt/router/libsodium/src/libsodium/.libs -pie -Wl,-z,relro -Wl,-z,now -Wl,-z,noexecstack -L/usr/local/lib conftest.c -ldl -lsodium -ldl -lm  >&5
/tmp/ccErJGl2.o: In function `main':
conftest.c:(.text.main+0x18): undefined reference to `argz_add'
collect2: ld returned 1 exit status
configure:12318: $? = 1
configure: failed program was:
| /* confdefs.h */
| #define PACKAGE_NAME "libltdl"
| #define PACKAGE_TARNAME "libltdl"
| #define PACKAGE_VERSION "2.4.2"
| #define PACKAGE_STRING "libltdl 2.4.2"
| #define PACKAGE_BUGREPORT "bug-libtool@gnu.org"
| #define PACKAGE_URL ""
| #define PACKAGE "libltdl"
| #define VERSION "2.4.2"
| #define STDC_HEADERS 1
| #define HAVE_SYS_TYPES_H 1
| #define HAVE_SYS_STAT_H 1
| #define HAVE_STDLIB_H 1
| #define HAVE_STRING_H 1
| #define HAVE_MEMORY_H 1
| #define HAVE_STRINGS_H 1
| #define HAVE_INTTYPES_H 1
| #define HAVE_STDINT_H 1
| #define HAVE_UNISTD_H 1
| #define HAVE_DLFCN_H 1
| #define LT_OBJDIR ".libs/"
| #define LT_MODULE_EXT ".so"
| #define LT_MODULE_PATH_VAR "LD_LIBRARY_PATH"
| #define LT_DLSEARCH_PATH "/lib:/usr/lib:/lib/i386-linux-gnu:/usr/lib/i386-linux-gnu:/lib/i686-linux-gnu:/usr/lib/i686-linux-gnu:/usr/local/lib:/usr/lib/nvidia-settings:/lib/x86_64-linux-gnu:/usr/lib/x86_64-linux-gnu:/usr/lib/x86_64-linux-gnu/mesa-egl:/usr/lib/x86_64-linux-gnu/mesa:/lib32:/usr/lib32:/libx32:/usr/libx32"
| #define HAVE_LIBDL 1
| #define HAVE_DLERROR 1
| #define HAVE_LIBDLLOADER 1
| #define error_t int
| #define __error_t_defined 1
| /* end confdefs.h.  */
| /* Define argz_add to an innocuous variant, in case <limits.h> declares argz_add.
|    For example, HP-UX 11i <limits.h> declares gettimeofday.  */
| #define argz_add innocuous_argz_add
| 
| /* System header to define __stub macros and hopefully few prototypes,
|     which can conflict with char argz_add (); below.
|     Prefer <limits.h> to <assert.h> if __STDC__ is defined, since
|     <limits.h> exists even on freestanding compilers.  */
| 
| #ifdef __STDC__
| # include <limits.h>
| #else
| # include <assert.h>
| #endif
| 
| #undef argz_add
| 
| /* Override any GCC internal prototype to avoid an error.
|    Use char because int might match the return type of a GCC
|    builtin and then its argument prototype would still apply.  */
| #ifdef __cplusplus
| extern "C"
| #endif
| char argz_add ();
| /* The GNU C library defines this for functions which it implements
|     to always fail with ENOSYS.  Some functions are actually named
|     something starting with __ and the normal name is an alias.  */
| #if defined __stub_argz_add || defined __stub___argz_add
| choke me
| #endif
| 
| int
| main ()
| {
| return argz_add ();
|   ;
|   return 0;
| }
configure:12318: result: no
configure:12318: checking for argz_append
configure:12318: mipsel-uclibc-gcc -std=gnu99 -o conftest  -Os -Wall -DLINUX26 -DCONFIG_BCMWL5 -pipe -DBCMWPA2 -funit-at-a-time -Wno-pointer-sign -mtune=mips32r2 -mips32r2 -ffunction-sections -fdata-sections -fPIC -fPIE -fwrapv -fno-strict-aliasing -fno-strict-overflow -Winit-self -Wwrite-strings -Wdiv-by-zero -I/home/vicente/tomato/release/src-rt/router/libsodium/src/libsodium/include -D_FORTIFY_SOURCE=2 -I/usr/local/include -ffunction-sections -fdata-sections -Wl,--gc-sections -L/home/vicente/tomato/release/src-rt/router/libsodium/src/libsodium/.libs -pie -Wl,-z,relro -Wl,-z,now -Wl,-z,noexecstack -L/usr/local/lib conftest.c -ldl -lsodium -ldl -lm  >&5
/tmp/ccwuQPm7.o: In function `main':
conftest.c:(.text.main+0x18): undefined reference to `argz_append'
collect2: ld returned 1 exit status
configure:12318: $? = 1
configure: failed program was:
| /* confdefs.h */
| #define PACKAGE_NAME "libltdl"
| #define PACKAGE_TARNAME "libltdl"
| #define PACKAGE_VERSION "2.4.2"
| #define PACKAGE_STRING "libltdl 2.4.2"
| #define PACKAGE_BUGREPORT "bug-libtool@gnu.org"
| #define PACKAGE_URL ""
| #define PACKAGE "libltdl"
| #define VERSION "2.4.2"
| #define STDC_HEADERS 1
| #define HAVE_SYS_TYPES_H 1
| #define HAVE_SYS_STAT_H 1
| #define HAVE_STDLIB_H 1
| #define HAVE_STRING_H 1
| #define HAVE_MEMORY_H 1
| #define HAVE_STRINGS_H 1
| #define HAVE_INTTYPES_H 1
| #define HAVE_STDINT_H 1
| #define HAVE_UNISTD_H 1
| #define HAVE_DLFCN_H 1
| #define LT_OBJDIR ".libs/"
| #define LT_MODULE_EXT ".so"
| #define LT_MODULE_PATH_VAR "LD_LIBRARY_PATH"
| #define LT_DLSEARCH_PATH "/lib:/usr/lib:/lib/i386-linux-gnu:/usr/lib/i386-linux-gnu:/lib/i686-linux-gnu:/usr/lib/i686-linux-gnu:/usr/local/lib:/usr/lib/nvidia-settings:/lib/x86_64-linux-gnu:/usr/lib/x86_64-linux-gnu:/usr/lib/x86_64-linux-gnu/mesa-egl:/usr/lib/x86_64-linux-gnu/mesa:/lib32:/usr/lib32:/libx32:/usr/libx32"
| #define HAVE_LIBDL 1
| #define HAVE_DLERROR 1
| #define HAVE_LIBDLLOADER 1
| #define error_t int
| #define __error_t_defined 1
| /* end confdefs.h.  */
| /* Define argz_append to an innocuous variant, in case <limits.h> declares argz_append.
|    For example, HP-UX 11i <limits.h> declares gettimeofday.  */
| #define argz_append innocuous_argz_append
| 
| /* System header to define __stub macros and hopefully few prototypes,
|     which can conflict with char argz_append (); below.
|     Prefer <limits.h> to <assert.h> if __STDC__ is defined, since
|     <limits.h> exists even on freestanding compilers.  */
| 
| #ifdef __STDC__
| # include <limits.h>
| #else
| # include <assert.h>
| #endif
| 
| #undef argz_append
| 
| /* Override any GCC internal prototype to avoid an error.
|    Use char because int might match the return type of a GCC
|    builtin and then its argument prototype would still apply.  */
| #ifdef __cplusplus
| extern "C"
| #endif
| char argz_append ();
| /* The GNU C library defines this for functions which it implements
|     to always fail with ENOSYS.  Some functions are actually named
|     something starting with __ and the normal name is an alias.  */
| #if defined __stub_argz_append || defined __stub___argz_append
| choke me
| #endif
| 
| int
| main ()
| {
| return argz_append ();
|   ;
|   return 0;
| }
configure:12318: result: no
configure:12318: checking for argz_count
configure:12318: mipsel-uclibc-gcc -std=gnu99 -o conftest  -Os -Wall -DLINUX26 -DCONFIG_BCMWL5 -pipe -DBCMWPA2 -funit-at-a-time -Wno-pointer-sign -mtune=mips32r2 -mips32r2 -ffunction-sections -fdata-sections -fPIC -fPIE -fwrapv -fno-strict-aliasing -fno-strict-overflow -Winit-self -Wwrite-strings -Wdiv-by-zero -I/home/vicente/tomato/release/src-rt/router/libsodium/src/libsodium/include -D_FORTIFY_SOURCE=2 -I/usr/local/include -ffunction-sections -fdata-sections -Wl,--gc-sections -L/home/vicente/tomato/release/src-rt/router/libsodium/src/libsodium/.libs -pie -Wl,-z,relro -Wl,-z,now -Wl,-z,noexecstack -L/usr/local/lib conftest.c -ldl -lsodium -ldl -lm  >&5
/tmp/ccIVeDvf.o: In function `main':
conftest.c:(.text.main+0x18): undefined reference to `argz_count'
collect2: ld returned 1 exit status
configure:12318: $? = 1
configure: failed program was:
| /* confdefs.h */
| #define PACKAGE_NAME "libltdl"
| #define PACKAGE_TARNAME "libltdl"
| #define PACKAGE_VERSION "2.4.2"
| #define PACKAGE_STRING "libltdl 2.4.2"
| #define PACKAGE_BUGREPORT "bug-libtool@gnu.org"
| #define PACKAGE_URL ""
| #define PACKAGE "libltdl"
| #define VERSION "2.4.2"
| #define STDC_HEADERS 1
| #define HAVE_SYS_TYPES_H 1
| #define HAVE_SYS_STAT_H 1
| #define HAVE_STDLIB_H 1
| #define HAVE_STRING_H 1
| #define HAVE_MEMORY_H 1
| #define HAVE_STRINGS_H 1
| #define HAVE_INTTYPES_H 1
| #define HAVE_STDINT_H 1
| #define HAVE_UNISTD_H 1
| #define HAVE_DLFCN_H 1
| #define LT_OBJDIR ".libs/"
| #define LT_MODULE_EXT ".so"
| #define LT_MODULE_PATH_VAR "LD_LIBRARY_PATH"
| #define LT_DLSEARCH_PATH "/lib:/usr/lib:/lib/i386-linux-gnu:/usr/lib/i386-linux-gnu:/lib/i686-linux-gnu:/usr/lib/i686-linux-gnu:/usr/local/lib:/usr/lib/nvidia-settings:/lib/x86_64-linux-gnu:/usr/lib/x86_64-linux-gnu:/usr/lib/x86_64-linux-gnu/mesa-egl:/usr/lib/x86_64-linux-gnu/mesa:/lib32:/usr/lib32:/libx32:/usr/libx32"
| #define HAVE_LIBDL 1
| #define HAVE_DLERROR 1
| #define HAVE_LIBDLLOADER 1
| #define error_t int
| #define __error_t_defined 1
| /* end confdefs.h.  */
| /* Define argz_count to an innocuous variant, in case <limits.h> declares argz_count.
|    For example, HP-UX 11i <limits.h> declares gettimeofday.  */
| #define argz_count innocuous_argz_count
| 
| /* System header to define __stub macros and hopefully few prototypes,
|     which can conflict with char argz_count (); below.
|     Prefer <limits.h> to <assert.h> if __STDC__ is defined, since
|     <limits.h> exists even on freestanding compilers.  */
| 
| #ifdef __STDC__
| # include <limits.h>
| #else
| # include <assert.h>
| #endif
| 
| #undef argz_count
| 
| /* Override any GCC internal prototype to avoid an error.
|    Use char because int might match the return type of a GCC
|    builtin and then its argument prototype would still apply.  */
| #ifdef __cplusplus
| extern "C"
| #endif
| char argz_count ();
| /* The GNU C library defines this for functions which it implements
|     to always fail with ENOSYS.  Some functions are actually named
|     something starting with __ and the normal name is an alias.  */
| #if defined __stub_argz_count || defined __stub___argz_count
| choke me
| #endif
| 
| int
| main ()
| {
| return argz_count ();
|   ;
|   return 0;
| }
configure:12318: result: no
configure:12318: checking for argz_create_sep
configure:12318: mipsel-uclibc-gcc -std=gnu99 -o conftest  -Os -Wall -DLINUX26 -DCONFIG_BCMWL5 -pipe -DBCMWPA2 -funit-at-a-time -Wno-pointer-sign -mtune=mips32r2 -mips32r2 -ffunction-sections -fdata-sections -fPIC -fPIE -fwrapv -fno-strict-aliasing -fno-strict-overflow -Winit-self -Wwrite-strings -Wdiv-by-zero -I/home/vicente/tomato/release/src-rt/router/libsodium/src/libsodium/include -D_FORTIFY_SOURCE=2 -I/usr/local/include -ffunction-sections -fdata-sections -Wl,--gc-sections -L/home/vicente/tomato/release/src-rt/router/libsodium/src/libsodium/.libs -pie -Wl,-z,relro -Wl,-z,now -Wl,-z,noexecstack -L/usr/local/lib conftest.c -ldl -lsodium -ldl -lm  >&5
/tmp/ccKbW2Gk.o: In function `main':
conftest.c:(.text.main+0x18): undefined reference to `argz_create_sep'
collect2: ld returned 1 exit status
configure:12318: $? = 1
configure: failed program was:
| /* confdefs.h */
| #define PACKAGE_NAME "libltdl"
| #define PACKAGE_TARNAME "libltdl"
| #define PACKAGE_VERSION "2.4.2"
| #define PACKAGE_STRING "libltdl 2.4.2"
| #define PACKAGE_BUGREPORT "bug-libtool@gnu.org"
| #define PACKAGE_URL ""
| #define PACKAGE "libltdl"
| #define VERSION "2.4.2"
| #define STDC_HEADERS 1
| #define HAVE_SYS_TYPES_H 1
| #define HAVE_SYS_STAT_H 1
| #define HAVE_STDLIB_H 1
| #define HAVE_STRING_H 1
| #define HAVE_MEMORY_H 1
| #define HAVE_STRINGS_H 1
| #define HAVE_INTTYPES_H 1
| #define HAVE_STDINT_H 1
| #define HAVE_UNISTD_H 1
| #define HAVE_DLFCN_H 1
| #define LT_OBJDIR ".libs/"
| #define LT_MODULE_EXT ".so"
| #define LT_MODULE_PATH_VAR "LD_LIBRARY_PATH"
| #define LT_DLSEARCH_PATH "/lib:/usr/lib:/lib/i386-linux-gnu:/usr/lib/i386-linux-gnu:/lib/i686-linux-gnu:/usr/lib/i686-linux-gnu:/usr/local/lib:/usr/lib/nvidia-settings:/lib/x86_64-linux-gnu:/usr/lib/x86_64-linux-gnu:/usr/lib/x86_64-linux-gnu/mesa-egl:/usr/lib/x86_64-linux-gnu/mesa:/lib32:/usr/lib32:/libx32:/usr/libx32"
| #define HAVE_LIBDL 1
| #define HAVE_DLERROR 1
| #define HAVE_LIBDLLOADER 1
| #define error_t int
| #define __error_t_defined 1
| /* end confdefs.h.  */
| /* Define argz_create_sep to an innocuous variant, in case <limits.h> declares argz_create_sep.
|    For example, HP-UX 11i <limits.h> declares gettimeofday.  */
| #define argz_create_sep innocuous_argz_create_sep
| 
| /* System header to define __stub macros and hopefully few prototypes,
|     which can conflict with char argz_create_sep (); below.
|     Prefer <limits.h> to <assert.h> if __STDC__ is defined, since
|     <limits.h> exists even on freestanding compilers.  */
| 
| #ifdef __STDC__
| # include <limits.h>
| #else
| # include <assert.h>
| #endif
| 
| #undef argz_create_sep
| 
| /* Override any GCC internal prototype to avoid an error.
|    Use char because int might match the return type of a GCC
|    builtin and then its argument prototype would still apply.  */
| #ifdef __cplusplus
| extern "C"
| #endif
| char argz_create_sep ();
| /* The GNU C library defines this for functions which it implements
|     to always fail with ENOSYS.  Some functions are actually named
|     something starting with __ and the normal name is an alias.  */
| #if defined __stub_argz_create_sep || defined __stub___argz_create_sep
| choke me
| #endif
| 
| int
| main ()
| {
| return argz_create_sep ();
|   ;
|   return 0;
| }
configure:12318: result: no
configure:12318: checking for argz_insert
configure:12318: mipsel-uclibc-gcc -std=gnu99 -o conftest  -Os -Wall -DLINUX26 -DCONFIG_BCMWL5 -pipe -DBCMWPA2 -funit-at-a-time -Wno-pointer-sign -mtune=mips32r2 -mips32r2 -ffunction-sections -fdata-sections -fPIC -fPIE -fwrapv -fno-strict-aliasing -fno-strict-overflow -Winit-self -Wwrite-strings -Wdiv-by-zero -I/home/vicente/tomato/release/src-rt/router/libsodium/src/libsodium/include -D_FORTIFY_SOURCE=2 -I/usr/local/include -ffunction-sections -fdata-sections -Wl,--gc-sections -L/home/vicente/tomato/release/src-rt/router/libsodium/src/libsodium/.libs -pie -Wl,-z,relro -Wl,-z,now -Wl,-z,noexecstack -L/usr/local/lib conftest.c -ldl -lsodium -ldl -lm  >&5
/tmp/ccTxsWkg.o: In function `main':
conftest.c:(.text.main+0x18): undefined reference to `argz_insert'
collect2: ld returned 1 exit status
configure:12318: $? = 1
configure: failed program was:
| /* confdefs.h */
| #define PACKAGE_NAME "libltdl"
| #define PACKAGE_TARNAME "libltdl"
| #define PACKAGE_VERSION "2.4.2"
| #define PACKAGE_STRING "libltdl 2.4.2"
| #define PACKAGE_BUGREPORT "bug-libtool@gnu.org"
| #define PACKAGE_URL ""
| #define PACKAGE "libltdl"
| #define VERSION "2.4.2"
| #define STDC_HEADERS 1
| #define HAVE_SYS_TYPES_H 1
| #define HAVE_SYS_STAT_H 1
| #define HAVE_STDLIB_H 1
| #define HAVE_STRING_H 1
| #define HAVE_MEMORY_H 1
| #define HAVE_STRINGS_H 1
| #define HAVE_INTTYPES_H 1
| #define HAVE_STDINT_H 1
| #define HAVE_UNISTD_H 1
| #define HAVE_DLFCN_H 1
| #define LT_OBJDIR ".libs/"
| #define LT_MODULE_EXT ".so"
| #define LT_MODULE_PATH_VAR "LD_LIBRARY_PATH"
| #define LT_DLSEARCH_PATH "/lib:/usr/lib:/lib/i386-linux-gnu:/usr/lib/i386-linux-gnu:/lib/i686-linux-gnu:/usr/lib/i686-linux-gnu:/usr/local/lib:/usr/lib/nvidia-settings:/lib/x86_64-linux-gnu:/usr/lib/x86_64-linux-gnu:/usr/lib/x86_64-linux-gnu/mesa-egl:/usr/lib/x86_64-linux-gnu/mesa:/lib32:/usr/lib32:/libx32:/usr/libx32"
| #define HAVE_LIBDL 1
| #define HAVE_DLERROR 1
| #define HAVE_LIBDLLOADER 1
| #define error_t int
| #define __error_t_defined 1
| /* end confdefs.h.  */
| /* Define argz_insert to an innocuous variant, in case <limits.h> declares argz_insert.
|    For example, HP-UX 11i <limits.h> declares gettimeofday.  */
| #define argz_insert innocuous_argz_insert
| 
| /* System header to define __stub macros and hopefully few prototypes,
|     which can conflict with char argz_insert (); below.
|     Prefer <limits.h> to <assert.h> if __STDC__ is defined, since
|     <limits.h> exists even on freestanding compilers.  */
| 
| #ifdef __STDC__
| # include <limits.h>
| #else
| # include <assert.h>
| #endif
| 
| #undef argz_insert
| 
| /* Override any GCC internal prototype to avoid an error.
|    Use char because int might match the return type of a GCC
|    builtin and then its argument prototype would still apply.  */
| #ifdef __cplusplus
| extern "C"
| #endif
| char argz_insert ();
| /* The GNU C library defines this for functions which it implements
|     to always fail with ENOSYS.  Some functions are actually named
|     something starting with __ and the normal name is an alias.  */
| #if defined __stub_argz_insert || defined __stub___argz_insert
| choke me
| #endif
| 
| int
| main ()
| {
| return argz_insert ();
|   ;
|   return 0;
| }
configure:12318: result: no
configure:12318: checking for argz_next
configure:12318: mipsel-uclibc-gcc -std=gnu99 -o conftest  -Os -Wall -DLINUX26 -DCONFIG_BCMWL5 -pipe -DBCMWPA2 -funit-at-a-time -Wno-pointer-sign -mtune=mips32r2 -mips32r2 -ffunction-sections -fdata-sections -fPIC -fPIE -fwrapv -fno-strict-aliasing -fno-strict-overflow -Winit-self -Wwrite-strings -Wdiv-by-zero -I/home/vicente/tomato/release/src-rt/router/libsodium/src/libsodium/include -D_FORTIFY_SOURCE=2 -I/usr/local/include -ffunction-sections -fdata-sections -Wl,--gc-sections -L/home/vicente/tomato/release/src-rt/router/libsodium/src/libsodium/.libs -pie -Wl,-z,relro -Wl,-z,now -Wl,-z,noexecstack -L/usr/local/lib conftest.c -ldl -lsodium -ldl -lm  >&5
/tmp/ccxxufSk.o: In function `main':
conftest.c:(.text.main+0x18): undefined reference to `argz_next'
collect2: ld returned 1 exit status
configure:12318: $? = 1
configure: failed program was:
| /* confdefs.h */
| #define PACKAGE_NAME "libltdl"
| #define PACKAGE_TARNAME "libltdl"
| #define PACKAGE_VERSION "2.4.2"
| #define PACKAGE_STRING "libltdl 2.4.2"
| #define PACKAGE_BUGREPORT "bug-libtool@gnu.org"
| #define PACKAGE_URL ""
| #define PACKAGE "libltdl"
| #define VERSION "2.4.2"
| #define STDC_HEADERS 1
| #define HAVE_SYS_TYPES_H 1
| #define HAVE_SYS_STAT_H 1
| #define HAVE_STDLIB_H 1
| #define HAVE_STRING_H 1
| #define HAVE_MEMORY_H 1
| #define HAVE_STRINGS_H 1
| #define HAVE_INTTYPES_H 1
| #define HAVE_STDINT_H 1
| #define HAVE_UNISTD_H 1
| #define HAVE_DLFCN_H 1
| #define LT_OBJDIR ".libs/"
| #define LT_MODULE_EXT ".so"
| #define LT_MODULE_PATH_VAR "LD_LIBRARY_PATH"
| #define LT_DLSEARCH_PATH "/lib:/usr/lib:/lib/i386-linux-gnu:/usr/lib/i386-linux-gnu:/lib/i686-linux-gnu:/usr/lib/i686-linux-gnu:/usr/local/lib:/usr/lib/nvidia-settings:/lib/x86_64-linux-gnu:/usr/lib/x86_64-linux-gnu:/usr/lib/x86_64-linux-gnu/mesa-egl:/usr/lib/x86_64-linux-gnu/mesa:/lib32:/usr/lib32:/libx32:/usr/libx32"
| #define HAVE_LIBDL 1
| #define HAVE_DLERROR 1
| #define HAVE_LIBDLLOADER 1
| #define error_t int
| #define __error_t_defined 1
| /* end confdefs.h.  */
| /* Define argz_next to an innocuous variant, in case <limits.h> declares argz_next.
|    For example, HP-UX 11i <limits.h> declares gettimeofday.  */
| #define argz_next innocuous_argz_next
| 
| /* System header to define __stub macros and hopefully few prototypes,
|     which can conflict with char argz_next (); below.
|     Prefer <limits.h> to <assert.h> if __STDC__ is defined, since
|     <limits.h> exists even on freestanding compilers.  */
| 
| #ifdef __STDC__
| # include <limits.h>
| #else
| # include <assert.h>
| #endif
| 
| #undef argz_next
| 
| /* Override any GCC internal prototype to avoid an error.
|    Use char because int might match the return type of a GCC
|    builtin and then its argument prototype would still apply.  */
| #ifdef __cplusplus
| extern "C"
| #endif
| char argz_next ();
| /* The GNU C library defines this for functions which it implements
|     to always fail with ENOSYS.  Some functions are actually named
|     something starting with __ and the normal name is an alias.  */
| #if defined __stub_argz_next || defined __stub___argz_next
| choke me
| #endif
| 
| int
| main ()
| {
| return argz_next ();
|   ;
|   return 0;
| }
configure:12318: result: no
configure:12318: checking for argz_stringify
configure:12318: mipsel-uclibc-gcc -std=gnu99 -o conftest  -Os -Wall -DLINUX26 -DCONFIG_BCMWL5 -pipe -DBCMWPA2 -funit-at-a-time -Wno-pointer-sign -mtune=mips32r2 -mips32r2 -ffunction-sections -fdata-sections -fPIC -fPIE -fwrapv -fno-strict-aliasing -fno-strict-overflow -Winit-self -Wwrite-strings -Wdiv-by-zero -I/home/vicente/tomato/release/src-rt/router/libsodium/src/libsodium/include -D_FORTIFY_SOURCE=2 -I/usr/local/include -ffunction-sections -fdata-sections -Wl,--gc-sections -L/home/vicente/tomato/release/src-rt/router/libsodium/src/libsodium/.libs -pie -Wl,-z,relro -Wl,-z,now -Wl,-z,noexecstack -L/usr/local/lib conftest.c -ldl -lsodium -ldl -lm  >&5
/tmp/ccdYpnfq.o: In function `main':
conftest.c:(.text.main+0x18): undefined reference to `argz_stringify'
collect2: ld returned 1 exit status
configure:12318: $? = 1
configure: failed program was:
| /* confdefs.h */
| #define PACKAGE_NAME "libltdl"
| #define PACKAGE_TARNAME "libltdl"
| #define PACKAGE_VERSION "2.4.2"
| #define PACKAGE_STRING "libltdl 2.4.2"
| #define PACKAGE_BUGREPORT "bug-libtool@gnu.org"
| #define PACKAGE_URL ""
| #define PACKAGE "libltdl"
| #define VERSION "2.4.2"
| #define STDC_HEADERS 1
| #define HAVE_SYS_TYPES_H 1
| #define HAVE_SYS_STAT_H 1
| #define HAVE_STDLIB_H 1
| #define HAVE_STRING_H 1
| #define HAVE_MEMORY_H 1
| #define HAVE_STRINGS_H 1
| #define HAVE_INTTYPES_H 1
| #define HAVE_STDINT_H 1
| #define HAVE_UNISTD_H 1
| #define HAVE_DLFCN_H 1
| #define LT_OBJDIR ".libs/"
| #define LT_MODULE_EXT ".so"
| #define LT_MODULE_PATH_VAR "LD_LIBRARY_PATH"
| #define LT_DLSEARCH_PATH "/lib:/usr/lib:/lib/i386-linux-gnu:/usr/lib/i386-linux-gnu:/lib/i686-linux-gnu:/usr/lib/i686-linux-gnu:/usr/local/lib:/usr/lib/nvidia-settings:/lib/x86_64-linux-gnu:/usr/lib/x86_64-linux-gnu:/usr/lib/x86_64-linux-gnu/mesa-egl:/usr/lib/x86_64-linux-gnu/mesa:/lib32:/usr/lib32:/libx32:/usr/libx32"
| #define HAVE_LIBDL 1
| #define HAVE_DLERROR 1
| #define HAVE_LIBDLLOADER 1
| #define error_t int
| #define __error_t_defined 1
| /* end confdefs.h.  */
| /* Define argz_stringify to an innocuous variant, in case <limits.h> declares argz_stringify.
|    For example, HP-UX 11i <limits.h> declares gettimeofday.  */
| #define argz_stringify innocuous_argz_stringify
| 
| /* System header to define __stub macros and hopefully few prototypes,
|     which can conflict with char argz_stringify (); below.
|     Prefer <limits.h> to <assert.h> if __STDC__ is defined, since
|     <limits.h> exists even on freestanding compilers.  */
| 
| #ifdef __STDC__
| # include <limits.h>
| #else
| # include <assert.h>
| #endif
| 
| #undef argz_stringify
| 
| /* Override any GCC internal prototype to avoid an error.
|    Use char because int might match the return type of a GCC
|    builtin and then its argument prototype would still apply.  */
| #ifdef __cplusplus
| extern "C"
| #endif
| char argz_stringify ();
| /* The GNU C library defines this for functions which it implements
|     to always fail with ENOSYS.  Some functions are actually named
|     something starting with __ and the normal name is an alias.  */
| #if defined __stub_argz_stringify || defined __stub___argz_stringify
| choke me
| #endif
| 
| int
| main ()
| {
| return argz_stringify ();
|   ;
|   return 0;
| }
configure:12318: result: no
configure:12386: checking whether libtool supports -dlopen/-dlpreopen
configure:12398: result: yes
configure:12451: checking for unistd.h
configure:12451: result: yes
configure:12451: checking for dl.h
configure:12451: mipsel-uclibc-gcc -std=gnu99 -c  -Os -Wall -DLINUX26 -DCONFIG_BCMWL5 -pipe -DBCMWPA2 -funit-at-a-time -Wno-pointer-sign -mtune=mips32r2 -mips32r2 -ffunction-sections -fdata-sections -fPIC -fPIE -fwrapv -fno-strict-aliasing -fno-strict-overflow -Winit-self -Wwrite-strings -Wdiv-by-zero -I/home/vicente/tomato/release/src-rt/router/libsodium/src/libsodium/include -D_FORTIFY_SOURCE=2 -I/usr/local/include conftest.c >&5
conftest.c:67:16: error: dl.h: No such file or directory
configure:12451: $? = 1
configure: failed program was:
| /* confdefs.h */
| #define PACKAGE_NAME "libltdl"
| #define PACKAGE_TARNAME "libltdl"
| #define PACKAGE_VERSION "2.4.2"
| #define PACKAGE_STRING "libltdl 2.4.2"
| #define PACKAGE_BUGREPORT "bug-libtool@gnu.org"
| #define PACKAGE_URL ""
| #define PACKAGE "libltdl"
| #define VERSION "2.4.2"
| #define STDC_HEADERS 1
| #define HAVE_SYS_TYPES_H 1
| #define HAVE_SYS_STAT_H 1
| #define HAVE_STDLIB_H 1
| #define HAVE_STRING_H 1
| #define HAVE_MEMORY_H 1
| #define HAVE_STRINGS_H 1
| #define HAVE_INTTYPES_H 1
| #define HAVE_STDINT_H 1
| #define HAVE_UNISTD_H 1
| #define HAVE_DLFCN_H 1
| #define LT_OBJDIR ".libs/"
| #define LT_MODULE_EXT ".so"
| #define LT_MODULE_PATH_VAR "LD_LIBRARY_PATH"
| #define LT_DLSEARCH_PATH "/lib:/usr/lib:/lib/i386-linux-gnu:/usr/lib/i386-linux-gnu:/lib/i686-linux-gnu:/usr/lib/i686-linux-gnu:/usr/local/lib:/usr/lib/nvidia-settings:/lib/x86_64-linux-gnu:/usr/lib/x86_64-linux-gnu:/usr/lib/x86_64-linux-gnu/mesa-egl:/usr/lib/x86_64-linux-gnu/mesa:/lib32:/usr/lib32:/libx32:/usr/libx32"
| #define HAVE_LIBDL 1
| #define HAVE_DLERROR 1
| #define HAVE_LIBDLLOADER 1
| #define error_t int
| #define __error_t_defined 1
| #define HAVE_PRELOADED_SYMBOLS 1
| #define HAVE_UNISTD_H 1
| /* end confdefs.h.  */
| #include <stdio.h>
| #ifdef HAVE_SYS_TYPES_H
| # include <sys/types.h>
| #endif
| #ifdef HAVE_SYS_STAT_H
| # include <sys/stat.h>
| #endif
| #ifdef STDC_HEADERS
| # include <stdlib.h>
| # include <stddef.h>
| #else
| # ifdef HAVE_STDLIB_H
| #  include <stdlib.h>
| # endif
| #endif
| #ifdef HAVE_STRING_H
| # if !defined STDC_HEADERS && defined HAVE_MEMORY_H
| #  include <memory.h>
| # endif
| # include <string.h>
| #endif
| #ifdef HAVE_STRINGS_H
| # include <strings.h>
| #endif
| #ifdef HAVE_INTTYPES_H
| # include <inttypes.h>
| #endif
| #ifdef HAVE_STDINT_H
| # include <stdint.h>
| #endif
| #ifdef HAVE_UNISTD_H
| # include <unistd.h>
| #endif
| 
| #include <dl.h>
configure:12451: result: no
configure:12451: checking for sys/dl.h
configure:12451: mipsel-uclibc-gcc -std=gnu99 -c  -Os -Wall -DLINUX26 -DCONFIG_BCMWL5 -pipe -DBCMWPA2 -funit-at-a-time -Wno-pointer-sign -mtune=mips32r2 -mips32r2 -ffunction-sections -fdata-sections -fPIC -fPIE -fwrapv -fno-strict-aliasing -fno-strict-overflow -Winit-self -Wwrite-strings -Wdiv-by-zero -I/home/vicente/tomato/release/src-rt/router/libsodium/src/libsodium/include -D_FORTIFY_SOURCE=2 -I/usr/local/include conftest.c >&5
conftest.c:67:20: error: sys/dl.h: No such file or directory
configure:12451: $? = 1
configure: failed program was:
| /* confdefs.h */
| #define PACKAGE_NAME "libltdl"
| #define PACKAGE_TARNAME "libltdl"
| #define PACKAGE_VERSION "2.4.2"
| #define PACKAGE_STRING "libltdl 2.4.2"
| #define PACKAGE_BUGREPORT "bug-libtool@gnu.org"
| #define PACKAGE_URL ""
| #define PACKAGE "libltdl"
| #define VERSION "2.4.2"
| #define STDC_HEADERS 1
| #define HAVE_SYS_TYPES_H 1
| #define HAVE_SYS_STAT_H 1
| #define HAVE_STDLIB_H 1
| #define HAVE_STRING_H 1
| #define HAVE_MEMORY_H 1
| #define HAVE_STRINGS_H 1
| #define HAVE_INTTYPES_H 1
| #define HAVE_STDINT_H 1
| #define HAVE_UNISTD_H 1
| #define HAVE_DLFCN_H 1
| #define LT_OBJDIR ".libs/"
| #define LT_MODULE_EXT ".so"
| #define LT_MODULE_PATH_VAR "LD_LIBRARY_PATH"
| #define LT_DLSEARCH_PATH "/lib:/usr/lib:/lib/i386-linux-gnu:/usr/lib/i386-linux-gnu:/lib/i686-linux-gnu:/usr/lib/i686-linux-gnu:/usr/local/lib:/usr/lib/nvidia-settings:/lib/x86_64-linux-gnu:/usr/lib/x86_64-linux-gnu:/usr/lib/x86_64-linux-gnu/mesa-egl:/usr/lib/x86_64-linux-gnu/mesa:/lib32:/usr/lib32:/libx32:/usr/libx32"
| #define HAVE_LIBDL 1
| #define HAVE_DLERROR 1
| #define HAVE_LIBDLLOADER 1
| #define error_t int
| #define __error_t_defined 1
| #define HAVE_PRELOADED_SYMBOLS 1
| #define HAVE_UNISTD_H 1
| /* end confdefs.h.  */
| #include <stdio.h>
| #ifdef HAVE_SYS_TYPES_H
| # include <sys/types.h>
| #endif
| #ifdef HAVE_SYS_STAT_H
| # include <sys/stat.h>
| #endif
| #ifdef STDC_HEADERS
| # include <stdlib.h>
| # include <stddef.h>
| #else
| # ifdef HAVE_STDLIB_H
| #  include <stdlib.h>
| # endif
| #endif
| #ifdef HAVE_STRING_H
| # if !defined STDC_HEADERS && defined HAVE_MEMORY_H
| #  include <memory.h>
| # endif
| # include <string.h>
| #endif
| #ifdef HAVE_STRINGS_H
| # include <strings.h>
| #endif
| #ifdef HAVE_INTTYPES_H
| # include <inttypes.h>
| #endif
| #ifdef HAVE_STDINT_H
| # include <stdint.h>
| #endif
| #ifdef HAVE_UNISTD_H
| # include <unistd.h>
| #endif
| 
| #include <sys/dl.h>
configure:12451: result: no
configure:12451: checking for dld.h
configure:12451: mipsel-uclibc-gcc -std=gnu99 -c  -Os -Wall -DLINUX26 -DCONFIG_BCMWL5 -pipe -DBCMWPA2 -funit-at-a-time -Wno-pointer-sign -mtune=mips32r2 -mips32r2 -ffunction-sections -fdata-sections -fPIC -fPIE -fwrapv -fno-strict-aliasing -fno-strict-overflow -Winit-self -Wwrite-strings -Wdiv-by-zero -I/home/vicente/tomato/release/src-rt/router/libsodium/src/libsodium/include -D_FORTIFY_SOURCE=2 -I/usr/local/include conftest.c >&5
conftest.c:67:17: error: dld.h: No such file or directory
configure:12451: $? = 1
configure: failed program was:
| /* confdefs.h */
| #define PACKAGE_NAME "libltdl"
| #define PACKAGE_TARNAME "libltdl"
| #define PACKAGE_VERSION "2.4.2"
| #define PACKAGE_STRING "libltdl 2.4.2"
| #define PACKAGE_BUGREPORT "bug-libtool@gnu.org"
| #define PACKAGE_URL ""
| #define PACKAGE "libltdl"
| #define VERSION "2.4.2"
| #define STDC_HEADERS 1
| #define HAVE_SYS_TYPES_H 1
| #define HAVE_SYS_STAT_H 1
| #define HAVE_STDLIB_H 1
| #define HAVE_STRING_H 1
| #define HAVE_MEMORY_H 1
| #define HAVE_STRINGS_H 1
| #define HAVE_INTTYPES_H 1
| #define HAVE_STDINT_H 1
| #define HAVE_UNISTD_H 1
| #define HAVE_DLFCN_H 1
| #define LT_OBJDIR ".libs/"
| #define LT_MODULE_EXT ".so"
| #define LT_MODULE_PATH_VAR "LD_LIBRARY_PATH"
| #define LT_DLSEARCH_PATH "/lib:/usr/lib:/lib/i386-linux-gnu:/usr/lib/i386-linux-gnu:/lib/i686-linux-gnu:/usr/lib/i686-linux-gnu:/usr/local/lib:/usr/lib/nvidia-settings:/lib/x86_64-linux-gnu:/usr/lib/x86_64-linux-gnu:/usr/lib/x86_64-linux-gnu/mesa-egl:/usr/lib/x86_64-linux-gnu/mesa:/lib32:/usr/lib32:/libx32:/usr/libx32"
| #define HAVE_LIBDL 1
| #define HAVE_DLERROR 1
| #define HAVE_LIBDLLOADER 1
| #define error_t int
| #define __error_t_defined 1
| #define HAVE_PRELOADED_SYMBOLS 1
| #define HAVE_UNISTD_H 1
| /* end confdefs.h.  */
| #include <stdio.h>
| #ifdef HAVE_SYS_TYPES_H
| # include <sys/types.h>
| #endif
| #ifdef HAVE_SYS_STAT_H
| # include <sys/stat.h>
| #endif
| #ifdef STDC_HEADERS
| # include <stdlib.h>
| # include <stddef.h>
| #else
| # ifdef HAVE_STDLIB_H
| #  include <stdlib.h>
| # endif
| #endif
| #ifdef HAVE_STRING_H
| # if !defined STDC_HEADERS && defined HAVE_MEMORY_H
| #  include <memory.h>
| # endif
| # include <string.h>
| #endif
| #ifdef HAVE_STRINGS_H
| # include <strings.h>
| #endif
| #ifdef HAVE_INTTYPES_H
| # include <inttypes.h>
| #endif
| #ifdef HAVE_STDINT_H
| # include <stdint.h>
| #endif
| #ifdef HAVE_UNISTD_H
| # include <unistd.h>
| #endif
| 
| #include <dld.h>
configure:12451: result: no
configure:12451: checking for mach-o/dyld.h
configure:12451: mipsel-uclibc-gcc -std=gnu99 -c  -Os -Wall -DLINUX26 -DCONFIG_BCMWL5 -pipe -DBCMWPA2 -funit-at-a-time -Wno-pointer-sign -mtune=mips32r2 -mips32r2 -ffunction-sections -fdata-sections -fPIC -fPIE -fwrapv -fno-strict-aliasing -fno-strict-overflow -Winit-self -Wwrite-strings -Wdiv-by-zero -I/home/vicente/tomato/release/src-rt/router/libsodium/src/libsodium/include -D_FORTIFY_SOURCE=2 -I/usr/local/include conftest.c >&5
conftest.c:67:25: error: mach-o/dyld.h: No such file or directory
configure:12451: $? = 1
configure: failed program was:
| /* confdefs.h */
| #define PACKAGE_NAME "libltdl"
| #define PACKAGE_TARNAME "libltdl"
| #define PACKAGE_VERSION "2.4.2"
| #define PACKAGE_STRING "libltdl 2.4.2"
| #define PACKAGE_BUGREPORT "bug-libtool@gnu.org"
| #define PACKAGE_URL ""
| #define PACKAGE "libltdl"
| #define VERSION "2.4.2"
| #define STDC_HEADERS 1
| #define HAVE_SYS_TYPES_H 1
| #define HAVE_SYS_STAT_H 1
| #define HAVE_STDLIB_H 1
| #define HAVE_STRING_H 1
| #define HAVE_MEMORY_H 1
| #define HAVE_STRINGS_H 1
| #define HAVE_INTTYPES_H 1
| #define HAVE_STDINT_H 1
| #define HAVE_UNISTD_H 1
| #define HAVE_DLFCN_H 1
| #define LT_OBJDIR ".libs/"
| #define LT_MODULE_EXT ".so"
| #define LT_MODULE_PATH_VAR "LD_LIBRARY_PATH"
| #define LT_DLSEARCH_PATH "/lib:/usr/lib:/lib/i386-linux-gnu:/usr/lib/i386-linux-gnu:/lib/i686-linux-gnu:/usr/lib/i686-linux-gnu:/usr/local/lib:/usr/lib/nvidia-settings:/lib/x86_64-linux-gnu:/usr/lib/x86_64-linux-gnu:/usr/lib/x86_64-linux-gnu/mesa-egl:/usr/lib/x86_64-linux-gnu/mesa:/lib32:/usr/lib32:/libx32:/usr/libx32"
| #define HAVE_LIBDL 1
| #define HAVE_DLERROR 1
| #define HAVE_LIBDLLOADER 1
| #define error_t int
| #define __error_t_defined 1
| #define HAVE_PRELOADED_SYMBOLS 1
| #define HAVE_UNISTD_H 1
| /* end confdefs.h.  */
| #include <stdio.h>
| #ifdef HAVE_SYS_TYPES_H
| # include <sys/types.h>
| #endif
| #ifdef HAVE_SYS_STAT_H
| # include <sys/stat.h>
| #endif
| #ifdef STDC_HEADERS
| # include <stdlib.h>
| # include <stddef.h>
| #else
| # ifdef HAVE_STDLIB_H
| #  include <stdlib.h>
| # endif
| #endif
| #ifdef HAVE_STRING_H
| # if !defined STDC_HEADERS && defined HAVE_MEMORY_H
| #  include <memory.h>
| # endif
| # include <string.h>
| #endif
| #ifdef HAVE_STRINGS_H
| # include <strings.h>
| #endif
| #ifdef HAVE_INTTYPES_H
| # include <inttypes.h>
| #endif
| #ifdef HAVE_STDINT_H
| # include <stdint.h>
| #endif
| #ifdef HAVE_UNISTD_H
| # include <unistd.h>
| #endif
| 
| #include <mach-o/dyld.h>
configure:12451: result: no
configure:12451: checking for dirent.h
configure:12451: mipsel-uclibc-gcc -std=gnu99 -c  -Os -Wall -DLINUX26 -DCONFIG_BCMWL5 -pipe -DBCMWPA2 -funit-at-a-time -Wno-pointer-sign -mtune=mips32r2 -mips32r2 -ffunction-sections -fdata-sections -fPIC -fPIE -fwrapv -fno-strict-aliasing -fno-strict-overflow -Winit-self -Wwrite-strings -Wdiv-by-zero -I/home/vicente/tomato/release/src-rt/router/libsodium/src/libsodium/include -D_FORTIFY_SOURCE=2 -I/usr/local/include conftest.c >&5
configure:12451: $? = 0
configure:12451: result: yes
configure:12466: checking for closedir
configure:12466: mipsel-uclibc-gcc -std=gnu99 -o conftest  -Os -Wall -DLINUX26 -DCONFIG_BCMWL5 -pipe -DBCMWPA2 -funit-at-a-time -Wno-pointer-sign -mtune=mips32r2 -mips32r2 -ffunction-sections -fdata-sections -fPIC -fPIE -fwrapv -fno-strict-aliasing -fno-strict-overflow -Winit-self -Wwrite-strings -Wdiv-by-zero -I/home/vicente/tomato/release/src-rt/router/libsodium/src/libsodium/include -D_FORTIFY_SOURCE=2 -I/usr/local/include -ffunction-sections -fdata-sections -Wl,--gc-sections -L/home/vicente/tomato/release/src-rt/router/libsodium/src/libsodium/.libs -pie -Wl,-z,relro -Wl,-z,now -Wl,-z,noexecstack -L/usr/local/lib conftest.c -ldl -lsodium -ldl -lm  >&5
configure:12466: $? = 0
configure:12466: result: yes
configure:12466: checking for opendir
configure:12466: mipsel-uclibc-gcc -std=gnu99 -o conftest  -Os -Wall -DLINUX26 -DCONFIG_BCMWL5 -pipe -DBCMWPA2 -funit-at-a-time -Wno-pointer-sign -mtune=mips32r2 -mips32r2 -ffunction-sections -fdata-sections -fPIC -fPIE -fwrapv -fno-strict-aliasing -fno-strict-overflow -Winit-self -Wwrite-strings -Wdiv-by-zero -I/home/vicente/tomato/release/src-rt/router/libsodium/src/libsodium/include -D_FORTIFY_SOURCE=2 -I/usr/local/include -ffunction-sections -fdata-sections -Wl,--gc-sections -L/home/vicente/tomato/release/src-rt/router/libsodium/src/libsodium/.libs -pie -Wl,-z,relro -Wl,-z,now -Wl,-z,noexecstack -L/usr/local/lib conftest.c -ldl -lsodium -ldl -lm  >&5
configure:12466: $? = 0
configure:12466: result: yes
configure:12466: checking for readdir
configure:12466: mipsel-uclibc-gcc -std=gnu99 -o conftest  -Os -Wall -DLINUX26 -DCONFIG_BCMWL5 -pipe -DBCMWPA2 -funit-at-a-time -Wno-pointer-sign -mtune=mips32r2 -mips32r2 -ffunction-sections -fdata-sections -fPIC -fPIE -fwrapv -fno-strict-aliasing -fno-strict-overflow -Winit-self -Wwrite-strings -Wdiv-by-zero -I/home/vicente/tomato/release/src-rt/router/libsodium/src/libsodium/include -D_FORTIFY_SOURCE=2 -I/usr/local/include -ffunction-sections -fdata-sections -Wl,--gc-sections -L/home/vicente/tomato/release/src-rt/router/libsodium/src/libsodium/.libs -pie -Wl,-z,relro -Wl,-z,now -Wl,-z,noexecstack -L/usr/local/lib conftest.c -ldl -lsodium -ldl -lm  >&5
configure:12466: $? = 0
configure:12466: result: yes
configure:12485: checking for strlcat
configure:12485: mipsel-uclibc-gcc -std=gnu99 -o conftest  -Os -Wall -DLINUX26 -DCONFIG_BCMWL5 -pipe -DBCMWPA2 -funit-at-a-time -Wno-pointer-sign -mtune=mips32r2 -mips32r2 -ffunction-sections -fdata-sections -fPIC -fPIE -fwrapv -fno-strict-aliasing -fno-strict-overflow -Winit-self -Wwrite-strings -Wdiv-by-zero -I/home/vicente/tomato/release/src-rt/router/libsodium/src/libsodium/include -D_FORTIFY_SOURCE=2 -I/usr/local/include -ffunction-sections -fdata-sections -Wl,--gc-sections -L/home/vicente/tomato/release/src-rt/router/libsodium/src/libsodium/.libs -pie -Wl,-z,relro -Wl,-z,now -Wl,-z,noexecstack -L/usr/local/lib conftest.c -ldl -lsodium -ldl -lm  >&5
configure:12485: $? = 0
configure:12485: result: yes
configure:12485: checking for strlcpy
configure:12485: mipsel-uclibc-gcc -std=gnu99 -o conftest  -Os -Wall -DLINUX26 -DCONFIG_BCMWL5 -pipe -DBCMWPA2 -funit-at-a-time -Wno-pointer-sign -mtune=mips32r2 -mips32r2 -ffunction-sections -fdata-sections -fPIC -fPIE -fwrapv -fno-strict-aliasing -fno-strict-overflow -Winit-self -Wwrite-strings -Wdiv-by-zero -I/home/vicente/tomato/release/src-rt/router/libsodium/src/libsodium/include -D_FORTIFY_SOURCE=2 -I/usr/local/include -ffunction-sections -fdata-sections -Wl,--gc-sections -L/home/vicente/tomato/release/src-rt/router/libsodium/src/libsodium/.libs -pie -Wl,-z,relro -Wl,-z,now -Wl,-z,noexecstack -L/usr/local/lib conftest.c -ldl -lsodium -ldl -lm  >&5
configure:12485: $? = 0
configure:12485: result: yes
configure:12666: creating ./config.status

## ---------------------- ##
## Running config.status. ##
## ---------------------- ##

This file was extended by libltdl config.status 2.4.2, which was
generated by GNU Autoconf 2.69.  Invocation command line was

  CONFIG_FILES    = 
  CONFIG_HEADERS  = 
  CONFIG_LINKS    = 
  CONFIG_COMMANDS = 
  $ ./config.status 

on asus-K53SJ

config.status:1114: creating Makefile
config.status:1114: creating config.h
config.status:1295: config.h is unchanged
config.status:1343: executing depfiles commands
config.status:1343: executing libtool commands

## ---------------- ##
## Cache variables. ##
## ---------------- ##

ac_cv_build=x86_64-pc-linux-gnu
ac_cv_c_compiler_gnu=yes
ac_cv_env_CC_set=set
ac_cv_env_CC_value='mipsel-uclibc-gcc -std=gnu99'
ac_cv_env_CFLAGS_set=set
ac_cv_env_CFLAGS_value=' -Os -Wall -DLINUX26 -DCONFIG_BCMWL5 -pipe -DBCMWPA2 -funit-at-a-time -Wno-pointer-sign -mtune=mips32r2 -mips32r2 -ffunction-sections -fdata-sections -fPIC -fPIE -fwrapv -fno-strict-aliasing -fno-strict-overflow -Winit-self -Wwrite-strings -Wdiv-by-zero'
ac_cv_env_CPPFLAGS_set=set
ac_cv_env_CPPFLAGS_value='-I/home/vicente/tomato/release/src-rt/router/libsodium/src/libsodium/include -D_FORTIFY_SOURCE=2 -I/usr/local/include'
ac_cv_env_CPP_set=set
ac_cv_env_CPP_value='mipsel-uclibc-gcc -std=gnu99 -E'
ac_cv_env_LDFLAGS_set=set
ac_cv_env_LDFLAGS_value='-ffunction-sections -fdata-sections -Wl,--gc-sections -L/home/vicente/tomato/release/src-rt/router/libsodium/src/libsodium/.libs -pie -Wl,-z,relro -Wl,-z,now -Wl,-z,noexecstack -L/usr/local/lib'
ac_cv_env_LIBS_set=set
ac_cv_env_LIBS_value='-ldl -lsodium -ldl -lm '
ac_cv_env_build_alias_set=set
ac_cv_env_build_alias_value=x86_64-linux-gnu
ac_cv_env_host_alias_set=set
ac_cv_env_host_alias_value=mipsel-linux
ac_cv_env_target_alias_set=
ac_cv_env_target_alias_value=
ac_cv_func_argz_add=no
ac_cv_func_argz_append=no
ac_cv_func_argz_count=no
ac_cv_func_argz_create_sep=no
ac_cv_func_argz_insert=no
ac_cv_func_argz_next=no
ac_cv_func_argz_stringify=no
ac_cv_func_closedir=yes
ac_cv_func_dlerror=yes
ac_cv_func_dlopen=yes
ac_cv_func_malloc_0_nonnull=yes
ac_cv_func_opendir=yes
ac_cv_func_readdir=yes
ac_cv_func_shl_load=no
ac_cv_func_strlcat=yes
ac_cv_func_strlcpy=yes
ac_cv_header_argz_h=no
ac_cv_header_dirent_h=yes
ac_cv_header_dl_h=no
ac_cv_header_dld_h=no
ac_cv_header_dlfcn_h=yes
ac_cv_header_inttypes_h=yes
ac_cv_header_mach_o_dyld_h=no
ac_cv_header_memory_h=yes
ac_cv_header_stdc=yes
ac_cv_header_stdint_h=yes
ac_cv_header_stdlib_h=yes
ac_cv_header_string_h=yes
ac_cv_header_strings_h=yes
ac_cv_header_sys_dl_h=no
ac_cv_header_sys_stat_h=yes
ac_cv_header_sys_types_h=yes
ac_cv_header_unistd_h=yes
ac_cv_host=mipsel-unknown-linux-gnu
ac_cv_lib_dld_dld_link=no
ac_cv_lib_dld_shl_load=no
ac_cv_objext=o
ac_cv_path_EGREP='/bin/grep -E'
ac_cv_path_FGREP='/bin/grep -F'
ac_cv_path_GREP=/bin/grep
ac_cv_path_SED=/bin/sed
ac_cv_path_install='/usr/bin/install -c'
ac_cv_path_mkdir=/bin/mkdir
ac_cv_prog_AR=mipsel-uclibc-ar
ac_cv_prog_AWK=gawk
ac_cv_prog_CC='mipsel-uclibc-gcc -std=gnu99'
ac_cv_prog_CPP='mipsel-uclibc-gcc -std=gnu99 -E'
ac_cv_prog_OBJDUMP=mipsel-linux-objdump
ac_cv_prog_RANLIB=mipsel-uclibc-ranlib
ac_cv_prog_STRIP=mipsel-uclibc-strip
ac_cv_prog_ac_ct_MANIFEST_TOOL=mt
ac_cv_prog_cc_c89=
ac_cv_prog_cc_g=yes
ac_cv_prog_make_make_set=yes
ac_cv_search_dlopen='none required'
ac_cv_type_error_t=no
am_cv_CC_dependencies_compiler_type=none
libltdl_cv_lib_dl_dlopen=yes
libltdl_cv_preloaded_symbols=yes
libltdl_cv_shlibext=.so
libltdl_cv_shrext=.so
lt_cv_ar_at_file=@
lt_cv_deplibs_check_method=pass_all
lt_cv_dlopen=dlopen
lt_cv_dlopen_libs=
lt_cv_dlopen_self=cross
lt_cv_file_magic_cmd='$MAGIC_CMD'
lt_cv_file_magic_test_file=
lt_cv_ld_reload_flag=-r
lt_cv_module_path_var=LD_LIBRARY_PATH
lt_cv_nm_interface='BSD nm'
lt_cv_objdir=.libs
lt_cv_path_LD=mipsel-uclibc-ld
lt_cv_path_NM=mipsel-uclibc-nm
lt_cv_path_mainfest_tool=no
lt_cv_prog_compiler_c_o=yes
lt_cv_prog_compiler_pic='-fPIC -DPIC'
lt_cv_prog_compiler_pic_works=yes
lt_cv_prog_compiler_rtti_exceptions=no
lt_cv_prog_compiler_static_works=yes
lt_cv_prog_gnu_ld=yes
lt_cv_sharedlib_from_linklib_cmd='printf %s\n'
lt_cv_shlibpath_overrides_runpath=no
lt_cv_sys_dlopen_deplibs=yes
lt_cv_sys_dlsearch_path='/lib /usr/lib /lib/i386-linux-gnu /usr/lib/i386-linux-gnu /lib/i686-linux-gnu /usr/lib/i686-linux-gnu /usr/local/lib /usr/lib/nvidia-settings /lib/x86_64-linux-gnu /usr/lib/x86_64-linux-gnu /usr/lib/x86_64-linux-gnu/mesa-egl /usr/lib/x86_64-linux-gnu/mesa /lib32 /usr/lib32 /libx32 /usr/libx32 '
lt_cv_sys_global_symbol_pipe='sed -n -e '\''s/^.*[	 ]\([ABCDGIRSTW][ABCDGIRSTW]*\)[	 ][	 ]*\([_A-Za-z][_A-Za-z0-9]*\)$/\1 \2 \2/p'\'' | sed '\''/ __gnu_lto/d'\'''
lt_cv_sys_global_symbol_to_c_name_address='sed -n -e '\''s/^: \([^ ]*\)[ ]*$/  {\"\1\", (void *) 0},/p'\'' -e '\''s/^[ABCDGIRSTW]* \([^ ]*\) \([^ ]*\)$/  {"\2", (void *) \&\2},/p'\'''
lt_cv_sys_global_symbol_to_c_name_address_lib_prefix='sed -n -e '\''s/^: \([^ ]*\)[ ]*$/  {\"\1\", (void *) 0},/p'\'' -e '\''s/^[ABCDGIRSTW]* \([^ ]*\) \(lib[^ ]*\)$/  {"\2", (void *) \&\2},/p'\'' -e '\''s/^[ABCDGIRSTW]* \([^ ]*\) \([^ ]*\)$/  {"lib\2", (void *) \&\2},/p'\'''
lt_cv_sys_global_symbol_to_cdecl='sed -n -e '\''s/^T .* \(.*\)$/extern int \1();/p'\'' -e '\''s/^[ABCDGIRSTW]* .* \(.*\)$/extern char \1;/p'\'''
lt_cv_sys_max_cmd_len=3458764513820540925
lt_cv_sys_symbol_underscore=no
lt_cv_to_host_file_cmd=func_convert_file_noop
lt_cv_to_tool_file_cmd=func_convert_file_noop

## ----------------- ##
## Output variables. ##
## ----------------- ##

ACLOCAL='${SHELL} /home/vicente/tomato/release/src-rt/router/dnscrypt/libltdl/config/missing --run aclocal-1.11'
AMDEPBACKSLASH=''
AMDEP_FALSE=''
AMDEP_TRUE='#'
AMTAR='$${TAR-tar}'
AR='mipsel-uclibc-ar'
ARGZ_H='argz.h'
AS='mipsel-uclibc-as'
AUTOCONF='${SHELL} /home/vicente/tomato/release/src-rt/router/dnscrypt/libltdl/config/missing --run autoconf'
AUTOHEADER='${SHELL} /home/vicente/tomato/release/src-rt/router/dnscrypt/libltdl/config/missing --run autoheader'
AUTOMAKE='${SHELL} /home/vicente/tomato/release/src-rt/router/dnscrypt/libltdl/config/missing --run automake-1.11'
AWK='gawk'
CC='mipsel-uclibc-gcc -std=gnu99'
CCDEPMODE='depmode=none'
CFLAGS=' -Os -Wall -DLINUX26 -DCONFIG_BCMWL5 -pipe -DBCMWPA2 -funit-at-a-time -Wno-pointer-sign -mtune=mips32r2 -mips32r2 -ffunction-sections -fdata-sections -fPIC -fPIE -fwrapv -fno-strict-aliasing -fno-strict-overflow -Winit-self -Wwrite-strings -Wdiv-by-zero'
CONVENIENCE_LTDL_FALSE='#'
CONVENIENCE_LTDL_TRUE=''
CPP='mipsel-uclibc-gcc -std=gnu99 -E'
CPPFLAGS='-I/home/vicente/tomato/release/src-rt/router/libsodium/src/libsodium/include -D_FORTIFY_SOURCE=2 -I/usr/local/include'
CYGPATH_W='echo'
DEFS='-DHAVE_CONFIG_H'
DEPDIR='.deps'
DLLTOOL='false'
DSYMUTIL=''
DUMPBIN=''
ECHO_C=''
ECHO_N='-n'
ECHO_T=''
EGREP='/bin/grep -E'
EXEEXT=''
FGREP='/bin/grep -F'
GREP='/bin/grep'
INSTALL_DATA='${INSTALL} -m 644'
INSTALL_LTDL_FALSE=''
INSTALL_LTDL_TRUE='#'
INSTALL_PROGRAM='${INSTALL}'
INSTALL_SCRIPT='${INSTALL}'
INSTALL_STRIP_PROGRAM='$(install_sh) -c -s'
LD='mipsel-uclibc-ld'
LDFLAGS='-ffunction-sections -fdata-sections -Wl,--gc-sections -L/home/vicente/tomato/release/src-rt/router/libsodium/src/libsodium/.libs -pie -Wl,-z,relro -Wl,-z,now -Wl,-z,noexecstack -L/usr/local/lib'
LIBADD_DL=' '
LIBADD_DLD_LINK=''
LIBADD_DLOPEN=''
LIBADD_SHL_LOAD=''
LIBOBJS=' ${LIBOBJDIR}argz$U.o'
LIBS='-ldl -lsodium -ldl -lm '
LIBTOOL='$(SHELL) $(top_builddir)/libtool'
LIPO=''
LN_S='ln -s'
LTDLOPEN='libltdl'
LTLIBOBJS=' ${LIBOBJDIR}argz$U.lo'
LT_CONFIG_H='config.h'
LT_DLLOADERS=' dlopen.la'
LT_DLPREOPEN='-dlpreopen dlopen.la '
MAKEINFO='${SHELL} /home/vicente/tomato/release/src-rt/router/dnscrypt/libltdl/config/missing --run makeinfo'
MANIFEST_TOOL=':'
MKDIR_P='/bin/mkdir -p'
NM='mipsel-uclibc-nm'
NMEDIT=''
OBJDUMP='mipsel-linux-objdump'
OBJEXT='o'
OTOOL64=''
OTOOL=''
PACKAGE='libltdl'
PACKAGE_BUGREPORT='bug-libtool@gnu.org'
PACKAGE_NAME='libltdl'
PACKAGE_STRING='libltdl 2.4.2'
PACKAGE_TARNAME='libltdl'
PACKAGE_URL=''
PACKAGE_VERSION='2.4.2'
PATH_SEPARATOR=':'
RANLIB='mipsel-uclibc-ranlib'
SED='/bin/sed'
SET_MAKE=''
SHELL='/bin/sh'
STRIP='mipsel-uclibc-strip'
VERSION='2.4.2'
ac_ct_AR=''
ac_ct_CC=''
ac_ct_DUMPBIN=''
am__EXEEXT_FALSE=''
am__EXEEXT_TRUE='#'
am__fastdepCC_FALSE=''
am__fastdepCC_TRUE='#'
am__include='include'
am__isrc=''
am__leading_dot='.'
am__nodep=''
am__quote=''
am__tar='$${TAR-tar} chof - "$$tardir"'
am__untar='$${TAR-tar} xf -'
bindir='${exec_prefix}/bin'
build='x86_64-pc-linux-gnu'
build_alias='x86_64-linux-gnu'
build_cpu='x86_64'
build_os='linux-gnu'
build_vendor='pc'
datadir='${datarootdir}'
datarootdir='${prefix}/share'
docdir='${datarootdir}/doc/${PACKAGE_TARNAME}'
dvidir='${docdir}'
exec_prefix='${prefix}'
host='mipsel-unknown-linux-gnu'
host_alias='mipsel-linux'
host_cpu='mipsel'
host_os='linux-gnu'
host_vendor='unknown'
htmldir='${docdir}'
includedir='${prefix}/include'
infodir='${datarootdir}/info'
install_sh='${SHELL} /home/vicente/tomato/release/src-rt/router/dnscrypt/libltdl/config/install-sh'
libdir='${exec_prefix}/lib'
libexecdir='${exec_prefix}/libexec'
localedir='${datarootdir}/locale'
localstatedir='${prefix}/var'
mandir='${datarootdir}/man'
mkdir_p='/bin/mkdir -p'
oldincludedir='/usr/include'
pdfdir='${docdir}'
prefix='/usr'
program_transform_name='s,x,x,'
psdir='${docdir}'
sbindir='${exec_prefix}/sbin'
sharedstatedir='${prefix}/com'
sys_symbol_underscore='no'
sysconfdir='${prefix}/etc'
target_alias=''

## ----------- ##
## confdefs.h. ##
## ----------- ##

/* confdefs.h */
#define PACKAGE_NAME "libltdl"
#define PACKAGE_TARNAME "libltdl"
#define PACKAGE_VERSION "2.4.2"
#define PACKAGE_STRING "libltdl 2.4.2"
#define PACKAGE_BUGREPORT "bug-libtool@gnu.org"
#define PACKAGE_URL ""
#define PACKAGE "libltdl"
#define VERSION "2.4.2"
#define STDC_HEADERS 1
#define HAVE_SYS_TYPES_H 1
#define HAVE_SYS_STAT_H 1
#define HAVE_STDLIB_H 1
#define HAVE_STRING_H 1
#define HAVE_MEMORY_H 1
#define HAVE_STRINGS_H 1
#define HAVE_INTTYPES_H 1
#define HAVE_STDINT_H 1
#define HAVE_UNISTD_H 1
#define HAVE_DLFCN_H 1
#define LT_OBJDIR ".libs/"
#define LT_MODULE_EXT ".so"
#define LT_MODULE_PATH_VAR "LD_LIBRARY_PATH"
#define LT_DLSEARCH_PATH "/lib:/usr/lib:/lib/i386-linux-gnu:/usr/lib/i386-linux-gnu:/lib/i686-linux-gnu:/usr/lib/i686-linux-gnu:/usr/local/lib:/usr/lib/nvidia-settings:/lib/x86_64-linux-gnu:/usr/lib/x86_64-linux-gnu:/usr/lib/x86_64-linux-gnu/mesa-egl:/usr/lib/x86_64-linux-gnu/mesa:/lib32:/usr/lib32:/libx32:/usr/libx32"
#define HAVE_LIBDL 1
#define HAVE_DLERROR 1
#define HAVE_LIBDLLOADER 1
#define error_t int
#define __error_t_defined 1
#define HAVE_PRELOADED_SYMBOLS 1
#define HAVE_UNISTD_H 1
#define HAVE_DIRENT_H 1
#define HAVE_CLOSEDIR 1
#define HAVE_OPENDIR 1
#define HAVE_READDIR 1
#define HAVE_STRLCAT 1
#define HAVE_STRLCPY 1
#define LT_LIBEXT "a"
#define LT_LIBPREFIX "lib"

configure: exit 0
